"../../../../../../Users/c4607/OneDrive/Desktop/TFC_home/TFC/TFC_Project/Content/resouerce/temp/StarterContent/Materials/M_Basic_Wall.uasset" 0
"../../../Engine/Content/EngineMaterials/T_Default_Material_Grid_N.uasset" 1
"../../../Engine/Content/EngineMaterials/T_Default_Material_Grid_M.uasset" 2
"../../../Engine/Content/Functions/Engine_MaterialFunctions01/Opacity/CameraDepthFade.uasset" 3
"../../../Engine/Content/EngineMaterials/WorldGridMaterial.uasset" 4
"../../../Engine/Content/BasicShapes/Cube.uasset" 5
"../../../../../../Users/c4607/OneDrive/Desktop/TFC_home/TFC/TFC_Project/Content/blueprints/Level/Floor.uasset" 6
"../../../Engine/Content/EngineMaterials/DefaultMaterial.uasset" 7
"../../../Engine/Content/BasicShapes/Sphere.uasset" 8
"../../../../../../Users/c4607/OneDrive/Desktop/TFC_home/TFC/TFC_Project/Content/blueprints/OnCollections/OnCollection.uasset" 9
"../../../../../../Users/c4607/OneDrive/Desktop/TFC_home/TFC/TFC_Project/Content/blueprints/OnCollections/Upgrades/Upgrade.uasset" 10
"../../../Engine/Content/EditorLandscapeResources/DefaultAlphaTexture.uasset" 11
"../../../Engine/Content/EditorLandscapeResources/AlphaBrushMaterial.uasset" 12
"../../../Engine/Content/EditorBlueprintResources/StandardMacros.uasset" 13
"../../../../../../Users/c4607/OneDrive/Desktop/TFC_home/TFC/TFC_Project/Content/blueprints/OnCollections/Effects/Effect.uasset" 14
"../../../../../../Users/c4607/OneDrive/Desktop/TFC_home/TFC/TFC_Project/Content/blueprints/OnCollections/Effects/Vulnerable-Effects/VulnerableEffect.uasset" 15
"../../../../../../Users/c4607/OneDrive/Desktop/TFC_home/TFC/TFC_Project/Content/blueprints/others/damagable.uasset" 16
"../../../../../../Users/c4607/OneDrive/Desktop/TFC_home/TFC/TFC_Project/Content/blueprints/others/creature.uasset" 17
"../../../../../../Users/c4607/OneDrive/Desktop/TFC_home/TFC/TFC_Project/Content/blueprints/others/excel/enemy_spawn_table.uasset" 18
"../../../../../../Users/c4607/OneDrive/Desktop/TFC_home/TFC/TFC_Project/Content/resouerce/Mannequin/Character/Mesh/SK_Mannequin_PhysicsAsset.uasset" 19
"../../../../../../Users/c4607/OneDrive/Desktop/TFC_home/TFC/TFC_Project/Content/resouerce/Mannequin/Character/Textures/UE4Man_Logo_N.uasset" 20
"../../../../../../Users/c4607/OneDrive/Desktop/TFC_home/TFC/TFC_Project/Content/resouerce/Mannequin/Character/Textures/UE4_Mannequin_MAT_MASKA.uasset" 21
"../../../../../../Users/c4607/OneDrive/Desktop/TFC_home/TFC/TFC_Project/Content/resouerce/Mannequin/Character/Textures/UE4_Mannequin__normals.uasset" 22
"../../../../../../Users/c4607/OneDrive/Desktop/TFC_home/TFC/TFC_Project/Content/resouerce/Mannequin/Character/Materials/MaterialLayers/T_ML_Aluminum01_N.uasset" 23
"../../../../../../Users/c4607/OneDrive/Desktop/TFC_home/TFC/TFC_Project/Content/resouerce/Mannequin/Character/Materials/MaterialLayers/T_ML_Aluminum01.uasset" 24
"../../../../../../Users/c4607/OneDrive/Desktop/TFC_home/TFC/TFC_Project/Content/resouerce/Mannequin/Character/Materials/MaterialLayers/ML_SoftMetal_UE4.uasset" 25
"../../../../../../Users/c4607/OneDrive/Desktop/TFC_home/TFC/TFC_Project/Content/resouerce/Mannequin/Character/Textures/UE4_LOGO_CARD.uasset" 26
"../../../../../../Users/c4607/OneDrive/Desktop/TFC_home/TFC/TFC_Project/Content/resouerce/Mannequin/Character/Materials/MaterialLayers/ML_Plastic_Shiny_Beige_LOGO.uasset" 27
"../../../../../../Users/c4607/OneDrive/Desktop/TFC_home/TFC/TFC_Project/Content/resouerce/Mannequin/Character/Materials/MaterialLayers/ML_Plastic_Shiny_Beige.uasset" 28
"../../../../../../Users/c4607/OneDrive/Desktop/TFC_home/TFC/TFC_Project/Content/resouerce/Mannequin/Character/Materials/MaterialLayers/T_ML_Rubber_Blue_01_N.uasset" 29
"../../../../../../Users/c4607/OneDrive/Desktop/TFC_home/TFC/TFC_Project/Content/resouerce/Mannequin/Character/Materials/MaterialLayers/T_ML_Rubber_Blue_01_D.uasset" 30
"../../../../../../Users/c4607/OneDrive/Desktop/TFC_home/TFC/TFC_Project/Content/resouerce/Mannequin/Character/Materials/MaterialLayers/ML_GlossyBlack_Latex_UE4.uasset" 31
"../../../Engine/Content/Functions/MaterialLayerFunctions/MatLayerBlend_Simple.uasset" 32
"../../../Engine/Content/Functions/Engine_MaterialFunctions02/Utility/BlendAngleCorrectedNormals.uasset" 33
"../../../Engine/Content/Functions/MaterialLayerFunctions/MatLayerBlend_NormalBlend.uasset" 34
"../../../../../../Users/c4607/OneDrive/Desktop/TFC_home/TFC/TFC_Project/Content/resouerce/Mannequin/Character/Materials/M_UE4Man_Body.uasset" 35
"../../../../../../Users/c4607/OneDrive/Desktop/TFC_home/TFC/TFC_Project/Content/resouerce/Mannequin/Character/Materials/M_UE4Man_ChestLogo.uasset" 36
"../../../../../../Users/c4607/OneDrive/Desktop/TFC_home/TFC/TFC_Project/Content/resouerce/Mannequin/Character/Mesh/UE4_Mannequin_Skeleton.uasset" 37
"../../../../../../Users/c4607/OneDrive/Desktop/TFC_home/TFC/TFC_Project/Content/resouerce/Mannequin/Character/Mesh/SK_Mannequin.uasset" 38
"../../../../../../Users/c4607/OneDrive/Desktop/TFC_home/TFC/TFC_Project/Content/resouerce/Mannequin/Animations/ThirdPersonWalk.uasset" 39
"../../../../../../Users/c4607/OneDrive/Desktop/TFC_home/TFC/TFC_Project/Content/resouerce/Mannequin/Animations/ThirdPersonRun.uasset" 40
"../../../../../../Users/c4607/OneDrive/Desktop/TFC_home/TFC/TFC_Project/Content/resouerce/Mannequin/Animations/ThirdPersonIdle.uasset" 41
"../../../../../../Users/c4607/OneDrive/Desktop/TFC_home/TFC/TFC_Project/Content/resouerce/Mannequin/Animations/ThirdPerson_IdleRun_2D.uasset" 42
"../../../../../../Users/c4607/OneDrive/Desktop/TFC_home/TFC/TFC_Project/Content/resouerce/Mannequin/Animations/ThirdPerson_Jump.uasset" 43
"../../../../../../Users/c4607/OneDrive/Desktop/TFC_home/TFC/TFC_Project/Content/resouerce/Mannequin/Animations/ThirdPersonJump_Start.uasset" 44
"../../../../../../Users/c4607/OneDrive/Desktop/TFC_home/TFC/TFC_Project/Content/resouerce/Mannequin/Animations/ThirdPersonJump_Loop.uasset" 45
"../../../../../../Users/c4607/OneDrive/Desktop/TFC_home/TFC/TFC_Project/Content/resouerce/Mannequin/Animations/ThirdPerson_AnimBP.uasset" 46
"../../../../../../Users/c4607/OneDrive/Desktop/TFC_home/TFC/TFC_Project/Content/blueprints/monster/test/testEnemy2.uasset" 47
"../../../../../../Users/c4607/OneDrive/Desktop/TFC_home/TFC/TFC_Project/Content/resouerce/material/test.uasset" 48
"../../../../../../Users/c4607/OneDrive/Desktop/TFC_home/TFC/TFC_Project/Content/blueprints/monster/enemy_spawner.uasset" 49
"../../../../../../Users/c4607/OneDrive/Desktop/TFC_home/TFC/TFC_Project/Content/blueprints/others/Observer/enemy_manager.uasset" 50
"../../../../../../Users/c4607/OneDrive/Desktop/TFC_home/TFC/TFC_Project/Content/blueprints/others/Observer/electricity_manager.uasset" 51
"../../../../../../Users/c4607/OneDrive/Desktop/TFC_home/TFC/TFC_Project/Content/blueprints/OnCollections/Effects/SlowEffect.uasset" 52
"../../../../../../Users/c4607/OneDrive/Desktop/TFC_home/TFC/TFC_Project/Content/blueprints/monster/enemy_base.uasset" 53
"../../../../../../Users/c4607/OneDrive/Desktop/TFC_home/TFC/TFC_Project/Content/blueprints/Robot/Robot_range.uasset" 54
"../../../Engine/Content/BasicShapes/BasicShapeMaterial.uasset" 55
"../../../../../../Users/c4607/OneDrive/Desktop/TFC_home/TFC/TFC_Project/Content/blueprints/Robot/Robot1.uasset" 56
"../../../../../../Users/c4607/OneDrive/Desktop/TFC_home/TFC/TFC_Project/Content/resouerce/temp/StarterContent/Shapes/Shape_Cube.uasset" 57
"../../../../../../Users/c4607/OneDrive/Desktop/TFC_home/TFC/TFC_Project/Content/resouerce/material/bullet_mark.uasset" 58
"../../../../../../Users/c4607/OneDrive/Desktop/TFC_home/TFC/TFC_Project/Content/blueprints/others/Observer/line_manager.uasset" 59
"../../../../../../Users/c4607/OneDrive/Desktop/TFC_home/TFC/TFC_Project/Content/resouerce/temp/FirstPerson/FPWeapon/Mesh/SK_FPGun_Skeleton.uasset" 60
"../../../../../../Users/c4607/OneDrive/Desktop/TFC_home/TFC/TFC_Project/Content/resouerce/temp/FirstPerson/FPWeapon/Textures/T_FPGun_N.uasset" 61
"../../../../../../Users/c4607/OneDrive/Desktop/TFC_home/TFC/TFC_Project/Content/resouerce/temp/FirstPerson/FPWeapon/Textures/T_FPGun_M.uasset" 62
"../../../../../../Users/c4607/OneDrive/Desktop/TFC_home/TFC/TFC_Project/Content/resouerce/temp/FirstPerson/FPWeapon/Materials/MaterialLayers/T_ML_Aluminum01_N.uasset" 63
"../../../../../../Users/c4607/OneDrive/Desktop/TFC_home/TFC/TFC_Project/Content/resouerce/temp/FirstPerson/FPWeapon/Materials/MaterialLayers/T_ML_Aluminum01.uasset" 64
"../../../../../../Users/c4607/OneDrive/Desktop/TFC_home/TFC/TFC_Project/Content/resouerce/temp/FirstPerson/FPWeapon/Materials/MaterialLayers/ML_SoftMetal_UE4.uasset" 65
"../../../../../../Users/c4607/OneDrive/Desktop/TFC_home/TFC/TFC_Project/Content/resouerce/temp/FirstPerson/FPWeapon/Materials/MaterialLayers/ML_Screen.uasset" 66
"../../../../../../Users/c4607/OneDrive/Desktop/TFC_home/TFC/TFC_Project/Content/resouerce/temp/FirstPerson/FPWeapon/Materials/MaterialLayers/ML_Plastic_Shiny_Beige.uasset" 67
"../../../../../../Users/c4607/OneDrive/Desktop/TFC_home/TFC/TFC_Project/Content/resouerce/temp/FirstPerson/FPWeapon/Materials/MaterialLayers/T_ML_Rubber_Blue_01_N.uasset" 68
"../../../../../../Users/c4607/OneDrive/Desktop/TFC_home/TFC/TFC_Project/Content/resouerce/temp/FirstPerson/FPWeapon/Materials/MaterialLayers/T_ML_Rubber_Blue_01_D.uasset" 69
"../../../../../../Users/c4607/OneDrive/Desktop/TFC_home/TFC/TFC_Project/Content/resouerce/temp/FirstPerson/FPWeapon/Materials/MaterialLayers/ML_GlossyBlack_Latex_UE4.uasset" 70
"../../../../../../Users/c4607/OneDrive/Desktop/TFC_home/TFC/TFC_Project/Content/resouerce/temp/FirstPerson/FPWeapon/Materials/M_FPGun.uasset" 71
"../../../../../../Users/c4607/OneDrive/Desktop/TFC_home/TFC/TFC_Project/Content/resouerce/temp/FirstPerson/FPWeapon/Mesh/SK_FPGun.uasset" 72
"../../../../../../Users/c4607/OneDrive/Desktop/TFC_home/TFC/TFC_Project/Content/blueprints/player/tool/abst_tool.uasset" 73
"../../../../../../Users/c4607/OneDrive/Desktop/TFC_home/TFC/TFC_Project/Content/blueprints/player/tool/rifle.uasset" 74
"../../../../../../Users/c4607/OneDrive/Desktop/TFC_home/TFC/TFC_Project/Content/resouerce/temp/FirstPerson/Character/Mesh/SK_Mannequin_Arms_Skeleton1.uasset" 75
"../../../../../../Users/c4607/OneDrive/Desktop/TFC_home/TFC/TFC_Project/Content/resouerce/temp/FirstPerson/Character/Mesh/SK_Mannequin_Arms.uasset" 76
"../../../../../../Users/c4607/OneDrive/Desktop/TFC_home/TFC/TFC_Project/Content/blueprints/OnCollections/Modules/Module.uasset" 77
"../../../Engine/Content/EngineMaterials/OrientParticle.uasset" 78
"../../../Engine/Content/EngineMaterials/DefaultParticle.uasset" 79
"../../../../../../Users/c4607/OneDrive/Desktop/TFC_home/TFC/TFC_Project/Content/blueprints/Tower/AoEParticle.uasset" 80
"../../../../../../Users/c4607/OneDrive/Desktop/TFC_home/TFC/TFC_Project/Content/blueprints/Tower/AoEEffect.uasset" 81
"../../../../../../Users/c4607/OneDrive/Desktop/TFC_home/TFC/TFC_Project/Content/blueprints/OnCollections/Modules/SniperModule4.uasset" 82
"../../../../../../Users/c4607/OneDrive/Desktop/TFC_home/TFC/TFC_Project/Content/blueprints/OnCollections/Modules/SniperModule3.uasset" 83
"../../../../../../Users/c4607/OneDrive/Desktop/TFC_home/TFC/TFC_Project/Content/blueprints/OnCollections/Modules/SniperModule2.uasset" 84
"../../../../../../Users/c4607/OneDrive/Desktop/TFC_home/TFC/TFC_Project/Content/blueprints/OnCollections/Modules/SniperModule1.uasset" 85
"../../../../../../Users/c4607/OneDrive/Desktop/TFC_home/TFC/TFC_Project/Content/blueprints/Tower/SniperTower.uasset" 86
"../../../../../../Users/c4607/OneDrive/Desktop/TFC_home/TFC/TFC_Project/Content/blueprints/OnCollections/Modules/BasicModule4.uasset" 87
"../../../../../../Users/c4607/OneDrive/Desktop/TFC_home/TFC/TFC_Project/Content/blueprints/OnCollections/Modules/BasicModule3.uasset" 88
"../../../../../../Users/c4607/OneDrive/Desktop/TFC_home/TFC/TFC_Project/Content/blueprints/OnCollections/Modules/BasicModule2.uasset" 89
"../../../../../../Users/c4607/OneDrive/Desktop/TFC_home/TFC/TFC_Project/Content/blueprints/OnCollections/Modules/AoEModule4.uasset" 90
"../../../../../../Users/c4607/OneDrive/Desktop/TFC_home/TFC/TFC_Project/Content/blueprints/OnCollections/Modules/AoEModule3.uasset" 91
"../../../../../../Users/c4607/OneDrive/Desktop/TFC_home/TFC/TFC_Project/Content/blueprints/OnCollections/Modules/AoEModule2.uasset" 92
"../../../../../../Users/c4607/OneDrive/Desktop/TFC_home/TFC/TFC_Project/Content/blueprints/OnCollections/Modules/AoeModule1.uasset" 93
"../../../../../../Users/c4607/OneDrive/Desktop/TFC_home/TFC/TFC_Project/Content/blueprints/Tower/AoETower.uasset" 94
"../../../../../../Users/c4607/OneDrive/Desktop/TFC_home/TFC/TFC_Project/Content/blueprints/Tower/TowerBase.uasset" 95
"../../../../../../Users/c4607/OneDrive/Desktop/TFC_home/TFC/TFC_Project/Content/blueprints/others/Observer/tower_manager.uasset" 96
"../../../../../../Users/c4607/OneDrive/Desktop/TFC_home/TFC/TFC_Project/Content/blueprints/OnCollections/Modules/BasicModule1.uasset" 97
"../../../../../../Users/c4607/OneDrive/Desktop/TFC_home/TFC/TFC_Project/Content/blueprints/Tower/BasicTower.uasset" 98
"../../../../../../Users/c4607/OneDrive/Desktop/TFC_home/TFC/TFC_Project/Content/blueprints/Tower/Tower.uasset" 99
"../../../../../../Users/c4607/OneDrive/Desktop/TFC_home/TFC/TFC_Project/Content/blueprints/UI/wdg_towerUpgrade.uasset" 100
"../../../../../../Users/c4607/OneDrive/Desktop/TFC_home/TFC/TFC_Project/Content/blueprints/UI/wdg_towerBuild.uasset" 101
"../../../../../../Users/c4607/OneDrive/Desktop/TFC_home/TFC/TFC_Project/Content/blueprints/player/tool/terminal.uasset" 102
"../../../../../../Users/c4607/OneDrive/Desktop/TFC_home/TFC/TFC_Project/Content/resouerce/temp/FirstPerson/Animations/FirstPerson_Run.uasset" 103
"../../../../../../Users/c4607/OneDrive/Desktop/TFC_home/TFC/TFC_Project/Content/resouerce/temp/FirstPerson/Animations/FirstPerson_JumpStart.uasset" 104
"../../../../../../Users/c4607/OneDrive/Desktop/TFC_home/TFC/TFC_Project/Content/resouerce/temp/FirstPerson/Animations/FirstPerson_JumpLoop.uasset" 105
"../../../../../../Users/c4607/OneDrive/Desktop/TFC_home/TFC/TFC_Project/Content/resouerce/temp/FirstPerson/Animations/FirstPerson_JumpEnd.uasset" 106
"../../../../../../Users/c4607/OneDrive/Desktop/TFC_home/TFC/TFC_Project/Content/resouerce/temp/FirstPerson/Animations/FirstPerson_Idle.uasset" 107
"../../../../../../Users/c4607/OneDrive/Desktop/TFC_home/TFC/TFC_Project/Content/resouerce/temp/FirstPerson/Animations/FirstPerson_AnimBP.uasset" 108
"../../../../../../Users/c4607/OneDrive/Desktop/TFC_home/TFC/TFC_Project/Content/blueprints/player/player_character.uasset" 109
"../../../../../../Users/c4607/OneDrive/Desktop/TFC_home/TFC/TFC_Project/Content/blueprints/OnCollections/Upgrades/Suit_Upgrade.uasset" 110
"../../../../../../Users/c4607/OneDrive/Desktop/TFC_home/TFC/TFC_Project/Content/blueprints/OnCollections/Upgrades/Suit-upgrades/Suit_Upgrade1.uasset" 111
"../../../../../../Users/c4607/OneDrive/Desktop/TFC_home/TFC/TFC_Project/Content/blueprints/OnCollections/Upgrades/Robot_Upgrade.uasset" 112
"../../../../../../Users/c4607/OneDrive/Desktop/TFC_home/TFC/TFC_Project/Content/blueprints/OnCollections/Upgrades/Robot-upgrades/Robot_Upgrade1.uasset" 113
"../../../../../../Users/c4607/OneDrive/Desktop/TFC_home/TFC/TFC_Project/Content/blueprints/OnCollections/Upgrades/Rifle_Upgrade.uasset" 114
"../../../../../../Users/c4607/OneDrive/Desktop/TFC_home/TFC/TFC_Project/Content/blueprints/OnCollections/Upgrades/Rifle-upgrades/Rifle_Upgrade1.uasset" 115
"../../../../../../Users/c4607/OneDrive/Desktop/TFC_home/TFC/TFC_Project/Content/blueprints/OnCollections/Upgrades/Base_Upgrade.uasset" 116
"../../../../../../Users/c4607/OneDrive/Desktop/TFC_home/TFC/TFC_Project/Content/blueprints/others/Observer/upgrade_Manager.uasset" 117
"../../../../../../Users/c4607/OneDrive/Desktop/TFC_home/TFC/TFC_Project/Content/blueprints/others/Observer/SaveLoadManager.uasset" 118
"../../../../../../Users/c4607/OneDrive/Desktop/TFC_home/TFC/TFC_Project/Content/resouerce/image/FirstPersonCrosshair.uasset" 119
"../../../../../../Users/c4607/OneDrive/Desktop/TFC_home/TFC/TFC_Project/Content/blueprints/UI/wdg_Hud.uasset" 120
"../../../../../../Users/c4607/OneDrive/Desktop/TFC_home/TFC/TFC_Project/Content/blueprints/others/Observer/temp_over.uasset" 121
"../../../../../../Users/c4607/OneDrive/Desktop/TFC_home/TFC/TFC_Project/Content/blueprints/others/Observer/temp_clear.uasset" 122
"../../../../../../Users/c4607/OneDrive/Desktop/TFC_home/TFC/TFC_Project/Content/resouerce/material/test2.uasset" 123
"../../../../../../Users/c4607/OneDrive/Desktop/TFC_home/TFC/TFC_Project/Content/blueprints/monster/normal_enemy.uasset" 124
"../../../../../../Users/c4607/OneDrive/Desktop/TFC_home/TFC/TFC_Project/Content/blueprints/monster/enemy1.uasset" 125
"../../../../../../Users/c4607/OneDrive/Desktop/TFC_home/TFC/TFC_Project/Content/resouerce/excel/EST_stage_1.uasset" 126
"../../../../../../Users/c4607/OneDrive/Desktop/TFC_home/TFC/TFC_Project/Content/blueprints/others/Observer/widget_manager.uasset" 127
"../../../../../../Users/c4607/OneDrive/Desktop/TFC_home/TFC/TFC_Project/Content/blueprints/others/Observer/Main_GameInstance.uasset" 128
"../../../../../../Users/c4607/OneDrive/Desktop/TFC_home/TFC/TFC_Project/Content/blueprints/others/core.uasset" 129
"../../../../../../Users/c4607/OneDrive/Desktop/TFC_home/TFC/TFC_Project/Content/blueprints/monster/etc/enemy_bullet.uasset" 130
"../../../../../../Users/c4607/OneDrive/Desktop/TFC_home/TFC/TFC_Project/Content/blueprints/monster/gunner_enemy.uasset" 131
"../../../../../../Users/c4607/OneDrive/Desktop/TFC_home/TFC/TFC_Project/Content/blueprints/monster/test/test.uasset" 132
"../../../../../../Users/c4607/OneDrive/Desktop/TFC_home/TFC/TFC_Project/Content/blueprints/monster/test/testEnemy.uasset" 133
"../../../../../../Users/c4607/OneDrive/Desktop/TFC_home/TFC/TFC_Project/Content/blueprints/OnCollections/Effects/Vulnerable-Effects/Stackable_Vul01.uasset" 134
"../../../../../../Users/c4607/OneDrive/Desktop/TFC_home/TFC/TFC_Project/Content/blueprints/OnCollections/Upgrades/Upgrade2.uasset" 135
"../../../../../../Users/c4607/OneDrive/Desktop/TFC_home/TFC/TFC_Project/Content/blueprints/player/player_controller.uasset" 136
"../../../../../../Users/c4607/OneDrive/Desktop/TFC_home/TFC/TFC_Project/Content/blueprints/others/basic_gamemode.uasset" 137
"../../../../../../Users/c4607/OneDrive/Desktop/TFC_home/TFC/TFC_Project/Content/blueprints/others/excel/towerinfo.uasset" 138
"../../../../../../Users/c4607/OneDrive/Desktop/TFC_home/TFC/TFC_Project/Content/blueprints/others/Observer/temp.uasset" 139
"../../../../../../Users/c4607/OneDrive/Desktop/TFC_home/TFC/TFC_Project/Content/blueprints/UI/BP_TFCHUD.uasset" 140
"../../../../../../Users/c4607/OneDrive/Desktop/TFC_home/TFC/TFC_Project/Content/blueprints/others/excel/test_excel.uasset" 141
"../../../../../../Users/c4607/OneDrive/Desktop/TFC_home/TFC/TFC_Project/Content/resouerce/excel/csv_testing.uasset" 142
"../../../../../../Users/c4607/OneDrive/Desktop/TFC_home/TFC/TFC_Project/Content/blueprints/monster/charge_enemy.uasset" 143
"../../../../../../Users/c4607/OneDrive/Desktop/TFC_home/TFC/TFC_Project/Content/blueprints/monster/enemy2.uasset" 144
"../../../../../../Users/c4607/OneDrive/Desktop/TFC_home/TFC/TFC_Project/Content/resouerce/excel/temp_EST_testing.uasset" 145
"../../../../../../Users/c4607/OneDrive/Desktop/TFC_home/TFC/TFC_Project/Content/resouerce/excel/temp_enemy_spawn_table.uasset" 146
"../../../../../../Users/c4607/OneDrive/Desktop/TFC_home/TFC/TFC_Project/Content/resouerce/Mannequin/Animations/ThirdPersonJump_End.uasset" 147
"../../../../../../Users/c4607/OneDrive/Desktop/TFC_home/TFC/TFC_Project/Content/resouerce/Map/stage_1_BuiltData.uasset" 148
"../../../../../../Users/c4607/OneDrive/Desktop/TFC_home/TFC/TFC_Project/Content/resouerce/material/test1.uasset" 149
"../../../../../../Users/c4607/OneDrive/Desktop/TFC_home/TFC/TFC_Project/Content/SpaceshipInterior/Textures/T_Scifi_Wall_05_S.uasset" 150
"../../../../../../Users/c4607/OneDrive/Desktop/TFC_home/TFC/TFC_Project/Content/SpaceshipInterior/Textures/scifi_wall_05_S.uasset" 151
"../../../../../../Users/c4607/OneDrive/Desktop/TFC_home/TFC/TFC_Project/Content/SpaceshipInterior/Textures/T_Scifi_Wall_05_R.uasset" 152
"../../../../../../Users/c4607/OneDrive/Desktop/TFC_home/TFC/TFC_Project/Content/SpaceshipInterior/Textures/scifi_wall_05_R.uasset" 153
"../../../../../../Users/c4607/OneDrive/Desktop/TFC_home/TFC/TFC_Project/Content/SpaceshipInterior/Textures/T_Scifi_Wall_05_N.uasset" 154
"../../../../../../Users/c4607/OneDrive/Desktop/TFC_home/TFC/TFC_Project/Content/SpaceshipInterior/Textures/scifi_wall_05_N.uasset" 155
"../../../../../../Users/c4607/OneDrive/Desktop/TFC_home/TFC/TFC_Project/Content/SpaceshipInterior/Textures/T_Scifi_Wall_05_AO.uasset" 156
"../../../../../../Users/c4607/OneDrive/Desktop/TFC_home/TFC/TFC_Project/Content/SpaceshipInterior/Textures/scifi_wall_05_AO.uasset" 157
"../../../../../../Users/c4607/OneDrive/Desktop/TFC_home/TFC/TFC_Project/Content/SpaceshipInterior/Textures/T_Scifi_Wall_05_BC.uasset" 158
"../../../../../../Users/c4607/OneDrive/Desktop/TFC_home/TFC/TFC_Project/Content/SpaceshipInterior/Textures/scifi_wall_05_A.uasset" 159
"../../../../../../Users/c4607/OneDrive/Desktop/TFC_home/TFC/TFC_Project/Content/SpaceshipInterior/Textures/T_Scifi_Door_01_S.uasset" 160
"../../../../../../Users/c4607/OneDrive/Desktop/TFC_home/TFC/TFC_Project/Content/SpaceshipInterior/Textures/scifi_door_01_S.uasset" 161
"../../../../../../Users/c4607/OneDrive/Desktop/TFC_home/TFC/TFC_Project/Content/SpaceshipInterior/Textures/T_Scifi_Door_01_R.uasset" 162
"../../../../../../Users/c4607/OneDrive/Desktop/TFC_home/TFC/TFC_Project/Content/SpaceshipInterior/Textures/scifi_door_01_R.uasset" 163
"../../../../../../Users/c4607/OneDrive/Desktop/TFC_home/TFC/TFC_Project/Content/SpaceshipInterior/Textures/T_Scifi_Door_01_N.uasset" 164
"../../../../../../Users/c4607/OneDrive/Desktop/TFC_home/TFC/TFC_Project/Content/SpaceshipInterior/Textures/scifi_door_01_N.uasset" 165
"../../../../../../Users/c4607/OneDrive/Desktop/TFC_home/TFC/TFC_Project/Content/SpaceshipInterior/Textures/T_Scifi_Door_01_AO.uasset" 166
"../../../../../../Users/c4607/OneDrive/Desktop/TFC_home/TFC/TFC_Project/Content/SpaceshipInterior/Textures/scifi_door_01_AO.uasset" 167
"../../../../../../Users/c4607/OneDrive/Desktop/TFC_home/TFC/TFC_Project/Content/SpaceshipInterior/Textures/T_Scifi_Door_01_BC.uasset" 168
"../../../../../../Users/c4607/OneDrive/Desktop/TFC_home/TFC/TFC_Project/Content/SpaceshipInterior/Textures/scifi_door_01_A.uasset" 169
"../../../../../../Users/c4607/OneDrive/Desktop/TFC_home/TFC/TFC_Project/Content/SpaceshipInterior/Materials/M_Scifi_Door_01.uasset" 170
"../../../../../../Users/c4607/OneDrive/Desktop/TFC_home/TFC/TFC_Project/Content/SpaceshipInterior/Materials/MI_Scifi_Wall_05.uasset" 171
"../../../../../../Users/c4607/OneDrive/Desktop/TFC_home/TFC/TFC_Project/Content/resouerce/mesh/wall_mesh_01_.uasset" 172
"../../../../../../Users/c4607/OneDrive/Desktop/TFC_home/TFC/TFC_Project/Content/resouerce/mesh/Cube.uasset" 173
"../../../../../../Users/c4607/OneDrive/Desktop/TFC_home/TFC/TFC_Project/Content/blueprints/others/Sounds/SFX_Mix.uasset" 174
"../../../../../../Users/c4607/OneDrive/Desktop/TFC_home/TFC/TFC_Project/Content/blueprints/others/Sounds/Master_Mix.uasset" 175
"../../../../../../Users/c4607/OneDrive/Desktop/TFC_home/TFC/TFC_Project/Content/blueprints/others/Sounds/BGM_Mix.uasset" 176
"../../../../../../Users/c4607/OneDrive/Desktop/TFC_home/TFC/TFC_Project/Content/blueprints/others/Sounds/BGM.uasset" 177
"../../../../../../Users/c4607/OneDrive/Desktop/TFC_home/TFC/TFC_Project/Content/blueprints/others/Sounds/Sounds_MASTER.uasset" 178
"../../../../../../Users/c4607/OneDrive/Desktop/TFC_home/TFC/TFC_Project/Content/blueprints/others/Sounds/SFX.uasset" 179
"../../../../../../Users/c4607/OneDrive/Desktop/TFC_home/TFC/TFC_Project/Content/resouerce/sounds/LaserBlastQuick_PE1095107__online-audio-converter_com_.uasset" 180
"../../../../../../Users/c4607/OneDrive/Desktop/TFC_home/TFC/TFC_Project/Content/resouerce/temp/FirstPerson/Animations/FirstPersonFire_Montage.uasset" 181
"../../../../../../Users/c4607/OneDrive/Desktop/TFC_home/TFC/TFC_Project/Content/resouerce/temp/FirstPerson/Animations/FirstPerson_Fire.uasset" 182
"../../../../../../Users/c4607/OneDrive/Desktop/TFC_home/TFC/TFC_Project/Content/resouerce/temp/FirstPerson/Character/Materials/M_UE4Man_Body.uasset" 183
"../../../../../../Users/c4607/OneDrive/Desktop/TFC_home/TFC/TFC_Project/Content/resouerce/temp/FirstPerson/Character/Materials/MaterialLayers/ML_GlossyBlack_Latex_UE4.uasset" 184
"../../../../../../Users/c4607/OneDrive/Desktop/TFC_home/TFC/TFC_Project/Content/resouerce/temp/FirstPerson/Character/Materials/MaterialLayers/ML_Plastic_Shiny_Beige.uasset" 185
"../../../../../../Users/c4607/OneDrive/Desktop/TFC_home/TFC/TFC_Project/Content/resouerce/temp/FirstPerson/Character/Materials/MaterialLayers/ML_Plastic_Shiny_Beige_LOGO.uasset" 186
"../../../../../../Users/c4607/OneDrive/Desktop/TFC_home/TFC/TFC_Project/Content/resouerce/temp/FirstPerson/Character/Materials/MaterialLayers/ML_SoftMetal_UE4.uasset" 187
"../../../../../../Users/c4607/OneDrive/Desktop/TFC_home/TFC/TFC_Project/Content/resouerce/temp/FirstPerson/Character/Materials/MaterialLayers/T_ML_Aluminum01.uasset" 188
"../../../../../../Users/c4607/OneDrive/Desktop/TFC_home/TFC/TFC_Project/Content/resouerce/temp/FirstPerson/Character/Materials/MaterialLayers/T_ML_Aluminum01_N.uasset" 189
"../../../../../../Users/c4607/OneDrive/Desktop/TFC_home/TFC/TFC_Project/Content/resouerce/temp/FirstPerson/Character/Materials/MaterialLayers/T_ML_Rubber_Blue_01_D.uasset" 190
"../../../../../../Users/c4607/OneDrive/Desktop/TFC_home/TFC/TFC_Project/Content/resouerce/temp/FirstPerson/Character/Materials/MaterialLayers/T_ML_Rubber_Blue_01_N.uasset" 191
"../../../../../../Users/c4607/OneDrive/Desktop/TFC_home/TFC/TFC_Project/Content/resouerce/temp/FirstPerson/Character/Mesh/SK_Mannequin_Arms_PhysicsAsset.uasset" 192
"../../../../../../Users/c4607/OneDrive/Desktop/TFC_home/TFC/TFC_Project/Content/resouerce/temp/FirstPerson/Character/Mesh/SK_Mannequin_Arms_Skeleton.uasset" 193
"../../../../../../Users/c4607/OneDrive/Desktop/TFC_home/TFC/TFC_Project/Content/resouerce/temp/FirstPerson/Character/Textures/UE4_LOGO_CARD.uasset" 194
"../../../../../../Users/c4607/OneDrive/Desktop/TFC_home/TFC/TFC_Project/Content/resouerce/temp/FirstPerson/Character/Textures/UE4_Mannequin_MAT_MASKA.uasset" 195
"../../../../../../Users/c4607/OneDrive/Desktop/TFC_home/TFC/TFC_Project/Content/resouerce/temp/FirstPerson/Character/Textures/UE4_Mannequin__normals.uasset" 196
"../../../../../../Users/c4607/OneDrive/Desktop/TFC_home/TFC/TFC_Project/Content/resouerce/temp/FirstPerson/FPWeapon/Materials/MaterialLayers/ML_Plastic_Shiny_Beige_LOGO.uasset" 197
"../../../../../../Users/c4607/OneDrive/Desktop/TFC_home/TFC/TFC_Project/Content/resouerce/temp/FirstPerson/FPWeapon/Materials/MaterialLayers/T_ML_FineRubber.uasset" 198
"../../../../../../Users/c4607/OneDrive/Desktop/TFC_home/TFC/TFC_Project/Content/resouerce/temp/FirstPerson/FPWeapon/Mesh/SK_FPGun_PhysicsAsset.uasset" 199
"../../../../../../Users/c4607/OneDrive/Desktop/TFC_home/TFC/TFC_Project/Content/resouerce/temp/StarterContent/Shapes/Shape_NarrowCapsule.uasset" 200
"../../../../../../Users/c4607/OneDrive/Desktop/TFC_home/TFC/TFC_Project/Content/resouerce/temp/StarterContent/Shapes/Shape_Plane.uasset" 201
"../../../../../../Users/c4607/OneDrive/Desktop/TFC_home/TFC/TFC_Project/Content/resouerce/temp/StarterContent/Shapes/Shape_Sphere.uasset" 202
"../../../../../../Users/c4607/OneDrive/Desktop/TFC_home/TFC/TFC_Project/Content/resouerce/temp/StarterContent/Shapes/Shape_TriPyramid.uasset" 203
"../../../../../../Users/c4607/OneDrive/Desktop/TFC_home/TFC/TFC_Project/Content/SpaceshipInterior/Textures/T_Scifi_Decal_01_BC.uasset" 204
"../../../../../../Users/c4607/OneDrive/Desktop/TFC_home/TFC/TFC_Project/Content/SpaceshipInterior/Materials/M_Scifi_Decal_01.uasset" 205
"../../../../../../Users/c4607/OneDrive/Desktop/TFC_home/TFC/TFC_Project/Content/SpaceshipInterior/Textures/T_Scifi_Floor_Grid_S.uasset" 206
"../../../../../../Users/c4607/OneDrive/Desktop/TFC_home/TFC/TFC_Project/Content/SpaceshipInterior/Textures/scifi_floor_grid_S.uasset" 207
"../../../../../../Users/c4607/OneDrive/Desktop/TFC_home/TFC/TFC_Project/Content/SpaceshipInterior/Textures/T_Scifi_Floor_Grid_R.uasset" 208
"../../../../../../Users/c4607/OneDrive/Desktop/TFC_home/TFC/TFC_Project/Content/SpaceshipInterior/Textures/scifi_floor_grid_R.uasset" 209
"../../../../../../Users/c4607/OneDrive/Desktop/TFC_home/TFC/TFC_Project/Content/SpaceshipInterior/Textures/T_Scifi_Floor_Grid_N.uasset" 210
"../../../../../../Users/c4607/OneDrive/Desktop/TFC_home/TFC/TFC_Project/Content/SpaceshipInterior/Textures/scifi_floor_grid_N.uasset" 211
"../../../../../../Users/c4607/OneDrive/Desktop/TFC_home/TFC/TFC_Project/Content/SpaceshipInterior/Textures/T_Scifi_Floor_Grid_AO.uasset" 212
"../../../../../../Users/c4607/OneDrive/Desktop/TFC_home/TFC/TFC_Project/Content/SpaceshipInterior/Textures/scifi_floor_grid_AO.uasset" 213
"../../../../../../Users/c4607/OneDrive/Desktop/TFC_home/TFC/TFC_Project/Content/SpaceshipInterior/Textures/T_Scifi_Floor_Grid_M.uasset" 214
"../../../../../../Users/c4607/OneDrive/Desktop/TFC_home/TFC/TFC_Project/Content/SpaceshipInterior/Textures/scifi_floor_grid_alpha.uasset" 215
"../../../../../../Users/c4607/OneDrive/Desktop/TFC_home/TFC/TFC_Project/Content/SpaceshipInterior/Textures/T_Scifi_Floor_Grid_BC.uasset" 216
"../../../../../../Users/c4607/OneDrive/Desktop/TFC_home/TFC/TFC_Project/Content/SpaceshipInterior/Textures/scifi_floor_grid_A.uasset" 217
"../../../../../../Users/c4607/OneDrive/Desktop/TFC_home/TFC/TFC_Project/Content/SpaceshipInterior/Textures/T_Scifi_Floor_03_S.uasset" 218
"../../../../../../Users/c4607/OneDrive/Desktop/TFC_home/TFC/TFC_Project/Content/SpaceshipInterior/Textures/scifi_floor_03_S.uasset" 219
"../../../../../../Users/c4607/OneDrive/Desktop/TFC_home/TFC/TFC_Project/Content/SpaceshipInterior/Textures/T_Scifi_Floor_03_R.uasset" 220
"../../../../../../Users/c4607/OneDrive/Desktop/TFC_home/TFC/TFC_Project/Content/SpaceshipInterior/Textures/scifi_floor_03_R.uasset" 221
"../../../../../../Users/c4607/OneDrive/Desktop/TFC_home/TFC/TFC_Project/Content/SpaceshipInterior/Textures/T_Scifi_Floor_03_N.uasset" 222
"../../../../../../Users/c4607/OneDrive/Desktop/TFC_home/TFC/TFC_Project/Content/SpaceshipInterior/Textures/scifi_floor_03_N.uasset" 223
"../../../../../../Users/c4607/OneDrive/Desktop/TFC_home/TFC/TFC_Project/Content/SpaceshipInterior/Textures/T_Scifi_Floor_03_AO.uasset" 224
"../../../../../../Users/c4607/OneDrive/Desktop/TFC_home/TFC/TFC_Project/Content/SpaceshipInterior/Textures/scifi_floor_03_AO.uasset" 225
"../../../../../../Users/c4607/OneDrive/Desktop/TFC_home/TFC/TFC_Project/Content/SpaceshipInterior/Textures/T_Scifi_Floor_03_M.uasset" 226
"../../../../../../Users/c4607/OneDrive/Desktop/TFC_home/TFC/TFC_Project/Content/SpaceshipInterior/Textures/scifi_floor_03_alpha.uasset" 227
"../../../../../../Users/c4607/OneDrive/Desktop/TFC_home/TFC/TFC_Project/Content/SpaceshipInterior/Textures/T_Scifi_Floor_03_BC.uasset" 228
"../../../../../../Users/c4607/OneDrive/Desktop/TFC_home/TFC/TFC_Project/Content/SpaceshipInterior/Textures/scifi_floor_03_A.uasset" 229
"../../../../../../Users/c4607/OneDrive/Desktop/TFC_home/TFC/TFC_Project/Content/SpaceshipInterior/Materials/M_Scifi_Floor_03.uasset" 230
"../../../../../../Users/c4607/OneDrive/Desktop/TFC_home/TFC/TFC_Project/Content/SpaceshipInterior/Materials/MI_Scifi_Floor_Grid.uasset" 231
"../../../../../../Users/c4607/OneDrive/Desktop/TFC_home/TFC/TFC_Project/Content/SpaceshipInterior/Materials/scifi_floor_grid_Inst.uasset" 232
"../../../../../../Users/c4607/OneDrive/Desktop/TFC_home/TFC/TFC_Project/Content/SpaceshipInterior/Materials/M_Scifi_Glass.uasset" 233
"../../../../../../Users/c4607/OneDrive/Desktop/TFC_home/TFC/TFC_Project/Content/SpaceshipInterior/Materials/scifi_Glass_Mat.uasset" 234
"../../../../../../Users/c4607/OneDrive/Desktop/TFC_home/TFC/TFC_Project/Content/SpaceshipInterior/Textures/T_Scifi_Pillar_01_N.uasset" 235
"../../../../../../Users/c4607/OneDrive/Desktop/TFC_home/TFC/TFC_Project/Content/SpaceshipInterior/Textures/scifi_pillar_01_N.uasset" 236
"../../../../../../Users/c4607/OneDrive/Desktop/TFC_home/TFC/TFC_Project/Content/SpaceshipInterior/Materials/M_Scifi_Pillar_01_Color.uasset" 237
"../../../../../../Users/c4607/OneDrive/Desktop/TFC_home/TFC/TFC_Project/Content/SpaceshipInterior/Materials/scifi_pillar_01_color_Mat.uasset" 238
"../../../../../../Users/c4607/OneDrive/Desktop/TFC_home/TFC/TFC_Project/Content/SpaceshipInterior/Textures/T_Scifi_Pipe_01_S.uasset" 239
"../../../../../../Users/c4607/OneDrive/Desktop/TFC_home/TFC/TFC_Project/Content/SpaceshipInterior/Textures/scifi_pipe_01_S.uasset" 240
"../../../../../../Users/c4607/OneDrive/Desktop/TFC_home/TFC/TFC_Project/Content/SpaceshipInterior/Textures/T_Scifi_Pipe_01_R.uasset" 241
"../../../../../../Users/c4607/OneDrive/Desktop/TFC_home/TFC/TFC_Project/Content/SpaceshipInterior/Textures/scifi_pipe_01_R.uasset" 242
"../../../../../../Users/c4607/OneDrive/Desktop/TFC_home/TFC/TFC_Project/Content/SpaceshipInterior/Textures/T_Scifi_Pipe_01_N.uasset" 243
"../../../../../../Users/c4607/OneDrive/Desktop/TFC_home/TFC/TFC_Project/Content/SpaceshipInterior/Textures/scifi_pipe_01_N.uasset" 244
"../../../../../../Users/c4607/OneDrive/Desktop/TFC_home/TFC/TFC_Project/Content/SpaceshipInterior/Textures/T_Scifi_Pipe_01_AO.uasset" 245
"../../../../../../Users/c4607/OneDrive/Desktop/TFC_home/TFC/TFC_Project/Content/SpaceshipInterior/Textures/scifi_pipe_01_AO.uasset" 246
"../../../../../../Users/c4607/OneDrive/Desktop/TFC_home/TFC/TFC_Project/Content/SpaceshipInterior/Textures/T_Scifi_Pipe_01_A.uasset" 247
"../../../../../../Users/c4607/OneDrive/Desktop/TFC_home/TFC/TFC_Project/Content/SpaceshipInterior/Textures/scifi_pipe_01_A.uasset" 248
"../../../../../../Users/c4607/OneDrive/Desktop/TFC_home/TFC/TFC_Project/Content/SpaceshipInterior/Materials/MI_Scifi_Pipe_01.uasset" 249
"../../../../../../Users/c4607/OneDrive/Desktop/TFC_home/TFC/TFC_Project/Content/SpaceshipInterior/Materials/scifi_pipe_01_Inst.uasset" 250
"../../../../../../Users/c4607/OneDrive/Desktop/TFC_home/TFC/TFC_Project/Content/SpaceshipInterior/Textures/T_Scifi_Signs_Decal_BC.uasset" 251
"../../../../../../Users/c4607/OneDrive/Desktop/TFC_home/TFC/TFC_Project/Content/SpaceshipInterior/Materials/M_Scifi_Signs_Decal_01.uasset" 252
"../../../../../../Users/c4607/OneDrive/Desktop/TFC_home/TFC/TFC_Project/Content/SpaceshipInterior/Materials/scifi_signs_decal_01_Mat.uasset" 253
"../../../../../../Users/c4607/OneDrive/Desktop/TFC_home/TFC/TFC_Project/Content/SpaceshipInterior/Materials/M_Scifi_Signs_Decal_02.uasset" 254
"../../../../../../Users/c4607/OneDrive/Desktop/TFC_home/TFC/TFC_Project/Content/SpaceshipInterior/Materials/scifi_signs_decal_02_Mat.uasset" 255
"../../../../../../Users/c4607/OneDrive/Desktop/TFC_home/TFC/TFC_Project/Content/SpaceshipInterior/Materials/M_Scifi_Signs_Decal_03.uasset" 256
"../../../../../../Users/c4607/OneDrive/Desktop/TFC_home/TFC/TFC_Project/Content/SpaceshipInterior/Materials/scifi_signs_decal_03_Mat.uasset" 257
"../../../../../../Users/c4607/OneDrive/Desktop/TFC_home/TFC/TFC_Project/Content/SpaceshipInterior/Materials/M_Scifi_Signs_Decal_04.uasset" 258
"../../../../../../Users/c4607/OneDrive/Desktop/TFC_home/TFC/TFC_Project/Content/SpaceshipInterior/Materials/scifi_signs_decal_04_Mat.uasset" 259
"../../../../../../Users/c4607/OneDrive/Desktop/TFC_home/TFC/TFC_Project/Content/SpaceshipInterior/Materials/M_Scifi_Stripe_Decal_01.uasset" 260
"../../../../../../Users/c4607/OneDrive/Desktop/TFC_home/TFC/TFC_Project/Content/SpaceshipInterior/Materials/scifi_stripe_decal_01_Mat.uasset" 261
"../../../../../../Users/c4607/OneDrive/Desktop/TFC_home/TFC/TFC_Project/Content/SpaceshipInterior/Materials/M_Scifi_Stripe_Decal_02.uasset" 262
"../../../../../../Users/c4607/OneDrive/Desktop/TFC_home/TFC/TFC_Project/Content/SpaceshipInterior/Materials/scifi_stripe_decal_02_Mat.uasset" 263
"../../../../../../Users/c4607/OneDrive/Desktop/TFC_home/TFC/TFC_Project/Content/SpaceshipInterior/Textures/T_Scifi_Wall_02_White_BC.uasset" 264
"../../../../../../Users/c4607/OneDrive/Desktop/TFC_home/TFC/TFC_Project/Content/SpaceshipInterior/Textures/scifi_wall_02_white_A.uasset" 265
"../../../../../../Users/c4607/OneDrive/Desktop/TFC_home/TFC/TFC_Project/Content/SpaceshipInterior/Textures/T_Scifi_Wall_02_S.uasset" 266
"../../../../../../Users/c4607/OneDrive/Desktop/TFC_home/TFC/TFC_Project/Content/SpaceshipInterior/Textures/scifi_wall_02_S.uasset" 267
"../../../../../../Users/c4607/OneDrive/Desktop/TFC_home/TFC/TFC_Project/Content/SpaceshipInterior/Textures/T_Scifi_Wall_02_R.uasset" 268
"../../../../../../Users/c4607/OneDrive/Desktop/TFC_home/TFC/TFC_Project/Content/SpaceshipInterior/Textures/scifi_wall_02_R.uasset" 269
"../../../../../../Users/c4607/OneDrive/Desktop/TFC_home/TFC/TFC_Project/Content/SpaceshipInterior/Textures/T_Scifi_Wall_02_N.uasset" 270
"../../../../../../Users/c4607/OneDrive/Desktop/TFC_home/TFC/TFC_Project/Content/SpaceshipInterior/Textures/scifi_wall_02_N.uasset" 271
"../../../../../../Users/c4607/OneDrive/Desktop/TFC_home/TFC/TFC_Project/Content/SpaceshipInterior/Textures/T_Scifi_Wall_02_AO.uasset" 272
"../../../../../../Users/c4607/OneDrive/Desktop/TFC_home/TFC/TFC_Project/Content/SpaceshipInterior/Textures/scifi_wall_02_AO.uasset" 273
"../../../../../../Users/c4607/OneDrive/Desktop/TFC_home/TFC/TFC_Project/Content/SpaceshipInterior/Materials/MI_Scifi_Wall_White.uasset" 274
"../../../../../../Users/c4607/OneDrive/Desktop/TFC_home/TFC/TFC_Project/Content/SpaceshipInterior/Materials/scifi_wall_02_white_inst.uasset" 275
"../../../../../../Users/c4607/OneDrive/Desktop/TFC_home/TFC/TFC_Project/Content/SpaceshipInterior/Textures/T_Scifi_Wall_04_S.uasset" 276
"../../../../../../Users/c4607/OneDrive/Desktop/TFC_home/TFC/TFC_Project/Content/SpaceshipInterior/Textures/scifi_wall_04_S.uasset" 277
"../../../../../../Users/c4607/OneDrive/Desktop/TFC_home/TFC/TFC_Project/Content/SpaceshipInterior/Textures/T_Scifi_Wall_04_R.uasset" 278
"../../../../../../Users/c4607/OneDrive/Desktop/TFC_home/TFC/TFC_Project/Content/SpaceshipInterior/Textures/scifi_wall_04_R.uasset" 279
"../../../../../../Users/c4607/OneDrive/Desktop/TFC_home/TFC/TFC_Project/Content/SpaceshipInterior/Textures/T_Scifi_Wall_04_N.uasset" 280
"../../../../../../Users/c4607/OneDrive/Desktop/TFC_home/TFC/TFC_Project/Content/SpaceshipInterior/Textures/scifi_wall_04_N.uasset" 281
"../../../../../../Users/c4607/OneDrive/Desktop/TFC_home/TFC/TFC_Project/Content/SpaceshipInterior/Textures/T_Scifi_Wall_04_AO.uasset" 282
"../../../../../../Users/c4607/OneDrive/Desktop/TFC_home/TFC/TFC_Project/Content/SpaceshipInterior/Textures/scifi_wall_04_AO.uasset" 283
"../../../../../../Users/c4607/OneDrive/Desktop/TFC_home/TFC/TFC_Project/Content/SpaceshipInterior/Textures/T_Scifi_Wall_04_BC.uasset" 284
"../../../../../../Users/c4607/OneDrive/Desktop/TFC_home/TFC/TFC_Project/Content/SpaceshipInterior/Textures/scifi_wall_04_A.uasset" 285
"../../../../../../Users/c4607/OneDrive/Desktop/TFC_home/TFC/TFC_Project/Content/SpaceshipInterior/Materials/M_Scifi_Wall_04.uasset" 286
"../../../../../../Users/c4607/OneDrive/Desktop/TFC_home/TFC/TFC_Project/Content/SpaceshipInterior/Materials/scifi_wall_04_Mat.uasset" 287
"../../../../../../Users/c4607/OneDrive/Desktop/TFC_home/TFC/TFC_Project/Content/SpaceshipInterior/Materials/scifi_wall_05_Inst.uasset" 288
"../../../../../../Users/c4607/OneDrive/Desktop/TFC_home/TFC/TFC_Project/Content/SpaceshipInterior/Textures/T_Scifi_Floor_04_S.uasset" 289
"../../../../../../Users/c4607/OneDrive/Desktop/TFC_home/TFC/TFC_Project/Content/SpaceshipInterior/Textures/scifi_floor_04_S.uasset" 290
"../../../../../../Users/c4607/OneDrive/Desktop/TFC_home/TFC/TFC_Project/Content/SpaceshipInterior/Textures/T_Scifi_Floor_04_R.uasset" 291
"../../../../../../Users/c4607/OneDrive/Desktop/TFC_home/TFC/TFC_Project/Content/SpaceshipInterior/Textures/scifi_floor_04_R.uasset" 292
"../../../../../../Users/c4607/OneDrive/Desktop/TFC_home/TFC/TFC_Project/Content/SpaceshipInterior/Textures/T_Scifi_Floor_04_N.uasset" 293
"../../../../../../Users/c4607/OneDrive/Desktop/TFC_home/TFC/TFC_Project/Content/SpaceshipInterior/Textures/scifi_floor_04_N.uasset" 294
"../../../../../../Users/c4607/OneDrive/Desktop/TFC_home/TFC/TFC_Project/Content/SpaceshipInterior/Textures/T_Scifi_Floor_04_AO.uasset" 295
"../../../../../../Users/c4607/OneDrive/Desktop/TFC_home/TFC/TFC_Project/Content/SpaceshipInterior/Textures/scifi_floor_04_AO.uasset" 296
"../../../../../../Users/c4607/OneDrive/Desktop/TFC_home/TFC/TFC_Project/Content/SpaceshipInterior/Textures/T_Scifi_Floor_04_BC.uasset" 297
"../../../../../../Users/c4607/OneDrive/Desktop/TFC_home/TFC/TFC_Project/Content/SpaceshipInterior/Textures/scifi_floor_04_A.uasset" 298
"../../../../../../Users/c4607/OneDrive/Desktop/TFC_home/TFC/TFC_Project/Content/SpaceshipInterior/Materials/MI_Scifi_Floor_04.uasset" 299
"../../../../../../Users/c4607/OneDrive/Desktop/TFC_home/TFC/TFC_Project/Content/SpaceshipInterior/Meshes/SM_Scifi_Floor_04_Small.uasset" 300
"../../../../../../Users/c4607/OneDrive/Desktop/TFC_home/TFC/TFC_Project/Content/SpaceshipInterior/Meshes/SM_Scifi_Floor_04_C.uasset" 301
"../../../../../../Users/c4607/OneDrive/Desktop/TFC_home/TFC/TFC_Project/Content/SpaceshipInterior/Meshes/SM_Scifi_Floor_04_Dark.uasset" 302
"../../../../../../Users/c4607/OneDrive/Desktop/TFC_home/TFC/TFC_Project/Content/SpaceshipInterior/Meshes/SM_Scifi_Floor_04_D.uasset" 303
"../../../../../../Users/c4607/OneDrive/Desktop/TFC_home/TFC/TFC_Project/Content/SpaceshipInterior/Textures/T_Scifi_Wall_02_A.uasset" 304
"../../../../../../Users/c4607/OneDrive/Desktop/TFC_home/TFC/TFC_Project/Content/SpaceshipInterior/Textures/scifi_wall_02_A.uasset" 305
"../../../../../../Users/c4607/OneDrive/Desktop/TFC_home/TFC/TFC_Project/Content/SpaceshipInterior/Materials/MI_Scifi_Wall_02.uasset" 306
"../../../../../../Users/c4607/OneDrive/Desktop/TFC_home/TFC/TFC_Project/Content/SpaceshipInterior/Textures/T_Scifi_Wall_01_S.uasset" 307
"../../../../../../Users/c4607/OneDrive/Desktop/TFC_home/TFC/TFC_Project/Content/SpaceshipInterior/Textures/scifi_wall_01_S.uasset" 308
"../../../../../../Users/c4607/OneDrive/Desktop/TFC_home/TFC/TFC_Project/Content/SpaceshipInterior/Textures/T_Scifi_Wall_01_R.uasset" 309
"../../../../../../Users/c4607/OneDrive/Desktop/TFC_home/TFC/TFC_Project/Content/SpaceshipInterior/Textures/scifi_wall_01_R.uasset" 310
"../../../../../../Users/c4607/OneDrive/Desktop/TFC_home/TFC/TFC_Project/Content/SpaceshipInterior/Textures/T_Scifi_Wall_01_N.uasset" 311
"../../../../../../Users/c4607/OneDrive/Desktop/TFC_home/TFC/TFC_Project/Content/SpaceshipInterior/Textures/scifi_wall_01_N.uasset" 312
"../../../../../../Users/c4607/OneDrive/Desktop/TFC_home/TFC/TFC_Project/Content/SpaceshipInterior/Textures/T_Scifi_Wall_01_AO.uasset" 313
"../../../../../../Users/c4607/OneDrive/Desktop/TFC_home/TFC/TFC_Project/Content/SpaceshipInterior/Textures/scifi_wall_01_AO.uasset" 314
"../../../../../../Users/c4607/OneDrive/Desktop/TFC_home/TFC/TFC_Project/Content/SpaceshipInterior/Textures/T_Scifi_Wall_01_A.uasset" 315
"../../../../../../Users/c4607/OneDrive/Desktop/TFC_home/TFC/TFC_Project/Content/SpaceshipInterior/Textures/scifi_wall_01_A.uasset" 316
"../../../../../../Users/c4607/OneDrive/Desktop/TFC_home/TFC/TFC_Project/Content/SpaceshipInterior/Materials/MI_Scifi_Wall_01.uasset" 317
"../../../../../../Users/c4607/OneDrive/Desktop/TFC_home/TFC/TFC_Project/Content/SpaceshipInterior/Textures/T_Scifi_Floor_02_S.uasset" 318
"../../../../../../Users/c4607/OneDrive/Desktop/TFC_home/TFC/TFC_Project/Content/SpaceshipInterior/Textures/scifi_floor_02_S.uasset" 319
"../../../../../../Users/c4607/OneDrive/Desktop/TFC_home/TFC/TFC_Project/Content/SpaceshipInterior/Textures/T_Scifi_Floor_02_R.uasset" 320
"../../../../../../Users/c4607/OneDrive/Desktop/TFC_home/TFC/TFC_Project/Content/SpaceshipInterior/Textures/scifi_floor_02_R.uasset" 321
"../../../../../../Users/c4607/OneDrive/Desktop/TFC_home/TFC/TFC_Project/Content/SpaceshipInterior/Textures/T_Scifi_Floor_02_N.uasset" 322
"../../../../../../Users/c4607/OneDrive/Desktop/TFC_home/TFC/TFC_Project/Content/SpaceshipInterior/Textures/scifi_floor_02_N.uasset" 323
"../../../../../../Users/c4607/OneDrive/Desktop/TFC_home/TFC/TFC_Project/Content/SpaceshipInterior/Textures/T_Scifi_Floor_02_AO.uasset" 324
"../../../../../../Users/c4607/OneDrive/Desktop/TFC_home/TFC/TFC_Project/Content/SpaceshipInterior/Textures/scifi_floor_02_AO.uasset" 325
"../../../../../../Users/c4607/OneDrive/Desktop/TFC_home/TFC/TFC_Project/Content/SpaceshipInterior/Textures/T_Scifi_Floor_02_BC.uasset" 326
"../../../../../../Users/c4607/OneDrive/Desktop/TFC_home/TFC/TFC_Project/Content/SpaceshipInterior/Textures/scifi_floor_02_A.uasset" 327
"../../../../../../Users/c4607/OneDrive/Desktop/TFC_home/TFC/TFC_Project/Content/SpaceshipInterior/Materials/MI_Scifi_Floor_02.uasset" 328
"../../../../../../Users/c4607/OneDrive/Desktop/TFC_home/TFC/TFC_Project/Content/SpaceshipInterior/Meshes/SM_Scifi_StairsSingle.uasset" 329
"../../../Engine/Content/ArtTools/RenderToTexture/Meshes/S_1_Unit_Plane.uasset" 330
"../../../Engine/Content/BasicShapes/Cone.uasset" 331
"../../../Engine/Content/EditorLandscapeResources/DataLayer.uasset" 332
"../../../Engine/Content/EditorMaterials/MAT_Groups_Toggle.uasset" 333
"../../../Engine/Content/EditorMaterials/MAT_Groups_Visibility.uasset" 334
"../../../Engine/Content/EditorMaterials/PreviewShadowIndicator.uasset" 335
"../../../Engine/Content/EditorMaterials/PreviewShadowIndicatorMaterial.uasset" 336
"../../../Engine/Content/EditorMaterials/MatineeGroups/MAT_ColorTrack.uasset" 337
"../../../Engine/Content/EditorMaterials/MatineeGroups/MAT_Groups_Anim.uasset" 338
"../../../Engine/Content/EditorMaterials/MatineeGroups/MAT_Groups_AudioMaster.uasset" 339
"../../../Engine/Content/EditorMaterials/MatineeGroups/MAT_Groups_Director.uasset" 340
"../../../Engine/Content/EditorMaterials/MatineeGroups/MAT_Groups_Event.uasset" 341
"../../../Engine/Content/EditorMaterials/MatineeGroups/MAT_Groups_Fade.uasset" 342
"../../../Engine/Content/EditorMaterials/MatineeGroups/MAT_Groups_Float.uasset" 343
"../../../Engine/Content/EditorMaterials/MatineeGroups/MAT_Groups_Move.uasset" 344
"../../../Engine/Content/EditorMaterials/MatineeGroups/MAT_Groups_Slomo.uasset" 345
"../../../Engine/Content/EditorMaterials/MatineeGroups/MAT_Groups_Sound.uasset" 346
"../../../Engine/Content/EditorMaterials/MatineeGroups/MAT_Groups_Vector.uasset" 347
"../../../Engine/Content/EditorMaterials/ParticleSystems/PSysThumbnail_NoImage.uasset" 348
"../../../Engine/Content/EditorMaterials/ParticleSystems/PSysThumbnail_OOD.uasset" 349
"../../../Engine/Content/EditorMaterials/Camera/CineMat.uasset" 350
"../../../Engine/Content/EditorMaterials/Camera/MI_CineMat_Rig.uasset" 351
"../../../Engine/Content/EditorMeshes/Camera/SM_CraneRig_Arm.uasset" 352
"../../../Engine/Content/EditorMeshes/Camera/SM_CraneRig_Base.uasset" 353
"../../../Engine/Content/EditorMeshes/Camera/SM_CraneRig_Body.uasset" 354
"../../../Engine/Content/EditorMeshes/Camera/SM_CraneRig_Mount.uasset" 355
"../../../Engine/Content/EditorMeshes/Camera/SM_RailRig_Mount.uasset" 356
"../../../Engine/Content/EditorMeshes/Camera/SM_RailRig_Track.uasset" 357
"../../../Engine/Content/EditorResources/BSPVertex.uasset" 358
"../../../Engine/Content/EditorResources/EmptyActor.uasset" 359
"../../../Engine/Content/EditorResources/S_Actor.uasset" 360
"../../../Engine/Content/EditorResources/S_Note.uasset" 361
"../../../Engine/Content/EditorResources/S_Solver.uasset" 362
"../../../Engine/Content/EditorResources/S_Terrain.uasset" 363
"../../../Engine/Content/EditorResources/S_Trigger.uasset" 364
"../../../Engine/Content/EditorResources/LightIcons/S_LightError.uasset" 365
"../../../Engine/Content/EditorResources/SequenceRecorder/Countdown.uasset" 366
"../../../Engine/Content/EditorResources/SequenceRecorder/RecordingIndicator.uasset" 367
"../../../Engine/Content/EngineDamageTypes/DmgTypeBP_Environmental.uasset" 368
"../../../Engine/Content/EngineDebugMaterials/DebugEditorMaterial.uasset" 369
"../../../Engine/Content/EngineDebugMaterials/DebugMeshMaterial.uasset" 370
"../../../Engine/Content/EngineDebugMaterials/M_SimpleUnlitTranslucent.uasset" 371
"../../../Engine/Content/EngineDebugMaterials/VolumeToRender.uasset" 372
"../../../Engine/Content/Functions/Engine_MaterialFunctions02/Utility/CameraDirectionVector.uasset" 373
"../../../Engine/Content/EngineDebugMaterials/M_VolumeRenderSphereTracePP.uasset" 374
"../../../Engine/Content/Functions/Engine_MaterialFunctions01/Shading/ConvertFromDiffSpec.uasset" 375
"../../../Engine/Content/EngineDebugMaterials/VertexColorMaterial.uasset" 376
"../../../Engine/Content/EngineDebugMaterials/WireframeMaterial.uasset" 377
"../../../Engine/Content/EngineFonts/Faces/RobotoRegular.uasset" 378
"../../../Engine/Content/EngineFonts/Faces/RobotoLight.uasset" 379
"../../../Engine/Content/EngineFonts/Faces/RobotoItalic.uasset" 380
"../../../Engine/Content/EngineFonts/Faces/RobotoBoldItalic.uasset" 381
"../../../Engine/Content/EngineFonts/Faces/RobotoBold.uasset" 382
"../../../Engine/Content/EngineFonts/Faces/DroidSansFallback.uasset" 383
"../../../Engine/Content/EngineFonts/Roboto.uasset" 384
"../../../Engine/Content/EngineMaterials/BaseFlattenNormalMap.uasset" 385
"../../../Engine/Content/EngineMaterials/BaseFlattenGrayscaleMap.uasset" 386
"../../../Engine/Content/EngineMaterials/BaseFlattenEmissiveMap.uasset" 387
"../../../Engine/Content/EngineMaterials/BaseFlattenDiffuseMap.uasset" 388
"../../../Engine/Content/EngineMaterials/BaseFlattenMaterial.uasset" 389
"../../../Engine/Content/EngineMaterials/BlueNoise.uasset" 390
"../../../Engine/Content/EngineMaterials/DefaultBloomKernel.uasset" 391
"../../../Engine/Content/EngineMaterials/DefaultBokeh.uasset" 392
"../../../Engine/Content/EngineMaterials/DefaultDiffuse.uasset" 393
"../../../Engine/Content/EngineMaterials/DefaultDeferredDecalMaterial.uasset" 394
"../../../Engine/Content/EngineMaterials/DefaultLightFunctionMaterial.uasset" 395
"../../../Engine/Content/EngineMaterials/DefaultPhysicalMaterial.uasset" 396
"../../../Engine/Content/Functions/Engine_MaterialFunctions02/Utility/BreakOutFloat2Components.uasset" 397
"../../../Engine/Content/EngineMaterials/DefaultPostProcessMaterial.uasset" 398
"../../../Engine/Content/EngineFonts/RobotoDistanceField.uasset" 399
"../../../Engine/Content/EngineMaterials/DefaultTextMaterialOpaque.uasset" 400
"../../../Engine/Content/EngineMaterials/DefaultWhiteGrid.uasset" 401
"../../../Engine/Content/EngineMaterials/DefaultWhiteGrid_Low.uasset" 402
"../../../Engine/Content/EngineMaterials/EmissiveMeshMaterial.uasset" 403
"../../../Engine/Content/EngineMaterials/GizmoMaterial.uasset" 404
"../../../Engine/Content/EngineMaterials/Good64x64TilingNoiseHighFreq.uasset" 405
"../../../Engine/Content/EngineMaterials/MiniFont.uasset" 406
"../../../Engine/Content/EngineMaterials/InvalidLightmapSettings.uasset" 407
"../../../Engine/Content/EngineMaterials/M_InvalidLightmapSettings.uasset" 408
"../../../Engine/Content/Functions/Engine_MaterialFunctions02/WorldPositionOffset/CameraOffset.uasset" 409
"../../../Engine/Content/EngineMaterials/PhAT_JointLimitMaterial.uasset" 410
"../../../Engine/Content/EngineMaterials/PreintegratedSkinBRDF.uasset" 411
"../../../Engine/Content/EngineMaterials/RemoveSurfaceMaterial.uasset" 412
"../../../Engine/Content/EngineMaterials/WeightMapPlaceholderTexture.uasset" 413
"../../../Engine/Content/EngineResources/WhiteSquareTexture.uasset" 414
"../../../Engine/Content/EngineMaterials/Widget3DPassThrough.uasset" 415
"../../../Engine/Content/EngineMaterials/Widget3DPassThrough_Masked.uasset" 416
"../../../Engine/Content/EngineMaterials/Widget3DPassThrough_Opaque.uasset" 417
"../../../Engine/Content/EngineMaterials/Widget3DPassThrough_Masked_OneSided.uasset" 418
"../../../Engine/Content/EngineMaterials/Widget3DPassThrough_Opaque_OneSided.uasset" 419
"../../../Engine/Content/EngineMaterials/Widget3DPassThrough_Translucent.uasset" 420
"../../../Engine/Content/EngineMaterials/Widget3DPassThrough_Translucent_OneSided.uasset" 421
"../../../Engine/Content/EngineMeshes/Cylinder.uasset" 422
"../../../Engine/Content/EngineMeshes/Sphere.uasset" 423
"../../../Engine/Content/EngineResources/Black.uasset" 424
"../../../Engine/Content/EngineResources/DefaultTextureCube.uasset" 425
"../../../Engine/Content/EngineResources/DefaultVolumeTexture2D.uasset" 426
"../../../Engine/Content/EngineResources/DefaultVolumeTexture.uasset" 427
"../../../Engine/Content/EngineResources/GradientTexture0.uasset" 428
"../../../Engine/Content/EngineSky/VolumetricClouds/T_NoiseShape64.uasset" 429
"../../../Engine/Content/EngineSky/VolumetricClouds/T_VolumeNoiseShape64.uasset" 430
"../../../Engine/Content/EngineSky/VolumetricClouds/T_NoiseErosion.uasset" 431
"../../../Engine/Content/EngineSky/VolumetricClouds/T_VolumeNoiseErosion32.uasset" 432
"../../../Engine/Content/EngineSky/VolumetricClouds/CloudWeatherTexture.uasset" 433
"../../../Engine/Content/EngineSky/VolumetricClouds/CloudGradientTexture.uasset" 434
"../../../Engine/Content/Functions/Engine_MaterialFunctions02/Utility/MakeFloat2.uasset" 435
"../../../Engine/Content/EngineSky/VolumetricClouds/m_SimpleVolumetricCloud.uasset" 436
"../../../Engine/Content/EngineSky/VolumetricClouds/m_SimpleVolumetricCloud_Inst.uasset" 437
"../../../Engine/Content/EngineSounds/Master.uasset" 438
"../../../Engine/Content/Functions/Engine_MaterialFunctions01/Shading/PowerToRoughness.uasset" 439
"../../../Engine/Content/Maps/Templates/Thumbnails/Default.uasset" 440
"../../../Engine/Content/Maps/Templates/Thumbnails/TimeOfDay.uasset" 441
"../../../Engine/Content/Maps/Templates/Thumbnails/VR-Basic.uasset" 442
"../../../Engine/Content/MobileResources/T_MobileControls_texture.uasset" 443
"../../../Engine/Content/MobileResources/T_MobileMenu2.uasset" 444
"../../../Engine/Content/MobileResources/HUD/AnalogHat.uasset" 445
"../../../Engine/Content/MobileResources/HUD/VirtualJoystick_Thumb.uasset" 446
"../../../Engine/Content/MobileResources/HUD/VirtualJoystick_Background.uasset" 447
"../../../Engine/Content/MobileResources/HUD/DefaultVirtualJoysticks.uasset" 448
"../../../Engine/Content/MobileResources/HUD/LeftVirtualJoystickOnly.uasset" 449
"../../../Engine/Content/MobileResources/HUD/MobileHUDButton1_off.uasset" 450
"../../../Engine/Content/MobileResources/HUD/MobileHUDButton1_on.uasset" 451
"../../../Engine/Content/MobileResources/HUD/MobileHUDButton2_off.uasset" 452
"../../../Engine/Content/MobileResources/HUD/MobileHUDButton2_on.uasset" 453
"../../../Engine/Content/MobileResources/HUD/MobileHUDButton3.uasset" 454
"../../../Engine/Content/MobileResources/HUD/MobileHUDButtonFire.uasset" 455
"../../../Engine/Content/MobileResources/HUD/MobileHUDDirectionPad.uasset" 456
"../../../Engine/Content/MobileResources/HUD/MobileHUDDirectionPad2.uasset" 457
"../../../Engine/Content/MobileResources/HUD/MobileHUDDirectionPad3.uasset" 458
"../../../Engine/Content/MobileResources/HUD/MobileHUDDirectionStick.uasset" 459
"../../../Engine/Content/MobileResources/HUD/T_Castle_ThumbstickInner.uasset" 460
"../../../Engine/Content/MobileResources/HUD/T_Castle_ThumbstickOutter.uasset" 461
"../../../Engine/Content/Tutorial/ContentIntroCurve.uasset" 462
"../../../Engine/Content/Tutorial/Basics/LevelEditorAttract.uasset" 463
"../../../Engine/Content/VREditor/Devices/Vive/UE4_Logo.uasset" 464
"../../../Engine/Content/VREditor/TransformGizmo/TranslucentTransformGizmoMaterial.uasset" 465
"../../../Engine/Content/VREditor/LaserPointer/VR_LaserPower_01.uasset" 466
"../../../Engine/Content/VREditor/TransformGizmo/TransformGizmoMaterial.uasset" 467
"../../../Engine/Content/VREditor/TransformGizmo/BoundingBoxCorner.uasset" 468
"../../../Engine/Content/VREditor/TransformGizmo/BoundingBoxEdge.uasset" 469
"../../../Engine/Content/VREditor/TransformGizmo/PlaneTranslationHandle.uasset" 470
"../../../Engine/Content/VREditor/TransformGizmo/Xray.uasset" 471
"../../../Engine/Content/VREditor/TransformGizmo/Main.uasset" 472
"../../../Engine/Content/VREditor/TransformGizmo/SM_Sequencer_Key.uasset" 473
"../../../Engine/Content/VREditor/TransformGizmo/SM_Sequencer_Node.uasset" 474
"../../Plugins/2D/Paper2D/Content/PlaceholderTextures/DummySpriteTexture.uasset" 475
"../../Plugins/2D/Paper2D/Content/DummySprite.uasset" 476
"../../Plugins/2D/Paper2D/Content/DefaultPaperTerrainMaterial.uasset" 477
"../../Plugins/2D/Paper2D/Content/DefaultSpriteMaterial.uasset" 478
"../../Plugins/2D/Paper2D/Content/MaskedUnlitSpriteMaterial.uasset" 479
"../../Plugins/2D/Paper2D/Content/OpaqueUnlitSpriteMaterial.uasset" 480
"../../../Engine/Content/BasicShapes/Cylinder.uasset" 481
"../../../Engine/Content/ArtTools/RenderToTexture/Materials/Debug/M_Emissive_Color.uasset" 482
"../../Plugins/Lumin/MagicLeapPassableWorld/Content/MagicLeapARPinInfoActor.uasset" 483
"../../../Engine/Content/Functions/Engine_MaterialFunctions02/ObjectLocalBounds.uasset" 484
"../../../Engine/Content/Functions/Engine_MaterialFunctions02/Utility/BreakOutFloat3Components.uasset" 485
"../../Plugins/Editor/SpeedTreeImporter/Content/SpeedTree9/UnpackInteger3.uasset" 486
"../../Plugins/Editor/SpeedTreeImporter/Content/SpeedTree9/UnpackDirection.uasset" 487
"../../Plugins/Editor/SpeedTreeImporter/Content/SpeedTree9/game_wind_noise.uasset" 488
"../../../Engine/Content/Functions/Engine_MaterialFunctions02/SafeNormalize.uasset" 489
"../../Plugins/Editor/SpeedTreeImporter/Content/SpeedTree9/SpeedTreeWindMotion.uasset" 490
"../../Plugins/Editor/SpeedTreeImporter/Content/SpeedTree9/SpeedTreeBranchMotion.uasset" 491
"../../../Engine/Content/Functions/Engine_MaterialFunctions02/UVs/BoundingBoxBased_0-1_UVW.uasset" 492
"../../Plugins/Editor/SpeedTreeImporter/Content/SpeedTree9/SpeedTreeWind.uasset" 493
"../../Plugins/Editor/SpeedTreeImporter/Content/SpeedTree9/SpeedTreeBillboard.uasset" 494
"../../../Engine/Content/EngineResources/DefaultTexture.uasset" 495
"../../Plugins/Editor/SpeedTreeImporter/Content/SpeedTree9/SpeedTreeBillboardMaster.uasset" 496
"../../Plugins/Editor/SpeedTreeImporter/Content/SpeedTree9/SpeedTreeCameraFacing.uasset" 497
"../../Plugins/Editor/SpeedTreeImporter/Content/SpeedTree9/SpeedTreeMaster.uasset" 498
"../../../Engine/Content/Functions/Engine_MaterialFunctions02/Utility/BreakOutFloat4Components.uasset" 499
"../../../Engine/Content/Functions/Engine_MaterialFunctions02/Utility/MakeFloat3.uasset" 500
"../../Plugins/Runtime/Oculus/OculusVR/Content/Materials/OculusMR_ChromaKey.uasset" 501
"../../Plugins/Runtime/Oculus/OculusVR/Content/Materials/OculusMR_OpaqueColoredMaterial.uasset" 502
"../../Plugins/Runtime/Oculus/OculusVR/Content/Materials/PokeAHoleMaterial.uasset" 503
"../../../Engine/Content/MapTemplates/SM_Template_Map_Floor.uasset" 504
"../../../Engine/Content/EngineSky/T_Sky_Stars.uasset" 505
"../../../Engine/Content/EngineSky/T_Sky_Blue.uasset" 506
"../../../Engine/Content/EngineSky/T_Sky_Clouds_M.uasset" 507
"../../../Engine/Content/EngineSky/M_Sky_Panning_Clouds2.uasset" 508
"../../../Engine/Content/EngineSky/SM_SkySphere.uasset" 509
"../../../Engine/Content/EngineSky/C_Sky_Zenith_Color.uasset" 510
"../../../Engine/Content/EngineSky/C_Sky_Horizon_Color.uasset" 511
"../../../Engine/Content/EngineSky/C_Sky_Cloud_Color.uasset" 512
"../../../Engine/Content/EngineSky/BP_Sky_Sphere.uasset" 513
"../../../../../../Users/c4607/OneDrive/Desktop/TFC_home/TFC/TFC_Project/Content/NewMap.umap" 514
"../../../../../../Users/c4607/OneDrive/Desktop/TFC_home/TFC/TFC_Project/Content/NewMap1.umap" 515
"../../../../../../Users/c4607/OneDrive/Desktop/TFC_home/TFC/TFC_Project/Content/resouerce/sounds/menuBGM.uasset" 516
"../../../../../../Users/c4607/OneDrive/Desktop/TFC_home/TFC/TFC_Project/Content/resouerce/image/tempMapImg.uasset" 517
"../../../../../../Users/c4607/OneDrive/Desktop/TFC_home/TFC/TFC_Project/Content/blueprints/UI/wdg_stageInfo.uasset" 518
"../../../../../../Users/c4607/OneDrive/Desktop/TFC_home/TFC/TFC_Project/Content/blueprints/OnCollections/Upgrades/Suit-upgrades/Suit_Upgrade2_1.uasset" 519
"../../../../../../Users/c4607/OneDrive/Desktop/TFC_home/TFC/TFC_Project/Content/blueprints/OnCollections/Upgrades/Robot-upgrades/Robot_Upgrade2_2.uasset" 520
"../../../../../../Users/c4607/OneDrive/Desktop/TFC_home/TFC/TFC_Project/Content/blueprints/UI/wdg-plrUpgrade.uasset" 521
"../../../../../../Users/c4607/OneDrive/Desktop/TFC_home/TFC/TFC_Project/Content/blueprints/UI/wdg_stagemenu.uasset" 522
"../../../../../../Users/c4607/OneDrive/Desktop/TFC_home/TFC/TFC_Project/Content/blueprints/UI/wdg_optionmenu.uasset" 523
"../../../../../../Users/c4607/OneDrive/Desktop/TFC_home/TFC/TFC_Project/Content/blueprints/UI/wdg_mainmanu.uasset" 524
"../../../../../../Users/c4607/OneDrive/Desktop/TFC_home/TFC/TFC_Project/Content/resouerce/Map/mainmenu_Map.umap" 525
"../../../Engine/Content/BasicShapes/Plane.uasset" 526
"../../../../../../Users/c4607/OneDrive/Desktop/TFC_home/TFC/TFC_Project/Content/blueprints/monster/test/Enemy_for_Test.uasset" 527
"../../../../../../Users/c4607/OneDrive/Desktop/TFC_home/TFC/TFC_Project/Content/resouerce/Map/testing_Map.umap" 528
"../../../../../../Users/c4607/OneDrive/Desktop/TFC_home/TFC/TFC_Project/Content/blueprints/monster/fly_enemy.uasset" 529
"../../../../../../Users/c4607/OneDrive/Desktop/TFC_home/TFC/TFC_Project/Content/resouerce/Map/testing_Map2.umap" 530
"../../../../../../Users/c4607/OneDrive/Desktop/TFC_home/TFC/TFC_Project/Content/SpaceshipInterior/Textures/T_Scifi_Pillar_01_S.uasset" 531
"../../../../../../Users/c4607/OneDrive/Desktop/TFC_home/TFC/TFC_Project/Content/SpaceshipInterior/Textures/scifi_pillar_01_S.uasset" 532
"../../../../../../Users/c4607/OneDrive/Desktop/TFC_home/TFC/TFC_Project/Content/SpaceshipInterior/Textures/T_Scifi_Pillar_01_R.uasset" 533
"../../../../../../Users/c4607/OneDrive/Desktop/TFC_home/TFC/TFC_Project/Content/SpaceshipInterior/Textures/scifi_pillar_01_R.uasset" 534
"../../../../../../Users/c4607/OneDrive/Desktop/TFC_home/TFC/TFC_Project/Content/SpaceshipInterior/Textures/T_Scifi_Pillar_01_AO.uasset" 535
"../../../../../../Users/c4607/OneDrive/Desktop/TFC_home/TFC/TFC_Project/Content/SpaceshipInterior/Textures/scifi_pillar_01_AO.uasset" 536
"../../../../../../Users/c4607/OneDrive/Desktop/TFC_home/TFC/TFC_Project/Content/SpaceshipInterior/Textures/T_Scifi_Pillar_01_BC.uasset" 537
"../../../../../../Users/c4607/OneDrive/Desktop/TFC_home/TFC/TFC_Project/Content/SpaceshipInterior/Textures/scifi_pillar_01_A.uasset" 538
"../../../../../../Users/c4607/OneDrive/Desktop/TFC_home/TFC/TFC_Project/Content/SpaceshipInterior/Textures/T_Scifi_Panel_S.uasset" 539
"../../../../../../Users/c4607/OneDrive/Desktop/TFC_home/TFC/TFC_Project/Content/SpaceshipInterior/Textures/scifi_panel_S.uasset" 540
"../../../../../../Users/c4607/OneDrive/Desktop/TFC_home/TFC/TFC_Project/Content/SpaceshipInterior/Textures/T_Scifi_Panel_R.uasset" 541
"../../../../../../Users/c4607/OneDrive/Desktop/TFC_home/TFC/TFC_Project/Content/SpaceshipInterior/Textures/scifi_panel_R.uasset" 542
"../../../../../../Users/c4607/OneDrive/Desktop/TFC_home/TFC/TFC_Project/Content/SpaceshipInterior/Textures/T_Scifi_Panel_N.uasset" 543
"../../../../../../Users/c4607/OneDrive/Desktop/TFC_home/TFC/TFC_Project/Content/SpaceshipInterior/Textures/scifi_panel_N.uasset" 544
"../../../../../../Users/c4607/OneDrive/Desktop/TFC_home/TFC/TFC_Project/Content/SpaceshipInterior/Textures/T_Scifi_Panel_AO.uasset" 545
"../../../../../../Users/c4607/OneDrive/Desktop/TFC_home/TFC/TFC_Project/Content/SpaceshipInterior/Textures/scifi_panel_AO.uasset" 546
"../../../../../../Users/c4607/OneDrive/Desktop/TFC_home/TFC/TFC_Project/Content/SpaceshipInterior/Textures/T_Scifi_Panel_A.uasset" 547
"../../../../../../Users/c4607/OneDrive/Desktop/TFC_home/TFC/TFC_Project/Content/SpaceshipInterior/Textures/scifi_panel_A.uasset" 548
"../../../../../../Users/c4607/OneDrive/Desktop/TFC_home/TFC/TFC_Project/Content/SpaceshipInterior/Materials/MI_Scifi_Panel.uasset" 549
"../../../../../../Users/c4607/OneDrive/Desktop/TFC_home/TFC/TFC_Project/Content/SpaceshipInterior/Materials/MI_Scifi_Pillar.uasset" 550
"../../../../../../Users/c4607/OneDrive/Desktop/TFC_home/TFC/TFC_Project/Content/SpaceshipInterior/Meshes/SM_Scifi_Window_Arc_02.uasset" 551
"../../../../../../Users/c4607/OneDrive/Desktop/TFC_home/TFC/TFC_Project/Content/SpaceshipInterior/Meshes/SM_Scifi_Window_Arc_01.uasset" 552
"../../../../../../Users/c4607/OneDrive/Desktop/TFC_home/TFC/TFC_Project/Content/SpaceshipInterior/Meshes/SM_Scifi_Wall_Upperdoor.uasset" 553
"../../../../../../Users/c4607/OneDrive/Desktop/TFC_home/TFC/TFC_Project/Content/SpaceshipInterior/Meshes/SM_Scifi_Wall_Trim_6m.uasset" 554
"../../../../../../Users/c4607/OneDrive/Desktop/TFC_home/TFC/TFC_Project/Content/SpaceshipInterior/Meshes/SM_Scifi_Wall_05_Plate.uasset" 555
"../../../../../../Users/c4607/OneDrive/Desktop/TFC_home/TFC/TFC_Project/Content/SpaceshipInterior/Meshes/SM_Scifi_Wall_05_4m.uasset" 556
"../../../../../../Users/c4607/OneDrive/Desktop/TFC_home/TFC/TFC_Project/Content/SpaceshipInterior/Meshes/SM_Scifi_Wall_04_Bend.uasset" 557
"../../../../../../Users/c4607/OneDrive/Desktop/TFC_home/TFC/TFC_Project/Content/SpaceshipInterior/Meshes/SM_Scifi_Wall_04.uasset" 558
"../../../../../../Users/c4607/OneDrive/Desktop/TFC_home/TFC/TFC_Project/Content/SpaceshipInterior/Textures/T_Scifi_Wall_03_S.uasset" 559
"../../../../../../Users/c4607/OneDrive/Desktop/TFC_home/TFC/TFC_Project/Content/SpaceshipInterior/Textures/scifi_wall_03_S.uasset" 560
"../../../../../../Users/c4607/OneDrive/Desktop/TFC_home/TFC/TFC_Project/Content/SpaceshipInterior/Textures/T_Scifi_Wall_03_R.uasset" 561
"../../../../../../Users/c4607/OneDrive/Desktop/TFC_home/TFC/TFC_Project/Content/SpaceshipInterior/Textures/scifi_wall_03_R.uasset" 562
"../../../../../../Users/c4607/OneDrive/Desktop/TFC_home/TFC/TFC_Project/Content/SpaceshipInterior/Textures/T_Scifi_Wall_03_N.uasset" 563
"../../../../../../Users/c4607/OneDrive/Desktop/TFC_home/TFC/TFC_Project/Content/SpaceshipInterior/Textures/scifi_wall_03_N.uasset" 564
"../../../../../../Users/c4607/OneDrive/Desktop/TFC_home/TFC/TFC_Project/Content/SpaceshipInterior/Textures/T_Scifi_Wall_03_AO.uasset" 565
"../../../../../../Users/c4607/OneDrive/Desktop/TFC_home/TFC/TFC_Project/Content/SpaceshipInterior/Textures/scifi_wall_03_AO.uasset" 566
"../../../../../../Users/c4607/OneDrive/Desktop/TFC_home/TFC/TFC_Project/Content/SpaceshipInterior/Textures/T_Scifi_Wall_03_BC.uasset" 567
"../../../../../../Users/c4607/OneDrive/Desktop/TFC_home/TFC/TFC_Project/Content/SpaceshipInterior/Textures/scifi_wall_03_A.uasset" 568
"../../../../../../Users/c4607/OneDrive/Desktop/TFC_home/TFC/TFC_Project/Content/SpaceshipInterior/Materials/MI_Scifi_Wall_03.uasset" 569
"../../../../../../Users/c4607/OneDrive/Desktop/TFC_home/TFC/TFC_Project/Content/SpaceshipInterior/Meshes/SM_Scifi_Wall_03_12m.uasset" 570
"../../../../../../Users/c4607/OneDrive/Desktop/TFC_home/TFC/TFC_Project/Content/SpaceshipInterior/Meshes/SM_Scifi_Wall_02_Lowerbase_Base.uasset" 571
"../../../../../../Users/c4607/OneDrive/Desktop/TFC_home/TFC/TFC_Project/Content/SpaceshipInterior/Meshes/SM_Scifi_Wall_01_Plate.uasset" 572
"../../../../../../Users/c4607/OneDrive/Desktop/TFC_home/TFC/TFC_Project/Content/SpaceshipInterior/Meshes/SM_Scifi_Stairs.uasset" 573
"../../../../../../Users/c4607/OneDrive/Desktop/TFC_home/TFC/TFC_Project/Content/SpaceshipInterior/Meshes/SM_Scifi_Railing_4m.uasset" 574
"../../../../../../Users/c4607/OneDrive/Desktop/TFC_home/TFC/TFC_Project/Content/SpaceshipInterior/Meshes/SM_Scifi_Pipe_02_BendSmal.uasset" 575
"../../../../../../Users/c4607/OneDrive/Desktop/TFC_home/TFC/TFC_Project/Content/SpaceshipInterior/Meshes/SM_Scifi_Pipe_02_Bend.uasset" 576
"../../../../../../Users/c4607/OneDrive/Desktop/TFC_home/TFC/TFC_Project/Content/SpaceshipInterior/Meshes/SM_Scifi_Pipe_02_4m.uasset" 577
"../../../../../../Users/c4607/OneDrive/Desktop/TFC_home/TFC/TFC_Project/Content/SpaceshipInterior/Meshes/SM_Scifi_Pipe_02.uasset" 578
"../../../../../../Users/c4607/OneDrive/Desktop/TFC_home/TFC/TFC_Project/Content/SpaceshipInterior/Meshes/SM_Scifi_Pipe_01_Bend.uasset" 579
"../../../../../../Users/c4607/OneDrive/Desktop/TFC_home/TFC/TFC_Project/Content/SpaceshipInterior/Meshes/SM_Scifi_Pipe_01_8m.uasset" 580
"../../../../../../Users/c4607/OneDrive/Desktop/TFC_home/TFC/TFC_Project/Content/SpaceshipInterior/Meshes/SM_Scifi_Pipe_01_5m.uasset" 581
"../../../../../../Users/c4607/OneDrive/Desktop/TFC_home/TFC/TFC_Project/Content/SpaceshipInterior/Meshes/SM_Scifi_Pillar_01_Topbeam.uasset" 582
"../../../../../../Users/c4607/OneDrive/Desktop/TFC_home/TFC/TFC_Project/Content/SpaceshipInterior/Meshes/SM_Scifi_Pillar_01.uasset" 583
"../../../../../../Users/c4607/OneDrive/Desktop/TFC_home/TFC/TFC_Project/Content/SpaceshipInterior/Textures/T_Scifi_Panel_02_S.uasset" 584
"../../../../../../Users/c4607/OneDrive/Desktop/TFC_home/TFC/TFC_Project/Content/SpaceshipInterior/Textures/scifi_panel2_S.uasset" 585
"../../../../../../Users/c4607/OneDrive/Desktop/TFC_home/TFC/TFC_Project/Content/SpaceshipInterior/Textures/T_Scifi_Panel_02_R.uasset" 586
"../../../../../../Users/c4607/OneDrive/Desktop/TFC_home/TFC/TFC_Project/Content/SpaceshipInterior/Textures/scifi_panel2_R.uasset" 587
"../../../../../../Users/c4607/OneDrive/Desktop/TFC_home/TFC/TFC_Project/Content/SpaceshipInterior/Textures/T_Scifi_Panel_02_N.uasset" 588
"../../../../../../Users/c4607/OneDrive/Desktop/TFC_home/TFC/TFC_Project/Content/SpaceshipInterior/Textures/scifi_panel2_N.uasset" 589
"../../../../../../Users/c4607/OneDrive/Desktop/TFC_home/TFC/TFC_Project/Content/SpaceshipInterior/Textures/T_Scifi_Panel_02_AO.uasset" 590
"../../../../../../Users/c4607/OneDrive/Desktop/TFC_home/TFC/TFC_Project/Content/SpaceshipInterior/Textures/scifi_panel2_AO.uasset" 591
"../../../../../../Users/c4607/OneDrive/Desktop/TFC_home/TFC/TFC_Project/Content/SpaceshipInterior/Textures/T_Scifi_Panel_02_BC.uasset" 592
"../../../../../../Users/c4607/OneDrive/Desktop/TFC_home/TFC/TFC_Project/Content/SpaceshipInterior/Textures/scifi_panel2_A.uasset" 593
"../../../../../../Users/c4607/OneDrive/Desktop/TFC_home/TFC/TFC_Project/Content/SpaceshipInterior/Materials/MI_Scifi_panel_02.uasset" 594
"../../../../../../Users/c4607/OneDrive/Desktop/TFC_home/TFC/TFC_Project/Content/SpaceshipInterior/Meshes/SM_Scifi_Panel_02.uasset" 595
"../../../../../../Users/c4607/OneDrive/Desktop/TFC_home/TFC/TFC_Project/Content/SpaceshipInterior/Meshes/SM_Scifi_Panel_01.uasset" 596
"../../../../../../Users/c4607/OneDrive/Desktop/TFC_home/TFC/TFC_Project/Content/SpaceshipInterior/Textures/T_Scifi_Net_S.uasset" 597
"../../../../../../Users/c4607/OneDrive/Desktop/TFC_home/TFC/TFC_Project/Content/SpaceshipInterior/Textures/scifi_net_S.uasset" 598
"../../../../../../Users/c4607/OneDrive/Desktop/TFC_home/TFC/TFC_Project/Content/SpaceshipInterior/Textures/T_Scifi_Net_R.uasset" 599
"../../../../../../Users/c4607/OneDrive/Desktop/TFC_home/TFC/TFC_Project/Content/SpaceshipInterior/Textures/scifi_net_R.uasset" 600
"../../../../../../Users/c4607/OneDrive/Desktop/TFC_home/TFC/TFC_Project/Content/SpaceshipInterior/Textures/T_Scifi_Net_N.uasset" 601
"../../../../../../Users/c4607/OneDrive/Desktop/TFC_home/TFC/TFC_Project/Content/SpaceshipInterior/Textures/scifi_net_N.uasset" 602
"../../../../../../Users/c4607/OneDrive/Desktop/TFC_home/TFC/TFC_Project/Content/SpaceshipInterior/Textures/T_Scifi_Net_AO.uasset" 603
"../../../../../../Users/c4607/OneDrive/Desktop/TFC_home/TFC/TFC_Project/Content/SpaceshipInterior/Textures/scifi_net_AO.uasset" 604
"../../../../../../Users/c4607/OneDrive/Desktop/TFC_home/TFC/TFC_Project/Content/SpaceshipInterior/Textures/T_Scifi_Net_M.uasset" 605
"../../../../../../Users/c4607/OneDrive/Desktop/TFC_home/TFC/TFC_Project/Content/SpaceshipInterior/Textures/scifi_net_alpha.uasset" 606
"../../../../../../Users/c4607/OneDrive/Desktop/TFC_home/TFC/TFC_Project/Content/SpaceshipInterior/Textures/T_Scifi_Net_BC.uasset" 607
"../../../../../../Users/c4607/OneDrive/Desktop/TFC_home/TFC/TFC_Project/Content/SpaceshipInterior/Textures/scifi_net_A.uasset" 608
"../../../../../../Users/c4607/OneDrive/Desktop/TFC_home/TFC/TFC_Project/Content/SpaceshipInterior/Materials/MI_Scifi_Net.uasset" 609
"../../../../../../Users/c4607/OneDrive/Desktop/TFC_home/TFC/TFC_Project/Content/SpaceshipInterior/Meshes/SM_Scifi_Net.uasset" 610
"../../../../../../Users/c4607/OneDrive/Desktop/TFC_home/TFC/TFC_Project/Content/SpaceshipInterior/Meshes/SM_Scifi_Hangingrope.uasset" 611
"../../../../../../Users/c4607/OneDrive/Desktop/TFC_home/TFC/TFC_Project/Content/SpaceshipInterior/Textures/T_Scifi_Floor_01_S.uasset" 612
"../../../../../../Users/c4607/OneDrive/Desktop/TFC_home/TFC/TFC_Project/Content/SpaceshipInterior/Textures/scifi_floor_01_S.uasset" 613
"../../../../../../Users/c4607/OneDrive/Desktop/TFC_home/TFC/TFC_Project/Content/SpaceshipInterior/Textures/T_Scifi_Floor_01_R.uasset" 614
"../../../../../../Users/c4607/OneDrive/Desktop/TFC_home/TFC/TFC_Project/Content/SpaceshipInterior/Textures/scifi_floor_01_R.uasset" 615
"../../../../../../Users/c4607/OneDrive/Desktop/TFC_home/TFC/TFC_Project/Content/SpaceshipInterior/Textures/T_Scifi_Floor_01_N.uasset" 616
"../../../../../../Users/c4607/OneDrive/Desktop/TFC_home/TFC/TFC_Project/Content/SpaceshipInterior/Textures/scifi_floor_01_N.uasset" 617
"../../../../../../Users/c4607/OneDrive/Desktop/TFC_home/TFC/TFC_Project/Content/SpaceshipInterior/Textures/T_Scifi_Floor_01_AO.uasset" 618
"../../../../../../Users/c4607/OneDrive/Desktop/TFC_home/TFC/TFC_Project/Content/SpaceshipInterior/Textures/scifi_floor_01_AO.uasset" 619
"../../../../../../Users/c4607/OneDrive/Desktop/TFC_home/TFC/TFC_Project/Content/SpaceshipInterior/Textures/T_Scifi_Floor_01_BC.uasset" 620
"../../../../../../Users/c4607/OneDrive/Desktop/TFC_home/TFC/TFC_Project/Content/SpaceshipInterior/Textures/scifi_floor_01_A.uasset" 621
"../../../../../../Users/c4607/OneDrive/Desktop/TFC_home/TFC/TFC_Project/Content/SpaceshipInterior/Materials/MI_Scifi_Floor_01.uasset" 622
"../../../../../../Users/c4607/OneDrive/Desktop/TFC_home/TFC/TFC_Project/Content/SpaceshipInterior/Meshes/SM_Scifi_Hangar_Floor.uasset" 623
"../../../../../../Users/c4607/OneDrive/Desktop/TFC_home/TFC/TFC_Project/Content/SpaceshipInterior/Meshes/SM_Scifi_Floor_Halfcut.uasset" 624
"../../../../../../Users/c4607/OneDrive/Desktop/TFC_home/TFC/TFC_Project/Content/SpaceshipInterior/Meshes/SM_Scifi_Floor_04_Base.uasset" 625
"../../../../../../Users/c4607/OneDrive/Desktop/TFC_home/TFC/TFC_Project/Content/SpaceshipInterior/Meshes/SM_Scifi_Floor_03.uasset" 626
"../../../../../../Users/c4607/OneDrive/Desktop/TFC_home/TFC/TFC_Project/Content/SpaceshipInterior/Meshes/SM_Scifi_Floor_02_Half.uasset" 627
"../../../../../../Users/c4607/OneDrive/Desktop/TFC_home/TFC/TFC_Project/Content/SpaceshipInterior/Meshes/SM_Scifi_Floor_02.uasset" 628
"../../../../../../Users/c4607/OneDrive/Desktop/TFC_home/TFC/TFC_Project/Content/SpaceshipInterior/Meshes/SM_Scifi_Fence_02_Frame.uasset" 629
"../../../../../../Users/c4607/OneDrive/Desktop/TFC_home/TFC/TFC_Project/Content/SpaceshipInterior/Textures/T_Scifi_Fence_S.uasset" 630
"../../../../../../Users/c4607/OneDrive/Desktop/TFC_home/TFC/TFC_Project/Content/SpaceshipInterior/Textures/scifi_fence_S.uasset" 631
"../../../../../../Users/c4607/OneDrive/Desktop/TFC_home/TFC/TFC_Project/Content/SpaceshipInterior/Textures/T_Scifi_Fence_R.uasset" 632
"../../../../../../Users/c4607/OneDrive/Desktop/TFC_home/TFC/TFC_Project/Content/SpaceshipInterior/Textures/scifi_fence_R.uasset" 633
"../../../../../../Users/c4607/OneDrive/Desktop/TFC_home/TFC/TFC_Project/Content/SpaceshipInterior/Textures/T_Scifi_Fence_M.uasset" 634
"../../../../../../Users/c4607/OneDrive/Desktop/TFC_home/TFC/TFC_Project/Content/SpaceshipInterior/Textures/scifi_fence_O.uasset" 635
"../../../../../../Users/c4607/OneDrive/Desktop/TFC_home/TFC/TFC_Project/Content/SpaceshipInterior/Textures/T_Scifi_Fence_N.uasset" 636
"../../../../../../Users/c4607/OneDrive/Desktop/TFC_home/TFC/TFC_Project/Content/SpaceshipInterior/Textures/scifi_fence_N.uasset" 637
"../../../../../../Users/c4607/OneDrive/Desktop/TFC_home/TFC/TFC_Project/Content/SpaceshipInterior/Textures/T_Scifi_Fence_AO.uasset" 638
"../../../../../../Users/c4607/OneDrive/Desktop/TFC_home/TFC/TFC_Project/Content/SpaceshipInterior/Textures/scifi_fence_AO.uasset" 639
"../../../../../../Users/c4607/OneDrive/Desktop/TFC_home/TFC/TFC_Project/Content/SpaceshipInterior/Textures/T_Scifi_Fence_BC.uasset" 640
"../../../../../../Users/c4607/OneDrive/Desktop/TFC_home/TFC/TFC_Project/Content/SpaceshipInterior/Textures/scifi_fence_A.uasset" 641
"../../../../../../Users/c4607/OneDrive/Desktop/TFC_home/TFC/TFC_Project/Content/SpaceshipInterior/Materials/MI_Scifi_Fence_01.uasset" 642
"../../../../../../Users/c4607/OneDrive/Desktop/TFC_home/TFC/TFC_Project/Content/SpaceshipInterior/Meshes/SM_Scifi_Fence_02.uasset" 643
"../../../../../../Users/c4607/OneDrive/Desktop/TFC_home/TFC/TFC_Project/Content/SpaceshipInterior/Textures/T_Scifi_Door_02_S.uasset" 644
"../../../../../../Users/c4607/OneDrive/Desktop/TFC_home/TFC/TFC_Project/Content/SpaceshipInterior/Textures/scifi_door_02_S.uasset" 645
"../../../../../../Users/c4607/OneDrive/Desktop/TFC_home/TFC/TFC_Project/Content/SpaceshipInterior/Textures/T_Scifi_Door_02_R.uasset" 646
"../../../../../../Users/c4607/OneDrive/Desktop/TFC_home/TFC/TFC_Project/Content/SpaceshipInterior/Textures/scifi_door_02_R.uasset" 647
"../../../../../../Users/c4607/OneDrive/Desktop/TFC_home/TFC/TFC_Project/Content/SpaceshipInterior/Textures/T_Scifi_Door_02_N.uasset" 648
"../../../../../../Users/c4607/OneDrive/Desktop/TFC_home/TFC/TFC_Project/Content/SpaceshipInterior/Textures/scifi_door_02_N.uasset" 649
"../../../../../../Users/c4607/OneDrive/Desktop/TFC_home/TFC/TFC_Project/Content/SpaceshipInterior/Textures/T_Scifi_Door_02_AO.uasset" 650
"../../../../../../Users/c4607/OneDrive/Desktop/TFC_home/TFC/TFC_Project/Content/SpaceshipInterior/Textures/scifi_door_02_AO.uasset" 651
"../../../../../../Users/c4607/OneDrive/Desktop/TFC_home/TFC/TFC_Project/Content/SpaceshipInterior/Textures/T_Scifi_Door_02_BC.uasset" 652
"../../../../../../Users/c4607/OneDrive/Desktop/TFC_home/TFC/TFC_Project/Content/SpaceshipInterior/Textures/scifi_door_02_A.uasset" 653
"../../../../../../Users/c4607/OneDrive/Desktop/TFC_home/TFC/TFC_Project/Content/SpaceshipInterior/Materials/MI_Scifi_Door_02.uasset" 654
"../../../../../../Users/c4607/OneDrive/Desktop/TFC_home/TFC/TFC_Project/Content/SpaceshipInterior/Meshes/SM_Scifi_Door_02_Frame.uasset" 655
"../../../../../../Users/c4607/OneDrive/Desktop/TFC_home/TFC/TFC_Project/Content/SpaceshipInterior/Meshes/SM_Scifi_Door_02.uasset" 656
"../../../../../../Users/c4607/OneDrive/Desktop/TFC_home/TFC/TFC_Project/Content/SpaceshipInterior/Meshes/SM_Scifi_Door_01.uasset" 657
"../../../../../../Users/c4607/OneDrive/Desktop/TFC_home/TFC/TFC_Project/Content/SpaceshipInterior/Materials/scifi_door_01_Mat.uasset" 658
"../../../../../../Users/c4607/OneDrive/Desktop/TFC_home/TFC/TFC_Project/Content/SpaceshipInterior/Textures/T_Scifi_Crate_S.uasset" 659
"../../../../../../Users/c4607/OneDrive/Desktop/TFC_home/TFC/TFC_Project/Content/SpaceshipInterior/Textures/scifi_crate_S.uasset" 660
"../../../../../../Users/c4607/OneDrive/Desktop/TFC_home/TFC/TFC_Project/Content/SpaceshipInterior/Textures/T_Scifi_Crate_R.uasset" 661
"../../../../../../Users/c4607/OneDrive/Desktop/TFC_home/TFC/TFC_Project/Content/SpaceshipInterior/Textures/scifi_crate_R.uasset" 662
"../../../../../../Users/c4607/OneDrive/Desktop/TFC_home/TFC/TFC_Project/Content/SpaceshipInterior/Textures/T_Scifi_Crate_N.uasset" 663
"../../../../../../Users/c4607/OneDrive/Desktop/TFC_home/TFC/TFC_Project/Content/SpaceshipInterior/Textures/scifi_crate_N.uasset" 664
"../../../../../../Users/c4607/OneDrive/Desktop/TFC_home/TFC/TFC_Project/Content/SpaceshipInterior/Textures/T_Scifi_Crate_AO.uasset" 665
"../../../../../../Users/c4607/OneDrive/Desktop/TFC_home/TFC/TFC_Project/Content/SpaceshipInterior/Textures/scifi_crate_AO.uasset" 666
"../../../../../../Users/c4607/OneDrive/Desktop/TFC_home/TFC/TFC_Project/Content/SpaceshipInterior/Textures/T_Scifi_Crate_BC.uasset" 667
"../../../../../../Users/c4607/OneDrive/Desktop/TFC_home/TFC/TFC_Project/Content/SpaceshipInterior/Textures/scifi_crate_A.uasset" 668
"../../../../../../Users/c4607/OneDrive/Desktop/TFC_home/TFC/TFC_Project/Content/SpaceshipInterior/Materials/MI_Scifi_Crate.uasset" 669
"../../../../../../Users/c4607/OneDrive/Desktop/TFC_home/TFC/TFC_Project/Content/SpaceshipInterior/Meshes/SM_Scifi_Crate.uasset" 670
"../../../../../../Users/c4607/OneDrive/Desktop/TFC_home/TFC/TFC_Project/Content/SpaceshipInterior/Textures/T_Scifi_Chair_S.uasset" 671
"../../../../../../Users/c4607/OneDrive/Desktop/TFC_home/TFC/TFC_Project/Content/SpaceshipInterior/Textures/scifi_chair_S.uasset" 672
"../../../../../../Users/c4607/OneDrive/Desktop/TFC_home/TFC/TFC_Project/Content/SpaceshipInterior/Textures/T_Scifi_Chair_R.uasset" 673
"../../../../../../Users/c4607/OneDrive/Desktop/TFC_home/TFC/TFC_Project/Content/SpaceshipInterior/Textures/scifi_chair_R.uasset" 674
"../../../../../../Users/c4607/OneDrive/Desktop/TFC_home/TFC/TFC_Project/Content/SpaceshipInterior/Textures/T_Scifi_Chair_N.uasset" 675
"../../../../../../Users/c4607/OneDrive/Desktop/TFC_home/TFC/TFC_Project/Content/SpaceshipInterior/Textures/scifi_chair_N.uasset" 676
"../../../../../../Users/c4607/OneDrive/Desktop/TFC_home/TFC/TFC_Project/Content/SpaceshipInterior/Textures/T_Scifi_Chair_AO.uasset" 677
"../../../../../../Users/c4607/OneDrive/Desktop/TFC_home/TFC/TFC_Project/Content/SpaceshipInterior/Textures/scifi_chair_AO.uasset" 678
"../../../../../../Users/c4607/OneDrive/Desktop/TFC_home/TFC/TFC_Project/Content/SpaceshipInterior/Textures/T_Scifi_Chair_BC.uasset" 679
"../../../../../../Users/c4607/OneDrive/Desktop/TFC_home/TFC/TFC_Project/Content/SpaceshipInterior/Textures/scifi_chair_A.uasset" 680
"../../../../../../Users/c4607/OneDrive/Desktop/TFC_home/TFC/TFC_Project/Content/SpaceshipInterior/Materials/MI_Scifi_chair.uasset" 681
"../../../../../../Users/c4607/OneDrive/Desktop/TFC_home/TFC/TFC_Project/Content/SpaceshipInterior/Meshes/SM_Scifi_Chair.uasset" 682
"../../../../../../Users/c4607/OneDrive/Desktop/TFC_home/TFC/TFC_Project/Content/SpaceshipInterior/Meshes/SM_Scifi_Cable_02.uasset" 683
"../../../../../../Users/c4607/OneDrive/Desktop/TFC_home/TFC/TFC_Project/Content/SpaceshipInterior/Meshes/SM_Scifi_Cable_01.uasset" 684
"../../../../../../Users/c4607/OneDrive/Desktop/TFC_home/TFC/TFC_Project/Content/SpaceshipInterior/Textures/T_Scifi_Bag_AO.uasset" 685
"../../../../../../Users/c4607/OneDrive/Desktop/TFC_home/TFC/TFC_Project/Content/SpaceshipInterior/Textures/scifi_bag_AO.uasset" 686
"../../../../../../Users/c4607/OneDrive/Desktop/TFC_home/TFC/TFC_Project/Content/SpaceshipInterior/Textures/T_Scifi_Bag_BC.uasset" 687
"../../../../../../Users/c4607/OneDrive/Desktop/TFC_home/TFC/TFC_Project/Content/SpaceshipInterior/Textures/scifi_bag_A.uasset" 688
"../../../../../../Users/c4607/OneDrive/Desktop/TFC_home/TFC/TFC_Project/Content/SpaceshipInterior/Textures/T_Scifi_Bag_S.uasset" 689
"../../../../../../Users/c4607/OneDrive/Desktop/TFC_home/TFC/TFC_Project/Content/SpaceshipInterior/Textures/scifi_bag_S.uasset" 690
"../../../../../../Users/c4607/OneDrive/Desktop/TFC_home/TFC/TFC_Project/Content/SpaceshipInterior/Textures/T_Scifi_Bag_R.uasset" 691
"../../../../../../Users/c4607/OneDrive/Desktop/TFC_home/TFC/TFC_Project/Content/SpaceshipInterior/Textures/scifi_bag_R.uasset" 692
"../../../../../../Users/c4607/OneDrive/Desktop/TFC_home/TFC/TFC_Project/Content/SpaceshipInterior/Textures/T_Scifi_Bag_N.uasset" 693
"../../../../../../Users/c4607/OneDrive/Desktop/TFC_home/TFC/TFC_Project/Content/SpaceshipInterior/Textures/scifi_bag_N.uasset" 694
"../../../../../../Users/c4607/OneDrive/Desktop/TFC_home/TFC/TFC_Project/Content/SpaceshipInterior/Materials/MI_Scifi_Bag_01.uasset" 695
"../../../../../../Users/c4607/OneDrive/Desktop/TFC_home/TFC/TFC_Project/Content/SpaceshipInterior/Meshes/SM_Scifi_Bag.uasset" 696
"../../../../../../Users/c4607/OneDrive/Desktop/TFC_home/TFC/TFC_Project/Content/SpaceshipInterior/Meshes/SM_Scifi_Fence_01.uasset" 697
"../../../../../../Users/c4607/OneDrive/Desktop/TFC_home/TFC/TFC_Project/Content/SpaceshipInterior/Maps/Demonstration_BuiltData.uasset" 698
"../../../../../../Users/c4607/OneDrive/Desktop/TFC_home/TFC/TFC_Project/Content/SpaceshipInterior/Textures/T_Scifi_Lamp_S.uasset" 699
"../../../../../../Users/c4607/OneDrive/Desktop/TFC_home/TFC/TFC_Project/Content/SpaceshipInterior/Textures/scifi_lamp_S.uasset" 700
"../../../../../../Users/c4607/OneDrive/Desktop/TFC_home/TFC/TFC_Project/Content/SpaceshipInterior/Textures/T_Scifi_Lamp_R.uasset" 701
"../../../../../../Users/c4607/OneDrive/Desktop/TFC_home/TFC/TFC_Project/Content/SpaceshipInterior/Textures/scifi_lamp_R.uasset" 702
"../../../../../../Users/c4607/OneDrive/Desktop/TFC_home/TFC/TFC_Project/Content/SpaceshipInterior/Textures/T_Scifi_Lamp_N.uasset" 703
"../../../../../../Users/c4607/OneDrive/Desktop/TFC_home/TFC/TFC_Project/Content/SpaceshipInterior/Textures/scifi_lamp_N.uasset" 704
"../../../../../../Users/c4607/OneDrive/Desktop/TFC_home/TFC/TFC_Project/Content/SpaceshipInterior/Textures/T_Scifi_Lamp_AO.uasset" 705
"../../../../../../Users/c4607/OneDrive/Desktop/TFC_home/TFC/TFC_Project/Content/SpaceshipInterior/Textures/scifi_lamp_AO.uasset" 706
"../../../../../../Users/c4607/OneDrive/Desktop/TFC_home/TFC/TFC_Project/Content/SpaceshipInterior/Textures/T_Scifi_Lamp_BC.uasset" 707
"../../../../../../Users/c4607/OneDrive/Desktop/TFC_home/TFC/TFC_Project/Content/SpaceshipInterior/Textures/scifi_lamp_A.uasset" 708
"../../../../../../Users/c4607/OneDrive/Desktop/TFC_home/TFC/TFC_Project/Content/SpaceshipInterior/Materials/MI_Scifi_Lamp.uasset" 709
"../../../../../../Users/c4607/OneDrive/Desktop/TFC_home/TFC/TFC_Project/Content/SpaceshipInterior/Materials/M_Scifi_Glow.uasset" 710
"../../../../../../Users/c4607/OneDrive/Desktop/TFC_home/TFC/TFC_Project/Content/SpaceshipInterior/Meshes/SM_Scifi_Lamp.uasset" 711
"../../../../../../Users/c4607/OneDrive/Desktop/TFC_home/TFC/TFC_Project/Content/SpaceshipInterior/Maps/Demonstration.umap" 712
"../../../../../../Users/c4607/OneDrive/Desktop/TFC_home/TFC/TFC_Project/Content/SpaceshipInterior/Meshes/SM_Scifi_Wall_Trim_OuterCorner_02.uasset" 713
"../../../../../../Users/c4607/OneDrive/Desktop/TFC_home/TFC/TFC_Project/Content/SpaceshipInterior/Meshes/SM_Scifi_Wall_Trim_OuterCorner_01.uasset" 714
"../../../../../../Users/c4607/OneDrive/Desktop/TFC_home/TFC/TFC_Project/Content/SpaceshipInterior/Meshes/SM_Scifi_Wall_Trim_InnerCorner_02.uasset" 715
"../../../../../../Users/c4607/OneDrive/Desktop/TFC_home/TFC/TFC_Project/Content/SpaceshipInterior/Meshes/SM_Scifi_Wall_Trim_InnerCorner_01.uasset" 716
"../../../../../../Users/c4607/OneDrive/Desktop/TFC_home/TFC/TFC_Project/Content/SpaceshipInterior/Meshes/SM_Scifi_Wall_Trim_4m.uasset" 717
"../../../../../../Users/c4607/OneDrive/Desktop/TFC_home/TFC/TFC_Project/Content/SpaceshipInterior/Meshes/SM_Scifi_Wall_05_Plate8m.uasset" 718
"../../../../../../Users/c4607/OneDrive/Desktop/TFC_home/TFC/TFC_Project/Content/SpaceshipInterior/Meshes/SM_Scifi_Wall_05_Plate4m.uasset" 719
"../../../../../../Users/c4607/OneDrive/Desktop/TFC_home/TFC/TFC_Project/Content/SpaceshipInterior/Meshes/SM_Scifi_Wall_05_OuterCorner_02.uasset" 720
"../../../../../../Users/c4607/OneDrive/Desktop/TFC_home/TFC/TFC_Project/Content/SpaceshipInterior/Meshes/SM_Scifi_Wall_05_OuterCorner_01.uasset" 721
"../../../../../../Users/c4607/OneDrive/Desktop/TFC_home/TFC/TFC_Project/Content/SpaceshipInterior/Meshes/SM_Scifi_Wall_05_MainCorner_04.uasset" 722
"../../../../../../Users/c4607/OneDrive/Desktop/TFC_home/TFC/TFC_Project/Content/SpaceshipInterior/Meshes/SM_Scifi_Wall_05_MainCorner_03.uasset" 723
"../../../../../../Users/c4607/OneDrive/Desktop/TFC_home/TFC/TFC_Project/Content/SpaceshipInterior/Meshes/SM_Scifi_Wall_05_MainCorner_02.uasset" 724
"../../../../../../Users/c4607/OneDrive/Desktop/TFC_home/TFC/TFC_Project/Content/SpaceshipInterior/Meshes/SM_Scifi_Wall_05_MainCorner_01.uasset" 725
"../../../../../../Users/c4607/OneDrive/Desktop/TFC_home/TFC/TFC_Project/Content/SpaceshipInterior/Meshes/SM_Scifi_Wall_05_InnerCorner_02.uasset" 726
"../../../../../../Users/c4607/OneDrive/Desktop/TFC_home/TFC/TFC_Project/Content/SpaceshipInterior/Meshes/SM_Scifi_Wall_05_InnerCorner_01.uasset" 727
"../../../../../../Users/c4607/OneDrive/Desktop/TFC_home/TFC/TFC_Project/Content/SpaceshipInterior/Meshes/SM_Scifi_Wall_05_8m.uasset" 728
"../../../../../../Users/c4607/OneDrive/Desktop/TFC_home/TFC/TFC_Project/Content/SpaceshipInterior/Meshes/SM_Scifi_Wall_03_OuterCorner.uasset" 729
"../../../../../../Users/c4607/OneDrive/Desktop/TFC_home/TFC/TFC_Project/Content/SpaceshipInterior/Meshes/SM_Scifi_Wall_03_InnerCorner.uasset" 730
"../../../../../../Users/c4607/OneDrive/Desktop/TFC_home/TFC/TFC_Project/Content/SpaceshipInterior/Meshes/SM_Scifi_Wall_03_8m.uasset" 731
"../../../../../../Users/c4607/OneDrive/Desktop/TFC_home/TFC/TFC_Project/Content/SpaceshipInterior/Meshes/SM_Scifi_Wall_03_4m.uasset" 732
"../../../../../../Users/c4607/OneDrive/Desktop/TFC_home/TFC/TFC_Project/Content/SpaceshipInterior/Meshes/SM_Scifi_Wall_02_Lowerbase_OuterCorner_02.uasset" 733
"../../../../../../Users/c4607/OneDrive/Desktop/TFC_home/TFC/TFC_Project/Content/SpaceshipInterior/Meshes/SM_Scifi_Wall_02_Lowerbase_OuterCorner_01.uasset" 734
"../../../../../../Users/c4607/OneDrive/Desktop/TFC_home/TFC/TFC_Project/Content/SpaceshipInterior/Meshes/SM_Scifi_Wall_02_Lowerbase_InnerCorner_03.uasset" 735
"../../../../../../Users/c4607/OneDrive/Desktop/TFC_home/TFC/TFC_Project/Content/SpaceshipInterior/Meshes/SM_Scifi_Wall_02_Lowerbase_InnerCorner_02.uasset" 736
"../../../../../../Users/c4607/OneDrive/Desktop/TFC_home/TFC/TFC_Project/Content/SpaceshipInterior/Meshes/SM_Scifi_Wall_02_Lowerbase_InnerCorner_01.uasset" 737
"../../../../../../Users/c4607/OneDrive/Desktop/TFC_home/TFC/TFC_Project/Content/SpaceshipInterior/Meshes/SM_Scifi_Wall_02_Lowerbase_8m.uasset" 738
"../../../../../../Users/c4607/OneDrive/Desktop/TFC_home/TFC/TFC_Project/Content/SpaceshipInterior/Meshes/SM_Scifi_Wall_01_OuterCorner_02.uasset" 739
"../../../../../../Users/c4607/OneDrive/Desktop/TFC_home/TFC/TFC_Project/Content/SpaceshipInterior/Meshes/SM_Scifi_Wall_01_OuterCorner_01.uasset" 740
"../../../../../../Users/c4607/OneDrive/Desktop/TFC_home/TFC/TFC_Project/Content/SpaceshipInterior/Meshes/SM_Scifi_Wall_01_InnerCorner_02.uasset" 741
"../../../../../../Users/c4607/OneDrive/Desktop/TFC_home/TFC/TFC_Project/Content/SpaceshipInterior/Meshes/SM_Scifi_Wall_01_innerCorner_01.uasset" 742
"../../../../../../Users/c4607/OneDrive/Desktop/TFC_home/TFC/TFC_Project/Content/SpaceshipInterior/Meshes/SM_Scifi_Wall_01_8m.uasset" 743
"../../../../../../Users/c4607/OneDrive/Desktop/TFC_home/TFC/TFC_Project/Content/SpaceshipInterior/Meshes/SM_Scifi_Wall_01_4m.uasset" 744
"../../../../../../Users/c4607/OneDrive/Desktop/TFC_home/TFC/TFC_Project/Content/SpaceshipInterior/Meshes/SM_Scifi_Railing_CornerBend.uasset" 745
"../../../../../../Users/c4607/OneDrive/Desktop/TFC_home/TFC/TFC_Project/Content/SpaceshipInterior/Meshes/SM_Scifi_Railing_Corner.uasset" 746
"../../../../../../Users/c4607/OneDrive/Desktop/TFC_home/TFC/TFC_Project/Content/SpaceshipInterior/Meshes/SM_Scifi_Railing_8m.uasset" 747
"../../../../../../Users/c4607/OneDrive/Desktop/TFC_home/TFC/TFC_Project/Content/SpaceshipInterior/Meshes/SM_Scifi_Pipe_02_8m.uasset" 748
"../../../../../../Users/c4607/OneDrive/Desktop/TFC_home/TFC/TFC_Project/Content/SpaceshipInterior/Meshes/SM_Scifi_Pipe_01_BendSmall.uasset" 749
"../../../../../../Users/c4607/OneDrive/Desktop/TFC_home/TFC/TFC_Project/Content/SpaceshipInterior/Meshes/SM_Scifi_Pipe_01_4m.uasset" 750
"../../../../../../Users/c4607/OneDrive/Desktop/TFC_home/TFC/TFC_Project/Content/SpaceshipInterior/Meshes/SM_Scifi_Pillar_01_OuterCorner.uasset" 751
"../../../../../../Users/c4607/OneDrive/Desktop/TFC_home/TFC/TFC_Project/Content/SpaceshipInterior/Meshes/SM_Scifi_Pillar_01_InnerCorner.uasset" 752
"../../../../../../Users/c4607/OneDrive/Desktop/TFC_home/TFC/TFC_Project/Content/SpaceshipInterior/Meshes/SM_Scifi_Pillar_01_Base.uasset" 753
"../../../../../../Users/c4607/OneDrive/Desktop/TFC_home/TFC/TFC_Project/Content/SpaceshipInterior/Meshes/SM_Scifi_Pillar_01_6m.uasset" 754
"../../../../../../Users/c4607/OneDrive/Desktop/TFC_home/TFC/TFC_Project/Content/SpaceshipInterior/Meshes/SM_Scifi_Pillar_01_12m_HalfArch.uasset" 755
"../../../../../../Users/c4607/OneDrive/Desktop/TFC_home/TFC/TFC_Project/Content/SpaceshipInterior/Meshes/SM_Scifi_Pillar_01_12m.uasset" 756
"../../../../../../Users/c4607/OneDrive/Desktop/TFC_home/TFC/TFC_Project/Content/SpaceshipInterior/Meshes/SM_Scifi_Floor_04.uasset" 757
"../../../../../../Users/c4607/OneDrive/Desktop/TFC_home/TFC/TFC_Project/Content/SpaceshipInterior/Meshes/SM_Scifi_Floor_03_4x2m.uasset" 758
"../../../../../../Users/c4607/OneDrive/Desktop/TFC_home/TFC/TFC_Project/Content/SpaceshipInterior/Meshes/SM_Scifi_Floor_03_4m.uasset" 759
"../../../../../../Users/c4607/OneDrive/Desktop/TFC_home/TFC/TFC_Project/Content/SpaceshipInterior/Meshes/SM_Scifi_Floor_02_8x4m.uasset" 760
"../../../../../../Users/c4607/OneDrive/Desktop/TFC_home/TFC/TFC_Project/Content/SpaceshipInterior/Meshes/SM_Scifi_Floor_02_8m.uasset" 761
"../../../../../../Users/c4607/OneDrive/Desktop/TFC_home/TFC/TFC_Project/Content/SpaceshipInterior/Meshes/SM_Scifi_Floor_01_Platea.uasset" 762
"../../../../../../Users/c4607/OneDrive/Desktop/TFC_home/TFC/TFC_Project/Content/SpaceshipInterior/Meshes/SM_Scifi_Fence_01_Frame.uasset" 763
"../../../../../../Users/c4607/OneDrive/Desktop/TFC_home/TFC/TFC_Project/Content/SpaceshipInterior/Meshes/SM_Scifi_Door_01_Frame.uasset" 764
"../../../../../../Users/c4607/OneDrive/Desktop/TFC_home/TFC/TFC_Project/Content/SpaceshipInterior/Meshes/SM_Scifi_Door_01_FloorSupport.uasset" 765
"../../../../../../Users/c4607/OneDrive/Desktop/TFC_home/TFC/TFC_Project/Content/SpaceshipInterior/Meshes/SM_Scifi_Door_01_Door.uasset" 766
"../../../../../../Users/c4607/OneDrive/Desktop/TFC_home/TFC/TFC_Project/Content/SpaceshipInterior/Meshes/SM_Scifi_Floor_01_Plateb.uasset" 767
"../../../../../../Users/c4607/OneDrive/Desktop/TFC_home/TFC/TFC_Project/Content/SpaceshipInterior/Maps/Overview_BuiltData.uasset" 768
"../../../../../../Users/c4607/OneDrive/Desktop/TFC_home/TFC/TFC_Project/Content/SpaceshipInterior/Maps/Overview.umap" 769
"../../../../../../Users/c4607/OneDrive/Desktop/TFC_home/TFC/TFC_Project/Content/resouerce/temp/StarterContent/Materials/transparent.uasset" 770
"../../../../../../Users/c4607/OneDrive/Desktop/TFC_home/TFC/TFC_Project/Content/resouerce/mesh/SM_Scifi_Floor_02_8m.uasset" 771
"../../../../../../Users/c4607/OneDrive/Desktop/TFC_home/TFC/TFC_Project/Content/resouerce/mesh/SM_Scifi_ceiling_03_8m.uasset" 772
"../../../../../../Users/c4607/OneDrive/Desktop/TFC_home/TFC/TFC_Project/Content/resouerce/mesh/lamp.uasset" 773
"../../../../../../Users/c4607/OneDrive/Desktop/TFC_home/TFC/TFC_Project/Content/resouerce/material/full_black.uasset" 774
"../../../../../../Users/c4607/OneDrive/Desktop/TFC_home/TFC/TFC_Project/Content/resouerce/mesh/broken_lamp.uasset" 775
"../../../../../../Users/c4607/OneDrive/Desktop/TFC_home/TFC/TFC_Project/Content/resouerce/mesh/blinking_lamp.uasset" 776
"../../../../../../Users/c4607/OneDrive/Desktop/TFC_home/TFC/TFC_Project/Content/resouerce/Map/stage_1.umap" 777
"../../../Engine/Content/Maps/Entry_BuiltData.uasset" 778
"../../../Engine/Content/Maps/Entry.umap" 779
