Log file open, 01/24/23 14:40:40
LogWindows: Failed to load 'aqProf.dll' (GetLastError=126)
LogWindows: File 'aqProf.dll' does not exist
LogWindows: Failed to load 'VtuneApi.dll' (GetLastError=126)
LogWindows: File 'VtuneApi.dll' does not exist
LogWindows: Failed to load 'VtuneApi32e.dll' (GetLastError=126)
LogWindows: File 'VtuneApi32e.dll' does not exist
LogConsoleResponse: Display: Failed to find resolution value strings in scalability ini. Falling back to default.
LogInit: Display: Running engine for game: TFC_Project
LogPlatformFile: Not using cached read wrapper
LogTaskGraph: Started task graph with 5 named threads and 35 total threads with 3 sets of task threads.
LogStats: Stats thread started at 0.079602
LogD3D11RHI: Loaded GFSDK_Aftermath_Lib.x64.dll
LogICUInternationalization: ICU TimeZone Detection - Raw Offset: +9:00, Platform Override: ''
LogPluginManager: Mounting plugin Paper2D
LogPluginManager: Mounting plugin AISupport
LogPluginManager: Mounting plugin LightPropagationVolume
LogPluginManager: Mounting plugin ActorLayerUtilities
LogPluginManager: Mounting plugin AnimationSharing
LogPluginManager: Mounting plugin CLionSourceCodeAccess
LogPluginManager: Mounting plugin CodeLiteSourceCodeAccess
LogPluginManager: Mounting plugin GitSourceControl
LogPluginManager: Mounting plugin KDevelopSourceCodeAccess
LogPluginManager: Mounting plugin NullSourceCodeAccess
LogPluginManager: Mounting plugin PerforceSourceControl
LogPluginManager: Mounting plugin PlasticSourceControl
LogPluginManager: Mounting plugin SubversionSourceControl
LogPluginManager: Mounting plugin UObjectPlugin
LogPluginManager: Mounting plugin VisualStudioCodeSourceCodeAccess
LogPluginManager: Mounting plugin VisualStudioSourceCodeAccess
LogPluginManager: Mounting plugin XCodeSourceCodeAccess
LogPluginManager: Mounting plugin AssetManagerEditor
LogPluginManager: Mounting plugin CryptoKeys
LogPluginManager: Mounting plugin CurveEditorTools
LogPluginManager: Mounting plugin DataValidation
LogPluginManager: Mounting plugin FacialAnimation
LogPluginManager: Mounting plugin GameplayTagsEditor
LogPluginManager: Mounting plugin MacGraphicsSwitching
LogPluginManager: Mounting plugin MaterialAnalyzer
LogPluginManager: Mounting plugin MobileLauncherProfileWizard
LogPluginManager: Mounting plugin PluginBrowser
LogPluginManager: Mounting plugin SpeedTreeImporter
LogPluginManager: Mounting plugin DatasmithContent
LogPluginManager: Mounting plugin VariantManagerContent
LogPluginManager: Mounting plugin AlembicImporter
LogPluginManager: Mounting plugin AutomationUtils
LogPluginManager: Mounting plugin BackChannel
LogPluginManager: Mounting plugin CharacterAI
LogPluginManager: Mounting plugin GeometryCache
LogPluginManager: Mounting plugin PlatformCrypto
LogPluginManager: Mounting plugin ProxyLODPlugin
LogPluginManager: Mounting plugin SkeletalReduction
LogPluginManager: Mounting plugin MagicLeap
LogPluginManager: Mounting plugin MagicLeapMedia
LogPluginManager: Mounting plugin MLSDK
LogPluginManager: Mounting plugin LowEntryExtStdLib
LogPluginManager: Mounting plugin AndroidMedia
LogPluginManager: Mounting plugin AvfMedia
LogPluginManager: Mounting plugin ImgMedia
LogPluginManager: Mounting plugin MediaCompositing
LogPluginManager: Mounting plugin MediaPlayerEditor
LogPluginManager: Mounting plugin WebMMedia
LogPluginManager: Mounting plugin WmfMedia
LogPluginManager: Mounting plugin TcpMessaging
LogPluginManager: Mounting plugin UdpMessaging
LogPluginManager: Mounting plugin ActorSequence
LogPluginManager: Mounting plugin LevelSequenceEditor
LogPluginManager: Mounting plugin MatineeToLevelSequence
LogPluginManager: Mounting plugin NetcodeUnitTest
LogPluginManager: Mounting plugin NUTUnrealEngine4
LogPluginManager: Mounting plugin OnlineSubsystemGooglePlay
LogPluginManager: Mounting plugin OnlineSubsystemIOS
LogPluginManager: Mounting plugin OnlineSubsystem
LogPluginManager: Mounting plugin OnlineSubsystemNull
LogPluginManager: Mounting plugin OnlineSubsystemUtils
LogPluginManager: Mounting plugin LauncherChunkInstaller
LogPluginManager: Mounting plugin AndroidDeviceProfileSelector
LogPluginManager: Mounting plugin AndroidMoviePlayer
LogPluginManager: Mounting plugin AndroidPermission
LogPluginManager: Mounting plugin AppleImageUtils
LogPluginManager: Mounting plugin AppleMoviePlayer
LogPluginManager: Mounting plugin ArchVisCharacter
LogPluginManager: Mounting plugin AssetTags
LogPluginManager: Mounting plugin AudioCapture
LogPluginManager: Mounting plugin CableComponent
LogPluginManager: Mounting plugin CustomMeshComponent
LogPluginManager: Mounting plugin EditableMesh
LogPluginManager: Mounting plugin ExampleDeviceProfileSelector
LogPluginManager: Mounting plugin GoogleCloudMessaging
LogPluginManager: Mounting plugin IOSDeviceProfileSelector
LogPluginManager: Mounting plugin LinuxDeviceProfileSelector
LogPluginManager: Mounting plugin LocationServicesBPLibrary
LogPluginManager: Mounting plugin MobilePatchingUtils
LogPluginManager: Mounting plugin OculusVR
LogPluginManager: Mounting plugin PhysXVehicles
LogPluginManager: Mounting plugin PostSplashScreen
LogPluginManager: Mounting plugin ProceduralMeshComponent
LogPluginManager: Mounting plugin RuntimePhysXCooking
LogPluginManager: Mounting plugin SignificanceManager
LogPluginManager: Mounting plugin SteamVR
LogPluginManager: Mounting plugin WebMMoviePlayer
LogPluginManager: Mounting plugin WindowsMoviePlayer
LogPluginManager: Mounting plugin ScreenshotTools
LogInit: Using libcurl 7.55.1-DEV
LogInit:  - built for x86_64-pc-win32
LogInit:  - supports SSL with OpenSSL/1.1.1
LogInit:  - supports HTTP deflate (compression) using libz 1.2.8
LogInit:  - other features:
LogInit:      CURL_VERSION_SSL
LogInit:      CURL_VERSION_LIBZ
LogInit:      CURL_VERSION_IPV6
LogInit:      CURL_VERSION_ASYNCHDNS
LogInit:      CURL_VERSION_LARGEFILE
LogInit:      CURL_VERSION_IDN
LogInit:  CurlRequestOptions (configurable via config and command line):
LogInit:  - bVerifyPeer = true  - Libcurl will verify peer certificate
LogInit:  - bUseHttpProxy = false  - Libcurl will NOT use HTTP proxy
LogInit:  - bDontReuseConnections = false  - Libcurl will reuse connections
LogInit:  - MaxHostConnections = 16  - Libcurl will limit the number of connections to a host
LogInit:  - LocalHostAddr = Default
LogInit:  - BufferSize = 65536
LogOnline: OSS: Creating online subsystem instance for: NULL
LogInit: WinSock: version 1.1 (2.2), MaxSocks=32767, MaxUdp=65467
LogOnline: OSS: TryLoadSubsystemAndSetDefault: Loaded subsystem for module [NULL]
LogInit: Build: ++UE4+Release-4.24-CL-11590370
LogInit: Engine Version: 4.24.3-11590370+++UE4+Release-4.24
LogInit: Compatible Engine Version: 4.24.0-10570792+++UE4+Release-4.24
LogInit: Net CL: 10570792
LogInit: OS: Windows 10 (Release 2009) (), CPU: Intel(R) Core(TM) i7-10750H CPU @ 2.60GHz, GPU: Intel(R) UHD Graphics
LogInit: Compiled (64-bit): Feb 24 2020 15:39:18
LogInit: Compiled with Visual C++: 19.16.27032.01
LogInit: Build Configuration: Development
LogInit: Branch Name: ++UE4+Release-4.24
LogInit: Command Line: 
LogInit: Base Directory: C:/Program Files/Epic Games/UE_4.24/Engine/Binaries/Win64/
LogInit: Installed Engine Build: 1
LogDevObjectVersion: Number of dev versions registered: 25
LogDevObjectVersion:   Dev-Blueprints (B0D832E4-1F89-4F0D-ACCF-7EB736FD4AA2): 10
LogDevObjectVersion:   Dev-Build (E1C64328-A22C-4D53-A36C-8E866417BD8C): 0
LogDevObjectVersion:   Dev-Core (375EC13C-06E4-48FB-B500-84F0262A717E): 3
LogDevObjectVersion:   Dev-Editor (E4B068ED-F494-42E9-A231-DA0B2E46BB41): 37
LogDevObjectVersion:   Dev-Framework (CFFC743F-43B0-4480-9391-14DF171D2073): 36
LogDevObjectVersion:   Dev-Mobile (B02B49B5-BB20-44E9-A304-32B752E40360): 2
LogDevObjectVersion:   Dev-Networking (A4E4105C-59A1-49B5-A7C5-40C4547EDFEE): 0
LogDevObjectVersion:   Dev-Online (39C831C9-5AE6-47DC-9A44-9C173E1C8E7C): 0
LogDevObjectVersion:   Dev-Physics (78F01B33-EBEA-4F98-B9B4-84EACCB95AA2): 2
LogDevObjectVersion:   Dev-Platform (6631380F-2D4D-43E0-8009-CF276956A95A): 0
LogDevObjectVersion:   Dev-Rendering (12F88B9F-8875-4AFC-A67C-D90C383ABD29): 36
LogDevObjectVersion:   Dev-Sequencer (7B5AE74C-D270-4C10-A958-57980B212A5A): 11
LogDevObjectVersion:   Dev-VR (D7296918-1DD6-4BDD-9DE2-64A83CC13884): 2
LogDevObjectVersion:   Dev-LoadTimes (C2A15278-BFE7-4AFE-6C17-90FF531DF755): 1
LogDevObjectVersion:   Private-Geometry (6EACA3D4-40EC-4CC1-B786-8BED09428FC5): 3
LogDevObjectVersion:   Dev-AnimPhys (29E575DD-E0A3-4627-9D10-D276232CDCEA): 17
LogDevObjectVersion:   Dev-Anim (AF43A65D-7FD3-4947-9873-3E8ED9C1BB05): 2
LogDevObjectVersion:   Dev-ReflectionCapture (6B266CEC-1EC7-4B8F-A30B-E4D90942FC07): 1
LogDevObjectVersion:   Dev-Automation (0DF73D61-A23F-47EA-B727-89E90C41499A): 1
LogDevObjectVersion:   FortniteMain (601D1886-AC64-4F84-AA16-D3DE0DEAC7D6): 31
LogDevObjectVersion:   Dev-Enterprise (9DFFBCD6-494F-0158-E221-12823C92A888): 8
LogDevObjectVersion:   Dev-Niagara (F2AED0AC-9AFE-416F-8664-AA7FFA26D6FC): 1
LogDevObjectVersion:   Dev-Destruction (174F1F0B-B4C6-45A5-B13F-2EE8D0FB917D): 9
LogDevObjectVersion:   Dev-Physics-Ext (35F94A83-E258-406C-A318-09F59610247C): 8
LogDevObjectVersion:   Dev-CineCamera (B2E18506-4273-CFC2-A54E-F4BB758BBA07): 1
LogInit: Presizing for max 25165824 objects, including 0 objects not considered by GC, pre-allocating 0 bytes for permanent pool.
LogInit: Object subsystem initialized
LogConfig: Setting CVar [[con.DebugEarlyDefault:1]]
LogConfig: Setting CVar [[r.setres:1280x720]]
[2023.01.24-05.40.41:323][  0]LogConfig: Setting CVar [[r.VSync:0]]
[2023.01.24-05.40.41:323][  0]LogConfig: Setting CVar [[r.RHICmdBypass:0]]
[2023.01.24-05.40.41:323][  0]LogConfig: Applying CVar settings from Section [/Script/Engine.RendererSettings] File [C:/Users/chash/Documents/GitHub/TFC/TFC_Project/Saved/Config/Windows/Engine.ini]
[2023.01.24-05.40.41:323][  0]LogConfig: Setting CVar [[r.GPUCrashDebugging:0]]
[2023.01.24-05.40.41:323][  0]LogConfig: Applying CVar settings from Section [/Script/Engine.RendererOverrideSettings] File [C:/Users/chash/Documents/GitHub/TFC/TFC_Project/Saved/Config/Windows/Engine.ini]
[2023.01.24-05.40.41:323][  0]LogConfig: Applying CVar settings from Section [/Script/Engine.StreamingSettings] File [C:/Users/chash/Documents/GitHub/TFC/TFC_Project/Saved/Config/Windows/Engine.ini]
[2023.01.24-05.40.41:323][  0]LogConfig: Setting CVar [[s.MinBulkDataSizeForAsyncLoading:131072]]
[2023.01.24-05.40.41:323][  0]LogConfig: Setting CVar [[s.AsyncLoadingThreadEnabled:0]]
[2023.01.24-05.40.41:323][  0]LogConfig: Setting CVar [[s.EventDrivenLoaderEnabled:1]]
[2023.01.24-05.40.41:323][  0]LogConfig: Setting CVar [[s.WarnIfTimeLimitExceeded:0]]
[2023.01.24-05.40.41:323][  0]LogConfig: Setting CVar [[s.TimeLimitExceededMultiplier:1.5]]
[2023.01.24-05.40.41:323][  0]LogConfig: Setting CVar [[s.TimeLimitExceededMinTime:0.005]]
[2023.01.24-05.40.41:323][  0]LogConfig: Setting CVar [[s.UseBackgroundLevelStreaming:1]]
[2023.01.24-05.40.41:323][  0]LogConfig: Setting CVar [[s.PriorityAsyncLoadingExtraTime:15.0]]
[2023.01.24-05.40.41:323][  0]LogConfig: Setting CVar [[s.LevelStreamingActorsUpdateTimeLimit:5.0]]
[2023.01.24-05.40.41:323][  0]LogConfig: Setting CVar [[s.PriorityLevelStreamingActorsUpdateExtraTime:5.0]]
[2023.01.24-05.40.41:323][  0]LogConfig: Setting CVar [[s.LevelStreamingComponentsRegistrationGranularity:10]]
[2023.01.24-05.40.41:323][  0]LogConfig: Setting CVar [[s.UnregisterComponentsTimeLimit:1.0]]
[2023.01.24-05.40.41:323][  0]LogConfig: Setting CVar [[s.LevelStreamingComponentsUnregistrationGranularity:5]]
[2023.01.24-05.40.41:323][  0]LogConfig: Setting CVar [[s.FlushStreamingOnExit:1]]
[2023.01.24-05.40.41:323][  0]LogConfig: Applying CVar settings from Section [/Script/Engine.GarbageCollectionSettings] File [C:/Users/chash/Documents/GitHub/TFC/TFC_Project/Saved/Config/Windows/Engine.ini]
[2023.01.24-05.40.41:323][  0]LogConfig: Setting CVar [[gc.MaxObjectsNotConsideredByGC:1]]
[2023.01.24-05.40.41:323][  0]LogConfig: Setting CVar [[gc.SizeOfPermanentObjectPool:0]]
[2023.01.24-05.40.41:323][  0]LogConfig: Setting CVar [[gc.FlushStreamingOnGC:0]]
[2023.01.24-05.40.41:323][  0]LogConfig: Setting CVar [[gc.NumRetriesBeforeForcingGC:10]]
[2023.01.24-05.40.41:323][  0]LogConfig: Setting CVar [[gc.AllowParallelGC:1]]
[2023.01.24-05.40.41:323][  0]LogConfig: Setting CVar [[gc.TimeBetweenPurgingPendingKillObjects:61.1]]
[2023.01.24-05.40.41:323][  0]LogConfig: Setting CVar [[gc.MaxObjectsInEditor:25165824]]
[2023.01.24-05.40.41:323][  0]LogConfig: Setting CVar [[gc.IncrementalBeginDestroyEnabled:1]]
[2023.01.24-05.40.41:323][  0]LogConfig: Setting CVar [[gc.CreateGCClusters:1]]
[2023.01.24-05.40.41:323][  0]LogConfig: Setting CVar [[gc.MinGCClusterSize:5]]
[2023.01.24-05.40.41:323][  0]LogConfig: Setting CVar [[gc.ActorClusteringEnabled:0]]
[2023.01.24-05.40.41:323][  0]LogConfig: Setting CVar [[gc.BlueprintClusteringEnabled:0]]
[2023.01.24-05.40.41:323][  0]LogConfig: Setting CVar [[gc.UseDisregardForGCOnDedicatedServers:0]]
[2023.01.24-05.40.41:323][  0]LogConfig: Applying CVar settings from Section [/Script/Engine.NetworkSettings] File [C:/Users/chash/Documents/GitHub/TFC/TFC_Project/Saved/Config/Windows/Engine.ini]
[2023.01.24-05.40.41:323][  0]LogConfig: Applying CVar settings from Section [/Script/UnrealEd.CookerSettings] File [C:/Users/chash/Documents/GitHub/TFC/TFC_Project/Saved/Config/Windows/Engine.ini]
[2023.01.24-05.40.41:327][  0]LogConfig: Applying CVar settings from Section [ViewDistanceQuality@3] File [C:/Users/chash/Documents/GitHub/TFC/TFC_Project/Saved/Config/Windows/Scalability.ini]
[2023.01.24-05.40.41:327][  0]LogConfig: Setting CVar [[r.SkeletalMeshLODBias:0]]
[2023.01.24-05.40.41:327][  0]LogConfig: Setting CVar [[r.ViewDistanceScale:1.0]]
[2023.01.24-05.40.41:327][  0]LogConfig: Applying CVar settings from Section [AntiAliasingQuality@3] File [C:/Users/chash/Documents/GitHub/TFC/TFC_Project/Saved/Config/Windows/Scalability.ini]
[2023.01.24-05.40.41:327][  0]LogConfig: Setting CVar [[r.PostProcessAAQuality:4]]
[2023.01.24-05.40.41:327][  0]LogConfig: Applying CVar settings from Section [ShadowQuality@3] File [C:/Users/chash/Documents/GitHub/TFC/TFC_Project/Saved/Config/Windows/Scalability.ini]
[2023.01.24-05.40.41:327][  0]LogConfig: Setting CVar [[r.LightFunctionQuality:1]]
[2023.01.24-05.40.41:327][  0]LogConfig: Setting CVar [[r.ShadowQuality:5]]
[2023.01.24-05.40.41:327][  0]LogConfig: Setting CVar [[r.Shadow.CSM.MaxCascades:10]]
[2023.01.24-05.40.41:327][  0]LogConfig: Setting CVar [[r.Shadow.MaxResolution:2048]]
[2023.01.24-05.40.41:327][  0]LogConfig: Setting CVar [[r.Shadow.MaxCSMResolution:2048]]
[2023.01.24-05.40.41:328][  0]LogConfig: Setting CVar [[r.Shadow.RadiusThreshold:0.01]]
[2023.01.24-05.40.41:328][  0]LogConfig: Setting CVar [[r.Shadow.DistanceScale:1.0]]
[2023.01.24-05.40.41:328][  0]LogConfig: Setting CVar [[r.Shadow.CSM.TransitionScale:1.0]]
[2023.01.24-05.40.41:328][  0]LogConfig: Setting CVar [[r.Shadow.PreShadowResolutionFactor:1.0]]
[2023.01.24-05.40.41:328][  0]LogConfig: Setting CVar [[r.DistanceFieldShadowing:1]]
[2023.01.24-05.40.41:328][  0]LogConfig: Setting CVar [[r.DistanceFieldAO:1]]
[2023.01.24-05.40.41:328][  0]LogConfig: Setting CVar [[r.AOQuality:2]]
[2023.01.24-05.40.41:328][  0]LogConfig: Setting CVar [[r.VolumetricFog:1]]
[2023.01.24-05.40.41:328][  0]LogConfig: Setting CVar [[r.VolumetricFog.GridPixelSize:8]]
[2023.01.24-05.40.41:328][  0]LogConfig: Setting CVar [[r.VolumetricFog.GridSizeZ:128]]
[2023.01.24-05.40.41:328][  0]LogConfig: Setting CVar [[r.VolumetricFog.HistoryMissSupersampleCount:4]]
[2023.01.24-05.40.41:328][  0]LogConfig: Setting CVar [[r.LightMaxDrawDistanceScale:1]]
[2023.01.24-05.40.41:328][  0]LogConfig: Setting CVar [[r.CapsuleShadows:1]]
[2023.01.24-05.40.41:328][  0]LogConfig: Applying CVar settings from Section [PostProcessQuality@3] File [C:/Users/chash/Documents/GitHub/TFC/TFC_Project/Saved/Config/Windows/Scalability.ini]
[2023.01.24-05.40.41:328][  0]LogConfig: Setting CVar [[r.MotionBlurQuality:4]]
[2023.01.24-05.40.41:328][  0]LogConfig: Setting CVar [[r.AmbientOcclusionMipLevelFactor:0.4]]
[2023.01.24-05.40.41:328][  0]LogConfig: Setting CVar [[r.AmbientOcclusionMaxQuality:100]]
[2023.01.24-05.40.41:328][  0]LogConfig: Setting CVar [[r.AmbientOcclusionLevels:-1]]
[2023.01.24-05.40.41:328][  0]LogConfig: Setting CVar [[r.AmbientOcclusionRadiusScale:1.0]]
[2023.01.24-05.40.41:328][  0]LogConfig: Setting CVar [[r.DepthOfFieldQuality:2]]
[2023.01.24-05.40.41:328][  0]LogConfig: Setting CVar [[r.RenderTargetPoolMin:400]]
[2023.01.24-05.40.41:328][  0]LogConfig: Setting CVar [[r.LensFlareQuality:2]]
[2023.01.24-05.40.41:328][  0]LogConfig: Setting CVar [[r.SceneColorFringeQuality:1]]
[2023.01.24-05.40.41:328][  0]LogConfig: Setting CVar [[r.EyeAdaptationQuality:2]]
[2023.01.24-05.40.41:328][  0]LogConfig: Setting CVar [[r.BloomQuality:5]]
[2023.01.24-05.40.41:328][  0]LogConfig: Setting CVar [[r.FastBlurThreshold:100]]
[2023.01.24-05.40.41:328][  0]LogConfig: Setting CVar [[r.Upscale.Quality:3]]
[2023.01.24-05.40.41:328][  0]LogConfig: Setting CVar [[r.Tonemapper.GrainQuantization:1]]
[2023.01.24-05.40.41:328][  0]LogConfig: Setting CVar [[r.LightShaftQuality:1]]
[2023.01.24-05.40.41:328][  0]LogConfig: Setting CVar [[r.Filter.SizeScale:1]]
[2023.01.24-05.40.41:328][  0]LogConfig: Setting CVar [[r.Tonemapper.Quality:5]]
[2023.01.24-05.40.41:328][  0]LogConfig: Setting CVar [[r.DOF.Gather.AccumulatorQuality:1        ; higher gathering accumulator quality]]
[2023.01.24-05.40.41:328][  0]LogConfig: Setting CVar [[r.DOF.Gather.PostfilterMethod:1          ; Median3x3 postfilering method]]
[2023.01.24-05.40.41:328][  0]LogConfig: Setting CVar [[r.DOF.Gather.EnableBokehSettings:0       ; no bokeh simulation when gathering]]
[2023.01.24-05.40.41:328][  0]LogConfig: Setting CVar [[r.DOF.Gather.RingCount:4                 ; medium number of samples when gathering]]
[2023.01.24-05.40.41:328][  0]LogConfig: Setting CVar [[r.DOF.Scatter.ForegroundCompositing:1    ; additive foreground scattering]]
[2023.01.24-05.40.41:328][  0]LogConfig: Setting CVar [[r.DOF.Scatter.BackgroundCompositing:2    ; additive background scattering]]
[2023.01.24-05.40.41:328][  0]LogConfig: Setting CVar [[r.DOF.Scatter.EnableBokehSettings:1      ; bokeh simulation when scattering]]
[2023.01.24-05.40.41:328][  0]LogConfig: Setting CVar [[r.DOF.Scatter.MaxSpriteRatio:0.1         ; only a maximum of 10% of scattered bokeh]]
[2023.01.24-05.40.41:328][  0]LogConfig: Setting CVar [[r.DOF.Recombine.Quality:1                ; cheap slight out of focus]]
[2023.01.24-05.40.41:328][  0]LogConfig: Setting CVar [[r.DOF.Recombine.EnableBokehSettings:0    ; no bokeh simulation on slight out of focus]]
[2023.01.24-05.40.41:328][  0]LogConfig: Setting CVar [[r.DOF.TemporalAAQuality:1                ; more stable temporal accumulation]]
[2023.01.24-05.40.41:328][  0]LogConfig: Setting CVar [[r.DOF.Kernel.MaxForegroundRadius:0.025]]
[2023.01.24-05.40.41:328][  0]LogConfig: Setting CVar [[r.DOF.Kernel.MaxBackgroundRadius:0.025]]
[2023.01.24-05.40.41:328][  0]LogConfig: Applying CVar settings from Section [TextureQuality@3] File [C:/Users/chash/Documents/GitHub/TFC/TFC_Project/Saved/Config/Windows/Scalability.ini]
[2023.01.24-05.40.41:328][  0]LogConfig: Setting CVar [[r.Streaming.MipBias:0]]
[2023.01.24-05.40.41:328][  0]LogConfig: Setting CVar [[r.Streaming.AmortizeCPUToGPUCopy:0]]
[2023.01.24-05.40.41:328][  0]LogConfig: Setting CVar [[r.Streaming.MaxNumTexturesToStreamPerFrame:0]]
[2023.01.24-05.40.41:328][  0]LogConfig: Setting CVar [[r.Streaming.Boost:1]]
[2023.01.24-05.40.41:328][  0]LogConfig: Setting CVar [[r.MaxAnisotropy:8]]
[2023.01.24-05.40.41:328][  0]LogConfig: Setting CVar [[r.VT.MaxAnisotropy:8]]
[2023.01.24-05.40.41:328][  0]LogConfig: Setting CVar [[r.Streaming.LimitPoolSizeToVRAM:0]]
[2023.01.24-05.40.41:328][  0]LogConfig: Setting CVar [[r.Streaming.PoolSize:1000]]
[2023.01.24-05.40.41:328][  0]LogConfig: Setting CVar [[r.Streaming.MaxEffectiveScreenSize:0]]
[2023.01.24-05.40.41:328][  0]LogConfig: Applying CVar settings from Section [EffectsQuality@3] File [C:/Users/chash/Documents/GitHub/TFC/TFC_Project/Saved/Config/Windows/Scalability.ini]
[2023.01.24-05.40.41:328][  0]LogConfig: Setting CVar [[r.TranslucencyLightingVolumeDim:64]]
[2023.01.24-05.40.41:328][  0]LogConfig: Setting CVar [[r.RefractionQuality:2]]
[2023.01.24-05.40.41:328][  0]LogConfig: Setting CVar [[r.SSR.Quality:3]]
[2023.01.24-05.40.41:328][  0]LogConfig: Setting CVar [[r.SSR.HalfResSceneColor:0]]
[2023.01.24-05.40.41:328][  0]LogConfig: Setting CVar [[r.SceneColorFormat:4]]
[2023.01.24-05.40.41:328][  0]LogConfig: Setting CVar [[r.DetailMode:2]]
[2023.01.24-05.40.41:328][  0]LogConfig: Setting CVar [[r.TranslucencyVolumeBlur:1]]
[2023.01.24-05.40.41:328][  0]LogConfig: Setting CVar [[r.MaterialQualityLevel:1 ; High quality]]
[2023.01.24-05.40.41:328][  0]LogConfig: Setting CVar [[r.SSS.Scale:1]]
[2023.01.24-05.40.41:328][  0]LogConfig: Setting CVar [[r.SSS.SampleSet:2]]
[2023.01.24-05.40.41:328][  0]LogConfig: Setting CVar [[r.SSS.Quality:1]]
[2023.01.24-05.40.41:328][  0]LogConfig: Setting CVar [[r.SSS.HalfRes:1]]
[2023.01.24-05.40.41:328][  0]LogConfig: Setting CVar [[r.SSGI.Quality:3]]
[2023.01.24-05.40.41:328][  0]LogConfig: Setting CVar [[r.EmitterSpawnRateScale:1.0]]
[2023.01.24-05.40.41:328][  0]LogConfig: Setting CVar [[r.ParticleLightQuality:2]]
[2023.01.24-05.40.41:328][  0]LogConfig: Setting CVar [[r.SkyAtmosphere.AerialPerspectiveLUT.FastApplyOnOpaque:1 ; Always have FastSkyLUT 1 in this case to avoid wrong sky]]
[2023.01.24-05.40.41:328][  0]LogConfig: Setting CVar [[r.SkyAtmosphere.AerialPerspectiveLUT.SampleCountPerSlice:1]]
[2023.01.24-05.40.41:328][  0]LogConfig: Setting CVar [[r.SkyAtmosphere.AerialPerspectiveLUT.DepthResolution:16.0]]
[2023.01.24-05.40.41:328][  0]LogConfig: Setting CVar [[r.SkyAtmosphere.FastSkyLUT:1]]
[2023.01.24-05.40.41:328][  0]LogConfig: Setting CVar [[r.SkyAtmosphere.FastSkyLUT.SampleCountMin:4.0]]
[2023.01.24-05.40.41:328][  0]LogConfig: Setting CVar [[r.SkyAtmosphere.FastSkyLUT.SampleCountMax:32.0]]
[2023.01.24-05.40.41:328][  0]LogConfig: Setting CVar [[r.SkyAtmosphere.SampleCountMin:4.0]]
[2023.01.24-05.40.41:328][  0]LogConfig: Setting CVar [[r.SkyAtmosphere.SampleCountMax:32.0]]
[2023.01.24-05.40.41:328][  0]LogConfig: Setting CVar [[r.SkyAtmosphere.TransmittanceLUT.UseSmallFormat:0]]
[2023.01.24-05.40.41:328][  0]LogConfig: Setting CVar [[r.SkyAtmosphere.TransmittanceLUT.SampleCount:10.0]]
[2023.01.24-05.40.41:328][  0]LogConfig: Setting CVar [[r.SkyAtmosphere.MultiScatteringLUT.SampleCount:15.0]]
[2023.01.24-05.40.41:328][  0]LogConfig: Applying CVar settings from Section [FoliageQuality@3] File [C:/Users/chash/Documents/GitHub/TFC/TFC_Project/Saved/Config/Windows/Scalability.ini]
[2023.01.24-05.40.41:328][  0]LogConfig: Setting CVar [[foliage.DensityScale:1.0]]
[2023.01.24-05.40.41:328][  0]LogConfig: Setting CVar [[grass.DensityScale:1.0]]
[2023.01.24-05.40.41:328][  0]LogConfig: Applying CVar settings from Section [ShadingQuality@3] File [C:/Users/chash/Documents/GitHub/TFC/TFC_Project/Saved/Config/Windows/Scalability.ini]
[2023.01.24-05.40.41:328][  0]LogConfig: Setting CVar [[r.HairStrands.SkyLighting.SampleCount:16]]
[2023.01.24-05.40.41:328][  0]LogConfig: Setting CVar [[r.HairStrands.SkyLighting.JitterIntegration:0]]
[2023.01.24-05.40.41:328][  0]LogConfig: Setting CVar [[r.HairStrands.SkyAO.SampleCount:16]]
[2023.01.24-05.40.41:328][  0]LogInit: Selected Device Profile: [Windows]
[2023.01.24-05.40.41:328][  0]LogInit: Applying CVar settings loaded from the selected device profile: [Windows]
[2023.01.24-05.40.41:331][  0]LogHAL: Display: Platform has ~ 16 GB [16987439104 / 17179869184 / 16], which maps to Larger [LargestMinGB=32, LargerMinGB=12, DefaultMinGB=8, SmallerMinGB=6, SmallestMinGB=0)
[2023.01.24-05.40.41:331][  0]LogInit: Going up to parent DeviceProfile []
[2023.01.24-05.40.41:331][  0]LogConfig: Applying CVar settings from Section [ViewDistanceQuality@3] File [C:/Users/chash/Documents/GitHub/TFC/TFC_Project/Saved/Config/Windows/Scalability.ini]
[2023.01.24-05.40.41:331][  0]LogConfig: Setting CVar [[r.SkeletalMeshLODBias:0]]
[2023.01.24-05.40.41:331][  0]LogConfig: Setting CVar [[r.ViewDistanceScale:1.0]]
[2023.01.24-05.40.41:331][  0]LogConfig: Applying CVar settings from Section [AntiAliasingQuality@3] File [C:/Users/chash/Documents/GitHub/TFC/TFC_Project/Saved/Config/Windows/Scalability.ini]
[2023.01.24-05.40.41:331][  0]LogConfig: Setting CVar [[r.PostProcessAAQuality:4]]
[2023.01.24-05.40.41:331][  0]LogConfig: Applying CVar settings from Section [ShadowQuality@3] File [C:/Users/chash/Documents/GitHub/TFC/TFC_Project/Saved/Config/Windows/Scalability.ini]
[2023.01.24-05.40.41:331][  0]LogConfig: Setting CVar [[r.LightFunctionQuality:1]]
[2023.01.24-05.40.41:331][  0]LogConfig: Setting CVar [[r.ShadowQuality:5]]
[2023.01.24-05.40.41:331][  0]LogConfig: Setting CVar [[r.Shadow.CSM.MaxCascades:10]]
[2023.01.24-05.40.41:331][  0]LogConfig: Setting CVar [[r.Shadow.MaxResolution:2048]]
[2023.01.24-05.40.41:331][  0]LogConfig: Setting CVar [[r.Shadow.MaxCSMResolution:2048]]
[2023.01.24-05.40.41:331][  0]LogConfig: Setting CVar [[r.Shadow.RadiusThreshold:0.01]]
[2023.01.24-05.40.41:331][  0]LogConfig: Setting CVar [[r.Shadow.DistanceScale:1.0]]
[2023.01.24-05.40.41:332][  0]LogConfig: Setting CVar [[r.Shadow.CSM.TransitionScale:1.0]]
[2023.01.24-05.40.41:332][  0]LogConfig: Setting CVar [[r.Shadow.PreShadowResolutionFactor:1.0]]
[2023.01.24-05.40.41:332][  0]LogConfig: Setting CVar [[r.DistanceFieldShadowing:1]]
[2023.01.24-05.40.41:332][  0]LogConfig: Setting CVar [[r.DistanceFieldAO:1]]
[2023.01.24-05.40.41:332][  0]LogConfig: Setting CVar [[r.AOQuality:2]]
[2023.01.24-05.40.41:332][  0]LogConfig: Setting CVar [[r.VolumetricFog:1]]
[2023.01.24-05.40.41:332][  0]LogConfig: Setting CVar [[r.VolumetricFog.GridPixelSize:8]]
[2023.01.24-05.40.41:332][  0]LogConfig: Setting CVar [[r.VolumetricFog.GridSizeZ:128]]
[2023.01.24-05.40.41:332][  0]LogConfig: Setting CVar [[r.VolumetricFog.HistoryMissSupersampleCount:4]]
[2023.01.24-05.40.41:332][  0]LogConfig: Setting CVar [[r.LightMaxDrawDistanceScale:1]]
[2023.01.24-05.40.41:332][  0]LogConfig: Setting CVar [[r.CapsuleShadows:1]]
[2023.01.24-05.40.41:332][  0]LogConfig: Applying CVar settings from Section [PostProcessQuality@3] File [C:/Users/chash/Documents/GitHub/TFC/TFC_Project/Saved/Config/Windows/Scalability.ini]
[2023.01.24-05.40.41:332][  0]LogConfig: Setting CVar [[r.MotionBlurQuality:4]]
[2023.01.24-05.40.41:332][  0]LogConfig: Setting CVar [[r.AmbientOcclusionMipLevelFactor:0.4]]
[2023.01.24-05.40.41:332][  0]LogConfig: Setting CVar [[r.AmbientOcclusionMaxQuality:100]]
[2023.01.24-05.40.41:332][  0]LogConfig: Setting CVar [[r.AmbientOcclusionLevels:-1]]
[2023.01.24-05.40.41:332][  0]LogConfig: Setting CVar [[r.AmbientOcclusionRadiusScale:1.0]]
[2023.01.24-05.40.41:332][  0]LogConfig: Setting CVar [[r.DepthOfFieldQuality:2]]
[2023.01.24-05.40.41:332][  0]LogConfig: Setting CVar [[r.RenderTargetPoolMin:400]]
[2023.01.24-05.40.41:332][  0]LogConfig: Setting CVar [[r.LensFlareQuality:2]]
[2023.01.24-05.40.41:332][  0]LogConfig: Setting CVar [[r.SceneColorFringeQuality:1]]
[2023.01.24-05.40.41:332][  0]LogConfig: Setting CVar [[r.EyeAdaptationQuality:2]]
[2023.01.24-05.40.41:332][  0]LogConfig: Setting CVar [[r.BloomQuality:5]]
[2023.01.24-05.40.41:332][  0]LogConfig: Setting CVar [[r.FastBlurThreshold:100]]
[2023.01.24-05.40.41:332][  0]LogConfig: Setting CVar [[r.Upscale.Quality:3]]
[2023.01.24-05.40.41:332][  0]LogConfig: Setting CVar [[r.Tonemapper.GrainQuantization:1]]
[2023.01.24-05.40.41:332][  0]LogConfig: Setting CVar [[r.LightShaftQuality:1]]
[2023.01.24-05.40.41:332][  0]LogConfig: Setting CVar [[r.Filter.SizeScale:1]]
[2023.01.24-05.40.41:332][  0]LogConfig: Setting CVar [[r.Tonemapper.Quality:5]]
[2023.01.24-05.40.41:332][  0]LogConfig: Setting CVar [[r.DOF.Gather.AccumulatorQuality:1        ; higher gathering accumulator quality]]
[2023.01.24-05.40.41:332][  0]LogConfig: Setting CVar [[r.DOF.Gather.PostfilterMethod:1          ; Median3x3 postfilering method]]
[2023.01.24-05.40.41:332][  0]LogConfig: Setting CVar [[r.DOF.Gather.EnableBokehSettings:0       ; no bokeh simulation when gathering]]
[2023.01.24-05.40.41:332][  0]LogConfig: Setting CVar [[r.DOF.Gather.RingCount:4                 ; medium number of samples when gathering]]
[2023.01.24-05.40.41:332][  0]LogConfig: Setting CVar [[r.DOF.Scatter.ForegroundCompositing:1    ; additive foreground scattering]]
[2023.01.24-05.40.41:332][  0]LogConfig: Setting CVar [[r.DOF.Scatter.BackgroundCompositing:2    ; additive background scattering]]
[2023.01.24-05.40.41:332][  0]LogConfig: Setting CVar [[r.DOF.Scatter.EnableBokehSettings:1      ; bokeh simulation when scattering]]
[2023.01.24-05.40.41:332][  0]LogConfig: Setting CVar [[r.DOF.Scatter.MaxSpriteRatio:0.1         ; only a maximum of 10% of scattered bokeh]]
[2023.01.24-05.40.41:332][  0]LogConfig: Setting CVar [[r.DOF.Recombine.Quality:1                ; cheap slight out of focus]]
[2023.01.24-05.40.41:332][  0]LogConfig: Setting CVar [[r.DOF.Recombine.EnableBokehSettings:0    ; no bokeh simulation on slight out of focus]]
[2023.01.24-05.40.41:332][  0]LogConfig: Setting CVar [[r.DOF.TemporalAAQuality:1                ; more stable temporal accumulation]]
[2023.01.24-05.40.41:332][  0]LogConfig: Setting CVar [[r.DOF.Kernel.MaxForegroundRadius:0.025]]
[2023.01.24-05.40.41:332][  0]LogConfig: Setting CVar [[r.DOF.Kernel.MaxBackgroundRadius:0.025]]
[2023.01.24-05.40.41:332][  0]LogConfig: Applying CVar settings from Section [TextureQuality@3] File [C:/Users/chash/Documents/GitHub/TFC/TFC_Project/Saved/Config/Windows/Scalability.ini]
[2023.01.24-05.40.41:332][  0]LogConfig: Setting CVar [[r.Streaming.MipBias:0]]
[2023.01.24-05.40.41:332][  0]LogConfig: Setting CVar [[r.Streaming.AmortizeCPUToGPUCopy:0]]
[2023.01.24-05.40.41:332][  0]LogConfig: Setting CVar [[r.Streaming.MaxNumTexturesToStreamPerFrame:0]]
[2023.01.24-05.40.41:332][  0]LogConfig: Setting CVar [[r.Streaming.Boost:1]]
[2023.01.24-05.40.41:332][  0]LogConfig: Setting CVar [[r.MaxAnisotropy:8]]
[2023.01.24-05.40.41:332][  0]LogConfig: Setting CVar [[r.VT.MaxAnisotropy:8]]
[2023.01.24-05.40.41:332][  0]LogConfig: Setting CVar [[r.Streaming.LimitPoolSizeToVRAM:0]]
[2023.01.24-05.40.41:332][  0]LogConfig: Setting CVar [[r.Streaming.PoolSize:1000]]
[2023.01.24-05.40.41:332][  0]LogConfig: Setting CVar [[r.Streaming.MaxEffectiveScreenSize:0]]
[2023.01.24-05.40.41:332][  0]LogConfig: Applying CVar settings from Section [EffectsQuality@3] File [C:/Users/chash/Documents/GitHub/TFC/TFC_Project/Saved/Config/Windows/Scalability.ini]
[2023.01.24-05.40.41:332][  0]LogConfig: Setting CVar [[r.TranslucencyLightingVolumeDim:64]]
[2023.01.24-05.40.41:332][  0]LogConfig: Setting CVar [[r.RefractionQuality:2]]
[2023.01.24-05.40.41:332][  0]LogConfig: Setting CVar [[r.SSR.Quality:3]]
[2023.01.24-05.40.41:332][  0]LogConfig: Setting CVar [[r.SSR.HalfResSceneColor:0]]
[2023.01.24-05.40.41:332][  0]LogConfig: Setting CVar [[r.SceneColorFormat:4]]
[2023.01.24-05.40.41:332][  0]LogConfig: Setting CVar [[r.DetailMode:2]]
[2023.01.24-05.40.41:332][  0]LogConfig: Setting CVar [[r.TranslucencyVolumeBlur:1]]
[2023.01.24-05.40.41:332][  0]LogConfig: Setting CVar [[r.MaterialQualityLevel:1 ; High quality]]
[2023.01.24-05.40.41:332][  0]LogConfig: Setting CVar [[r.SSS.Scale:1]]
[2023.01.24-05.40.41:332][  0]LogConfig: Setting CVar [[r.SSS.SampleSet:2]]
[2023.01.24-05.40.41:332][  0]LogConfig: Setting CVar [[r.SSS.Quality:1]]
[2023.01.24-05.40.41:332][  0]LogConfig: Setting CVar [[r.SSS.HalfRes:1]]
[2023.01.24-05.40.41:332][  0]LogConfig: Setting CVar [[r.SSGI.Quality:3]]
[2023.01.24-05.40.41:332][  0]LogConfig: Setting CVar [[r.EmitterSpawnRateScale:1.0]]
[2023.01.24-05.40.41:332][  0]LogConfig: Setting CVar [[r.ParticleLightQuality:2]]
[2023.01.24-05.40.41:332][  0]LogConfig: Setting CVar [[r.SkyAtmosphere.AerialPerspectiveLUT.FastApplyOnOpaque:1 ; Always have FastSkyLUT 1 in this case to avoid wrong sky]]
[2023.01.24-05.40.41:332][  0]LogConfig: Setting CVar [[r.SkyAtmosphere.AerialPerspectiveLUT.SampleCountPerSlice:1]]
[2023.01.24-05.40.41:332][  0]LogConfig: Setting CVar [[r.SkyAtmosphere.AerialPerspectiveLUT.DepthResolution:16.0]]
[2023.01.24-05.40.41:332][  0]LogConfig: Setting CVar [[r.SkyAtmosphere.FastSkyLUT:1]]
[2023.01.24-05.40.41:332][  0]LogConfig: Setting CVar [[r.SkyAtmosphere.FastSkyLUT.SampleCountMin:4.0]]
[2023.01.24-05.40.41:332][  0]LogConfig: Setting CVar [[r.SkyAtmosphere.FastSkyLUT.SampleCountMax:32.0]]
[2023.01.24-05.40.41:332][  0]LogConfig: Setting CVar [[r.SkyAtmosphere.SampleCountMin:4.0]]
[2023.01.24-05.40.41:332][  0]LogConfig: Setting CVar [[r.SkyAtmosphere.SampleCountMax:32.0]]
[2023.01.24-05.40.41:332][  0]LogConfig: Setting CVar [[r.SkyAtmosphere.TransmittanceLUT.UseSmallFormat:0]]
[2023.01.24-05.40.41:332][  0]LogConfig: Setting CVar [[r.SkyAtmosphere.TransmittanceLUT.SampleCount:10.0]]
[2023.01.24-05.40.41:332][  0]LogConfig: Setting CVar [[r.SkyAtmosphere.MultiScatteringLUT.SampleCount:15.0]]
[2023.01.24-05.40.41:332][  0]LogConfig: Applying CVar settings from Section [FoliageQuality@3] File [C:/Users/chash/Documents/GitHub/TFC/TFC_Project/Saved/Config/Windows/Scalability.ini]
[2023.01.24-05.40.41:332][  0]LogConfig: Setting CVar [[foliage.DensityScale:1.0]]
[2023.01.24-05.40.41:332][  0]LogConfig: Setting CVar [[grass.DensityScale:1.0]]
[2023.01.24-05.40.41:332][  0]LogConfig: Applying CVar settings from Section [ShadingQuality@3] File [C:/Users/chash/Documents/GitHub/TFC/TFC_Project/Saved/Config/Windows/Scalability.ini]
[2023.01.24-05.40.41:332][  0]LogConfig: Setting CVar [[r.HairStrands.SkyLighting.SampleCount:16]]
[2023.01.24-05.40.41:332][  0]LogConfig: Setting CVar [[r.HairStrands.SkyLighting.JitterIntegration:0]]
[2023.01.24-05.40.41:332][  0]LogConfig: Setting CVar [[r.HairStrands.SkyAO.SampleCount:16]]
[2023.01.24-05.40.41:332][  0]LogConfig: Applying CVar settings from Section [Startup] File [../../../Engine/Config/ConsoleVariables.ini]
[2023.01.24-05.40.41:333][  0]LogConfig: Setting CVar [[net.UseAdaptiveNetUpdateFrequency:0]]
[2023.01.24-05.40.41:333][  0]LogConfig: Setting CVar [[p.chaos.AllowCreatePhysxBodies:1]]
[2023.01.24-05.40.41:333][  0]LogConfig: Applying CVar settings from Section [ConsoleVariables] File [C:/Users/chash/Documents/GitHub/TFC/TFC_Project/Saved/Config/Windows/Engine.ini]
[2023.01.24-05.40.41:333][  0]LogInit: Computer: DESKTOP-I3IQ800
[2023.01.24-05.40.41:333][  0]LogInit: User: Geunhui
[2023.01.24-05.40.41:333][  0]LogInit: CPU Page size=4096, Cores=6
[2023.01.24-05.40.41:333][  0]LogInit: High frequency timer resolution =10.000000 MHz
[2023.01.24-05.40.41:333][  0]LogMemory: Memory total: Physical=15.8GB (16GB approx)
[2023.01.24-05.40.41:333][  0]LogMemory: Platform Memory Stats for Windows
[2023.01.24-05.40.41:333][  0]LogMemory: Process Physical Memory: 109.75 MB used, 109.75 MB peak
[2023.01.24-05.40.41:333][  0]LogMemory: Process Virtual Memory: 101.71 MB used, 101.71 MB peak
[2023.01.24-05.40.41:333][  0]LogMemory: Physical Memory: 7015.65 MB used,  9184.83 MB free, 16200.48 MB total
[2023.01.24-05.40.41:333][  0]LogMemory: Virtual Memory: 5161.37 MB used,  134212568.00 MB free, 134217728.00 MB total
[2023.01.24-05.40.41:336][  0]LogWindows: WindowsPlatformFeatures enabled
[2023.01.24-05.40.41:426][  0]LogInit: Overriding language with editor language configuration option (en).
[2023.01.24-05.40.41:426][  0]LogInit: Overriding locale with editor locale configuration option (en).
[2023.01.24-05.40.41:551][  0]LogInit: Setting process to per monitor DPI aware
[2023.01.24-05.40.41:594][  0]LogSlate: New Slate User Created.  User Index 0, Is Virtual User: 0
[2023.01.24-05.40.41:594][  0]LogSlate: Slate User Registered.  User Index 0, Is Virtual User: 0
[2023.01.24-05.40.41:826][  0]LogHMD: Failed to initialize OpenVR with code 110
[2023.01.24-05.40.41:826][  0]LogD3D11RHI: D3D11 min allowed feature level: 11_0
[2023.01.24-05.40.41:826][  0]LogD3D11RHI: D3D11 max allowed feature level: 11_0
[2023.01.24-05.40.41:826][  0]LogD3D11RHI: D3D11 adapters:
[2023.01.24-05.40.41:943][  0]LogD3D11RHI:    0. 'NVIDIA GeForce RTX 2070 Super' (Feature Level 11_0)
[2023.01.24-05.40.41:943][  0]LogD3D11RHI:       8011/0/8100 MB DedicatedVideo/DedicatedSystem/SharedSystem, Outputs:1, VendorId:0x10de
[2023.01.24-05.40.41:999][  0]LogD3D11RHI:    1. 'Intel(R) UHD Graphics' (Feature Level 11_0)
[2023.01.24-05.40.41:999][  0]LogD3D11RHI:       128/0/8100 MB DedicatedVideo/DedicatedSystem/SharedSystem, Outputs:0, VendorId:0x8086
[2023.01.24-05.40.42:002][  0]LogD3D11RHI:    2. 'Microsoft Basic Render Driver' (Feature Level 11_0)
[2023.01.24-05.40.42:002][  0]LogD3D11RHI:       0/0/8100 MB DedicatedVideo/DedicatedSystem/SharedSystem, Outputs:0, VendorId:0x1414
[2023.01.24-05.40.42:002][  0]LogD3D11RHI: Chosen D3D11 Adapter: 0
[2023.01.24-05.40.42:007][  0]LogD3D11RHI: Creating new Direct3DDevice
[2023.01.24-05.40.42:007][  0]LogD3D11RHI:     GPU DeviceId: 0x1e91 (for the marketing name, search the web for "GPU Device Id")
[2023.01.24-05.40.42:007][  0]LogWindows: EnumDisplayDevices:
[2023.01.24-05.40.42:007][  0]LogWindows:    0. 'Intel(R) UHD Graphics' (P:1 D:1)
[2023.01.24-05.40.42:008][  0]LogWindows:    1. 'Intel(R) UHD Graphics' (P:0 D:0)
[2023.01.24-05.40.42:008][  0]LogWindows:    2. 'Intel(R) UHD Graphics' (P:0 D:0)
[2023.01.24-05.40.42:009][  0]LogWindows:    3. 'NVIDIA GeForce RTX 2070 Super' (P:0 D:0)
[2023.01.24-05.40.42:010][  0]LogWindows:    4. 'NVIDIA GeForce RTX 2070 Super' (P:0 D:0)
[2023.01.24-05.40.42:011][  0]LogWindows:    5. 'NVIDIA GeForce RTX 2070 Super' (P:0 D:0)
[2023.01.24-05.40.42:011][  0]LogWindows:    6. 'NVIDIA GeForce RTX 2070 Super' (P:0 D:0)
[2023.01.24-05.40.42:012][  0]LogWindows: DebugString: PrimaryIsNotTheChoosenAdapter PrimaryIsNotTheChoosenAdapter PrimaryIsNotTheChoosenAdapter FoundDriverCount:4 
[2023.01.24-05.40.42:012][  0]LogD3D11RHI:     Adapter Name: NVIDIA GeForce RTX 2070 Super
[2023.01.24-05.40.42:012][  0]LogD3D11RHI:   Driver Version: 471.96 (internal:30.0.14.7196, unified:471.96)
[2023.01.24-05.40.42:012][  0]LogD3D11RHI:      Driver Date: 8-27-2021
[2023.01.24-05.40.42:012][  0]LogRHI: Texture pool is 5607 MB (70% of 8011 MB)
[2023.01.24-05.40.42:086][  0]LogD3D11RHI: RHI has support for 64 bit atomics
[2023.01.24-05.40.42:086][  0]LogD3D11RHI: Async texture creation enabled
[2023.01.24-05.40.42:100][  0]LogD3D11RHI: GPU Timing Frequency: 1000.000000 (Debug: 2 1)
[2023.01.24-05.40.42:443][  0]LogTargetPlatformManager: Display: Loaded TargetPlatform 'AllDesktop'
[2023.01.24-05.40.42:470][  0]LogTargetPlatformManager: Display: Loaded TargetPlatform 'Android'
[2023.01.24-05.40.42:470][  0]LogTargetPlatformManager: Display: Loaded TargetPlatform 'Android_ASTC'
[2023.01.24-05.40.42:470][  0]LogTargetPlatformManager: Display: Loaded TargetPlatform 'Android_ATC'
[2023.01.24-05.40.42:470][  0]LogTargetPlatformManager: Display: Loaded TargetPlatform 'Android_DXT'
[2023.01.24-05.40.42:470][  0]LogTargetPlatformManager: Display: Loaded TargetPlatform 'Android_ETC1'
[2023.01.24-05.40.42:470][  0]LogTargetPlatformManager: Display: Loaded TargetPlatform 'Android_ETC1a'
[2023.01.24-05.40.42:470][  0]LogTargetPlatformManager: Display: Loaded TargetPlatform 'Android_ETC2'
[2023.01.24-05.40.42:470][  0]LogTargetPlatformManager: Display: Loaded TargetPlatform 'Android_PVRTC'
[2023.01.24-05.40.42:470][  0]LogTargetPlatformManager: Display: Loaded TargetPlatform 'AndroidClient'
[2023.01.24-05.40.42:470][  0]LogTargetPlatformManager: Display: Loaded TargetPlatform 'Android_ASTCClient'
[2023.01.24-05.40.42:470][  0]LogTargetPlatformManager: Display: Loaded TargetPlatform 'Android_ATCClient'
[2023.01.24-05.40.42:471][  0]LogTargetPlatformManager: Display: Loaded TargetPlatform 'Android_DXTClient'
[2023.01.24-05.40.42:471][  0]LogTargetPlatformManager: Display: Loaded TargetPlatform 'Android_ETC1Client'
[2023.01.24-05.40.42:471][  0]LogTargetPlatformManager: Display: Loaded TargetPlatform 'Android_ETC1aClient'
[2023.01.24-05.40.42:471][  0]LogTargetPlatformManager: Display: Loaded TargetPlatform 'Android_ETC2Client'
[2023.01.24-05.40.42:471][  0]LogTargetPlatformManager: Display: Loaded TargetPlatform 'Android_PVRTCClient'
[2023.01.24-05.40.42:471][  0]LogTargetPlatformManager: Display: Loaded TargetPlatform 'Android_Multi'
[2023.01.24-05.40.42:471][  0]LogTargetPlatformManager: Display: Loaded TargetPlatform 'Android_MultiClient'
[2023.01.24-05.40.42:489][  0]LogTargetPlatformManager: Display: Loaded TargetPlatform 'IOSClient'
[2023.01.24-05.40.42:489][  0]LogTargetPlatformManager: Display: Loaded TargetPlatform 'IOS'
[2023.01.24-05.40.42:498][  0]LogTargetPlatformManager: Display: Loaded TargetPlatform 'LinuxNoEditor'
[2023.01.24-05.40.42:506][  0]LogTargetPlatformManager: Display: Loaded TargetPlatform 'LinuxClient'
[2023.01.24-05.40.42:513][  0]LogTargetPlatformManager: Display: Loaded TargetPlatform 'LinuxServer'
[2023.01.24-05.40.42:522][  0]LogTargetPlatformManager: Display: Loaded TargetPlatform 'LinuxAArch64NoEditor'
[2023.01.24-05.40.42:531][  0]LogTargetPlatformManager: Display: Loaded TargetPlatform 'LinuxAArch64Client'
[2023.01.24-05.40.42:538][  0]LogTargetPlatformManager: Display: Loaded TargetPlatform 'LinuxAArch64Server'
[2023.01.24-05.40.42:569][  0]LogTargetPlatformManager: Display: Loaded TargetPlatform 'Lumin'
[2023.01.24-05.40.42:569][  0]LogTargetPlatformManager: Display: Loaded TargetPlatform 'LuminClient'
[2023.01.24-05.40.42:587][  0]LogTargetPlatformManager: Display: Loaded TargetPlatform 'TVOSClient'
[2023.01.24-05.40.42:587][  0]LogTargetPlatformManager: Display: Loaded TargetPlatform 'TVOS'
[2023.01.24-05.40.42:597][  0]LogTargetPlatformManager: Display: Loaded TargetPlatform 'WindowsNoEditor'
[2023.01.24-05.40.42:606][  0]LogTargetPlatformManager: Display: Loaded TargetPlatform 'Windows'
[2023.01.24-05.40.42:614][  0]LogTargetPlatformManager: Display: Loaded TargetPlatform 'WindowsClient'
[2023.01.24-05.40.42:625][  0]LogTargetPlatformManager: Display: Loaded TargetPlatform 'WindowsServer'
[2023.01.24-05.40.42:625][  0]LogTargetPlatformManager: Display: Building Assets For Windows
[2023.01.24-05.40.42:630][  0]LogAudioDebug: Display: Lib vorbis DLL was dynamically loaded.
[2023.01.24-05.40.42:667][  0]LogShaderCompilers: Guid format shader working directory is -17 characters bigger than the processId version (../../../../../../Users/chash/Documents/GitHub/TFC/TFC_Project/Intermediate/Shaders/WorkingDirectory/17012/).
[2023.01.24-05.40.42:667][  0]LogShaderCompilers: Cleaned the shader compiler working directory 'C:/Users/chash/AppData/Local/Temp/UnrealShaderWorkingDir/CD228C4F4A96A5F4FF21A188C3D50B84/'.
[2023.01.24-05.40.42:668][  0]LogXGEController: Cannot use XGE Controller as Incredibuild is not installed on this machine.
[2023.01.24-05.40.42:668][  0]LogShaderCompilers: Cannot use XGE Shader Compiler as Incredibuild is not installed on this machine.
[2023.01.24-05.40.42:668][  0]LogShaderCompilers: Display: Using Local Shader Compiler.
[2023.01.24-05.40.43:295][  0]LogDerivedDataCache: Display: Max Cache Size: 512 MB
[2023.01.24-05.40.43:333][  0]LogDerivedDataCache: Loaded boot cache 0.04s 78MB C:/Users/chash/AppData/Local/UnrealEngine/4.24/DerivedDataCache/Boot.ddc.
[2023.01.24-05.40.43:333][  0]LogDerivedDataCache: Display: Loaded Boot cache: C:/Users/chash/AppData/Local/UnrealEngine/4.24/DerivedDataCache/Boot.ddc
[2023.01.24-05.40.43:333][  0]LogDerivedDataCache: FDerivedDataBackendGraph:  Pak pak cache file ../../../../../../Users/chash/Documents/GitHub/TFC/TFC_Project/DerivedDataCache/DDC.ddp not found, will not use a pak cache.
[2023.01.24-05.40.43:333][  0]LogDerivedDataCache: Unable to find inner node Pak for hierarchical cache Hierarchy.
[2023.01.24-05.40.43:333][  0]LogDerivedDataCache: FDerivedDataBackendGraph:  CompressedPak pak cache file ../../../../../../Users/chash/Documents/GitHub/TFC/TFC_Project/DerivedDataCache/Compressed.ddp not found, will not use a pak cache.
[2023.01.24-05.40.43:333][  0]LogDerivedDataCache: Unable to find inner node CompressedPak for hierarchical cache Hierarchy.
[2023.01.24-05.40.43:340][  0]LogDerivedDataCache: Display: Pak cache opened for reading ../../../Engine/DerivedDataCache/Compressed.ddp.
[2023.01.24-05.40.43:340][  0]LogDerivedDataCache: FDerivedDataBackendGraph:  EnterprisePak pak cache file ../../../Enterprise/DerivedDataCache/Compressed.ddp not found, will not use a pak cache.
[2023.01.24-05.40.43:340][  0]LogDerivedDataCache: Unable to find inner node EnterprisePak for hierarchical cache Hierarchy.
[2023.01.24-05.40.43:342][  0]LogDerivedDataCache: Using Local data cache path C:/Users/chash/AppData/Local/UnrealEngine/Common/DerivedDataCache: Writable
[2023.01.24-05.40.43:342][  0]LogDerivedDataCache: Shared data cache path not found in *engine.ini, will not use an Shared cache.
[2023.01.24-05.40.43:342][  0]LogDerivedDataCache: Unable to find inner node Shared for hierarchical cache Hierarchy.
[2023.01.24-05.40.43:361][  0]LogMaterial: Verifying Global Shaders for PCD3D_SM5
[2023.01.24-05.40.43:363][  0]LogSlate: Using FreeType 2.10.0
[2023.01.24-05.40.43:364][  0]LogSlate: SlateFontServices - WITH_FREETYPE: 1, WITH_HARFBUZZ: 1
[2023.01.24-05.40.43:418][  0]LogAssetRegistry: FAssetRegistry took 0.0021 seconds to start up
[2023.01.24-05.40.43:656][  0]LogInit: Selected Device Profile: [Windows]
[2023.01.24-05.40.43:779][  0]LogMeshReduction: Using QuadricMeshReduction for automatic static mesh reduction
[2023.01.24-05.40.43:779][  0]LogMeshReduction: Using SimplygonMeshReduction for automatic skeletal mesh reduction
[2023.01.24-05.40.43:779][  0]LogMeshReduction: Using ProxyLODMeshReduction for automatic mesh merging
[2023.01.24-05.40.43:779][  0]LogMeshReduction: No distributed automatic mesh merging module available
[2023.01.24-05.40.43:779][  0]LogMeshMerging: No distributed automatic mesh merging module available
[2023.01.24-05.40.43:791][  0]LogNetVersion: TFC_Project 1.0.0, NetCL: 10570792, EngineNetVer: 13, GameNetVer: 0 (Checksum: 3966490030)
[2023.01.24-05.40.44:742][  0]LogPackageLocalizationCache: Processed 11 localized package path(s) for 1 prioritized culture(s) in 0.031323 seconds
[2023.01.24-05.40.44:747][  0]LogUObjectArray: 46750 objects as part of root set at end of initial load.
[2023.01.24-05.40.44:747][  0]LogUObjectAllocator: 8137160 out of 0 bytes used by permanent object pool.
[2023.01.24-05.40.44:747][  0]LogUObjectArray: CloseDisregardForGC: 0/0 objects in disregard for GC pool
[2023.01.24-05.40.45:250][  0]LogTcpMessaging: Initializing TcpMessaging bridge
[2023.01.24-05.40.45:253][  0]LogUdpMessaging: Initializing bridge on interface 0.0.0.0:0 to multicast group 230.0.0.1:6666.
[2023.01.24-05.40.45:311][  0]SourceControl: Source control is disabled
[2023.01.24-05.40.45:311][  0]SourceControl: Source control is disabled
[2023.01.24-05.40.45:312][  0]SourceControl: Source control is disabled
[2023.01.24-05.40.45:320][  0]SourceControl: Source control is disabled
[2023.01.24-05.40.45:323][  0]SourceControl: Source control is disabled
[2023.01.24-05.40.45:434][  0]LogAndroidPermission: UAndroidPermissionCallbackProxy::GetInstance
[2023.01.24-05.40.45:442][  0]LogAudioCaptureCore: Display: No Audio Capture implementations found. Audio input will be silent.
[2023.01.24-05.40.45:442][  0]LogAudioCaptureCore: Display: No Audio Capture implementations found. Audio input will be silent.
[2023.01.24-05.40.45:512][  0]LogOcInput: OculusInput pre-init called
[2023.01.24-05.40.45:521][  0]LogWindows: Failed to load 'OVRPlugin.dll' (GetLastError=126)
[2023.01.24-05.40.45:522][  0]LogWindows: File 'OVRPlugin.dll' does not exist
[2023.01.24-05.40.45:575][  0]LogEngine: Initializing Engine...
[2023.01.24-05.40.45:576][  0]LogHMD: Failed to initialize OpenVR with code 110
[2023.01.24-05.40.45:577][  0]LogStats: UGameplayTagsManager::InitializeManager -  0.000 s
[2023.01.24-05.40.45:827][  0]LogInit: Initializing FReadOnlyCVARCache
[2023.01.24-05.40.45:833][  0]LogAIModule: Creating AISystem for world Untitled
[2023.01.24-05.40.45:843][  0]LogAudioMixer: Display: Audio Mixer Platform Settings:
[2023.01.24-05.40.45:843][  0]LogAudioMixer: Display: 	Sample Rate:						  48000
[2023.01.24-05.40.45:843][  0]LogAudioMixer: Display: 	Callback Buffer Frame Size Requested: 1024
[2023.01.24-05.40.45:843][  0]LogAudioMixer: Display: 	Callback Buffer Frame Size To Use:	  1024
[2023.01.24-05.40.45:843][  0]LogAudioMixer: Display: 	Number of buffers to queue:			  2
[2023.01.24-05.40.45:843][  0]LogAudioMixer: Display: 	Max Channels (voices):				  32
[2023.01.24-05.40.45:843][  0]LogAudioMixer: Display: 	Number of Async Source Workers:		  0
[2023.01.24-05.40.45:843][  0]LogAudio: Display: AudioDevice MaxSources: 32
[2023.01.24-05.40.45:843][  0]LogAudio: Display: Using built-in audio occlusion.
[2023.01.24-05.40.45:843][  0]LogAudioMixer: Display: Initializing audio mixer.
[2023.01.24-05.40.45:898][  0]LogAudioMixer: Display: Audio Device Output Speaker Info:
[2023.01.24-05.40.45:898][  0]LogAudioMixer: Display: Name: 스피커(Realtek(R) Audio)
[2023.01.24-05.40.45:898][  0]LogAudioMixer: Display: Is Default: Yes
[2023.01.24-05.40.45:898][  0]LogAudioMixer: Display: Sample Rate: 48000
[2023.01.24-05.40.45:898][  0]LogAudioMixer: Display: Channel Count Used: 2
[2023.01.24-05.40.45:898][  0]LogAudioMixer: Display: Device Channel Count: 2
[2023.01.24-05.40.45:898][  0]LogAudioMixer: Display: Channel Order:
[2023.01.24-05.40.45:898][  0]LogAudioMixer: Display: 0: FrontLeft
[2023.01.24-05.40.45:898][  0]LogAudioMixer: Display: 1: FrontRight
[2023.01.24-05.40.46:092][  0]LogAudioMixer: Display: Using Audio Device 스피커(Realtek(R) Audio)
[2023.01.24-05.40.46:096][  0]LogInit: FAudioDevice initialized.
[2023.01.24-05.40.46:096][  0]LogNetVersion: Set ProjectVersion to 1.0.0.0. Version Checksum will be recalculated on next use.
[2023.01.24-05.40.46:144][  0]LogDerivedDataCache: Saved boot cache 0.05s 78MB C:/Users/chash/AppData/Local/UnrealEngine/4.24/DerivedDataCache/Boot.ddc.
[2023.01.24-05.40.46:145][  0]LogInit: Texture streaming: Enabled
[2023.01.24-05.40.46:156][  0]LogEngineSessionManager: EngineSessionManager initialized
[2023.01.24-05.40.46:156][  0]LogEditorSessionSummary: Verbose: Initializing EditorSessionSummaryWriter for editor session tracking
[2023.01.24-05.40.46:160][  0]LogEditorSessionSummary: EditorSessionSummaryWriter initialized
[2023.01.24-05.40.46:192][  0]LogInit: Transaction tracking system initialized
[2023.01.24-05.40.46:203][  0]BlueprintLog: New page: Editor Load
[2023.01.24-05.40.46:244][  0]LocalizationService: Localization service is disabled
[2023.01.24-05.40.46:514][  0]LogFileCache: Scanning file cache for directory 'C:/Users/chash/Documents/GitHub/TFC/TFC_Project/Content/' took 0.01s
[2023.01.24-05.40.46:514][  0]LogCook: Display: Max memory allowance for cook 16384mb min free memory 0mb
[2023.01.24-05.40.46:514][  0]LogCook: Display: Mobile HDR setting 1
[2023.01.24-05.40.47:224][  0]SourceControl: Source control is disabled
[2023.01.24-05.40.47:371][  0]LogSlate: Took 0.000354 seconds to synchronously load lazily loaded font '../../../Engine/Content/Slate/Fonts/Roboto-Regular.ttf' (155K)
[2023.01.24-05.40.50:832][  0]LogSlate: Window 'Restore Packages' being destroyed
[2023.01.24-05.40.52:010][  0]LogSlate: Window 'Unable to Check Out From Source Control!' being destroyed
[2023.01.24-05.40.52:023][  0]Cmd: MAP LOAD FILE="../../../../../../Users/chash/Documents/GitHub/TFC/TFC_Project/Content/resouerce/Map/testing_Map.umap" TEMPLATE=0 SHOWPROGRESS=1 FEATURELEVEL=3
[2023.01.24-05.40.52:025][  0]LightingResults: New page: Lighting Build
[2023.01.24-05.40.52:026][  0]LogWorld: UWorld::CleanupWorld for Untitled, bSessionEnded=true, bCleanupResources=true
[2023.01.24-05.40.52:026][  0]LogSlate: InvalidateAllWidgets triggered.  All widgets were invalidated
[2023.01.24-05.40.52:027][  0]MapCheck: New page: Map Check
[2023.01.24-05.40.52:027][  0]LightingResults: New page: Lighting Build
[2023.01.24-05.40.52:058][  0]LogUObjectHash: Compacting FUObjectHashTables data took   3.26ms
[2023.01.24-05.40.52:158][  0]LogLinker: Warning: While loading '../../../../../../Users/chash/Documents/GitHub/TFC/TFC_Project/Content/resouerce/temp/FirstPerson/FPWeapon/Mesh/SK_FPGun.uasset' failed to load '/Game/FirstPerson/FPWeapon/Materials/M_FPGun': Can't find file.
[2023.01.24-05.40.52:158][  0]LoadErrors: Failed to load /Game/resouerce/temp/FirstPerson/FPWeapon/Mesh/SK_FPGun.SK_FPGun Referenced by tool_mesh_GEN_VARIABLE
[2023.01.24-05.40.52:158][  0]LogLinker: Warning: While loading '../../../../../../Users/chash/Documents/GitHub/TFC/TFC_Project/Content/resouerce/temp/FirstPerson/FPWeapon/Mesh/SK_FPGun.uasset' failed to load '/Game/FirstPerson/FPWeapon/Materials/M_FPGun': Can't find file.
[2023.01.24-05.40.52:158][  0]LoadErrors: Failed to load /Game/resouerce/temp/FirstPerson/FPWeapon/Mesh/SK_FPGun.SK_FPGun Referenced by tool_mesh_GEN_VARIABLE
[2023.01.24-05.40.52:159][  0]LogLinker: Warning: While loading '../../../../../../Users/chash/Documents/GitHub/TFC/TFC_Project/Content/resouerce/temp/FirstPerson/FPWeapon/Mesh/SK_FPGun.uasset' failed to load '/Game/FirstPerson/FPWeapon/Materials/M_FPGun': Can't find file.
[2023.01.24-05.40.52:159][  0]LoadErrors: Failed to load /Game/resouerce/temp/FirstPerson/FPWeapon/Mesh/SK_FPGun.SK_FPGun Referenced by tool_mesh_GEN_VARIABLE
[2023.01.24-05.40.52:159][  0]LogLinker: Warning: While loading '../../../../../../Users/chash/Documents/GitHub/TFC/TFC_Project/Content/resouerce/temp/FirstPerson/FPWeapon/Mesh/SK_FPGun.uasset' failed to load '/Game/FirstPerson/FPWeapon/Materials/M_FPGun': Can't find file.
[2023.01.24-05.40.52:159][  0]LoadErrors: Failed to load /Game/resouerce/temp/FirstPerson/FPWeapon/Mesh/SK_FPGun.SK_FPGun Referenced by tool_mesh_GEN_VARIABLE
[2023.01.24-05.40.52:159][  0]LogLinker: Warning: While loading '../../../../../../Users/chash/Documents/GitHub/TFC/TFC_Project/Content/resouerce/temp/FirstPerson/FPWeapon/Mesh/SK_FPGun.uasset' failed to load '/Game/FirstPerson/FPWeapon/Mesh/SK_FPGun_Skeleton': Can't find file.
[2023.01.24-05.40.52:159][  0]LoadErrors: Failed to load /Game/resouerce/temp/FirstPerson/FPWeapon/Mesh/SK_FPGun.SK_FPGun Referenced by tool_mesh_GEN_VARIABLE
[2023.01.24-05.40.52:160][  0]LogLinker: Warning: While loading '../../../../../../Users/chash/Documents/GitHub/TFC/TFC_Project/Content/resouerce/temp/FirstPerson/FPWeapon/Mesh/SK_FPGun.uasset' failed to load '/Game/FirstPerson/FPWeapon/Mesh/SK_FPGun_Skeleton': Can't find file.
[2023.01.24-05.40.52:160][  0]LoadErrors: Failed to load /Game/resouerce/temp/FirstPerson/FPWeapon/Mesh/SK_FPGun.SK_FPGun Referenced by tool_mesh_GEN_VARIABLE
[2023.01.24-05.40.52:160][  0]LogLinker: Warning: While loading '../../../../../../Users/chash/Documents/GitHub/TFC/TFC_Project/Content/resouerce/temp/FirstPerson/FPWeapon/Mesh/SK_FPGun.uasset' failed to load '/Game/FirstPerson/FPWeapon/Mesh/SK_FPGun_Skeleton': Can't find file.
[2023.01.24-05.40.52:160][  0]LoadErrors: Failed to load /Game/resouerce/temp/FirstPerson/FPWeapon/Mesh/SK_FPGun.SK_FPGun Referenced by tool_mesh_GEN_VARIABLE
[2023.01.24-05.40.52:160][  0]LogLinker: Warning: While loading '../../../../../../Users/chash/Documents/GitHub/TFC/TFC_Project/Content/resouerce/temp/FirstPerson/FPWeapon/Mesh/SK_FPGun.uasset' failed to load '/Game/FirstPerson/FPWeapon/Mesh/SK_FPGun_Skeleton': Can't find file.
[2023.01.24-05.40.52:160][  0]LoadErrors: Failed to load /Game/resouerce/temp/FirstPerson/FPWeapon/Mesh/SK_FPGun.SK_FPGun Referenced by tool_mesh_GEN_VARIABLE
[2023.01.24-05.40.52:164][  0]LogLinker: Warning: While loading '../../../../../../Users/chash/Documents/GitHub/TFC/TFC_Project/Content/resouerce/temp/FirstPerson/FPWeapon/Materials/M_FPGun.uasset' failed to load '/Game/FirstPerson/FPWeapon/Materials/MaterialLayers/ML_GlossyBlack_Latex_UE4': Can't find file.
[2023.01.24-05.40.52:164][  0]LoadErrors: Failed to load /Game/resouerce/temp/FirstPerson/FPWeapon/Materials/M_FPGun.M_FPGun Referenced by tool_mesh_GEN_VARIABLE
[2023.01.24-05.40.52:165][  0]LogLinker: Warning: While loading '../../../../../../Users/chash/Documents/GitHub/TFC/TFC_Project/Content/resouerce/temp/FirstPerson/FPWeapon/Materials/M_FPGun.uasset' failed to load '/Game/FirstPerson/FPWeapon/Materials/MaterialLayers/ML_GlossyBlack_Latex_UE4': Can't find file.
[2023.01.24-05.40.52:165][  0]LoadErrors: Failed to load /Game/resouerce/temp/FirstPerson/FPWeapon/Materials/M_FPGun.M_FPGun Referenced by tool_mesh_GEN_VARIABLE
[2023.01.24-05.40.52:165][  0]LogLinker: Warning: While loading '../../../../../../Users/chash/Documents/GitHub/TFC/TFC_Project/Content/resouerce/temp/FirstPerson/FPWeapon/Materials/M_FPGun.uasset' failed to load '/Game/FirstPerson/FPWeapon/Materials/MaterialLayers/ML_Plastic_Shiny_Beige': Can't find file.
[2023.01.24-05.40.52:165][  0]LoadErrors: Failed to load /Game/resouerce/temp/FirstPerson/FPWeapon/Materials/M_FPGun.M_FPGun Referenced by tool_mesh_GEN_VARIABLE
[2023.01.24-05.40.52:165][  0]LogLinker: Warning: While loading '../../../../../../Users/chash/Documents/GitHub/TFC/TFC_Project/Content/resouerce/temp/FirstPerson/FPWeapon/Materials/M_FPGun.uasset' failed to load '/Game/FirstPerson/FPWeapon/Materials/MaterialLayers/ML_Plastic_Shiny_Beige': Can't find file.
[2023.01.24-05.40.52:165][  0]LoadErrors: Failed to load /Game/resouerce/temp/FirstPerson/FPWeapon/Materials/M_FPGun.M_FPGun Referenced by tool_mesh_GEN_VARIABLE
[2023.01.24-05.40.52:166][  0]LogLinker: Warning: While loading '../../../../../../Users/chash/Documents/GitHub/TFC/TFC_Project/Content/resouerce/temp/FirstPerson/FPWeapon/Materials/M_FPGun.uasset' failed to load '/Game/FirstPerson/FPWeapon/Materials/MaterialLayers/ML_Screen': Can't find file.
[2023.01.24-05.40.52:166][  0]LoadErrors: Failed to load /Game/resouerce/temp/FirstPerson/FPWeapon/Materials/M_FPGun.M_FPGun Referenced by tool_mesh_GEN_VARIABLE
[2023.01.24-05.40.52:166][  0]LogLinker: Warning: While loading '../../../../../../Users/chash/Documents/GitHub/TFC/TFC_Project/Content/resouerce/temp/FirstPerson/FPWeapon/Materials/M_FPGun.uasset' failed to load '/Game/FirstPerson/FPWeapon/Materials/MaterialLayers/ML_Screen': Can't find file.
[2023.01.24-05.40.52:166][  0]LoadErrors: Failed to load /Game/resouerce/temp/FirstPerson/FPWeapon/Materials/M_FPGun.M_FPGun Referenced by tool_mesh_GEN_VARIABLE
[2023.01.24-05.40.52:166][  0]LogLinker: Warning: While loading '../../../../../../Users/chash/Documents/GitHub/TFC/TFC_Project/Content/resouerce/temp/FirstPerson/FPWeapon/Materials/M_FPGun.uasset' failed to load '/Game/FirstPerson/FPWeapon/Materials/MaterialLayers/ML_SoftMetal_UE4': Can't find file.
[2023.01.24-05.40.52:166][  0]LoadErrors: Failed to load /Game/resouerce/temp/FirstPerson/FPWeapon/Materials/M_FPGun.M_FPGun Referenced by tool_mesh_GEN_VARIABLE
[2023.01.24-05.40.52:167][  0]LogLinker: Warning: While loading '../../../../../../Users/chash/Documents/GitHub/TFC/TFC_Project/Content/resouerce/temp/FirstPerson/FPWeapon/Materials/M_FPGun.uasset' failed to load '/Game/FirstPerson/FPWeapon/Materials/MaterialLayers/ML_SoftMetal_UE4': Can't find file.
[2023.01.24-05.40.52:167][  0]LoadErrors: Failed to load /Game/resouerce/temp/FirstPerson/FPWeapon/Materials/M_FPGun.M_FPGun Referenced by tool_mesh_GEN_VARIABLE
[2023.01.24-05.40.52:168][  0]LogLinker: Warning: While loading '../../../../../../Users/chash/Documents/GitHub/TFC/TFC_Project/Content/resouerce/temp/FirstPerson/FPWeapon/Materials/M_FPGun.uasset' failed to load '/Game/FirstPerson/FPWeapon/Materials/MaterialLayers/ML_GlossyBlack_Latex_UE4': Can't find file.
[2023.01.24-05.40.52:168][  0]LoadErrors: Failed to load /Game/resouerce/temp/FirstPerson/FPWeapon/Materials/M_FPGun.M_FPGun Referenced by tool_mesh_GEN_VARIABLE
[2023.01.24-05.40.52:168][  0]LogLinker: Warning: While loading '../../../../../../Users/chash/Documents/GitHub/TFC/TFC_Project/Content/resouerce/temp/FirstPerson/FPWeapon/Materials/M_FPGun.uasset' failed to load '/Game/FirstPerson/FPWeapon/Materials/MaterialLayers/ML_GlossyBlack_Latex_UE4': Can't find file.
[2023.01.24-05.40.52:168][  0]LoadErrors: Failed to load /Game/resouerce/temp/FirstPerson/FPWeapon/Materials/M_FPGun.M_FPGun Referenced by tool_mesh_GEN_VARIABLE
[2023.01.24-05.40.52:168][  0]LogLinker: Warning: While loading '../../../../../../Users/chash/Documents/GitHub/TFC/TFC_Project/Content/resouerce/temp/FirstPerson/FPWeapon/Materials/M_FPGun.uasset' failed to load '/Game/FirstPerson/FPWeapon/Materials/MaterialLayers/ML_Plastic_Shiny_Beige': Can't find file.
[2023.01.24-05.40.52:168][  0]LoadErrors: Failed to load /Game/resouerce/temp/FirstPerson/FPWeapon/Materials/M_FPGun.M_FPGun Referenced by tool_mesh_GEN_VARIABLE
[2023.01.24-05.40.52:168][  0]LogLinker: Warning: While loading '../../../../../../Users/chash/Documents/GitHub/TFC/TFC_Project/Content/resouerce/temp/FirstPerson/FPWeapon/Materials/M_FPGun.uasset' failed to load '/Game/FirstPerson/FPWeapon/Materials/MaterialLayers/ML_Plastic_Shiny_Beige': Can't find file.
[2023.01.24-05.40.52:168][  0]LoadErrors: Failed to load /Game/resouerce/temp/FirstPerson/FPWeapon/Materials/M_FPGun.M_FPGun Referenced by tool_mesh_GEN_VARIABLE
[2023.01.24-05.40.52:169][  0]LogLinker: Warning: While loading '../../../../../../Users/chash/Documents/GitHub/TFC/TFC_Project/Content/resouerce/temp/FirstPerson/FPWeapon/Materials/M_FPGun.uasset' failed to load '/Game/FirstPerson/FPWeapon/Materials/MaterialLayers/ML_Screen': Can't find file.
[2023.01.24-05.40.52:169][  0]LoadErrors: Failed to load /Game/resouerce/temp/FirstPerson/FPWeapon/Materials/M_FPGun.M_FPGun Referenced by tool_mesh_GEN_VARIABLE
[2023.01.24-05.40.52:169][  0]LogLinker: Warning: While loading '../../../../../../Users/chash/Documents/GitHub/TFC/TFC_Project/Content/resouerce/temp/FirstPerson/FPWeapon/Materials/M_FPGun.uasset' failed to load '/Game/FirstPerson/FPWeapon/Materials/MaterialLayers/ML_Screen': Can't find file.
[2023.01.24-05.40.52:169][  0]LoadErrors: Failed to load /Game/resouerce/temp/FirstPerson/FPWeapon/Materials/M_FPGun.M_FPGun Referenced by tool_mesh_GEN_VARIABLE
[2023.01.24-05.40.52:169][  0]LogLinker: Warning: While loading '../../../../../../Users/chash/Documents/GitHub/TFC/TFC_Project/Content/resouerce/temp/FirstPerson/FPWeapon/Materials/M_FPGun.uasset' failed to load '/Game/FirstPerson/FPWeapon/Materials/MaterialLayers/ML_SoftMetal_UE4': Can't find file.
[2023.01.24-05.40.52:169][  0]LoadErrors: Failed to load /Game/resouerce/temp/FirstPerson/FPWeapon/Materials/M_FPGun.M_FPGun Referenced by tool_mesh_GEN_VARIABLE
[2023.01.24-05.40.52:170][  0]LogLinker: Warning: While loading '../../../../../../Users/chash/Documents/GitHub/TFC/TFC_Project/Content/resouerce/temp/FirstPerson/FPWeapon/Materials/M_FPGun.uasset' failed to load '/Game/FirstPerson/FPWeapon/Materials/MaterialLayers/ML_SoftMetal_UE4': Can't find file.
[2023.01.24-05.40.52:170][  0]LoadErrors: Failed to load /Game/resouerce/temp/FirstPerson/FPWeapon/Materials/M_FPGun.M_FPGun Referenced by tool_mesh_GEN_VARIABLE
[2023.01.24-05.40.52:170][  0]LogLinker: Warning: While loading '../../../../../../Users/chash/Documents/GitHub/TFC/TFC_Project/Content/resouerce/temp/FirstPerson/FPWeapon/Materials/M_FPGun.uasset' failed to load '/Game/FirstPerson/FPWeapon/Textures/T_FPGun_M': Can't find file.
[2023.01.24-05.40.52:170][  0]LoadErrors: Failed to load /Game/resouerce/temp/FirstPerson/FPWeapon/Materials/M_FPGun.M_FPGun Referenced by tool_mesh_GEN_VARIABLE
[2023.01.24-05.40.52:170][  0]LogLinker: Warning: While loading '../../../../../../Users/chash/Documents/GitHub/TFC/TFC_Project/Content/resouerce/temp/FirstPerson/FPWeapon/Materials/M_FPGun.uasset' failed to load '/Game/FirstPerson/FPWeapon/Textures/T_FPGun_M': Can't find file.
[2023.01.24-05.40.52:170][  0]LoadErrors: Failed to load /Game/resouerce/temp/FirstPerson/FPWeapon/Materials/M_FPGun.M_FPGun Referenced by tool_mesh_GEN_VARIABLE
[2023.01.24-05.40.52:171][  0]LogLinker: Warning: While loading '../../../../../../Users/chash/Documents/GitHub/TFC/TFC_Project/Content/resouerce/temp/FirstPerson/FPWeapon/Materials/M_FPGun.uasset' failed to load '/Game/FirstPerson/FPWeapon/Textures/T_FPGun_N': Can't find file.
[2023.01.24-05.40.52:171][  0]LoadErrors: Failed to load /Game/resouerce/temp/FirstPerson/FPWeapon/Materials/M_FPGun.M_FPGun Referenced by tool_mesh_GEN_VARIABLE
[2023.01.24-05.40.52:171][  0]LogLinker: Warning: While loading '../../../../../../Users/chash/Documents/GitHub/TFC/TFC_Project/Content/resouerce/temp/FirstPerson/FPWeapon/Materials/M_FPGun.uasset' failed to load '/Game/FirstPerson/FPWeapon/Textures/T_FPGun_N': Can't find file.
[2023.01.24-05.40.52:171][  0]LoadErrors: Failed to load /Game/resouerce/temp/FirstPerson/FPWeapon/Materials/M_FPGun.M_FPGun Referenced by tool_mesh_GEN_VARIABLE
[2023.01.24-05.40.52:171][  0]LogLinker: Warning: While loading '../../../../../../Users/chash/Documents/GitHub/TFC/TFC_Project/Content/resouerce/temp/FirstPerson/FPWeapon/Materials/M_FPGun.uasset' failed to load '/Game/FirstPerson/FPWeapon/Textures/T_FPGun_M': Can't find file.
[2023.01.24-05.40.52:171][  0]LoadErrors: Failed to load /Game/resouerce/temp/FirstPerson/FPWeapon/Materials/M_FPGun.M_FPGun Referenced by tool_mesh_GEN_VARIABLE
[2023.01.24-05.40.52:172][  0]LogLinker: Warning: While loading '../../../../../../Users/chash/Documents/GitHub/TFC/TFC_Project/Content/resouerce/temp/FirstPerson/FPWeapon/Materials/M_FPGun.uasset' failed to load '/Game/FirstPerson/FPWeapon/Textures/T_FPGun_M': Can't find file.
[2023.01.24-05.40.52:172][  0]LoadErrors: Failed to load /Game/resouerce/temp/FirstPerson/FPWeapon/Materials/M_FPGun.M_FPGun Referenced by tool_mesh_GEN_VARIABLE
[2023.01.24-05.40.52:172][  0]LogLinker: Warning: While loading '../../../../../../Users/chash/Documents/GitHub/TFC/TFC_Project/Content/resouerce/temp/FirstPerson/FPWeapon/Materials/M_FPGun.uasset' failed to load '/Game/FirstPerson/FPWeapon/Textures/T_FPGun_N': Can't find file.
[2023.01.24-05.40.52:172][  0]LoadErrors: Failed to load /Game/resouerce/temp/FirstPerson/FPWeapon/Materials/M_FPGun.M_FPGun Referenced by tool_mesh_GEN_VARIABLE
[2023.01.24-05.40.52:172][  0]LogLinker: Warning: While loading '../../../../../../Users/chash/Documents/GitHub/TFC/TFC_Project/Content/resouerce/temp/FirstPerson/FPWeapon/Materials/M_FPGun.uasset' failed to load '/Game/FirstPerson/FPWeapon/Textures/T_FPGun_N': Can't find file.
[2023.01.24-05.40.52:172][  0]LoadErrors: Failed to load /Game/resouerce/temp/FirstPerson/FPWeapon/Materials/M_FPGun.M_FPGun Referenced by tool_mesh_GEN_VARIABLE
[2023.01.24-05.40.52:523][  0]LogBlueprint: Warning: [Compiler Enemy_for_Test] Input pin  HP  specifying non-default value no longer exists on node  Enemy Init . Please refresh node or reset pin to default value to remove pin.
[2023.01.24-05.40.52:657][  0]LogLinker: Warning: While loading '../../../../../../Users/chash/Documents/GitHub/TFC/TFC_Project/Content/resouerce/temp/FirstPerson/FPWeapon/Materials/M_FPGun.uasset' failed to load '/Game/FirstPerson/FPWeapon/Materials/MaterialLayers/ML_SoftMetal_UE4': Can't find file.
[2023.01.24-05.40.52:657][  0]LoadErrors: Failed to load /Game/FirstPerson/FPWeapon/Materials/MaterialLayers/ML_SoftMetal_UE4.ML_SoftMetal_UE4 Referenced by M_FPGun
[2023.01.24-05.40.52:657][  0]LogLinker: Warning: While loading '../../../../../../Users/chash/Documents/GitHub/TFC/TFC_Project/Content/resouerce/temp/FirstPerson/FPWeapon/Materials/M_FPGun.uasset' failed to load '/Game/FirstPerson/FPWeapon/Materials/MaterialLayers/ML_SoftMetal_UE4': Can't find file.
[2023.01.24-05.40.52:658][  0]LoadErrors: Failed to load /Game/FirstPerson/FPWeapon/Materials/MaterialLayers/ML_SoftMetal_UE4.ML_SoftMetal_UE4 Referenced by M_FPGun
[2023.01.24-05.40.52:658][  0]LogLinker: Warning: While loading '../../../../../../Users/chash/Documents/GitHub/TFC/TFC_Project/Content/resouerce/temp/FirstPerson/FPWeapon/Materials/M_FPGun.uasset' failed to load '/Game/FirstPerson/FPWeapon/Materials/MaterialLayers/ML_GlossyBlack_Latex_UE4': Can't find file.
[2023.01.24-05.40.52:658][  0]LoadErrors: Failed to load /Game/FirstPerson/FPWeapon/Materials/MaterialLayers/ML_GlossyBlack_Latex_UE4.ML_GlossyBlack_Latex_UE4 Referenced by M_FPGun
[2023.01.24-05.40.52:658][  0]LogLinker: Warning: While loading '../../../../../../Users/chash/Documents/GitHub/TFC/TFC_Project/Content/resouerce/temp/FirstPerson/FPWeapon/Materials/M_FPGun.uasset' failed to load '/Game/FirstPerson/FPWeapon/Materials/MaterialLayers/ML_GlossyBlack_Latex_UE4': Can't find file.
[2023.01.24-05.40.52:658][  0]LoadErrors: Failed to load /Game/FirstPerson/FPWeapon/Materials/MaterialLayers/ML_GlossyBlack_Latex_UE4.ML_GlossyBlack_Latex_UE4 Referenced by M_FPGun
[2023.01.24-05.40.52:658][  0]LogLinker: Warning: While loading '../../../../../../Users/chash/Documents/GitHub/TFC/TFC_Project/Content/resouerce/temp/FirstPerson/FPWeapon/Materials/M_FPGun.uasset' failed to load '/Game/FirstPerson/FPWeapon/Materials/MaterialLayers/ML_Plastic_Shiny_Beige': Can't find file.
[2023.01.24-05.40.52:658][  0]LoadErrors: Failed to load /Game/FirstPerson/FPWeapon/Materials/MaterialLayers/ML_Plastic_Shiny_Beige.ML_Plastic_Shiny_Beige Referenced by M_FPGun
[2023.01.24-05.40.52:659][  0]LogLinker: Warning: While loading '../../../../../../Users/chash/Documents/GitHub/TFC/TFC_Project/Content/resouerce/temp/FirstPerson/FPWeapon/Materials/M_FPGun.uasset' failed to load '/Game/FirstPerson/FPWeapon/Materials/MaterialLayers/ML_Plastic_Shiny_Beige': Can't find file.
[2023.01.24-05.40.52:659][  0]LoadErrors: Failed to load /Game/FirstPerson/FPWeapon/Materials/MaterialLayers/ML_Plastic_Shiny_Beige.ML_Plastic_Shiny_Beige Referenced by M_FPGun
[2023.01.24-05.40.52:659][  0]LogLinker: Warning: While loading '../../../../../../Users/chash/Documents/GitHub/TFC/TFC_Project/Content/resouerce/temp/FirstPerson/FPWeapon/Materials/M_FPGun.uasset' failed to load '/Game/FirstPerson/FPWeapon/Materials/MaterialLayers/ML_Screen': Can't find file.
[2023.01.24-05.40.52:659][  0]LoadErrors: Failed to load /Game/FirstPerson/FPWeapon/Materials/MaterialLayers/ML_Screen.ML_Screen Referenced by M_FPGun
[2023.01.24-05.40.52:659][  0]LogLinker: Warning: While loading '../../../../../../Users/chash/Documents/GitHub/TFC/TFC_Project/Content/resouerce/temp/FirstPerson/FPWeapon/Materials/M_FPGun.uasset' failed to load '/Game/FirstPerson/FPWeapon/Materials/MaterialLayers/ML_Screen': Can't find file.
[2023.01.24-05.40.52:659][  0]LoadErrors: Failed to load /Game/FirstPerson/FPWeapon/Materials/MaterialLayers/ML_Screen.ML_Screen Referenced by M_FPGun
[2023.01.24-05.40.52:660][  0]LogLinker: Warning: While loading '../../../../../../Users/chash/Documents/GitHub/TFC/TFC_Project/Content/resouerce/temp/FirstPerson/FPWeapon/Materials/M_FPGun.uasset' failed to load '/Game/FirstPerson/FPWeapon/Materials/MaterialLayers/ML_Plastic_Shiny_Beige': Can't find file.
[2023.01.24-05.40.52:660][  0]LoadErrors: Failed to load /Game/FirstPerson/FPWeapon/Materials/MaterialLayers/ML_Plastic_Shiny_Beige.ML_Plastic_Shiny_Beige Referenced by MaterialExpressionMaterialFunctionCall_13
[2023.01.24-05.40.52:660][  0]LogLinker: Warning: While loading '../../../../../../Users/chash/Documents/GitHub/TFC/TFC_Project/Content/resouerce/temp/FirstPerson/FPWeapon/Materials/M_FPGun.uasset' failed to load '/Game/FirstPerson/FPWeapon/Materials/MaterialLayers/ML_Plastic_Shiny_Beige': Can't find file.
[2023.01.24-05.40.52:660][  0]LoadErrors: Failed to load /Game/FirstPerson/FPWeapon/Materials/MaterialLayers/ML_Plastic_Shiny_Beige.ML_Plastic_Shiny_Beige Referenced by MaterialExpressionMaterialFunctionCall_13
[2023.01.24-05.40.52:661][  0]LogLinker: Warning: While loading '../../../../../../Users/chash/Documents/GitHub/TFC/TFC_Project/Content/resouerce/temp/FirstPerson/FPWeapon/Materials/M_FPGun.uasset' failed to load '/Game/FirstPerson/FPWeapon/Materials/MaterialLayers/ML_Screen': Can't find file.
[2023.01.24-05.40.52:661][  0]LoadErrors: Failed to load /Game/FirstPerson/FPWeapon/Materials/MaterialLayers/ML_Screen.ML_Screen Referenced by MaterialExpressionMaterialFunctionCall_4
[2023.01.24-05.40.52:661][  0]LogLinker: Warning: While loading '../../../../../../Users/chash/Documents/GitHub/TFC/TFC_Project/Content/resouerce/temp/FirstPerson/FPWeapon/Materials/M_FPGun.uasset' failed to load '/Game/FirstPerson/FPWeapon/Materials/MaterialLayers/ML_Screen': Can't find file.
[2023.01.24-05.40.52:661][  0]LoadErrors: Failed to load /Game/FirstPerson/FPWeapon/Materials/MaterialLayers/ML_Screen.ML_Screen Referenced by MaterialExpressionMaterialFunctionCall_4
[2023.01.24-05.40.52:662][  0]LogLinker: Warning: While loading '../../../../../../Users/chash/Documents/GitHub/TFC/TFC_Project/Content/resouerce/temp/FirstPerson/FPWeapon/Materials/M_FPGun.uasset' failed to load '/Game/FirstPerson/FPWeapon/Materials/MaterialLayers/ML_SoftMetal_UE4': Can't find file.
[2023.01.24-05.40.52:662][  0]LoadErrors: Failed to load /Game/FirstPerson/FPWeapon/Materials/MaterialLayers/ML_SoftMetal_UE4.ML_SoftMetal_UE4 Referenced by MaterialExpressionMaterialFunctionCall_8
[2023.01.24-05.40.52:662][  0]LogLinker: Warning: While loading '../../../../../../Users/chash/Documents/GitHub/TFC/TFC_Project/Content/resouerce/temp/FirstPerson/FPWeapon/Materials/M_FPGun.uasset' failed to load '/Game/FirstPerson/FPWeapon/Materials/MaterialLayers/ML_SoftMetal_UE4': Can't find file.
[2023.01.24-05.40.52:662][  0]LoadErrors: Failed to load /Game/FirstPerson/FPWeapon/Materials/MaterialLayers/ML_SoftMetal_UE4.ML_SoftMetal_UE4 Referenced by MaterialExpressionMaterialFunctionCall_8
[2023.01.24-05.40.52:662][  0]LogLinker: Warning: While loading '../../../../../../Users/chash/Documents/GitHub/TFC/TFC_Project/Content/resouerce/temp/FirstPerson/FPWeapon/Materials/M_FPGun.uasset' failed to load '/Game/FirstPerson/FPWeapon/Materials/MaterialLayers/ML_GlossyBlack_Latex_UE4': Can't find file.
[2023.01.24-05.40.52:662][  0]LoadErrors: Failed to load /Game/FirstPerson/FPWeapon/Materials/MaterialLayers/ML_GlossyBlack_Latex_UE4.ML_GlossyBlack_Latex_UE4 Referenced by MaterialExpressionMaterialFunctionCall_9
[2023.01.24-05.40.52:663][  0]LogLinker: Warning: While loading '../../../../../../Users/chash/Documents/GitHub/TFC/TFC_Project/Content/resouerce/temp/FirstPerson/FPWeapon/Materials/M_FPGun.uasset' failed to load '/Game/FirstPerson/FPWeapon/Materials/MaterialLayers/ML_GlossyBlack_Latex_UE4': Can't find file.
[2023.01.24-05.40.52:663][  0]LoadErrors: Failed to load /Game/FirstPerson/FPWeapon/Materials/MaterialLayers/ML_GlossyBlack_Latex_UE4.ML_GlossyBlack_Latex_UE4 Referenced by MaterialExpressionMaterialFunctionCall_9
[2023.01.24-05.40.52:663][  0]LogLinker: Warning: While loading '../../../../../../Users/chash/Documents/GitHub/TFC/TFC_Project/Content/resouerce/temp/FirstPerson/FPWeapon/Materials/M_FPGun.uasset' failed to load '/Game/FirstPerson/FPWeapon/Textures/T_FPGun_N': Can't find file.
[2023.01.24-05.40.52:663][  0]LoadErrors: Failed to load /Game/FirstPerson/FPWeapon/Textures/T_FPGun_N.T_FPGun_N Referenced by MaterialExpressionTextureSampleParameter2D_2
[2023.01.24-05.40.52:663][  0]LogLinker: Warning: While loading '../../../../../../Users/chash/Documents/GitHub/TFC/TFC_Project/Content/resouerce/temp/FirstPerson/FPWeapon/Materials/M_FPGun.uasset' failed to load '/Game/FirstPerson/FPWeapon/Textures/T_FPGun_N': Can't find file.
[2023.01.24-05.40.52:663][  0]LoadErrors: Failed to load /Game/FirstPerson/FPWeapon/Textures/T_FPGun_N.T_FPGun_N Referenced by MaterialExpressionTextureSampleParameter2D_2
[2023.01.24-05.40.52:664][  0]LogLinker: Warning: While loading '../../../../../../Users/chash/Documents/GitHub/TFC/TFC_Project/Content/resouerce/temp/FirstPerson/FPWeapon/Materials/M_FPGun.uasset' failed to load '/Game/FirstPerson/FPWeapon/Textures/T_FPGun_M': Can't find file.
[2023.01.24-05.40.52:664][  0]LoadErrors: Failed to load /Game/FirstPerson/FPWeapon/Textures/T_FPGun_M.T_FPGun_M Referenced by MaterialExpressionTextureSampleParameter2D_3
[2023.01.24-05.40.52:664][  0]LogLinker: Warning: While loading '../../../../../../Users/chash/Documents/GitHub/TFC/TFC_Project/Content/resouerce/temp/FirstPerson/FPWeapon/Materials/M_FPGun.uasset' failed to load '/Game/FirstPerson/FPWeapon/Textures/T_FPGun_M': Can't find file.
[2023.01.24-05.40.52:664][  0]LoadErrors: Failed to load /Game/FirstPerson/FPWeapon/Textures/T_FPGun_M.T_FPGun_M Referenced by MaterialExpressionTextureSampleParameter2D_3
[2023.01.24-05.40.52:664][  0]LogLinker: Warning: While loading '../../../../../../Users/chash/Documents/GitHub/TFC/TFC_Project/Content/resouerce/temp/FirstPerson/FPWeapon/Mesh/SK_FPGun.uasset' failed to load '/Game/FirstPerson/FPWeapon/Mesh/SK_FPGun_Skeleton': Can't find file.
[2023.01.24-05.40.52:664][  0]LoadErrors: Failed to load /Game/FirstPerson/FPWeapon/Mesh/SK_FPGun_Skeleton.SK_FPGun_Skeleton Referenced by SK_FPGun
[2023.01.24-05.40.52:665][  0]LogLinker: Warning: While loading '../../../../../../Users/chash/Documents/GitHub/TFC/TFC_Project/Content/resouerce/temp/FirstPerson/FPWeapon/Mesh/SK_FPGun.uasset' failed to load '/Game/FirstPerson/FPWeapon/Mesh/SK_FPGun_Skeleton': Can't find file.
[2023.01.24-05.40.52:665][  0]LoadErrors: Failed to load /Game/FirstPerson/FPWeapon/Mesh/SK_FPGun_Skeleton.SK_FPGun_Skeleton Referenced by SK_FPGun
[2023.01.24-05.40.52:665][  0]LogLinker: Warning: While loading '../../../../../../Users/chash/Documents/GitHub/TFC/TFC_Project/Content/resouerce/temp/FirstPerson/FPWeapon/Mesh/SK_FPGun.uasset' failed to load '/Game/FirstPerson/FPWeapon/Materials/M_FPGun': Can't find file.
[2023.01.24-05.40.52:665][  0]LoadErrors: Failed to load /Game/FirstPerson/FPWeapon/Materials/M_FPGun.M_FPGun Referenced by SK_FPGun
[2023.01.24-05.40.52:665][  0]LogLinker: Warning: While loading '../../../../../../Users/chash/Documents/GitHub/TFC/TFC_Project/Content/resouerce/temp/FirstPerson/FPWeapon/Mesh/SK_FPGun.uasset' failed to load '/Game/FirstPerson/FPWeapon/Materials/M_FPGun': Can't find file.
[2023.01.24-05.40.52:665][  0]LoadErrors: Failed to load /Game/FirstPerson/FPWeapon/Materials/M_FPGun.M_FPGun Referenced by SK_FPGun
[2023.01.24-05.40.52:803][  0]LogMaterial: Display: Missing cached shader map for material M_FPGun, compiling. 
[2023.01.24-05.40.52:806][  0]LogMaterial: Warning: C:\Users\chash\Documents\GitHub\TFC\TFC_Project\Content\resouerce\temp\FirstPerson\FPWeapon\Materials\M_FPGun.uasset: Failed to compile Material for platform PCD3D_SM5, Default Material will be used in game.
[2023.01.24-05.40.52:806][  0]LogMaterial: Display: 	Missing Material Function
[2023.01.24-05.40.52:806][  0]LogMaterial: Display: 	(Node TextureSampleParameter2D) Param2D> Found NULL, requires Texture2D
[2023.01.24-05.40.52:806][  0]LogMaterial: Display: 	Function MatLayerBlend_NormalBlend: (Node MakeMaterialAttributes) Error on property Normal
[2023.01.24-05.40.52:806][  0]LogMaterial: Display: 	Function MatLayerBlend_Simple: (Node MakeMaterialAttributes) Error on property EmissiveColor
[2023.01.24-05.40.52:806][  0]LogMaterial: Display: 	Function MatLayerBlend_Simple: (Node MakeMaterialAttributes) Error on property BaseColor
[2023.01.24-05.40.52:806][  0]LogMaterial: Display: 	Function MatLayerBlend_Simple: (Node MakeMaterialAttributes) Error on property Metallic
[2023.01.24-05.40.52:806][  0]LogMaterial: Display: 	Function MatLayerBlend_Simple: (Node MakeMaterialAttributes) Error on property Roughness
[2023.01.24-05.40.52:824][  0]LogAIModule: Creating AISystem for world testing_Map
[2023.01.24-05.40.52:832][  0]LogActor: Error: SetOwner(): Failed to set 'enemy1_2' owner of 'enemy1_2' because it would cause an Owner loop
[2023.01.24-05.40.52:832][  0]LogActor: Error: SetOwner(): Failed to set 'Enemy_for_Test_2' owner of 'Enemy_for_Test_2' because it would cause an Owner loop
[2023.01.24-05.40.52:833][  0]LogEditorServer: Finished looking for orphan Actors (0.000 secs)
[2023.01.24-05.40.52:865][  0]LogUObjectHash: Compacting FUObjectHashTables data took   2.29ms
[2023.01.24-05.40.52:866][  0]Cmd: MAP CHECKDEP NOCLEARLOG
[2023.01.24-05.40.52:866][  0]MapCheck: Map check complete: 0 Error(s), 0 Warning(s), took 0.242ms to complete.
[2023.01.24-05.40.52:866][  0]LogFileHelpers: Loading map 'testing_Map' took 0.843
[2023.01.24-05.40.52:927][  0]LogSlate: Updating window title bar state: overlay mode, drag disabled, window buttons hidden, title bar hidden
[2023.01.24-05.40.52:933][  0]LogSlate: Updating window title bar state: overlay mode, drag disabled, window buttons hidden, title bar hidden
[2023.01.24-05.40.52:938][  0]LogSlate: Updating window title bar state: overlay mode, drag disabled, window buttons hidden, title bar hidden
[2023.01.24-05.40.52:944][  0]LogSlate: Updating window title bar state: overlay mode, drag disabled, window buttons hidden, title bar hidden
[2023.01.24-05.40.52:951][  0]LogCollectionManager: Loaded 0 collections in 0.001450 seconds
[2023.01.24-05.40.52:961][  0]LogFileCache: Scanning file cache for directory 'C:/Users/chash/Documents/GitHub/TFC/TFC_Project/Saved/Collections/' took 0.00s
[2023.01.24-05.40.52:961][  0]LogFileCache: Scanning file cache for directory 'C:/Users/chash/Documents/GitHub/TFC/TFC_Project/Content/Developers/Geunhui/Collections/' took 0.00s
[2023.01.24-05.40.52:961][  0]LogFileCache: Scanning file cache for directory 'C:/Users/chash/Documents/GitHub/TFC/TFC_Project/Content/Collections/' took 0.00s
[2023.01.24-05.40.52:961][  0]LogContentBrowser: Native class hierarchy populated in 0.0069 seconds. Added 3046 classes and 728 folders.
[2023.01.24-05.40.52:964][  0]LogContentBrowser: Native class hierarchy updated for 'WidgetCarousel' in 0.0003 seconds. Added 0 classes and 0 folders.
[2023.01.24-05.40.53:046][  0]LogContentBrowser: Native class hierarchy updated for 'AddContentDialog' in 0.0004 seconds. Added 0 classes and 0 folders.
[2023.01.24-05.40.53:051][  0]LogContentBrowser: Native class hierarchy updated for 'SceneOutliner' in 0.0003 seconds. Added 2 classes and 3 folders.
[2023.01.24-05.40.53:147][  0]LogSlate: Took 0.000330 seconds to synchronously load lazily loaded font '../../../Engine/Content/Slate/Fonts/Roboto-Bold.ttf' (160K)
[2023.01.24-05.40.53:151][  0]LogSlate: Took 0.000347 seconds to synchronously load lazily loaded font '../../../Engine/Content/Editor/Slate/Fonts/FontAwesome.ttf' (139K)
[2023.01.24-05.40.53:192][  0]LogRenderer: Reallocating scene render targets to support 1136x592 Format 10 NumSamples 1 (Frame:1).
[2023.01.24-05.40.53:275][  0]LogContentBrowser: Native class hierarchy updated for 'HierarchicalLODOutliner' in 0.0003 seconds. Added 0 classes and 0 folders.
[2023.01.24-05.40.53:275][  0]LogLoad: (Engine Initialization) Total time: 13.75 seconds
[2023.01.24-05.40.53:275][  0]LogLoad: (Engine Initialization) Total Blueprint compile time: 0.00 seconds
[2023.01.24-05.40.53:337][  0]LogContentStreaming: Texture pool size now 1000 MB
[2023.01.24-05.40.53:450][  0]LogRenderer: Reallocating scene render targets to support 1136x608 Format 10 NumSamples 1 (Frame:3).
[2023.01.24-05.40.53:450][  0]LogSlate: Took 0.000270 seconds to synchronously load lazily loaded font '../../../Engine/Content/Slate/Fonts/Roboto-Light.ttf' (167K)
[2023.01.24-05.40.53:463][  1]LogFileCache: Retrieving MD5 hashes for directory 'C:/Users/chash/Documents/GitHub/TFC/TFC_Project/Content/' took 0.17s
[2023.01.24-05.40.53:478][  1]LogAssetRegistry: Asset discovery search completed in 10.0610 seconds
[2023.01.24-05.40.53:482][  1]LogCollectionManager: Fixed up redirectors for 0 collections in 0.000006 seconds (updated 0 objects)
[2023.01.24-05.40.54:648][122]LogSlate: Window 'Message Log' being destroyed
[2023.01.24-05.40.54:651][122]LogSlate: Window 'Message Log' being destroyed
[2023.01.24-05.41.09:232][839]LogSlate: Took 0.000333 seconds to synchronously load lazily loaded font '../../../Engine/Content/Slate/Fonts/Roboto-Light.ttf' (167K)
[2023.01.24-05.41.09:243][839]LogAssetEditorSubsystem: Opening Asset editor for WidgetBlueprint /Game/blueprints/UI/wdg_towerBuild.wdg_towerBuild
[2023.01.24-05.41.09:388][839]LogContentBrowser: Native class hierarchy updated for 'BlueprintGraph' in 0.0005 seconds. Added 121 classes and 0 folders.
[2023.01.24-05.41.10:330][839]LogSlate: Took 0.000249 seconds to synchronously load lazily loaded font '../../../Engine/Content/Slate/Fonts/Roboto-BoldCondensed.ttf' (158K)
[2023.01.24-05.41.11:294][932]LogSlate: Took 0.000518 seconds to synchronously load lazily loaded font '../../../Engine/Content/Slate/Fonts/Roboto-Italic.ttf' (157K)
[2023.01.24-05.41.20:944][ 13]LogBlueprintUserMessages: [BasicTower_C_0] Hello
[2023.01.24-05.41.22:562][203]LogAssetEditorSubsystem: Opening Asset editor for Blueprint /Game/blueprints/Tower/Tower.Tower
[2023.01.24-05.41.23:030][204]LogSlate: Took 0.001914 seconds to synchronously load lazily loaded font '../../../Engine/Content/Slate/Fonts/DroidSansFallback.ttf' (3848K)
[2023.01.24-05.41.41:068][539]LogSlate: Window 'Tower' being destroyed
[2023.01.24-05.41.41:073][539]LogSlate: Window 'Tower' being destroyed
[2023.01.24-05.41.41:075][539]LogWorld: UWorld::CleanupWorld for World_2, bSessionEnded=true, bCleanupResources=true
[2023.01.24-05.41.41:075][539]LogSlate: InvalidateAllWidgets triggered.  All widgets were invalidated
[2023.01.24-05.41.41:080][539]LogWorld: UWorld::CleanupWorld for World_1, bSessionEnded=true, bCleanupResources=true
[2023.01.24-05.41.41:080][539]LogSlate: InvalidateAllWidgets triggered.  All widgets were invalidated
[2023.01.24-05.41.41:127][539]LogWorld: UWorld::CleanupWorld for World_6, bSessionEnded=true, bCleanupResources=true
[2023.01.24-05.41.41:127][539]LogSlate: InvalidateAllWidgets triggered.  All widgets were invalidated
[2023.01.24-05.41.43:382][798]LogAssetEditorSubsystem: Opening Asset editor for Blueprint /Game/blueprints/Tower/BasicTower.BasicTower
[2023.01.24-05.41.43:670][798]LogBlueprintUserMessages: [BasicTower_C_0] Hello
[2023.01.24-05.41.47:083][ 92]LogBlueprintUserMessages: [BasicTower_C_0] Hello
[2023.01.24-05.41.47:112][ 93]LogRenderer: Reallocating scene render targets to support 1348x708 Format 10 NumSamples 1 (Frame:1).
[2023.01.24-05.42.05:264][821]LogSlate: Window 'BasicTower' being destroyed
[2023.01.24-05.42.05:271][821]LogWorld: UWorld::CleanupWorld for World_7, bSessionEnded=true, bCleanupResources=true
[2023.01.24-05.42.05:271][821]LogSlate: InvalidateAllWidgets triggered.  All widgets were invalidated
[2023.01.24-05.42.13:465][776]LogAssetEditorSubsystem: Opening Asset editor for Blueprint /Game/blueprints/others/Observer/tower_manager.tower_manager
[2023.01.24-05.42.34:689][642]LogSlate: Window 'tower_manager' being destroyed
[2023.01.24-05.42.34:695][642]LogSlate: Window 'tower_manager' being destroyed
[2023.01.24-05.42.34:696][642]LogWorld: UWorld::CleanupWorld for World_9, bSessionEnded=true, bCleanupResources=true
[2023.01.24-05.42.34:696][642]LogSlate: InvalidateAllWidgets triggered.  All widgets were invalidated
[2023.01.24-05.42.51:670][643]LogActor: Error: SetOwner(): Failed to set 'enemy1_C_0' owner of 'enemy1_C_0' because it would cause an Owner loop
[2023.01.24-05.42.54:337][961]LogActor: Error: SetOwner(): Failed to set 'testEnemy2_C_0' owner of 'testEnemy2_C_0' because it would cause an Owner loop
[2023.01.24-05.42.54:337][961]LogScript: Warning: Script Msg: Attempted to access index 0 from array 'CallFunc_GetAllActorsWithTag_OutActors' of length 0 in '/Game/blueprints/monster/test/testEnemy2.testEnemy2_C:UserConstructionScript'!
[2023.01.24-05.42.54:352][962]LogActor: Error: SetOwner(): Failed to set 'Enemy_for_Test_C_0' owner of 'Enemy_for_Test_C_0' because it would cause an Owner loop
[2023.01.24-05.43.05:647][292]LogAssetEditorSubsystem: Opening Asset editor for WidgetBlueprint /Game/blueprints/UI/wdg_towerUpgrade.wdg_towerUpgrade
[2023.01.24-05.43.20:382][610]LogAssetEditorSubsystem: Opening Asset editor for WidgetBlueprint /Game/blueprints/UI/wdg_towerBuild.wdg_towerBuild
[2023.01.24-05.43.24:827][ 75]LogAssetEditorSubsystem: Opening Asset editor for Blueprint /Game/blueprints/player/tool/terminal.terminal
[2023.01.24-05.43.36:632][173]LogAssetEditorSubsystem: Opening Asset editor for Blueprint /Game/blueprints/Tower/TowerBase.TowerBase
[2023.01.24-05.43.45:596][909]LogWorld: UWorld::CleanupWorld for World_23, bSessionEnded=true, bCleanupResources=true
[2023.01.24-05.43.45:596][909]LogSlate: InvalidateAllWidgets triggered.  All widgets were invalidated
[2023.01.24-05.43.53:190][757]LogAssetEditorSubsystem: Opening Asset editor for Blueprint /Game/blueprints/Tower/SniperTower.SniperTower
[2023.01.24-05.44.05:077][785]LogWorld: UWorld::CleanupWorld for World_24, bSessionEnded=true, bCleanupResources=true
[2023.01.24-05.44.05:077][785]LogSlate: InvalidateAllWidgets triggered.  All widgets were invalidated
[2023.01.24-05.44.07:451][ 13]LogAssetEditorSubsystem: Opening Asset editor for Blueprint /Game/blueprints/Tower/Tower.Tower
[2023.01.24-05.45.21:017][212]LogAssetEditorSubsystem: Opening Asset editor for Blueprint /Game/blueprints/OnCollections/Modules/AoeModule1.AoeModule1
[2023.01.24-05.45.28:922][968]LogSlate: Window 'AoeModule1' being destroyed
[2023.01.24-05.45.28:926][968]LogSlate: Window 'AoeModule1' being destroyed
[2023.01.24-05.45.28:928][968]LogWorld: UWorld::CleanupWorld for World_19, bSessionEnded=true, bCleanupResources=true
[2023.01.24-05.45.28:928][968]LogSlate: InvalidateAllWidgets triggered.  All widgets were invalidated
[2023.01.24-05.45.28:945][968]LogWorld: UWorld::CleanupWorld for World_18, bSessionEnded=true, bCleanupResources=true
[2023.01.24-05.45.28:946][968]LogSlate: InvalidateAllWidgets triggered.  All widgets were invalidated
[2023.01.24-05.45.28:999][968]LogWorld: UWorld::CleanupWorld for World_21, bSessionEnded=true, bCleanupResources=true
[2023.01.24-05.45.28:999][968]LogSlate: InvalidateAllWidgets triggered.  All widgets were invalidated
[2023.01.24-05.45.29:014][968]LogWorld: UWorld::CleanupWorld for World_20, bSessionEnded=true, bCleanupResources=true
[2023.01.24-05.45.29:014][968]LogSlate: InvalidateAllWidgets triggered.  All widgets were invalidated
[2023.01.24-05.45.29:054][968]LogWorld: UWorld::CleanupWorld for World_22, bSessionEnded=true, bCleanupResources=true
[2023.01.24-05.45.29:054][968]LogSlate: InvalidateAllWidgets triggered.  All widgets were invalidated
[2023.01.24-05.45.29:104][968]LogActorComponent: UnregisterComponent: (/Engine/Transient.EditorFloorComp) Not registered. Aborting.
[2023.01.24-05.45.29:104][968]LogWorld: UWorld::CleanupWorld for World_25, bSessionEnded=true, bCleanupResources=true
[2023.01.24-05.45.29:104][968]LogSlate: InvalidateAllWidgets triggered.  All widgets were invalidated
[2023.01.24-05.45.29:176][968]LogWorld: UWorld::CleanupWorld for World_26, bSessionEnded=true, bCleanupResources=true
[2023.01.24-05.45.29:176][968]LogSlate: InvalidateAllWidgets triggered.  All widgets were invalidated
[2023.01.24-06.33.31:499][344]LogAssetEditorSubsystem: Opening Asset editor for Blueprint /Game/blueprints/OnCollections/Modules/Module.Module
[2023.01.24-06.33.44:123][605]LogSlate: Window 'Module' being destroyed
[2023.01.24-06.33.44:130][605]LogSlate: Window 'Module' being destroyed
[2023.01.24-06.33.44:140][605]LogWorld: UWorld::CleanupWorld for World_27, bSessionEnded=true, bCleanupResources=true
[2023.01.24-06.33.44:140][605]LogSlate: InvalidateAllWidgets triggered.  All widgets were invalidated
[2023.01.24-06.34.08:881][546]LogAssetEditorSubsystem: Opening Asset editor for Blueprint /Game/blueprints/Tower/Tower.Tower
[2023.01.24-06.35.32:169][324]LogSlate: Window 'Tower' being destroyed
[2023.01.24-06.35.32:179][324]LogSlate: Window 'Tower' being destroyed
[2023.01.24-06.35.32:179][324]LogWorld: UWorld::CleanupWorld for World_28, bSessionEnded=true, bCleanupResources=true
[2023.01.24-06.35.32:179][324]LogSlate: InvalidateAllWidgets triggered.  All widgets were invalidated
