Log file open, 01/20/23 17:54:53
LogWindows: Failed to load 'aqProf.dll' (GetLastError=126)
LogWindows: File 'aqProf.dll' does not exist
LogWindows: Failed to load 'VtuneApi.dll' (GetLastError=126)
LogWindows: File 'VtuneApi.dll' does not exist
LogWindows: Failed to load 'VtuneApi32e.dll' (GetLastError=126)
LogWindows: File 'VtuneApi32e.dll' does not exist
LogConsoleResponse: Display: Failed to find resolution value strings in scalability ini. Falling back to default.
LogInit: Display: Running engine for game: TFC_Project
LogPlatformFile: Not using cached read wrapper
LogTaskGraph: Started task graph with 5 named threads and 35 total threads with 3 sets of task threads.
LogStats: Stats thread started at 0.078752
LogD3D11RHI: Loaded GFSDK_Aftermath_Lib.x64.dll
LogICUInternationalization: ICU TimeZone Detection - Raw Offset: +9:00, Platform Override: ''
LogPluginManager: Mounting plugin Paper2D
LogPluginManager: Mounting plugin AISupport
LogPluginManager: Mounting plugin LightPropagationVolume
LogPluginManager: Mounting plugin ActorLayerUtilities
LogPluginManager: Mounting plugin AnimationSharing
LogPluginManager: Mounting plugin CLionSourceCodeAccess
LogPluginManager: Mounting plugin CodeLiteSourceCodeAccess
LogPluginManager: Mounting plugin GitSourceControl
LogPluginManager: Mounting plugin KDevelopSourceCodeAccess
LogPluginManager: Mounting plugin NullSourceCodeAccess
LogPluginManager: Mounting plugin PerforceSourceControl
LogPluginManager: Mounting plugin PlasticSourceControl
LogPluginManager: Mounting plugin SubversionSourceControl
LogPluginManager: Mounting plugin UObjectPlugin
LogPluginManager: Mounting plugin VisualStudioCodeSourceCodeAccess
LogPluginManager: Mounting plugin VisualStudioSourceCodeAccess
LogPluginManager: Mounting plugin XCodeSourceCodeAccess
LogPluginManager: Mounting plugin AssetManagerEditor
LogPluginManager: Mounting plugin CryptoKeys
LogPluginManager: Mounting plugin CurveEditorTools
LogPluginManager: Mounting plugin DataValidation
LogPluginManager: Mounting plugin FacialAnimation
LogPluginManager: Mounting plugin GameplayTagsEditor
LogPluginManager: Mounting plugin MacGraphicsSwitching
LogPluginManager: Mounting plugin MaterialAnalyzer
LogPluginManager: Mounting plugin MobileLauncherProfileWizard
LogPluginManager: Mounting plugin PluginBrowser
LogPluginManager: Mounting plugin SpeedTreeImporter
LogPluginManager: Mounting plugin DatasmithContent
LogPluginManager: Mounting plugin VariantManagerContent
LogPluginManager: Mounting plugin AlembicImporter
LogPluginManager: Mounting plugin AutomationUtils
LogPluginManager: Mounting plugin BackChannel
LogPluginManager: Mounting plugin CharacterAI
LogPluginManager: Mounting plugin GeometryCache
LogPluginManager: Mounting plugin PlatformCrypto
LogPluginManager: Mounting plugin ProxyLODPlugin
LogPluginManager: Mounting plugin SkeletalReduction
LogPluginManager: Mounting plugin MagicLeap
LogPluginManager: Mounting plugin MagicLeapMedia
LogPluginManager: Mounting plugin MLSDK
LogPluginManager: Mounting plugin LowEntryExtStdLib
LogPluginManager: Mounting plugin AndroidMedia
LogPluginManager: Mounting plugin AvfMedia
LogPluginManager: Mounting plugin ImgMedia
LogPluginManager: Mounting plugin MediaCompositing
LogPluginManager: Mounting plugin MediaPlayerEditor
LogPluginManager: Mounting plugin WebMMedia
LogPluginManager: Mounting plugin WmfMedia
LogPluginManager: Mounting plugin TcpMessaging
LogPluginManager: Mounting plugin UdpMessaging
LogPluginManager: Mounting plugin ActorSequence
LogPluginManager: Mounting plugin LevelSequenceEditor
LogPluginManager: Mounting plugin MatineeToLevelSequence
LogPluginManager: Mounting plugin NetcodeUnitTest
LogPluginManager: Mounting plugin NUTUnrealEngine4
LogPluginManager: Mounting plugin OnlineSubsystemGooglePlay
LogPluginManager: Mounting plugin OnlineSubsystemIOS
LogPluginManager: Mounting plugin OnlineSubsystem
LogPluginManager: Mounting plugin OnlineSubsystemNull
LogPluginManager: Mounting plugin OnlineSubsystemUtils
LogPluginManager: Mounting plugin LauncherChunkInstaller
LogPluginManager: Mounting plugin AndroidDeviceProfileSelector
LogPluginManager: Mounting plugin AndroidMoviePlayer
LogPluginManager: Mounting plugin AndroidPermission
LogPluginManager: Mounting plugin AppleImageUtils
LogPluginManager: Mounting plugin AppleMoviePlayer
LogPluginManager: Mounting plugin ArchVisCharacter
LogPluginManager: Mounting plugin AssetTags
LogPluginManager: Mounting plugin AudioCapture
LogPluginManager: Mounting plugin CableComponent
LogPluginManager: Mounting plugin CustomMeshComponent
LogPluginManager: Mounting plugin EditableMesh
LogPluginManager: Mounting plugin ExampleDeviceProfileSelector
LogPluginManager: Mounting plugin GoogleCloudMessaging
LogPluginManager: Mounting plugin IOSDeviceProfileSelector
LogPluginManager: Mounting plugin LinuxDeviceProfileSelector
LogPluginManager: Mounting plugin LocationServicesBPLibrary
LogPluginManager: Mounting plugin MobilePatchingUtils
LogPluginManager: Mounting plugin OculusVR
LogPluginManager: Mounting plugin PhysXVehicles
LogPluginManager: Mounting plugin PostSplashScreen
LogPluginManager: Mounting plugin ProceduralMeshComponent
LogPluginManager: Mounting plugin RuntimePhysXCooking
LogPluginManager: Mounting plugin SignificanceManager
LogPluginManager: Mounting plugin SteamVR
LogPluginManager: Mounting plugin WebMMoviePlayer
LogPluginManager: Mounting plugin WindowsMoviePlayer
LogPluginManager: Mounting plugin ScreenshotTools
LogInit: Using libcurl 7.55.1-DEV
LogInit:  - built for x86_64-pc-win32
LogInit:  - supports SSL with OpenSSL/1.1.1
LogInit:  - supports HTTP deflate (compression) using libz 1.2.8
LogInit:  - other features:
LogInit:      CURL_VERSION_SSL
LogInit:      CURL_VERSION_LIBZ
LogInit:      CURL_VERSION_IPV6
LogInit:      CURL_VERSION_ASYNCHDNS
LogInit:      CURL_VERSION_LARGEFILE
LogInit:      CURL_VERSION_IDN
LogInit:  CurlRequestOptions (configurable via config and command line):
LogInit:  - bVerifyPeer = true  - Libcurl will verify peer certificate
LogInit:  - bUseHttpProxy = false  - Libcurl will NOT use HTTP proxy
LogInit:  - bDontReuseConnections = false  - Libcurl will reuse connections
LogInit:  - MaxHostConnections = 16  - Libcurl will limit the number of connections to a host
LogInit:  - LocalHostAddr = Default
LogInit:  - BufferSize = 65536
LogOnline: OSS: Creating online subsystem instance for: NULL
LogInit: WinSock: version 1.1 (2.2), MaxSocks=32767, MaxUdp=65467
LogOnline: OSS: TryLoadSubsystemAndSetDefault: Loaded subsystem for module [NULL]
LogInit: Build: ++UE4+Release-4.24-CL-11590370
LogInit: Engine Version: 4.24.3-11590370+++UE4+Release-4.24
LogInit: Compatible Engine Version: 4.24.0-10570792+++UE4+Release-4.24
LogInit: Net CL: 10570792
LogInit: OS: Windows 10 (Release 2009) (), CPU: Intel(R) Core(TM) i5-10400F CPU @ 2.90GHz, GPU: NVIDIA GeForce RTX 3060 Ti
LogInit: Compiled (64-bit): Feb 24 2020 15:39:18
LogInit: Compiled with Visual C++: 19.16.27032.01
LogInit: Build Configuration: Development
LogInit: Branch Name: ++UE4+Release-4.24
LogInit: Command Line: 
LogInit: Base Directory: C:/Program Files/Epic Games/UE_4.24/Engine/Binaries/Win64/
LogInit: Installed Engine Build: 1
LogDevObjectVersion: Number of dev versions registered: 25
LogDevObjectVersion:   Dev-Blueprints (B0D832E4-1F89-4F0D-ACCF-7EB736FD4AA2): 10
LogDevObjectVersion:   Dev-Build (E1C64328-A22C-4D53-A36C-8E866417BD8C): 0
LogDevObjectVersion:   Dev-Core (375EC13C-06E4-48FB-B500-84F0262A717E): 3
LogDevObjectVersion:   Dev-Editor (E4B068ED-F494-42E9-A231-DA0B2E46BB41): 37
LogDevObjectVersion:   Dev-Framework (CFFC743F-43B0-4480-9391-14DF171D2073): 36
LogDevObjectVersion:   Dev-Mobile (B02B49B5-BB20-44E9-A304-32B752E40360): 2
LogDevObjectVersion:   Dev-Networking (A4E4105C-59A1-49B5-A7C5-40C4547EDFEE): 0
LogDevObjectVersion:   Dev-Online (39C831C9-5AE6-47DC-9A44-9C173E1C8E7C): 0
LogDevObjectVersion:   Dev-Physics (78F01B33-EBEA-4F98-B9B4-84EACCB95AA2): 2
LogDevObjectVersion:   Dev-Platform (6631380F-2D4D-43E0-8009-CF276956A95A): 0
LogDevObjectVersion:   Dev-Rendering (12F88B9F-8875-4AFC-A67C-D90C383ABD29): 36
LogDevObjectVersion:   Dev-Sequencer (7B5AE74C-D270-4C10-A958-57980B212A5A): 11
LogDevObjectVersion:   Dev-VR (D7296918-1DD6-4BDD-9DE2-64A83CC13884): 2
LogDevObjectVersion:   Dev-LoadTimes (C2A15278-BFE7-4AFE-6C17-90FF531DF755): 1
LogDevObjectVersion:   Private-Geometry (6EACA3D4-40EC-4CC1-B786-8BED09428FC5): 3
LogDevObjectVersion:   Dev-AnimPhys (29E575DD-E0A3-4627-9D10-D276232CDCEA): 17
LogDevObjectVersion:   Dev-Anim (AF43A65D-7FD3-4947-9873-3E8ED9C1BB05): 2
LogDevObjectVersion:   Dev-ReflectionCapture (6B266CEC-1EC7-4B8F-A30B-E4D90942FC07): 1
LogDevObjectVersion:   Dev-Automation (0DF73D61-A23F-47EA-B727-89E90C41499A): 1
LogDevObjectVersion:   FortniteMain (601D1886-AC64-4F84-AA16-D3DE0DEAC7D6): 31
LogDevObjectVersion:   Dev-Enterprise (9DFFBCD6-494F-0158-E221-12823C92A888): 8
LogDevObjectVersion:   Dev-Niagara (F2AED0AC-9AFE-416F-8664-AA7FFA26D6FC): 1
LogDevObjectVersion:   Dev-Destruction (174F1F0B-B4C6-45A5-B13F-2EE8D0FB917D): 9
LogDevObjectVersion:   Dev-Physics-Ext (35F94A83-E258-406C-A318-09F59610247C): 8
LogDevObjectVersion:   Dev-CineCamera (B2E18506-4273-CFC2-A54E-F4BB758BBA07): 1
LogInit: Presizing for max 25165824 objects, including 0 objects not considered by GC, pre-allocating 0 bytes for permanent pool.
LogInit: Object subsystem initialized
LogConfig: Setting CVar [[con.DebugEarlyDefault:1]]
LogConfig: Setting CVar [[r.setres:1280x720]]
[2023.01.20-08.54.53:880][  0]LogConfig: Setting CVar [[r.VSync:0]]
[2023.01.20-08.54.53:880][  0]LogConfig: Setting CVar [[r.RHICmdBypass:0]]
[2023.01.20-08.54.53:880][  0]LogConfig: Applying CVar settings from Section [/Script/Engine.RendererSettings] File [C:/Unreal Projects/TFC/TFC/TFC_Project/Saved/Config/Windows/Engine.ini]
[2023.01.20-08.54.53:880][  0]LogConfig: Setting CVar [[r.GPUCrashDebugging:0]]
[2023.01.20-08.54.53:880][  0]LogConfig: Applying CVar settings from Section [/Script/Engine.RendererOverrideSettings] File [C:/Unreal Projects/TFC/TFC/TFC_Project/Saved/Config/Windows/Engine.ini]
[2023.01.20-08.54.53:880][  0]LogConfig: Applying CVar settings from Section [/Script/Engine.StreamingSettings] File [C:/Unreal Projects/TFC/TFC/TFC_Project/Saved/Config/Windows/Engine.ini]
[2023.01.20-08.54.53:880][  0]LogConfig: Setting CVar [[s.MinBulkDataSizeForAsyncLoading:131072]]
[2023.01.20-08.54.53:880][  0]LogConfig: Setting CVar [[s.AsyncLoadingThreadEnabled:0]]
[2023.01.20-08.54.53:880][  0]LogConfig: Setting CVar [[s.EventDrivenLoaderEnabled:1]]
[2023.01.20-08.54.53:880][  0]LogConfig: Setting CVar [[s.WarnIfTimeLimitExceeded:0]]
[2023.01.20-08.54.53:880][  0]LogConfig: Setting CVar [[s.TimeLimitExceededMultiplier:1.5]]
[2023.01.20-08.54.53:880][  0]LogConfig: Setting CVar [[s.TimeLimitExceededMinTime:0.005]]
[2023.01.20-08.54.53:880][  0]LogConfig: Setting CVar [[s.UseBackgroundLevelStreaming:1]]
[2023.01.20-08.54.53:880][  0]LogConfig: Setting CVar [[s.PriorityAsyncLoadingExtraTime:15.0]]
[2023.01.20-08.54.53:880][  0]LogConfig: Setting CVar [[s.LevelStreamingActorsUpdateTimeLimit:5.0]]
[2023.01.20-08.54.53:880][  0]LogConfig: Setting CVar [[s.PriorityLevelStreamingActorsUpdateExtraTime:5.0]]
[2023.01.20-08.54.53:880][  0]LogConfig: Setting CVar [[s.LevelStreamingComponentsRegistrationGranularity:10]]
[2023.01.20-08.54.53:880][  0]LogConfig: Setting CVar [[s.UnregisterComponentsTimeLimit:1.0]]
[2023.01.20-08.54.53:880][  0]LogConfig: Setting CVar [[s.LevelStreamingComponentsUnregistrationGranularity:5]]
[2023.01.20-08.54.53:880][  0]LogConfig: Setting CVar [[s.FlushStreamingOnExit:1]]
[2023.01.20-08.54.53:880][  0]LogConfig: Applying CVar settings from Section [/Script/Engine.GarbageCollectionSettings] File [C:/Unreal Projects/TFC/TFC/TFC_Project/Saved/Config/Windows/Engine.ini]
[2023.01.20-08.54.53:880][  0]LogConfig: Setting CVar [[gc.MaxObjectsNotConsideredByGC:1]]
[2023.01.20-08.54.53:880][  0]LogConfig: Setting CVar [[gc.SizeOfPermanentObjectPool:0]]
[2023.01.20-08.54.53:880][  0]LogConfig: Setting CVar [[gc.FlushStreamingOnGC:0]]
[2023.01.20-08.54.53:880][  0]LogConfig: Setting CVar [[gc.NumRetriesBeforeForcingGC:10]]
[2023.01.20-08.54.53:880][  0]LogConfig: Setting CVar [[gc.AllowParallelGC:1]]
[2023.01.20-08.54.53:880][  0]LogConfig: Setting CVar [[gc.TimeBetweenPurgingPendingKillObjects:61.1]]
[2023.01.20-08.54.53:880][  0]LogConfig: Setting CVar [[gc.MaxObjectsInEditor:25165824]]
[2023.01.20-08.54.53:880][  0]LogConfig: Setting CVar [[gc.IncrementalBeginDestroyEnabled:1]]
[2023.01.20-08.54.53:880][  0]LogConfig: Setting CVar [[gc.CreateGCClusters:1]]
[2023.01.20-08.54.53:880][  0]LogConfig: Setting CVar [[gc.MinGCClusterSize:5]]
[2023.01.20-08.54.53:880][  0]LogConfig: Setting CVar [[gc.ActorClusteringEnabled:0]]
[2023.01.20-08.54.53:880][  0]LogConfig: Setting CVar [[gc.BlueprintClusteringEnabled:0]]
[2023.01.20-08.54.53:880][  0]LogConfig: Setting CVar [[gc.UseDisregardForGCOnDedicatedServers:0]]
[2023.01.20-08.54.53:880][  0]LogConfig: Applying CVar settings from Section [/Script/Engine.NetworkSettings] File [C:/Unreal Projects/TFC/TFC/TFC_Project/Saved/Config/Windows/Engine.ini]
[2023.01.20-08.54.53:880][  0]LogConfig: Applying CVar settings from Section [/Script/UnrealEd.CookerSettings] File [C:/Unreal Projects/TFC/TFC/TFC_Project/Saved/Config/Windows/Engine.ini]
[2023.01.20-08.54.53:886][  0]LogConfig: Applying CVar settings from Section [ViewDistanceQuality@3] File [C:/Unreal Projects/TFC/TFC/TFC_Project/Saved/Config/Windows/Scalability.ini]
[2023.01.20-08.54.53:886][  0]LogConfig: Setting CVar [[r.SkeletalMeshLODBias:0]]
[2023.01.20-08.54.53:886][  0]LogConfig: Setting CVar [[r.ViewDistanceScale:1.0]]
[2023.01.20-08.54.53:886][  0]LogConfig: Applying CVar settings from Section [AntiAliasingQuality@3] File [C:/Unreal Projects/TFC/TFC/TFC_Project/Saved/Config/Windows/Scalability.ini]
[2023.01.20-08.54.53:886][  0]LogConfig: Setting CVar [[r.PostProcessAAQuality:4]]
[2023.01.20-08.54.53:886][  0]LogConfig: Applying CVar settings from Section [ShadowQuality@3] File [C:/Unreal Projects/TFC/TFC/TFC_Project/Saved/Config/Windows/Scalability.ini]
[2023.01.20-08.54.53:886][  0]LogConfig: Setting CVar [[r.LightFunctionQuality:1]]
[2023.01.20-08.54.53:886][  0]LogConfig: Setting CVar [[r.ShadowQuality:5]]
[2023.01.20-08.54.53:886][  0]LogConfig: Setting CVar [[r.Shadow.CSM.MaxCascades:10]]
[2023.01.20-08.54.53:886][  0]LogConfig: Setting CVar [[r.Shadow.MaxResolution:2048]]
[2023.01.20-08.54.53:886][  0]LogConfig: Setting CVar [[r.Shadow.MaxCSMResolution:2048]]
[2023.01.20-08.54.53:886][  0]LogConfig: Setting CVar [[r.Shadow.RadiusThreshold:0.01]]
[2023.01.20-08.54.53:886][  0]LogConfig: Setting CVar [[r.Shadow.DistanceScale:1.0]]
[2023.01.20-08.54.53:886][  0]LogConfig: Setting CVar [[r.Shadow.CSM.TransitionScale:1.0]]
[2023.01.20-08.54.53:886][  0]LogConfig: Setting CVar [[r.Shadow.PreShadowResolutionFactor:1.0]]
[2023.01.20-08.54.53:886][  0]LogConfig: Setting CVar [[r.DistanceFieldShadowing:1]]
[2023.01.20-08.54.53:886][  0]LogConfig: Setting CVar [[r.DistanceFieldAO:1]]
[2023.01.20-08.54.53:886][  0]LogConfig: Setting CVar [[r.AOQuality:2]]
[2023.01.20-08.54.53:886][  0]LogConfig: Setting CVar [[r.VolumetricFog:1]]
[2023.01.20-08.54.53:886][  0]LogConfig: Setting CVar [[r.VolumetricFog.GridPixelSize:8]]
[2023.01.20-08.54.53:886][  0]LogConfig: Setting CVar [[r.VolumetricFog.GridSizeZ:128]]
[2023.01.20-08.54.53:886][  0]LogConfig: Setting CVar [[r.VolumetricFog.HistoryMissSupersampleCount:4]]
[2023.01.20-08.54.53:886][  0]LogConfig: Setting CVar [[r.LightMaxDrawDistanceScale:1]]
[2023.01.20-08.54.53:886][  0]LogConfig: Setting CVar [[r.CapsuleShadows:1]]
[2023.01.20-08.54.53:886][  0]LogConfig: Applying CVar settings from Section [PostProcessQuality@3] File [C:/Unreal Projects/TFC/TFC/TFC_Project/Saved/Config/Windows/Scalability.ini]
[2023.01.20-08.54.53:886][  0]LogConfig: Setting CVar [[r.MotionBlurQuality:4]]
[2023.01.20-08.54.53:886][  0]LogConfig: Setting CVar [[r.AmbientOcclusionMipLevelFactor:0.4]]
[2023.01.20-08.54.53:886][  0]LogConfig: Setting CVar [[r.AmbientOcclusionMaxQuality:100]]
[2023.01.20-08.54.53:886][  0]LogConfig: Setting CVar [[r.AmbientOcclusionLevels:-1]]
[2023.01.20-08.54.53:886][  0]LogConfig: Setting CVar [[r.AmbientOcclusionRadiusScale:1.0]]
[2023.01.20-08.54.53:886][  0]LogConfig: Setting CVar [[r.DepthOfFieldQuality:2]]
[2023.01.20-08.54.53:886][  0]LogConfig: Setting CVar [[r.RenderTargetPoolMin:400]]
[2023.01.20-08.54.53:886][  0]LogConfig: Setting CVar [[r.LensFlareQuality:2]]
[2023.01.20-08.54.53:886][  0]LogConfig: Setting CVar [[r.SceneColorFringeQuality:1]]
[2023.01.20-08.54.53:886][  0]LogConfig: Setting CVar [[r.EyeAdaptationQuality:2]]
[2023.01.20-08.54.53:886][  0]LogConfig: Setting CVar [[r.BloomQuality:5]]
[2023.01.20-08.54.53:886][  0]LogConfig: Setting CVar [[r.FastBlurThreshold:100]]
[2023.01.20-08.54.53:886][  0]LogConfig: Setting CVar [[r.Upscale.Quality:3]]
[2023.01.20-08.54.53:886][  0]LogConfig: Setting CVar [[r.Tonemapper.GrainQuantization:1]]
[2023.01.20-08.54.53:886][  0]LogConfig: Setting CVar [[r.LightShaftQuality:1]]
[2023.01.20-08.54.53:886][  0]LogConfig: Setting CVar [[r.Filter.SizeScale:1]]
[2023.01.20-08.54.53:886][  0]LogConfig: Setting CVar [[r.Tonemapper.Quality:5]]
[2023.01.20-08.54.53:886][  0]LogConfig: Setting CVar [[r.DOF.Gather.AccumulatorQuality:1        ; higher gathering accumulator quality]]
[2023.01.20-08.54.53:886][  0]LogConfig: Setting CVar [[r.DOF.Gather.PostfilterMethod:1          ; Median3x3 postfilering method]]
[2023.01.20-08.54.53:886][  0]LogConfig: Setting CVar [[r.DOF.Gather.EnableBokehSettings:0       ; no bokeh simulation when gathering]]
[2023.01.20-08.54.53:886][  0]LogConfig: Setting CVar [[r.DOF.Gather.RingCount:4                 ; medium number of samples when gathering]]
[2023.01.20-08.54.53:886][  0]LogConfig: Setting CVar [[r.DOF.Scatter.ForegroundCompositing:1    ; additive foreground scattering]]
[2023.01.20-08.54.53:886][  0]LogConfig: Setting CVar [[r.DOF.Scatter.BackgroundCompositing:2    ; additive background scattering]]
[2023.01.20-08.54.53:886][  0]LogConfig: Setting CVar [[r.DOF.Scatter.EnableBokehSettings:1      ; bokeh simulation when scattering]]
[2023.01.20-08.54.53:886][  0]LogConfig: Setting CVar [[r.DOF.Scatter.MaxSpriteRatio:0.1         ; only a maximum of 10% of scattered bokeh]]
[2023.01.20-08.54.53:886][  0]LogConfig: Setting CVar [[r.DOF.Recombine.Quality:1                ; cheap slight out of focus]]
[2023.01.20-08.54.53:886][  0]LogConfig: Setting CVar [[r.DOF.Recombine.EnableBokehSettings:0    ; no bokeh simulation on slight out of focus]]
[2023.01.20-08.54.53:886][  0]LogConfig: Setting CVar [[r.DOF.TemporalAAQuality:1                ; more stable temporal accumulation]]
[2023.01.20-08.54.53:886][  0]LogConfig: Setting CVar [[r.DOF.Kernel.MaxForegroundRadius:0.025]]
[2023.01.20-08.54.53:886][  0]LogConfig: Setting CVar [[r.DOF.Kernel.MaxBackgroundRadius:0.025]]
[2023.01.20-08.54.53:886][  0]LogConfig: Applying CVar settings from Section [TextureQuality@3] File [C:/Unreal Projects/TFC/TFC/TFC_Project/Saved/Config/Windows/Scalability.ini]
[2023.01.20-08.54.53:886][  0]LogConfig: Setting CVar [[r.Streaming.MipBias:0]]
[2023.01.20-08.54.53:886][  0]LogConfig: Setting CVar [[r.Streaming.AmortizeCPUToGPUCopy:0]]
[2023.01.20-08.54.53:886][  0]LogConfig: Setting CVar [[r.Streaming.MaxNumTexturesToStreamPerFrame:0]]
[2023.01.20-08.54.53:886][  0]LogConfig: Setting CVar [[r.Streaming.Boost:1]]
[2023.01.20-08.54.53:886][  0]LogConfig: Setting CVar [[r.MaxAnisotropy:8]]
[2023.01.20-08.54.53:886][  0]LogConfig: Setting CVar [[r.VT.MaxAnisotropy:8]]
[2023.01.20-08.54.53:886][  0]LogConfig: Setting CVar [[r.Streaming.LimitPoolSizeToVRAM:0]]
[2023.01.20-08.54.53:886][  0]LogConfig: Setting CVar [[r.Streaming.PoolSize:1000]]
[2023.01.20-08.54.53:886][  0]LogConfig: Setting CVar [[r.Streaming.MaxEffectiveScreenSize:0]]
[2023.01.20-08.54.53:886][  0]LogConfig: Applying CVar settings from Section [EffectsQuality@3] File [C:/Unreal Projects/TFC/TFC/TFC_Project/Saved/Config/Windows/Scalability.ini]
[2023.01.20-08.54.53:886][  0]LogConfig: Setting CVar [[r.TranslucencyLightingVolumeDim:64]]
[2023.01.20-08.54.53:886][  0]LogConfig: Setting CVar [[r.RefractionQuality:2]]
[2023.01.20-08.54.53:886][  0]LogConfig: Setting CVar [[r.SSR.Quality:3]]
[2023.01.20-08.54.53:886][  0]LogConfig: Setting CVar [[r.SSR.HalfResSceneColor:0]]
[2023.01.20-08.54.53:886][  0]LogConfig: Setting CVar [[r.SceneColorFormat:4]]
[2023.01.20-08.54.53:886][  0]LogConfig: Setting CVar [[r.DetailMode:2]]
[2023.01.20-08.54.53:886][  0]LogConfig: Setting CVar [[r.TranslucencyVolumeBlur:1]]
[2023.01.20-08.54.53:886][  0]LogConfig: Setting CVar [[r.MaterialQualityLevel:1 ; High quality]]
[2023.01.20-08.54.53:886][  0]LogConfig: Setting CVar [[r.SSS.Scale:1]]
[2023.01.20-08.54.53:886][  0]LogConfig: Setting CVar [[r.SSS.SampleSet:2]]
[2023.01.20-08.54.53:887][  0]LogConfig: Setting CVar [[r.SSS.Quality:1]]
[2023.01.20-08.54.53:887][  0]LogConfig: Setting CVar [[r.SSS.HalfRes:1]]
[2023.01.20-08.54.53:887][  0]LogConfig: Setting CVar [[r.SSGI.Quality:3]]
[2023.01.20-08.54.53:887][  0]LogConfig: Setting CVar [[r.EmitterSpawnRateScale:1.0]]
[2023.01.20-08.54.53:887][  0]LogConfig: Setting CVar [[r.ParticleLightQuality:2]]
[2023.01.20-08.54.53:887][  0]LogConfig: Setting CVar [[r.SkyAtmosphere.AerialPerspectiveLUT.FastApplyOnOpaque:1 ; Always have FastSkyLUT 1 in this case to avoid wrong sky]]
[2023.01.20-08.54.53:887][  0]LogConfig: Setting CVar [[r.SkyAtmosphere.AerialPerspectiveLUT.SampleCountPerSlice:1]]
[2023.01.20-08.54.53:887][  0]LogConfig: Setting CVar [[r.SkyAtmosphere.AerialPerspectiveLUT.DepthResolution:16.0]]
[2023.01.20-08.54.53:887][  0]LogConfig: Setting CVar [[r.SkyAtmosphere.FastSkyLUT:1]]
[2023.01.20-08.54.53:887][  0]LogConfig: Setting CVar [[r.SkyAtmosphere.FastSkyLUT.SampleCountMin:4.0]]
[2023.01.20-08.54.53:887][  0]LogConfig: Setting CVar [[r.SkyAtmosphere.FastSkyLUT.SampleCountMax:32.0]]
[2023.01.20-08.54.53:887][  0]LogConfig: Setting CVar [[r.SkyAtmosphere.SampleCountMin:4.0]]
[2023.01.20-08.54.53:887][  0]LogConfig: Setting CVar [[r.SkyAtmosphere.SampleCountMax:32.0]]
[2023.01.20-08.54.53:887][  0]LogConfig: Setting CVar [[r.SkyAtmosphere.TransmittanceLUT.UseSmallFormat:0]]
[2023.01.20-08.54.53:887][  0]LogConfig: Setting CVar [[r.SkyAtmosphere.TransmittanceLUT.SampleCount:10.0]]
[2023.01.20-08.54.53:887][  0]LogConfig: Setting CVar [[r.SkyAtmosphere.MultiScatteringLUT.SampleCount:15.0]]
[2023.01.20-08.54.53:887][  0]LogConfig: Applying CVar settings from Section [FoliageQuality@3] File [C:/Unreal Projects/TFC/TFC/TFC_Project/Saved/Config/Windows/Scalability.ini]
[2023.01.20-08.54.53:887][  0]LogConfig: Setting CVar [[foliage.DensityScale:1.0]]
[2023.01.20-08.54.53:887][  0]LogConfig: Setting CVar [[grass.DensityScale:1.0]]
[2023.01.20-08.54.53:887][  0]LogConfig: Applying CVar settings from Section [ShadingQuality@3] File [C:/Unreal Projects/TFC/TFC/TFC_Project/Saved/Config/Windows/Scalability.ini]
[2023.01.20-08.54.53:887][  0]LogConfig: Setting CVar [[r.HairStrands.SkyLighting.SampleCount:16]]
[2023.01.20-08.54.53:887][  0]LogConfig: Setting CVar [[r.HairStrands.SkyLighting.JitterIntegration:0]]
[2023.01.20-08.54.53:887][  0]LogConfig: Setting CVar [[r.HairStrands.SkyAO.SampleCount:16]]
[2023.01.20-08.54.53:887][  0]LogInit: Selected Device Profile: [Windows]
[2023.01.20-08.54.53:887][  0]LogInit: Applying CVar settings loaded from the selected device profile: [Windows]
[2023.01.20-08.54.53:890][  0]LogHAL: Display: Platform has ~ 32 GB [34294743040 / 34359738368 / 32], which maps to Largest [LargestMinGB=32, LargerMinGB=12, DefaultMinGB=8, SmallerMinGB=6, SmallestMinGB=0)
[2023.01.20-08.54.53:890][  0]LogInit: Going up to parent DeviceProfile []
[2023.01.20-08.54.53:890][  0]LogConfig: Applying CVar settings from Section [ViewDistanceQuality@3] File [C:/Unreal Projects/TFC/TFC/TFC_Project/Saved/Config/Windows/Scalability.ini]
[2023.01.20-08.54.53:890][  0]LogConfig: Setting CVar [[r.SkeletalMeshLODBias:0]]
[2023.01.20-08.54.53:890][  0]LogConfig: Setting CVar [[r.ViewDistanceScale:1.0]]
[2023.01.20-08.54.53:890][  0]LogConfig: Applying CVar settings from Section [AntiAliasingQuality@3] File [C:/Unreal Projects/TFC/TFC/TFC_Project/Saved/Config/Windows/Scalability.ini]
[2023.01.20-08.54.53:890][  0]LogConfig: Setting CVar [[r.PostProcessAAQuality:4]]
[2023.01.20-08.54.53:890][  0]LogConfig: Applying CVar settings from Section [ShadowQuality@3] File [C:/Unreal Projects/TFC/TFC/TFC_Project/Saved/Config/Windows/Scalability.ini]
[2023.01.20-08.54.53:890][  0]LogConfig: Setting CVar [[r.LightFunctionQuality:1]]
[2023.01.20-08.54.53:890][  0]LogConfig: Setting CVar [[r.ShadowQuality:5]]
[2023.01.20-08.54.53:890][  0]LogConfig: Setting CVar [[r.Shadow.CSM.MaxCascades:10]]
[2023.01.20-08.54.53:890][  0]LogConfig: Setting CVar [[r.Shadow.MaxResolution:2048]]
[2023.01.20-08.54.53:890][  0]LogConfig: Setting CVar [[r.Shadow.MaxCSMResolution:2048]]
[2023.01.20-08.54.53:891][  0]LogConfig: Setting CVar [[r.Shadow.RadiusThreshold:0.01]]
[2023.01.20-08.54.53:891][  0]LogConfig: Setting CVar [[r.Shadow.DistanceScale:1.0]]
[2023.01.20-08.54.53:891][  0]LogConfig: Setting CVar [[r.Shadow.CSM.TransitionScale:1.0]]
[2023.01.20-08.54.53:891][  0]LogConfig: Setting CVar [[r.Shadow.PreShadowResolutionFactor:1.0]]
[2023.01.20-08.54.53:891][  0]LogConfig: Setting CVar [[r.DistanceFieldShadowing:1]]
[2023.01.20-08.54.53:891][  0]LogConfig: Setting CVar [[r.DistanceFieldAO:1]]
[2023.01.20-08.54.53:891][  0]LogConfig: Setting CVar [[r.AOQuality:2]]
[2023.01.20-08.54.53:891][  0]LogConfig: Setting CVar [[r.VolumetricFog:1]]
[2023.01.20-08.54.53:891][  0]LogConfig: Setting CVar [[r.VolumetricFog.GridPixelSize:8]]
[2023.01.20-08.54.53:891][  0]LogConfig: Setting CVar [[r.VolumetricFog.GridSizeZ:128]]
[2023.01.20-08.54.53:891][  0]LogConfig: Setting CVar [[r.VolumetricFog.HistoryMissSupersampleCount:4]]
[2023.01.20-08.54.53:891][  0]LogConfig: Setting CVar [[r.LightMaxDrawDistanceScale:1]]
[2023.01.20-08.54.53:891][  0]LogConfig: Setting CVar [[r.CapsuleShadows:1]]
[2023.01.20-08.54.53:891][  0]LogConfig: Applying CVar settings from Section [PostProcessQuality@3] File [C:/Unreal Projects/TFC/TFC/TFC_Project/Saved/Config/Windows/Scalability.ini]
[2023.01.20-08.54.53:891][  0]LogConfig: Setting CVar [[r.MotionBlurQuality:4]]
[2023.01.20-08.54.53:891][  0]LogConfig: Setting CVar [[r.AmbientOcclusionMipLevelFactor:0.4]]
[2023.01.20-08.54.53:891][  0]LogConfig: Setting CVar [[r.AmbientOcclusionMaxQuality:100]]
[2023.01.20-08.54.53:891][  0]LogConfig: Setting CVar [[r.AmbientOcclusionLevels:-1]]
[2023.01.20-08.54.53:891][  0]LogConfig: Setting CVar [[r.AmbientOcclusionRadiusScale:1.0]]
[2023.01.20-08.54.53:891][  0]LogConfig: Setting CVar [[r.DepthOfFieldQuality:2]]
[2023.01.20-08.54.53:891][  0]LogConfig: Setting CVar [[r.RenderTargetPoolMin:400]]
[2023.01.20-08.54.53:891][  0]LogConfig: Setting CVar [[r.LensFlareQuality:2]]
[2023.01.20-08.54.53:891][  0]LogConfig: Setting CVar [[r.SceneColorFringeQuality:1]]
[2023.01.20-08.54.53:891][  0]LogConfig: Setting CVar [[r.EyeAdaptationQuality:2]]
[2023.01.20-08.54.53:891][  0]LogConfig: Setting CVar [[r.BloomQuality:5]]
[2023.01.20-08.54.53:891][  0]LogConfig: Setting CVar [[r.FastBlurThreshold:100]]
[2023.01.20-08.54.53:891][  0]LogConfig: Setting CVar [[r.Upscale.Quality:3]]
[2023.01.20-08.54.53:891][  0]LogConfig: Setting CVar [[r.Tonemapper.GrainQuantization:1]]
[2023.01.20-08.54.53:891][  0]LogConfig: Setting CVar [[r.LightShaftQuality:1]]
[2023.01.20-08.54.53:891][  0]LogConfig: Setting CVar [[r.Filter.SizeScale:1]]
[2023.01.20-08.54.53:891][  0]LogConfig: Setting CVar [[r.Tonemapper.Quality:5]]
[2023.01.20-08.54.53:891][  0]LogConfig: Setting CVar [[r.DOF.Gather.AccumulatorQuality:1        ; higher gathering accumulator quality]]
[2023.01.20-08.54.53:891][  0]LogConfig: Setting CVar [[r.DOF.Gather.PostfilterMethod:1          ; Median3x3 postfilering method]]
[2023.01.20-08.54.53:891][  0]LogConfig: Setting CVar [[r.DOF.Gather.EnableBokehSettings:0       ; no bokeh simulation when gathering]]
[2023.01.20-08.54.53:891][  0]LogConfig: Setting CVar [[r.DOF.Gather.RingCount:4                 ; medium number of samples when gathering]]
[2023.01.20-08.54.53:891][  0]LogConfig: Setting CVar [[r.DOF.Scatter.ForegroundCompositing:1    ; additive foreground scattering]]
[2023.01.20-08.54.53:891][  0]LogConfig: Setting CVar [[r.DOF.Scatter.BackgroundCompositing:2    ; additive background scattering]]
[2023.01.20-08.54.53:891][  0]LogConfig: Setting CVar [[r.DOF.Scatter.EnableBokehSettings:1      ; bokeh simulation when scattering]]
[2023.01.20-08.54.53:891][  0]LogConfig: Setting CVar [[r.DOF.Scatter.MaxSpriteRatio:0.1         ; only a maximum of 10% of scattered bokeh]]
[2023.01.20-08.54.53:891][  0]LogConfig: Setting CVar [[r.DOF.Recombine.Quality:1                ; cheap slight out of focus]]
[2023.01.20-08.54.53:891][  0]LogConfig: Setting CVar [[r.DOF.Recombine.EnableBokehSettings:0    ; no bokeh simulation on slight out of focus]]
[2023.01.20-08.54.53:891][  0]LogConfig: Setting CVar [[r.DOF.TemporalAAQuality:1                ; more stable temporal accumulation]]
[2023.01.20-08.54.53:891][  0]LogConfig: Setting CVar [[r.DOF.Kernel.MaxForegroundRadius:0.025]]
[2023.01.20-08.54.53:891][  0]LogConfig: Setting CVar [[r.DOF.Kernel.MaxBackgroundRadius:0.025]]
[2023.01.20-08.54.53:891][  0]LogConfig: Applying CVar settings from Section [TextureQuality@3] File [C:/Unreal Projects/TFC/TFC/TFC_Project/Saved/Config/Windows/Scalability.ini]
[2023.01.20-08.54.53:891][  0]LogConfig: Setting CVar [[r.Streaming.MipBias:0]]
[2023.01.20-08.54.53:891][  0]LogConfig: Setting CVar [[r.Streaming.AmortizeCPUToGPUCopy:0]]
[2023.01.20-08.54.53:891][  0]LogConfig: Setting CVar [[r.Streaming.MaxNumTexturesToStreamPerFrame:0]]
[2023.01.20-08.54.53:891][  0]LogConfig: Setting CVar [[r.Streaming.Boost:1]]
[2023.01.20-08.54.53:891][  0]LogConfig: Setting CVar [[r.MaxAnisotropy:8]]
[2023.01.20-08.54.53:891][  0]LogConfig: Setting CVar [[r.VT.MaxAnisotropy:8]]
[2023.01.20-08.54.53:891][  0]LogConfig: Setting CVar [[r.Streaming.LimitPoolSizeToVRAM:0]]
[2023.01.20-08.54.53:891][  0]LogConfig: Setting CVar [[r.Streaming.PoolSize:1000]]
[2023.01.20-08.54.53:891][  0]LogConfig: Setting CVar [[r.Streaming.MaxEffectiveScreenSize:0]]
[2023.01.20-08.54.53:891][  0]LogConfig: Applying CVar settings from Section [EffectsQuality@3] File [C:/Unreal Projects/TFC/TFC/TFC_Project/Saved/Config/Windows/Scalability.ini]
[2023.01.20-08.54.53:891][  0]LogConfig: Setting CVar [[r.TranslucencyLightingVolumeDim:64]]
[2023.01.20-08.54.53:891][  0]LogConfig: Setting CVar [[r.RefractionQuality:2]]
[2023.01.20-08.54.53:891][  0]LogConfig: Setting CVar [[r.SSR.Quality:3]]
[2023.01.20-08.54.53:891][  0]LogConfig: Setting CVar [[r.SSR.HalfResSceneColor:0]]
[2023.01.20-08.54.53:891][  0]LogConfig: Setting CVar [[r.SceneColorFormat:4]]
[2023.01.20-08.54.53:891][  0]LogConfig: Setting CVar [[r.DetailMode:2]]
[2023.01.20-08.54.53:891][  0]LogConfig: Setting CVar [[r.TranslucencyVolumeBlur:1]]
[2023.01.20-08.54.53:891][  0]LogConfig: Setting CVar [[r.MaterialQualityLevel:1 ; High quality]]
[2023.01.20-08.54.53:891][  0]LogConfig: Setting CVar [[r.SSS.Scale:1]]
[2023.01.20-08.54.53:891][  0]LogConfig: Setting CVar [[r.SSS.SampleSet:2]]
[2023.01.20-08.54.53:891][  0]LogConfig: Setting CVar [[r.SSS.Quality:1]]
[2023.01.20-08.54.53:891][  0]LogConfig: Setting CVar [[r.SSS.HalfRes:1]]
[2023.01.20-08.54.53:891][  0]LogConfig: Setting CVar [[r.SSGI.Quality:3]]
[2023.01.20-08.54.53:891][  0]LogConfig: Setting CVar [[r.EmitterSpawnRateScale:1.0]]
[2023.01.20-08.54.53:891][  0]LogConfig: Setting CVar [[r.ParticleLightQuality:2]]
[2023.01.20-08.54.53:891][  0]LogConfig: Setting CVar [[r.SkyAtmosphere.AerialPerspectiveLUT.FastApplyOnOpaque:1 ; Always have FastSkyLUT 1 in this case to avoid wrong sky]]
[2023.01.20-08.54.53:891][  0]LogConfig: Setting CVar [[r.SkyAtmosphere.AerialPerspectiveLUT.SampleCountPerSlice:1]]
[2023.01.20-08.54.53:891][  0]LogConfig: Setting CVar [[r.SkyAtmosphere.AerialPerspectiveLUT.DepthResolution:16.0]]
[2023.01.20-08.54.53:891][  0]LogConfig: Setting CVar [[r.SkyAtmosphere.FastSkyLUT:1]]
[2023.01.20-08.54.53:891][  0]LogConfig: Setting CVar [[r.SkyAtmosphere.FastSkyLUT.SampleCountMin:4.0]]
[2023.01.20-08.54.53:891][  0]LogConfig: Setting CVar [[r.SkyAtmosphere.FastSkyLUT.SampleCountMax:32.0]]
[2023.01.20-08.54.53:891][  0]LogConfig: Setting CVar [[r.SkyAtmosphere.SampleCountMin:4.0]]
[2023.01.20-08.54.53:891][  0]LogConfig: Setting CVar [[r.SkyAtmosphere.SampleCountMax:32.0]]
[2023.01.20-08.54.53:891][  0]LogConfig: Setting CVar [[r.SkyAtmosphere.TransmittanceLUT.UseSmallFormat:0]]
[2023.01.20-08.54.53:891][  0]LogConfig: Setting CVar [[r.SkyAtmosphere.TransmittanceLUT.SampleCount:10.0]]
[2023.01.20-08.54.53:891][  0]LogConfig: Setting CVar [[r.SkyAtmosphere.MultiScatteringLUT.SampleCount:15.0]]
[2023.01.20-08.54.53:891][  0]LogConfig: Applying CVar settings from Section [FoliageQuality@3] File [C:/Unreal Projects/TFC/TFC/TFC_Project/Saved/Config/Windows/Scalability.ini]
[2023.01.20-08.54.53:891][  0]LogConfig: Setting CVar [[foliage.DensityScale:1.0]]
[2023.01.20-08.54.53:891][  0]LogConfig: Setting CVar [[grass.DensityScale:1.0]]
[2023.01.20-08.54.53:891][  0]LogConfig: Applying CVar settings from Section [ShadingQuality@3] File [C:/Unreal Projects/TFC/TFC/TFC_Project/Saved/Config/Windows/Scalability.ini]
[2023.01.20-08.54.53:891][  0]LogConfig: Setting CVar [[r.HairStrands.SkyLighting.SampleCount:16]]
[2023.01.20-08.54.53:892][  0]LogConfig: Setting CVar [[r.HairStrands.SkyLighting.JitterIntegration:0]]
[2023.01.20-08.54.53:892][  0]LogConfig: Setting CVar [[r.HairStrands.SkyAO.SampleCount:16]]
[2023.01.20-08.54.53:892][  0]LogConfig: Applying CVar settings from Section [Startup] File [../../../Engine/Config/ConsoleVariables.ini]
[2023.01.20-08.54.53:892][  0]LogConfig: Setting CVar [[net.UseAdaptiveNetUpdateFrequency:0]]
[2023.01.20-08.54.53:892][  0]LogConfig: Setting CVar [[p.chaos.AllowCreatePhysxBodies:1]]
[2023.01.20-08.54.53:892][  0]LogConfig: Applying CVar settings from Section [ConsoleVariables] File [C:/Unreal Projects/TFC/TFC/TFC_Project/Saved/Config/Windows/Engine.ini]
[2023.01.20-08.54.53:892][  0]LogInit: Computer: DESKTOP-VCDM53R
[2023.01.20-08.54.53:892][  0]LogInit: User: serio
[2023.01.20-08.54.53:892][  0]LogInit: CPU Page size=4096, Cores=6
[2023.01.20-08.54.53:892][  0]LogInit: High frequency timer resolution =10.000000 MHz
[2023.01.20-08.54.53:893][  0]LogMemory: Memory total: Physical=31.9GB (32GB approx)
[2023.01.20-08.54.53:893][  0]LogMemory: Platform Memory Stats for Windows
[2023.01.20-08.54.53:893][  0]LogMemory: Process Physical Memory: 109.58 MB used, 109.58 MB peak
[2023.01.20-08.54.53:893][  0]LogMemory: Process Virtual Memory: 101.46 MB used, 101.46 MB peak
[2023.01.20-08.54.53:893][  0]LogMemory: Physical Memory: 12683.40 MB used,  20022.62 MB free, 32706.02 MB total
[2023.01.20-08.54.53:893][  0]LogMemory: Virtual Memory: 5161.37 MB used,  134212568.00 MB free, 134217728.00 MB total
[2023.01.20-08.54.53:897][  0]LogWindows: WindowsPlatformFeatures enabled
[2023.01.20-08.54.53:989][  0]LogInit: Overriding language with editor language configuration option (en).
[2023.01.20-08.54.53:989][  0]LogInit: Overriding locale with editor locale configuration option (en).
[2023.01.20-08.54.54:125][  0]LogInit: Setting process to per monitor DPI aware
[2023.01.20-08.54.54:169][  0]LogSlate: New Slate User Created.  User Index 0, Is Virtual User: 0
[2023.01.20-08.54.54:169][  0]LogSlate: Slate User Registered.  User Index 0, Is Virtual User: 0
[2023.01.20-08.54.54:367][  0]LogHMD: Failed to initialize OpenVR with code 110
[2023.01.20-08.54.54:367][  0]LogD3D11RHI: D3D11 min allowed feature level: 11_0
[2023.01.20-08.54.54:367][  0]LogD3D11RHI: D3D11 max allowed feature level: 11_0
[2023.01.20-08.54.54:367][  0]LogD3D11RHI: D3D11 adapters:
[2023.01.20-08.54.54:533][  0]LogD3D11RHI:    0. 'NVIDIA GeForce RTX 3060 Ti' (Feature Level 11_0)
[2023.01.20-08.54.54:533][  0]LogD3D11RHI:       8050/0/16353 MB DedicatedVideo/DedicatedSystem/SharedSystem, Outputs:2, VendorId:0x10de
[2023.01.20-08.54.54:535][  0]LogD3D11RHI:    1. 'Microsoft Basic Render Driver' (Feature Level 11_0)
[2023.01.20-08.54.54:535][  0]LogD3D11RHI:       0/0/16353 MB DedicatedVideo/DedicatedSystem/SharedSystem, Outputs:0, VendorId:0x1414
[2023.01.20-08.54.54:535][  0]LogD3D11RHI: Chosen D3D11 Adapter: 0
[2023.01.20-08.54.54:540][  0]LogD3D11RHI: Creating new Direct3DDevice
[2023.01.20-08.54.54:540][  0]LogD3D11RHI:     GPU DeviceId: 0x2489 (for the marketing name, search the web for "GPU Device Id")
[2023.01.20-08.54.54:540][  0]LogWindows: EnumDisplayDevices:
[2023.01.20-08.54.54:540][  0]LogWindows:    0. 'NVIDIA GeForce RTX 3060 Ti' (P:1 D:1)
[2023.01.20-08.54.54:541][  0]LogWindows:    1. 'NVIDIA GeForce RTX 3060 Ti' (P:0 D:1)
[2023.01.20-08.54.54:542][  0]LogWindows:    2. 'NVIDIA GeForce RTX 3060 Ti' (P:0 D:0)
[2023.01.20-08.54.54:542][  0]LogWindows:    3. 'NVIDIA GeForce RTX 3060 Ti' (P:0 D:0)
[2023.01.20-08.54.54:543][  0]LogWindows: DebugString: FoundDriverCount:4 
[2023.01.20-08.54.54:543][  0]LogD3D11RHI:     Adapter Name: NVIDIA GeForce RTX 3060 Ti
[2023.01.20-08.54.54:543][  0]LogD3D11RHI:   Driver Version: 516.94 (internal:31.0.15.1694, unified:516.94)
[2023.01.20-08.54.54:543][  0]LogD3D11RHI:      Driver Date: 7-21-2022
[2023.01.20-08.54.54:543][  0]LogRHI: Texture pool is 5635 MB (70% of 8050 MB)
[2023.01.20-08.54.54:603][  0]LogD3D11RHI: RHI has support for 64 bit atomics
[2023.01.20-08.54.54:603][  0]LogD3D11RHI: Async texture creation enabled
[2023.01.20-08.54.54:607][  0]LogD3D11RHI: HDR output is supported on display 0 (NvId: 0x80061082).
[2023.01.20-08.54.54:620][  0]LogD3D11RHI: GPU Timing Frequency: 1000.000000 (Debug: 2 1)
[2023.01.20-08.54.54:952][  0]LogTargetPlatformManager: Display: Loaded TargetPlatform 'AllDesktop'
[2023.01.20-08.54.54:979][  0]LogTargetPlatformManager: Display: Loaded TargetPlatform 'Android'
[2023.01.20-08.54.54:979][  0]LogTargetPlatformManager: Display: Loaded TargetPlatform 'Android_ASTC'
[2023.01.20-08.54.54:979][  0]LogTargetPlatformManager: Display: Loaded TargetPlatform 'Android_ATC'
[2023.01.20-08.54.54:979][  0]LogTargetPlatformManager: Display: Loaded TargetPlatform 'Android_DXT'
[2023.01.20-08.54.54:979][  0]LogTargetPlatformManager: Display: Loaded TargetPlatform 'Android_ETC1'
[2023.01.20-08.54.54:979][  0]LogTargetPlatformManager: Display: Loaded TargetPlatform 'Android_ETC1a'
[2023.01.20-08.54.54:979][  0]LogTargetPlatformManager: Display: Loaded TargetPlatform 'Android_ETC2'
[2023.01.20-08.54.54:979][  0]LogTargetPlatformManager: Display: Loaded TargetPlatform 'Android_PVRTC'
[2023.01.20-08.54.54:979][  0]LogTargetPlatformManager: Display: Loaded TargetPlatform 'AndroidClient'
[2023.01.20-08.54.54:979][  0]LogTargetPlatformManager: Display: Loaded TargetPlatform 'Android_ASTCClient'
[2023.01.20-08.54.54:979][  0]LogTargetPlatformManager: Display: Loaded TargetPlatform 'Android_ATCClient'
[2023.01.20-08.54.54:979][  0]LogTargetPlatformManager: Display: Loaded TargetPlatform 'Android_DXTClient'
[2023.01.20-08.54.54:979][  0]LogTargetPlatformManager: Display: Loaded TargetPlatform 'Android_ETC1Client'
[2023.01.20-08.54.54:979][  0]LogTargetPlatformManager: Display: Loaded TargetPlatform 'Android_ETC1aClient'
[2023.01.20-08.54.54:979][  0]LogTargetPlatformManager: Display: Loaded TargetPlatform 'Android_ETC2Client'
[2023.01.20-08.54.54:979][  0]LogTargetPlatformManager: Display: Loaded TargetPlatform 'Android_PVRTCClient'
[2023.01.20-08.54.54:979][  0]LogTargetPlatformManager: Display: Loaded TargetPlatform 'Android_Multi'
[2023.01.20-08.54.54:979][  0]LogTargetPlatformManager: Display: Loaded TargetPlatform 'Android_MultiClient'
[2023.01.20-08.54.55:000][  0]LogTargetPlatformManager: Display: Loaded TargetPlatform 'IOSClient'
[2023.01.20-08.54.55:000][  0]LogTargetPlatformManager: Display: Loaded TargetPlatform 'IOS'
[2023.01.20-08.54.55:008][  0]LogTargetPlatformManager: Display: Loaded TargetPlatform 'LinuxNoEditor'
[2023.01.20-08.54.55:016][  0]LogTargetPlatformManager: Display: Loaded TargetPlatform 'LinuxClient'
[2023.01.20-08.54.55:023][  0]LogTargetPlatformManager: Display: Loaded TargetPlatform 'LinuxServer'
[2023.01.20-08.54.55:031][  0]LogTargetPlatformManager: Display: Loaded TargetPlatform 'LinuxAArch64NoEditor'
[2023.01.20-08.54.55:038][  0]LogTargetPlatformManager: Display: Loaded TargetPlatform 'LinuxAArch64Client'
[2023.01.20-08.54.55:046][  0]LogTargetPlatformManager: Display: Loaded TargetPlatform 'LinuxAArch64Server'
[2023.01.20-08.54.55:072][  0]LogTargetPlatformManager: Display: Loaded TargetPlatform 'Lumin'
[2023.01.20-08.54.55:072][  0]LogTargetPlatformManager: Display: Loaded TargetPlatform 'LuminClient'
[2023.01.20-08.54.55:087][  0]LogTargetPlatformManager: Display: Loaded TargetPlatform 'TVOSClient'
[2023.01.20-08.54.55:087][  0]LogTargetPlatformManager: Display: Loaded TargetPlatform 'TVOS'
[2023.01.20-08.54.55:095][  0]LogTargetPlatformManager: Display: Loaded TargetPlatform 'WindowsNoEditor'
[2023.01.20-08.54.55:103][  0]LogTargetPlatformManager: Display: Loaded TargetPlatform 'Windows'
[2023.01.20-08.54.55:110][  0]LogTargetPlatformManager: Display: Loaded TargetPlatform 'WindowsClient'
[2023.01.20-08.54.55:117][  0]LogTargetPlatformManager: Display: Loaded TargetPlatform 'WindowsServer'
[2023.01.20-08.54.55:117][  0]LogTargetPlatformManager: Display: Building Assets For Windows
[2023.01.20-08.54.55:121][  0]LogAudioDebug: Display: Lib vorbis DLL was dynamically loaded.
[2023.01.20-08.54.55:151][  0]LogShaderCompilers: Guid format shader working directory is -7 characters bigger than the processId version (../../../../../../Unreal Projects/TFC/TFC/TFC_Project/Intermediate/Shaders/WorkingDirectory/5852/).
[2023.01.20-08.54.55:151][  0]LogShaderCompilers: Cleaned the shader compiler working directory 'C:/Users/serio/AppData/Local/Temp/UnrealShaderWorkingDir/438923C44E1D76D8B45D46A118B32CFF/'.
[2023.01.20-08.54.55:152][  0]LogXGEController: Cleaning working directory: C:/Users/serio/AppData/Local/Temp/UnrealXGEWorkingDir/
[2023.01.20-08.54.55:152][  0]LogXGEController: Cannot use XGE Controller as Incredibuild is not installed on this machine.
[2023.01.20-08.54.55:152][  0]LogShaderCompilers: Cannot use XGE Shader Compiler as Incredibuild is not installed on this machine.
[2023.01.20-08.54.55:152][  0]LogShaderCompilers: Display: Using Local Shader Compiler.
[2023.01.20-08.54.55:795][  0]LogDerivedDataCache: Display: Max Cache Size: 512 MB
[2023.01.20-08.54.55:839][  0]LogDerivedDataCache: Loaded boot cache 0.04s 78MB C:/Users/serio/AppData/Local/UnrealEngine/4.24/DerivedDataCache/Boot.ddc.
[2023.01.20-08.54.55:839][  0]LogDerivedDataCache: Display: Loaded Boot cache: C:/Users/serio/AppData/Local/UnrealEngine/4.24/DerivedDataCache/Boot.ddc
[2023.01.20-08.54.55:839][  0]LogDerivedDataCache: FDerivedDataBackendGraph:  Pak pak cache file ../../../../../../Unreal Projects/TFC/TFC/TFC_Project/DerivedDataCache/DDC.ddp not found, will not use a pak cache.
[2023.01.20-08.54.55:839][  0]LogDerivedDataCache: Unable to find inner node Pak for hierarchical cache Hierarchy.
[2023.01.20-08.54.55:839][  0]LogDerivedDataCache: FDerivedDataBackendGraph:  CompressedPak pak cache file ../../../../../../Unreal Projects/TFC/TFC/TFC_Project/DerivedDataCache/Compressed.ddp not found, will not use a pak cache.
[2023.01.20-08.54.55:839][  0]LogDerivedDataCache: Unable to find inner node CompressedPak for hierarchical cache Hierarchy.
[2023.01.20-08.54.55:848][  0]LogDerivedDataCache: Display: Pak cache opened for reading ../../../Engine/DerivedDataCache/Compressed.ddp.
[2023.01.20-08.54.55:848][  0]LogDerivedDataCache: FDerivedDataBackendGraph:  EnterprisePak pak cache file ../../../Enterprise/DerivedDataCache/Compressed.ddp not found, will not use a pak cache.
[2023.01.20-08.54.55:848][  0]LogDerivedDataCache: Unable to find inner node EnterprisePak for hierarchical cache Hierarchy.
[2023.01.20-08.54.55:849][  0]LogDerivedDataCache: Using Local data cache path C:/Users/serio/AppData/Local/UnrealEngine/Common/DerivedDataCache: Writable
[2023.01.20-08.54.55:849][  0]LogDerivedDataCache: Shared data cache path not found in *engine.ini, will not use an Shared cache.
[2023.01.20-08.54.55:849][  0]LogDerivedDataCache: Unable to find inner node Shared for hierarchical cache Hierarchy.
[2023.01.20-08.54.55:869][  0]LogMaterial: Verifying Global Shaders for PCD3D_SM5
[2023.01.20-08.54.55:871][  0]LogSlate: Using FreeType 2.10.0
[2023.01.20-08.54.55:872][  0]LogSlate: SlateFontServices - WITH_FREETYPE: 1, WITH_HARFBUZZ: 1
[2023.01.20-08.54.55:927][  0]LogAssetRegistry: FAssetRegistry took 0.0024 seconds to start up
[2023.01.20-08.54.56:169][  0]LogInit: Selected Device Profile: [Windows]
[2023.01.20-08.54.56:302][  0]LogMeshReduction: Using QuadricMeshReduction for automatic static mesh reduction
[2023.01.20-08.54.56:302][  0]LogMeshReduction: Using SimplygonMeshReduction for automatic skeletal mesh reduction
[2023.01.20-08.54.56:302][  0]LogMeshReduction: Using ProxyLODMeshReduction for automatic mesh merging
[2023.01.20-08.54.56:302][  0]LogMeshReduction: No distributed automatic mesh merging module available
[2023.01.20-08.54.56:302][  0]LogMeshMerging: No distributed automatic mesh merging module available
[2023.01.20-08.54.56:316][  0]LogNetVersion: TFC_Project 1.0.0, NetCL: 10570792, EngineNetVer: 13, GameNetVer: 0 (Checksum: 3966490030)
[2023.01.20-08.54.57:333][  0]LogPackageLocalizationCache: Processed 11 localized package path(s) for 1 prioritized culture(s) in 0.038370 seconds
[2023.01.20-08.54.57:339][  0]LogUObjectArray: 46750 objects as part of root set at end of initial load.
[2023.01.20-08.54.57:339][  0]LogUObjectAllocator: 8137160 out of 0 bytes used by permanent object pool.
[2023.01.20-08.54.57:339][  0]LogUObjectArray: CloseDisregardForGC: 0/0 objects in disregard for GC pool
[2023.01.20-08.54.57:854][  0]LogTcpMessaging: Initializing TcpMessaging bridge
[2023.01.20-08.54.57:857][  0]LogUdpMessaging: Initializing bridge on interface 0.0.0.0:0 to multicast group 230.0.0.1:6666.
[2023.01.20-08.54.57:921][  0]SourceControl: Source control is disabled
[2023.01.20-08.54.57:921][  0]SourceControl: Source control is disabled
[2023.01.20-08.54.57:922][  0]SourceControl: Source control is disabled
[2023.01.20-08.54.57:923][  0]SourceControl: Source control is disabled
[2023.01.20-08.54.57:924][  0]SourceControl: Source control is disabled
[2023.01.20-08.54.58:027][  0]LogAndroidPermission: UAndroidPermissionCallbackProxy::GetInstance
[2023.01.20-08.54.58:037][  0]LogAudioCaptureCore: Display: No Audio Capture implementations found. Audio input will be silent.
[2023.01.20-08.54.58:038][  0]LogAudioCaptureCore: Display: No Audio Capture implementations found. Audio input will be silent.
[2023.01.20-08.54.58:114][  0]LogOcInput: OculusInput pre-init called
[2023.01.20-08.54.58:124][  0]LogWindows: Failed to load 'OVRPlugin.dll' (GetLastError=126)
[2023.01.20-08.54.58:124][  0]LogWindows: File 'OVRPlugin.dll' does not exist
[2023.01.20-08.54.58:181][  0]LogEngine: Initializing Engine...
[2023.01.20-08.54.58:182][  0]LogHMD: Failed to initialize OpenVR with code 110
[2023.01.20-08.54.58:183][  0]LogStats: UGameplayTagsManager::InitializeManager -  0.000 s
[2023.01.20-08.54.58:458][  0]LogInit: Initializing FReadOnlyCVARCache
[2023.01.20-08.54.58:464][  0]LogAIModule: Creating AISystem for world Untitled
[2023.01.20-08.54.58:472][  0]LogAudioMixer: Display: Audio Mixer Platform Settings:
[2023.01.20-08.54.58:472][  0]LogAudioMixer: Display: 	Sample Rate:						  48000
[2023.01.20-08.54.58:472][  0]LogAudioMixer: Display: 	Callback Buffer Frame Size Requested: 1024
[2023.01.20-08.54.58:472][  0]LogAudioMixer: Display: 	Callback Buffer Frame Size To Use:	  1024
[2023.01.20-08.54.58:472][  0]LogAudioMixer: Display: 	Number of buffers to queue:			  2
[2023.01.20-08.54.58:472][  0]LogAudioMixer: Display: 	Max Channels (voices):				  32
[2023.01.20-08.54.58:472][  0]LogAudioMixer: Display: 	Number of Async Source Workers:		  0
[2023.01.20-08.54.58:472][  0]LogAudio: Display: AudioDevice MaxSources: 32
[2023.01.20-08.54.58:472][  0]LogAudio: Display: Using built-in audio occlusion.
[2023.01.20-08.54.58:472][  0]LogAudioMixer: Display: Initializing audio mixer.
[2023.01.20-08.54.58:698][  0]LogAudioMixer: Display: Audio Device Output Speaker Info:
[2023.01.20-08.54.58:698][  0]LogAudioMixer: Display: Name: 헤드폰(Mpow H20 Stereo)
[2023.01.20-08.54.58:698][  0]LogAudioMixer: Display: Is Default: Yes
[2023.01.20-08.54.58:698][  0]LogAudioMixer: Display: Sample Rate: 44100
[2023.01.20-08.54.58:698][  0]LogAudioMixer: Display: Channel Count Used: 2
[2023.01.20-08.54.58:698][  0]LogAudioMixer: Display: Device Channel Count: 2
[2023.01.20-08.54.58:698][  0]LogAudioMixer: Display: Channel Order:
[2023.01.20-08.54.58:698][  0]LogAudioMixer: Display: 0: FrontLeft
[2023.01.20-08.54.58:698][  0]LogAudioMixer: Display: 1: FrontRight
[2023.01.20-08.54.59:407][  0]LogAudioMixer: Display: Using Audio Device 헤드폰(Mpow H20 Stereo)
[2023.01.20-08.54.59:409][  0]LogInit: FAudioDevice initialized.
[2023.01.20-08.54.59:409][  0]LogNetVersion: Set ProjectVersion to 1.0.0.0. Version Checksum will be recalculated on next use.
[2023.01.20-08.54.59:451][  0]LogDerivedDataCache: Saved boot cache 0.04s 78MB C:/Users/serio/AppData/Local/UnrealEngine/4.24/DerivedDataCache/Boot.ddc.
[2023.01.20-08.54.59:451][  0]LogInit: Texture streaming: Enabled
[2023.01.20-08.54.59:463][  0]LogEngineSessionManager: EngineSessionManager initialized
[2023.01.20-08.54.59:463][  0]LogEditorSessionSummary: Verbose: Initializing EditorSessionSummaryWriter for editor session tracking
[2023.01.20-08.54.59:467][  0]LogEditorSessionSummary: EditorSessionSummaryWriter initialized
[2023.01.20-08.54.59:504][  0]LogInit: Transaction tracking system initialized
[2023.01.20-08.54.59:513][  0]BlueprintLog: New page: Editor Load
[2023.01.20-08.54.59:543][  0]LocalizationService: Localization service is disabled
[2023.01.20-08.54.59:790][  0]LogFileCache: Scanning file cache for directory 'C:/Unreal Projects/TFC/TFC/TFC_Project/Content/' took 0.01s
[2023.01.20-08.54.59:790][  0]LogCook: Display: Max memory allowance for cook 16384mb min free memory 0mb
[2023.01.20-08.54.59:791][  0]LogCook: Display: Mobile HDR setting 1
[2023.01.20-08.55.00:494][  0]SourceControl: Source control is disabled
[2023.01.20-08.55.00:494][  0]Cmd: MAP LOAD FILE="../../../../../../Unreal Projects/TFC/TFC/TFC_Project/Content/resouerce/Map/testing_Map.umap" TEMPLATE=0 SHOWPROGRESS=1 FEATURELEVEL=3
[2023.01.20-08.55.00:494][  0]LightingResults: New page: Lighting Build
[2023.01.20-08.55.00:495][  0]LogWorld: UWorld::CleanupWorld for Untitled, bSessionEnded=true, bCleanupResources=true
[2023.01.20-08.55.00:495][  0]LogSlate: InvalidateAllWidgets triggered.  All widgets were invalidated
[2023.01.20-08.55.00:495][  0]MapCheck: New page: Map Check
[2023.01.20-08.55.00:495][  0]LightingResults: New page: Lighting Build
[2023.01.20-08.55.00:522][  0]LogUObjectHash: Compacting FUObjectHashTables data took   1.58ms
[2023.01.20-08.55.00:623][  0]LogLinker: Warning: While loading '../../../../../../Unreal Projects/TFC/TFC/TFC_Project/Content/resouerce/temp/FirstPerson/FPWeapon/Mesh/SK_FPGun.uasset' failed to load '/Game/FirstPerson/FPWeapon/Materials/M_FPGun': Can't find file.
[2023.01.20-08.55.00:623][  0]LoadErrors: Failed to load /Game/resouerce/temp/FirstPerson/FPWeapon/Mesh/SK_FPGun.SK_FPGun Referenced by tool_mesh_GEN_VARIABLE
[2023.01.20-08.55.00:624][  0]LogLinker: Warning: While loading '../../../../../../Unreal Projects/TFC/TFC/TFC_Project/Content/resouerce/temp/FirstPerson/FPWeapon/Mesh/SK_FPGun.uasset' failed to load '/Game/FirstPerson/FPWeapon/Materials/M_FPGun': Can't find file.
[2023.01.20-08.55.00:624][  0]LoadErrors: Failed to load /Game/resouerce/temp/FirstPerson/FPWeapon/Mesh/SK_FPGun.SK_FPGun Referenced by tool_mesh_GEN_VARIABLE
[2023.01.20-08.55.00:624][  0]LogLinker: Warning: While loading '../../../../../../Unreal Projects/TFC/TFC/TFC_Project/Content/resouerce/temp/FirstPerson/FPWeapon/Mesh/SK_FPGun.uasset' failed to load '/Game/FirstPerson/FPWeapon/Materials/M_FPGun': Can't find file.
[2023.01.20-08.55.00:624][  0]LoadErrors: Failed to load /Game/resouerce/temp/FirstPerson/FPWeapon/Mesh/SK_FPGun.SK_FPGun Referenced by tool_mesh_GEN_VARIABLE
[2023.01.20-08.55.00:624][  0]LogLinker: Warning: While loading '../../../../../../Unreal Projects/TFC/TFC/TFC_Project/Content/resouerce/temp/FirstPerson/FPWeapon/Mesh/SK_FPGun.uasset' failed to load '/Game/FirstPerson/FPWeapon/Materials/M_FPGun': Can't find file.
[2023.01.20-08.55.00:624][  0]LoadErrors: Failed to load /Game/resouerce/temp/FirstPerson/FPWeapon/Mesh/SK_FPGun.SK_FPGun Referenced by tool_mesh_GEN_VARIABLE
[2023.01.20-08.55.00:624][  0]LogLinker: Warning: While loading '../../../../../../Unreal Projects/TFC/TFC/TFC_Project/Content/resouerce/temp/FirstPerson/FPWeapon/Mesh/SK_FPGun.uasset' failed to load '/Game/FirstPerson/FPWeapon/Mesh/SK_FPGun_Skeleton': Can't find file.
[2023.01.20-08.55.00:624][  0]LoadErrors: Failed to load /Game/resouerce/temp/FirstPerson/FPWeapon/Mesh/SK_FPGun.SK_FPGun Referenced by tool_mesh_GEN_VARIABLE
[2023.01.20-08.55.00:625][  0]LogLinker: Warning: While loading '../../../../../../Unreal Projects/TFC/TFC/TFC_Project/Content/resouerce/temp/FirstPerson/FPWeapon/Mesh/SK_FPGun.uasset' failed to load '/Game/FirstPerson/FPWeapon/Mesh/SK_FPGun_Skeleton': Can't find file.
[2023.01.20-08.55.00:625][  0]LoadErrors: Failed to load /Game/resouerce/temp/FirstPerson/FPWeapon/Mesh/SK_FPGun.SK_FPGun Referenced by tool_mesh_GEN_VARIABLE
[2023.01.20-08.55.00:625][  0]LogLinker: Warning: While loading '../../../../../../Unreal Projects/TFC/TFC/TFC_Project/Content/resouerce/temp/FirstPerson/FPWeapon/Mesh/SK_FPGun.uasset' failed to load '/Game/FirstPerson/FPWeapon/Mesh/SK_FPGun_Skeleton': Can't find file.
[2023.01.20-08.55.00:625][  0]LoadErrors: Failed to load /Game/resouerce/temp/FirstPerson/FPWeapon/Mesh/SK_FPGun.SK_FPGun Referenced by tool_mesh_GEN_VARIABLE
[2023.01.20-08.55.00:625][  0]LogLinker: Warning: While loading '../../../../../../Unreal Projects/TFC/TFC/TFC_Project/Content/resouerce/temp/FirstPerson/FPWeapon/Mesh/SK_FPGun.uasset' failed to load '/Game/FirstPerson/FPWeapon/Mesh/SK_FPGun_Skeleton': Can't find file.
[2023.01.20-08.55.00:625][  0]LoadErrors: Failed to load /Game/resouerce/temp/FirstPerson/FPWeapon/Mesh/SK_FPGun.SK_FPGun Referenced by tool_mesh_GEN_VARIABLE
[2023.01.20-08.55.00:627][  0]LogLinker: Warning: While loading '../../../../../../Unreal Projects/TFC/TFC/TFC_Project/Content/resouerce/temp/FirstPerson/FPWeapon/Materials/M_FPGun.uasset' failed to load '/Game/FirstPerson/FPWeapon/Materials/MaterialLayers/ML_GlossyBlack_Latex_UE4': Can't find file.
[2023.01.20-08.55.00:627][  0]LoadErrors: Failed to load /Game/resouerce/temp/FirstPerson/FPWeapon/Materials/M_FPGun.M_FPGun Referenced by tool_mesh_GEN_VARIABLE
[2023.01.20-08.55.00:627][  0]LogLinker: Warning: While loading '../../../../../../Unreal Projects/TFC/TFC/TFC_Project/Content/resouerce/temp/FirstPerson/FPWeapon/Materials/M_FPGun.uasset' failed to load '/Game/FirstPerson/FPWeapon/Materials/MaterialLayers/ML_GlossyBlack_Latex_UE4': Can't find file.
[2023.01.20-08.55.00:627][  0]LoadErrors: Failed to load /Game/resouerce/temp/FirstPerson/FPWeapon/Materials/M_FPGun.M_FPGun Referenced by tool_mesh_GEN_VARIABLE
[2023.01.20-08.55.00:627][  0]LogLinker: Warning: While loading '../../../../../../Unreal Projects/TFC/TFC/TFC_Project/Content/resouerce/temp/FirstPerson/FPWeapon/Materials/M_FPGun.uasset' failed to load '/Game/FirstPerson/FPWeapon/Materials/MaterialLayers/ML_Plastic_Shiny_Beige': Can't find file.
[2023.01.20-08.55.00:627][  0]LoadErrors: Failed to load /Game/resouerce/temp/FirstPerson/FPWeapon/Materials/M_FPGun.M_FPGun Referenced by tool_mesh_GEN_VARIABLE
[2023.01.20-08.55.00:628][  0]LogLinker: Warning: While loading '../../../../../../Unreal Projects/TFC/TFC/TFC_Project/Content/resouerce/temp/FirstPerson/FPWeapon/Materials/M_FPGun.uasset' failed to load '/Game/FirstPerson/FPWeapon/Materials/MaterialLayers/ML_Plastic_Shiny_Beige': Can't find file.
[2023.01.20-08.55.00:628][  0]LoadErrors: Failed to load /Game/resouerce/temp/FirstPerson/FPWeapon/Materials/M_FPGun.M_FPGun Referenced by tool_mesh_GEN_VARIABLE
[2023.01.20-08.55.00:628][  0]LogLinker: Warning: While loading '../../../../../../Unreal Projects/TFC/TFC/TFC_Project/Content/resouerce/temp/FirstPerson/FPWeapon/Materials/M_FPGun.uasset' failed to load '/Game/FirstPerson/FPWeapon/Materials/MaterialLayers/ML_Screen': Can't find file.
[2023.01.20-08.55.00:628][  0]LoadErrors: Failed to load /Game/resouerce/temp/FirstPerson/FPWeapon/Materials/M_FPGun.M_FPGun Referenced by tool_mesh_GEN_VARIABLE
[2023.01.20-08.55.00:628][  0]LogLinker: Warning: While loading '../../../../../../Unreal Projects/TFC/TFC/TFC_Project/Content/resouerce/temp/FirstPerson/FPWeapon/Materials/M_FPGun.uasset' failed to load '/Game/FirstPerson/FPWeapon/Materials/MaterialLayers/ML_Screen': Can't find file.
[2023.01.20-08.55.00:628][  0]LoadErrors: Failed to load /Game/resouerce/temp/FirstPerson/FPWeapon/Materials/M_FPGun.M_FPGun Referenced by tool_mesh_GEN_VARIABLE
[2023.01.20-08.55.00:628][  0]LogLinker: Warning: While loading '../../../../../../Unreal Projects/TFC/TFC/TFC_Project/Content/resouerce/temp/FirstPerson/FPWeapon/Materials/M_FPGun.uasset' failed to load '/Game/FirstPerson/FPWeapon/Materials/MaterialLayers/ML_SoftMetal_UE4': Can't find file.
[2023.01.20-08.55.00:628][  0]LoadErrors: Failed to load /Game/resouerce/temp/FirstPerson/FPWeapon/Materials/M_FPGun.M_FPGun Referenced by tool_mesh_GEN_VARIABLE
[2023.01.20-08.55.00:629][  0]LogLinker: Warning: While loading '../../../../../../Unreal Projects/TFC/TFC/TFC_Project/Content/resouerce/temp/FirstPerson/FPWeapon/Materials/M_FPGun.uasset' failed to load '/Game/FirstPerson/FPWeapon/Materials/MaterialLayers/ML_SoftMetal_UE4': Can't find file.
[2023.01.20-08.55.00:629][  0]LoadErrors: Failed to load /Game/resouerce/temp/FirstPerson/FPWeapon/Materials/M_FPGun.M_FPGun Referenced by tool_mesh_GEN_VARIABLE
[2023.01.20-08.55.00:629][  0]LogLinker: Warning: While loading '../../../../../../Unreal Projects/TFC/TFC/TFC_Project/Content/resouerce/temp/FirstPerson/FPWeapon/Materials/M_FPGun.uasset' failed to load '/Game/FirstPerson/FPWeapon/Materials/MaterialLayers/ML_GlossyBlack_Latex_UE4': Can't find file.
[2023.01.20-08.55.00:629][  0]LoadErrors: Failed to load /Game/resouerce/temp/FirstPerson/FPWeapon/Materials/M_FPGun.M_FPGun Referenced by tool_mesh_GEN_VARIABLE
[2023.01.20-08.55.00:630][  0]LogLinker: Warning: While loading '../../../../../../Unreal Projects/TFC/TFC/TFC_Project/Content/resouerce/temp/FirstPerson/FPWeapon/Materials/M_FPGun.uasset' failed to load '/Game/FirstPerson/FPWeapon/Materials/MaterialLayers/ML_GlossyBlack_Latex_UE4': Can't find file.
[2023.01.20-08.55.00:630][  0]LoadErrors: Failed to load /Game/resouerce/temp/FirstPerson/FPWeapon/Materials/M_FPGun.M_FPGun Referenced by tool_mesh_GEN_VARIABLE
[2023.01.20-08.55.00:630][  0]LogLinker: Warning: While loading '../../../../../../Unreal Projects/TFC/TFC/TFC_Project/Content/resouerce/temp/FirstPerson/FPWeapon/Materials/M_FPGun.uasset' failed to load '/Game/FirstPerson/FPWeapon/Materials/MaterialLayers/ML_Plastic_Shiny_Beige': Can't find file.
[2023.01.20-08.55.00:630][  0]LoadErrors: Failed to load /Game/resouerce/temp/FirstPerson/FPWeapon/Materials/M_FPGun.M_FPGun Referenced by tool_mesh_GEN_VARIABLE
[2023.01.20-08.55.00:630][  0]LogLinker: Warning: While loading '../../../../../../Unreal Projects/TFC/TFC/TFC_Project/Content/resouerce/temp/FirstPerson/FPWeapon/Materials/M_FPGun.uasset' failed to load '/Game/FirstPerson/FPWeapon/Materials/MaterialLayers/ML_Plastic_Shiny_Beige': Can't find file.
[2023.01.20-08.55.00:630][  0]LoadErrors: Failed to load /Game/resouerce/temp/FirstPerson/FPWeapon/Materials/M_FPGun.M_FPGun Referenced by tool_mesh_GEN_VARIABLE
[2023.01.20-08.55.00:630][  0]LogLinker: Warning: While loading '../../../../../../Unreal Projects/TFC/TFC/TFC_Project/Content/resouerce/temp/FirstPerson/FPWeapon/Materials/M_FPGun.uasset' failed to load '/Game/FirstPerson/FPWeapon/Materials/MaterialLayers/ML_Screen': Can't find file.
[2023.01.20-08.55.00:630][  0]LoadErrors: Failed to load /Game/resouerce/temp/FirstPerson/FPWeapon/Materials/M_FPGun.M_FPGun Referenced by tool_mesh_GEN_VARIABLE
[2023.01.20-08.55.00:631][  0]LogLinker: Warning: While loading '../../../../../../Unreal Projects/TFC/TFC/TFC_Project/Content/resouerce/temp/FirstPerson/FPWeapon/Materials/M_FPGun.uasset' failed to load '/Game/FirstPerson/FPWeapon/Materials/MaterialLayers/ML_Screen': Can't find file.
[2023.01.20-08.55.00:631][  0]LoadErrors: Failed to load /Game/resouerce/temp/FirstPerson/FPWeapon/Materials/M_FPGun.M_FPGun Referenced by tool_mesh_GEN_VARIABLE
[2023.01.20-08.55.00:631][  0]LogLinker: Warning: While loading '../../../../../../Unreal Projects/TFC/TFC/TFC_Project/Content/resouerce/temp/FirstPerson/FPWeapon/Materials/M_FPGun.uasset' failed to load '/Game/FirstPerson/FPWeapon/Materials/MaterialLayers/ML_SoftMetal_UE4': Can't find file.
[2023.01.20-08.55.00:631][  0]LoadErrors: Failed to load /Game/resouerce/temp/FirstPerson/FPWeapon/Materials/M_FPGun.M_FPGun Referenced by tool_mesh_GEN_VARIABLE
[2023.01.20-08.55.00:631][  0]LogLinker: Warning: While loading '../../../../../../Unreal Projects/TFC/TFC/TFC_Project/Content/resouerce/temp/FirstPerson/FPWeapon/Materials/M_FPGun.uasset' failed to load '/Game/FirstPerson/FPWeapon/Materials/MaterialLayers/ML_SoftMetal_UE4': Can't find file.
[2023.01.20-08.55.00:631][  0]LoadErrors: Failed to load /Game/resouerce/temp/FirstPerson/FPWeapon/Materials/M_FPGun.M_FPGun Referenced by tool_mesh_GEN_VARIABLE
[2023.01.20-08.55.00:631][  0]LogLinker: Warning: While loading '../../../../../../Unreal Projects/TFC/TFC/TFC_Project/Content/resouerce/temp/FirstPerson/FPWeapon/Materials/M_FPGun.uasset' failed to load '/Game/FirstPerson/FPWeapon/Textures/T_FPGun_M': Can't find file.
[2023.01.20-08.55.00:631][  0]LoadErrors: Failed to load /Game/resouerce/temp/FirstPerson/FPWeapon/Materials/M_FPGun.M_FPGun Referenced by tool_mesh_GEN_VARIABLE
[2023.01.20-08.55.00:632][  0]LogLinker: Warning: While loading '../../../../../../Unreal Projects/TFC/TFC/TFC_Project/Content/resouerce/temp/FirstPerson/FPWeapon/Materials/M_FPGun.uasset' failed to load '/Game/FirstPerson/FPWeapon/Textures/T_FPGun_M': Can't find file.
[2023.01.20-08.55.00:632][  0]LoadErrors: Failed to load /Game/resouerce/temp/FirstPerson/FPWeapon/Materials/M_FPGun.M_FPGun Referenced by tool_mesh_GEN_VARIABLE
[2023.01.20-08.55.00:632][  0]LogLinker: Warning: While loading '../../../../../../Unreal Projects/TFC/TFC/TFC_Project/Content/resouerce/temp/FirstPerson/FPWeapon/Materials/M_FPGun.uasset' failed to load '/Game/FirstPerson/FPWeapon/Textures/T_FPGun_N': Can't find file.
[2023.01.20-08.55.00:632][  0]LoadErrors: Failed to load /Game/resouerce/temp/FirstPerson/FPWeapon/Materials/M_FPGun.M_FPGun Referenced by tool_mesh_GEN_VARIABLE
[2023.01.20-08.55.00:632][  0]LogLinker: Warning: While loading '../../../../../../Unreal Projects/TFC/TFC/TFC_Project/Content/resouerce/temp/FirstPerson/FPWeapon/Materials/M_FPGun.uasset' failed to load '/Game/FirstPerson/FPWeapon/Textures/T_FPGun_N': Can't find file.
[2023.01.20-08.55.00:632][  0]LoadErrors: Failed to load /Game/resouerce/temp/FirstPerson/FPWeapon/Materials/M_FPGun.M_FPGun Referenced by tool_mesh_GEN_VARIABLE
[2023.01.20-08.55.00:632][  0]LogLinker: Warning: While loading '../../../../../../Unreal Projects/TFC/TFC/TFC_Project/Content/resouerce/temp/FirstPerson/FPWeapon/Materials/M_FPGun.uasset' failed to load '/Game/FirstPerson/FPWeapon/Textures/T_FPGun_M': Can't find file.
[2023.01.20-08.55.00:632][  0]LoadErrors: Failed to load /Game/resouerce/temp/FirstPerson/FPWeapon/Materials/M_FPGun.M_FPGun Referenced by tool_mesh_GEN_VARIABLE
[2023.01.20-08.55.00:633][  0]LogLinker: Warning: While loading '../../../../../../Unreal Projects/TFC/TFC/TFC_Project/Content/resouerce/temp/FirstPerson/FPWeapon/Materials/M_FPGun.uasset' failed to load '/Game/FirstPerson/FPWeapon/Textures/T_FPGun_M': Can't find file.
[2023.01.20-08.55.00:633][  0]LoadErrors: Failed to load /Game/resouerce/temp/FirstPerson/FPWeapon/Materials/M_FPGun.M_FPGun Referenced by tool_mesh_GEN_VARIABLE
[2023.01.20-08.55.00:633][  0]LogLinker: Warning: While loading '../../../../../../Unreal Projects/TFC/TFC/TFC_Project/Content/resouerce/temp/FirstPerson/FPWeapon/Materials/M_FPGun.uasset' failed to load '/Game/FirstPerson/FPWeapon/Textures/T_FPGun_N': Can't find file.
[2023.01.20-08.55.00:633][  0]LoadErrors: Failed to load /Game/resouerce/temp/FirstPerson/FPWeapon/Materials/M_FPGun.M_FPGun Referenced by tool_mesh_GEN_VARIABLE
[2023.01.20-08.55.00:633][  0]LogLinker: Warning: While loading '../../../../../../Unreal Projects/TFC/TFC/TFC_Project/Content/resouerce/temp/FirstPerson/FPWeapon/Materials/M_FPGun.uasset' failed to load '/Game/FirstPerson/FPWeapon/Textures/T_FPGun_N': Can't find file.
[2023.01.20-08.55.00:633][  0]LoadErrors: Failed to load /Game/resouerce/temp/FirstPerson/FPWeapon/Materials/M_FPGun.M_FPGun Referenced by tool_mesh_GEN_VARIABLE
[2023.01.20-08.55.00:665][  0]LogLinker: Display: CreateExport: Failed to load Parent for Function /Game/blueprints/OnCollections/Modules/AoeModule1.AoeModule1_C:UserConstructionScript; removing parent information, but keeping function
[2023.01.20-08.55.00:667][  0]LogLinker: Display: CreateExport: Failed to load Parent for Function /Game/blueprints/OnCollections/Modules/AoEModule2.AoEModule2_C:UserConstructionScript; removing parent information, but keeping function
[2023.01.20-08.55.00:669][  0]LogLinker: Display: CreateExport: Failed to load Parent for Function /Game/blueprints/OnCollections/Modules/AoEModule3.AoEModule3_C:UserConstructionScript; removing parent information, but keeping function
[2023.01.20-08.55.00:671][  0]LogLinker: Display: CreateExport: Failed to load Parent for Function /Game/blueprints/OnCollections/Modules/AoEModule4.AoEModule4_C:UserConstructionScript; removing parent information, but keeping function
[2023.01.20-08.55.00:676][  0]LogLinker: Display: CreateExport: Failed to load Parent for Function /Game/blueprints/OnCollections/Modules/SniperModule1.SniperModule1_C:UserConstructionScript; removing parent information, but keeping function
[2023.01.20-08.55.00:678][  0]LogLinker: Display: CreateExport: Failed to load Parent for Function /Game/blueprints/OnCollections/Modules/SniperModule2.SniperModule2_C:UserConstructionScript; removing parent information, but keeping function
[2023.01.20-08.55.00:681][  0]LogLinker: Display: CreateExport: Failed to load Parent for Function /Game/blueprints/OnCollections/Modules/SniperModule3.SniperModule3_C:UserConstructionScript; removing parent information, but keeping function
[2023.01.20-08.55.00:683][  0]LogLinker: Display: CreateExport: Failed to load Parent for Function /Game/blueprints/OnCollections/Modules/SniperModule4.SniperModule4_C:UserConstructionScript; removing parent information, but keeping function
[2023.01.20-08.55.00:700][  0]LogLinker: Display: CreateExport: Failed to load Parent for Function /Game/blueprints/OnCollections/Modules/BasicModule1.BasicModule1_C:UserConstructionScript; removing parent information, but keeping function
[2023.01.20-08.55.00:702][  0]LogLinker: Display: CreateExport: Failed to load Parent for Function /Game/blueprints/OnCollections/Modules/BasicModule2.BasicModule2_C:UserConstructionScript; removing parent information, but keeping function
[2023.01.20-08.55.00:704][  0]LogLinker: Display: CreateExport: Failed to load Parent for Function /Game/blueprints/OnCollections/Modules/BasicModule3.BasicModule3_C:UserConstructionScript; removing parent information, but keeping function
[2023.01.20-08.55.00:707][  0]LogLinker: Display: CreateExport: Failed to load Parent for Function /Game/blueprints/OnCollections/Modules/BasicModule4.BasicModule4_C:UserConstructionScript; removing parent information, but keeping function
[2023.01.20-08.55.00:836][  0]LogBlueprint: Error: [Compiler SlowEffect] In use pin  Effects  no longer exists on node  Get . Please refresh node or break links to remove pin.
[2023.01.20-08.55.00:940][  0]LogBlueprint: Warning: [Compiler Enemy_for_Test] Input pin  HP  specifying non-default value no longer exists on node  Enemy Init . Please refresh node or reset pin to default value to remove pin.
[2023.01.20-08.55.01:023][  0]LogLinker: Warning: While loading '../../../../../../Unreal Projects/TFC/TFC/TFC_Project/Content/resouerce/temp/FirstPerson/FPWeapon/Materials/M_FPGun.uasset' failed to load '/Game/FirstPerson/FPWeapon/Materials/MaterialLayers/ML_SoftMetal_UE4': Can't find file.
[2023.01.20-08.55.01:023][  0]LoadErrors: Failed to load /Game/FirstPerson/FPWeapon/Materials/MaterialLayers/ML_SoftMetal_UE4.ML_SoftMetal_UE4 Referenced by M_FPGun
[2023.01.20-08.55.01:023][  0]LogLinker: Warning: While loading '../../../../../../Unreal Projects/TFC/TFC/TFC_Project/Content/resouerce/temp/FirstPerson/FPWeapon/Materials/M_FPGun.uasset' failed to load '/Game/FirstPerson/FPWeapon/Materials/MaterialLayers/ML_SoftMetal_UE4': Can't find file.
[2023.01.20-08.55.01:023][  0]LoadErrors: Failed to load /Game/FirstPerson/FPWeapon/Materials/MaterialLayers/ML_SoftMetal_UE4.ML_SoftMetal_UE4 Referenced by M_FPGun
[2023.01.20-08.55.01:023][  0]LogLinker: Warning: While loading '../../../../../../Unreal Projects/TFC/TFC/TFC_Project/Content/resouerce/temp/FirstPerson/FPWeapon/Materials/M_FPGun.uasset' failed to load '/Game/FirstPerson/FPWeapon/Materials/MaterialLayers/ML_GlossyBlack_Latex_UE4': Can't find file.
[2023.01.20-08.55.01:023][  0]LoadErrors: Failed to load /Game/FirstPerson/FPWeapon/Materials/MaterialLayers/ML_GlossyBlack_Latex_UE4.ML_GlossyBlack_Latex_UE4 Referenced by M_FPGun
[2023.01.20-08.55.01:023][  0]LogLinker: Warning: While loading '../../../../../../Unreal Projects/TFC/TFC/TFC_Project/Content/resouerce/temp/FirstPerson/FPWeapon/Materials/M_FPGun.uasset' failed to load '/Game/FirstPerson/FPWeapon/Materials/MaterialLayers/ML_GlossyBlack_Latex_UE4': Can't find file.
[2023.01.20-08.55.01:023][  0]LoadErrors: Failed to load /Game/FirstPerson/FPWeapon/Materials/MaterialLayers/ML_GlossyBlack_Latex_UE4.ML_GlossyBlack_Latex_UE4 Referenced by M_FPGun
[2023.01.20-08.55.01:024][  0]LogLinker: Warning: While loading '../../../../../../Unreal Projects/TFC/TFC/TFC_Project/Content/resouerce/temp/FirstPerson/FPWeapon/Materials/M_FPGun.uasset' failed to load '/Game/FirstPerson/FPWeapon/Materials/MaterialLayers/ML_Plastic_Shiny_Beige': Can't find file.
[2023.01.20-08.55.01:024][  0]LoadErrors: Failed to load /Game/FirstPerson/FPWeapon/Materials/MaterialLayers/ML_Plastic_Shiny_Beige.ML_Plastic_Shiny_Beige Referenced by M_FPGun
[2023.01.20-08.55.01:024][  0]LogLinker: Warning: While loading '../../../../../../Unreal Projects/TFC/TFC/TFC_Project/Content/resouerce/temp/FirstPerson/FPWeapon/Materials/M_FPGun.uasset' failed to load '/Game/FirstPerson/FPWeapon/Materials/MaterialLayers/ML_Plastic_Shiny_Beige': Can't find file.
[2023.01.20-08.55.01:024][  0]LoadErrors: Failed to load /Game/FirstPerson/FPWeapon/Materials/MaterialLayers/ML_Plastic_Shiny_Beige.ML_Plastic_Shiny_Beige Referenced by M_FPGun
[2023.01.20-08.55.01:024][  0]LogLinker: Warning: While loading '../../../../../../Unreal Projects/TFC/TFC/TFC_Project/Content/resouerce/temp/FirstPerson/FPWeapon/Materials/M_FPGun.uasset' failed to load '/Game/FirstPerson/FPWeapon/Materials/MaterialLayers/ML_Screen': Can't find file.
[2023.01.20-08.55.01:024][  0]LoadErrors: Failed to load /Game/FirstPerson/FPWeapon/Materials/MaterialLayers/ML_Screen.ML_Screen Referenced by M_FPGun
[2023.01.20-08.55.01:024][  0]LogLinker: Warning: While loading '../../../../../../Unreal Projects/TFC/TFC/TFC_Project/Content/resouerce/temp/FirstPerson/FPWeapon/Materials/M_FPGun.uasset' failed to load '/Game/FirstPerson/FPWeapon/Materials/MaterialLayers/ML_Screen': Can't find file.
[2023.01.20-08.55.01:024][  0]LoadErrors: Failed to load /Game/FirstPerson/FPWeapon/Materials/MaterialLayers/ML_Screen.ML_Screen Referenced by M_FPGun
[2023.01.20-08.55.01:025][  0]LogLinker: Warning: While loading '../../../../../../Unreal Projects/TFC/TFC/TFC_Project/Content/resouerce/temp/FirstPerson/FPWeapon/Materials/M_FPGun.uasset' failed to load '/Game/FirstPerson/FPWeapon/Materials/MaterialLayers/ML_Plastic_Shiny_Beige': Can't find file.
[2023.01.20-08.55.01:025][  0]LoadErrors: Failed to load /Game/FirstPerson/FPWeapon/Materials/MaterialLayers/ML_Plastic_Shiny_Beige.ML_Plastic_Shiny_Beige Referenced by MaterialExpressionMaterialFunctionCall_13
[2023.01.20-08.55.01:025][  0]LogLinker: Warning: While loading '../../../../../../Unreal Projects/TFC/TFC/TFC_Project/Content/resouerce/temp/FirstPerson/FPWeapon/Materials/M_FPGun.uasset' failed to load '/Game/FirstPerson/FPWeapon/Materials/MaterialLayers/ML_Plastic_Shiny_Beige': Can't find file.
[2023.01.20-08.55.01:025][  0]LoadErrors: Failed to load /Game/FirstPerson/FPWeapon/Materials/MaterialLayers/ML_Plastic_Shiny_Beige.ML_Plastic_Shiny_Beige Referenced by MaterialExpressionMaterialFunctionCall_13
[2023.01.20-08.55.01:026][  0]LogLinker: Warning: While loading '../../../../../../Unreal Projects/TFC/TFC/TFC_Project/Content/resouerce/temp/FirstPerson/FPWeapon/Materials/M_FPGun.uasset' failed to load '/Game/FirstPerson/FPWeapon/Materials/MaterialLayers/ML_Screen': Can't find file.
[2023.01.20-08.55.01:026][  0]LoadErrors: Failed to load /Game/FirstPerson/FPWeapon/Materials/MaterialLayers/ML_Screen.ML_Screen Referenced by MaterialExpressionMaterialFunctionCall_4
[2023.01.20-08.55.01:026][  0]LogLinker: Warning: While loading '../../../../../../Unreal Projects/TFC/TFC/TFC_Project/Content/resouerce/temp/FirstPerson/FPWeapon/Materials/M_FPGun.uasset' failed to load '/Game/FirstPerson/FPWeapon/Materials/MaterialLayers/ML_Screen': Can't find file.
[2023.01.20-08.55.01:026][  0]LoadErrors: Failed to load /Game/FirstPerson/FPWeapon/Materials/MaterialLayers/ML_Screen.ML_Screen Referenced by MaterialExpressionMaterialFunctionCall_4
[2023.01.20-08.55.01:026][  0]LogLinker: Warning: While loading '../../../../../../Unreal Projects/TFC/TFC/TFC_Project/Content/resouerce/temp/FirstPerson/FPWeapon/Materials/M_FPGun.uasset' failed to load '/Game/FirstPerson/FPWeapon/Materials/MaterialLayers/ML_SoftMetal_UE4': Can't find file.
[2023.01.20-08.55.01:026][  0]LoadErrors: Failed to load /Game/FirstPerson/FPWeapon/Materials/MaterialLayers/ML_SoftMetal_UE4.ML_SoftMetal_UE4 Referenced by MaterialExpressionMaterialFunctionCall_8
[2023.01.20-08.55.01:026][  0]LogLinker: Warning: While loading '../../../../../../Unreal Projects/TFC/TFC/TFC_Project/Content/resouerce/temp/FirstPerson/FPWeapon/Materials/M_FPGun.uasset' failed to load '/Game/FirstPerson/FPWeapon/Materials/MaterialLayers/ML_SoftMetal_UE4': Can't find file.
[2023.01.20-08.55.01:026][  0]LoadErrors: Failed to load /Game/FirstPerson/FPWeapon/Materials/MaterialLayers/ML_SoftMetal_UE4.ML_SoftMetal_UE4 Referenced by MaterialExpressionMaterialFunctionCall_8
[2023.01.20-08.55.01:027][  0]LogLinker: Warning: While loading '../../../../../../Unreal Projects/TFC/TFC/TFC_Project/Content/resouerce/temp/FirstPerson/FPWeapon/Materials/M_FPGun.uasset' failed to load '/Game/FirstPerson/FPWeapon/Materials/MaterialLayers/ML_GlossyBlack_Latex_UE4': Can't find file.
[2023.01.20-08.55.01:027][  0]LoadErrors: Failed to load /Game/FirstPerson/FPWeapon/Materials/MaterialLayers/ML_GlossyBlack_Latex_UE4.ML_GlossyBlack_Latex_UE4 Referenced by MaterialExpressionMaterialFunctionCall_9
[2023.01.20-08.55.01:027][  0]LogLinker: Warning: While loading '../../../../../../Unreal Projects/TFC/TFC/TFC_Project/Content/resouerce/temp/FirstPerson/FPWeapon/Materials/M_FPGun.uasset' failed to load '/Game/FirstPerson/FPWeapon/Materials/MaterialLayers/ML_GlossyBlack_Latex_UE4': Can't find file.
[2023.01.20-08.55.01:027][  0]LoadErrors: Failed to load /Game/FirstPerson/FPWeapon/Materials/MaterialLayers/ML_GlossyBlack_Latex_UE4.ML_GlossyBlack_Latex_UE4 Referenced by MaterialExpressionMaterialFunctionCall_9
[2023.01.20-08.55.01:027][  0]LogLinker: Warning: While loading '../../../../../../Unreal Projects/TFC/TFC/TFC_Project/Content/resouerce/temp/FirstPerson/FPWeapon/Materials/M_FPGun.uasset' failed to load '/Game/FirstPerson/FPWeapon/Textures/T_FPGun_N': Can't find file.
[2023.01.20-08.55.01:027][  0]LoadErrors: Failed to load /Game/FirstPerson/FPWeapon/Textures/T_FPGun_N.T_FPGun_N Referenced by MaterialExpressionTextureSampleParameter2D_2
[2023.01.20-08.55.01:027][  0]LogLinker: Warning: While loading '../../../../../../Unreal Projects/TFC/TFC/TFC_Project/Content/resouerce/temp/FirstPerson/FPWeapon/Materials/M_FPGun.uasset' failed to load '/Game/FirstPerson/FPWeapon/Textures/T_FPGun_N': Can't find file.
[2023.01.20-08.55.01:027][  0]LoadErrors: Failed to load /Game/FirstPerson/FPWeapon/Textures/T_FPGun_N.T_FPGun_N Referenced by MaterialExpressionTextureSampleParameter2D_2
[2023.01.20-08.55.01:028][  0]LogLinker: Warning: While loading '../../../../../../Unreal Projects/TFC/TFC/TFC_Project/Content/resouerce/temp/FirstPerson/FPWeapon/Materials/M_FPGun.uasset' failed to load '/Game/FirstPerson/FPWeapon/Textures/T_FPGun_M': Can't find file.
[2023.01.20-08.55.01:028][  0]LoadErrors: Failed to load /Game/FirstPerson/FPWeapon/Textures/T_FPGun_M.T_FPGun_M Referenced by MaterialExpressionTextureSampleParameter2D_3
[2023.01.20-08.55.01:028][  0]LogLinker: Warning: While loading '../../../../../../Unreal Projects/TFC/TFC/TFC_Project/Content/resouerce/temp/FirstPerson/FPWeapon/Materials/M_FPGun.uasset' failed to load '/Game/FirstPerson/FPWeapon/Textures/T_FPGun_M': Can't find file.
[2023.01.20-08.55.01:028][  0]LoadErrors: Failed to load /Game/FirstPerson/FPWeapon/Textures/T_FPGun_M.T_FPGun_M Referenced by MaterialExpressionTextureSampleParameter2D_3
[2023.01.20-08.55.01:028][  0]LogLinker: Warning: While loading '../../../../../../Unreal Projects/TFC/TFC/TFC_Project/Content/resouerce/temp/FirstPerson/FPWeapon/Mesh/SK_FPGun.uasset' failed to load '/Game/FirstPerson/FPWeapon/Mesh/SK_FPGun_Skeleton': Can't find file.
[2023.01.20-08.55.01:028][  0]LoadErrors: Failed to load /Game/FirstPerson/FPWeapon/Mesh/SK_FPGun_Skeleton.SK_FPGun_Skeleton Referenced by SK_FPGun
[2023.01.20-08.55.01:028][  0]LogLinker: Warning: While loading '../../../../../../Unreal Projects/TFC/TFC/TFC_Project/Content/resouerce/temp/FirstPerson/FPWeapon/Mesh/SK_FPGun.uasset' failed to load '/Game/FirstPerson/FPWeapon/Mesh/SK_FPGun_Skeleton': Can't find file.
[2023.01.20-08.55.01:029][  0]LoadErrors: Failed to load /Game/FirstPerson/FPWeapon/Mesh/SK_FPGun_Skeleton.SK_FPGun_Skeleton Referenced by SK_FPGun
[2023.01.20-08.55.01:029][  0]LogLinker: Warning: While loading '../../../../../../Unreal Projects/TFC/TFC/TFC_Project/Content/resouerce/temp/FirstPerson/FPWeapon/Mesh/SK_FPGun.uasset' failed to load '/Game/FirstPerson/FPWeapon/Materials/M_FPGun': Can't find file.
[2023.01.20-08.55.01:029][  0]LoadErrors: Failed to load /Game/FirstPerson/FPWeapon/Materials/M_FPGun.M_FPGun Referenced by SK_FPGun
[2023.01.20-08.55.01:029][  0]LogLinker: Warning: While loading '../../../../../../Unreal Projects/TFC/TFC/TFC_Project/Content/resouerce/temp/FirstPerson/FPWeapon/Mesh/SK_FPGun.uasset' failed to load '/Game/FirstPerson/FPWeapon/Materials/M_FPGun': Can't find file.
[2023.01.20-08.55.01:029][  0]LoadErrors: Failed to load /Game/FirstPerson/FPWeapon/Materials/M_FPGun.M_FPGun Referenced by SK_FPGun
[2023.01.20-08.55.01:161][  0]LogMaterial: Display: Missing cached shader map for material M_FPGun, compiling. 
[2023.01.20-08.55.01:163][  0]LogMaterial: Warning: C:\Unreal Projects\TFC\TFC\TFC_Project\Content\resouerce\temp\FirstPerson\FPWeapon\Materials\M_FPGun.uasset: Failed to compile Material for platform PCD3D_SM5, Default Material will be used in game.
[2023.01.20-08.55.01:163][  0]LogMaterial: Display: 	Missing Material Function
[2023.01.20-08.55.01:163][  0]LogMaterial: Display: 	(Node TextureSampleParameter2D) Param2D> Found NULL, requires Texture2D
[2023.01.20-08.55.01:163][  0]LogMaterial: Display: 	Function MatLayerBlend_NormalBlend: (Node MakeMaterialAttributes) Error on property Normal
[2023.01.20-08.55.01:163][  0]LogMaterial: Display: 	Function MatLayerBlend_Simple: (Node MakeMaterialAttributes) Error on property EmissiveColor
[2023.01.20-08.55.01:163][  0]LogMaterial: Display: 	Function MatLayerBlend_Simple: (Node MakeMaterialAttributes) Error on property BaseColor
[2023.01.20-08.55.01:164][  0]LogMaterial: Display: 	Function MatLayerBlend_Simple: (Node MakeMaterialAttributes) Error on property Metallic
[2023.01.20-08.55.01:164][  0]LogMaterial: Display: 	Function MatLayerBlend_Simple: (Node MakeMaterialAttributes) Error on property Roughness
[2023.01.20-08.55.01:219][  0]LogAIModule: Creating AISystem for world testing_Map
[2023.01.20-08.55.01:226][  0]LogActor: Error: SetOwner(): Failed to set 'enemy1_2' owner of 'enemy1_2' because it would cause an Owner loop
[2023.01.20-08.55.01:226][  0]LogActor: Error: SetOwner(): Failed to set 'Enemy_for_Test_2' owner of 'Enemy_for_Test_2' because it would cause an Owner loop
[2023.01.20-08.55.01:227][  0]LogEditorServer: Finished looking for orphan Actors (0.000 secs)
[2023.01.20-08.55.01:259][  0]LogUObjectHash: Compacting FUObjectHashTables data took   2.47ms
[2023.01.20-08.55.01:259][  0]Cmd: MAP CHECKDEP NOCLEARLOG
[2023.01.20-08.55.01:260][  0]MapCheck: Map check complete: 0 Error(s), 0 Warning(s), took 0.229ms to complete.
[2023.01.20-08.55.01:260][  0]LogFileHelpers: Loading map 'testing_Map' took 0.765
[2023.01.20-08.55.01:405][  0]LogSlate: Updating window title bar state: overlay mode, drag disabled, window buttons hidden, title bar hidden
[2023.01.20-08.55.01:410][  0]LogSlate: Updating window title bar state: overlay mode, drag disabled, window buttons hidden, title bar hidden
[2023.01.20-08.55.01:416][  0]LogSlate: Updating window title bar state: overlay mode, drag disabled, window buttons hidden, title bar hidden
[2023.01.20-08.55.01:421][  0]LogSlate: Updating window title bar state: overlay mode, drag disabled, window buttons hidden, title bar hidden
[2023.01.20-08.55.01:502][  0]LogCollectionManager: Loaded 0 collections in 0.001444 seconds
[2023.01.20-08.55.01:514][  0]LogFileCache: Scanning file cache for directory 'C:/Unreal Projects/TFC/TFC/TFC_Project/Saved/Collections/' took 0.00s
[2023.01.20-08.55.01:514][  0]LogFileCache: Scanning file cache for directory 'C:/Unreal Projects/TFC/TFC/TFC_Project/Content/Developers/serio/Collections/' took 0.00s
[2023.01.20-08.55.01:514][  0]LogFileCache: Scanning file cache for directory 'C:/Unreal Projects/TFC/TFC/TFC_Project/Content/Collections/' took 0.00s
[2023.01.20-08.55.01:514][  0]LogContentBrowser: Native class hierarchy populated in 0.0075 seconds. Added 3048 classes and 731 folders.
[2023.01.20-08.55.01:516][  0]LogContentBrowser: Native class hierarchy updated for 'WidgetCarousel' in 0.0003 seconds. Added 0 classes and 0 folders.
[2023.01.20-08.55.01:578][  0]LogContentBrowser: Native class hierarchy updated for 'AddContentDialog' in 0.0003 seconds. Added 0 classes and 0 folders.
[2023.01.20-08.55.01:613][  0]LogSlate: Took 0.000315 seconds to synchronously load lazily loaded font '../../../Engine/Content/Slate/Fonts/Roboto-Regular.ttf' (155K)
[2023.01.20-08.55.01:615][  0]LogSlate: Took 0.000285 seconds to synchronously load lazily loaded font '../../../Engine/Content/Slate/Fonts/Roboto-Bold.ttf' (160K)
[2023.01.20-08.55.01:619][  0]LogSlate: Took 0.000232 seconds to synchronously load lazily loaded font '../../../Engine/Content/Editor/Slate/Fonts/FontAwesome.ttf' (139K)
[2023.01.20-08.55.01:685][  0]LogRenderer: Reallocating scene render targets to support 1532x756 Format 10 NumSamples 1 (Frame:1).
[2023.01.20-08.55.01:754][  0]LogContentBrowser: Native class hierarchy updated for 'HierarchicalLODOutliner' in 0.0004 seconds. Added 0 classes and 0 folders.
[2023.01.20-08.55.01:754][  0]LogLoad: (Engine Initialization) Total time: 9.42 seconds
[2023.01.20-08.55.01:754][  0]LogLoad: (Engine Initialization) Total Blueprint compile time: 0.00 seconds
[2023.01.20-08.55.01:816][  0]LogAssetRegistry: Asset discovery search completed in 5.8893 seconds
[2023.01.20-08.55.01:819][  0]LogCollectionManager: Fixed up redirectors for 0 collections in 0.000006 seconds (updated 0 objects)
[2023.01.20-08.55.01:820][  0]LogContentStreaming: Texture pool size now 1000 MB
[2023.01.20-08.55.02:105][  1]LogFileCache: Retrieving MD5 hashes for directory 'C:/Unreal Projects/TFC/TFC/TFC_Project/Content/' took 0.33s
[2023.01.20-08.55.02:122][  1]LogBlueprintUserMessages: [BasicTower_C_0] Hello
[2023.01.20-08.55.16:201][166]LogSlate: Window 'Message Log' being destroyed
[2023.01.20-08.55.16:206][166]LogSlate: Window 'Message Log' being destroyed
[2023.01.20-08.55.24:391][108]LogSlate: Took 0.000275 seconds to synchronously load lazily loaded font '../../../Engine/Content/Slate/Fonts/Roboto-Light.ttf' (167K)
[2023.01.20-08.55.24:406][108]LogAssetEditorSubsystem: Opening Asset editor for Blueprint /Game/blueprints/Tower/Tower.Tower
[2023.01.20-08.55.24:609][108]LogContentBrowser: Native class hierarchy updated for 'BlueprintGraph' in 0.0006 seconds. Added 121 classes and 0 folders.
[2023.01.20-08.55.25:397][108]LogSlate: Took 0.000300 seconds to synchronously load lazily loaded font '../../../Engine/Content/Slate/Fonts/Roboto-BoldCondensed.ttf' (158K)
[2023.01.20-08.55.25:500][109]LogSlate: Took 0.001536 seconds to synchronously load lazily loaded font '../../../Engine/Content/Slate/Fonts/DroidSansFallback.ttf' (3848K)
[2023.01.20-08.55.25:502][109]LogSlate: Took 0.000299 seconds to synchronously load lazily loaded font '../../../Engine/Content/Slate/Fonts/Roboto-Italic.ttf' (157K)
[2023.01.20-08.56.12:414][ 15]LogSlate: Took 0.000291 seconds to synchronously load lazily loaded font '../../../Engine/Content/Slate/Fonts/Roboto-BoldCondensedItalic.ttf' (160K)
[2023.01.20-08.56.40:814][659]BlueprintLog: New page: Compile Tower
[2023.01.20-08.56.40:864][659]LogBlueprintUserMessages: [BasicTower_C_0] Hello
[2023.01.20-08.56.41:087][659]LogUObjectHash: Compacting FUObjectHashTables data took   3.76ms
[2023.01.20-08.56.41:872][717]Cmd: OBJ SAVEPACKAGE PACKAGE="/Game/blueprints/Tower/Tower" FILE="../../../../../../Unreal Projects/TFC/TFC/TFC_Project/Content/blueprints/Tower/Tower.uasset" SILENT=true
[2023.01.20-08.56.42:003][717]LogSavePackage: Moving '../../../../../../Unreal Projects/TFC/TFC/TFC_Project/Saved/TowerB8EF3B654CF9DA2CFB8123ABFA42EC0F.tmp' to '../../../../../../Unreal Projects/TFC/TFC/TFC_Project/Content/blueprints/Tower/Tower.uasset'
[2023.01.20-08.56.42:019][717]AssetCheck: New page: Asset Save: Tower
[2023.01.20-08.56.42:019][717]LogContentValidation: Display: Validating Blueprint /Game/blueprints/Tower/Tower.Tower
[2023.01.20-08.56.53:642][660]BlueprintLog: New page: Compile Tower
[2023.01.20-08.56.53:686][660]LogBlueprintUserMessages: [BasicTower_C_0] Hello
[2023.01.20-08.56.53:905][660]LogUObjectHash: Compacting FUObjectHashTables data took   3.62ms
[2023.01.20-08.56.54:097][665]Cmd: OBJ SAVEPACKAGE PACKAGE="/Game/blueprints/Tower/Tower" FILE="../../../../../../Unreal Projects/TFC/TFC/TFC_Project/Content/blueprints/Tower/Tower.uasset" SILENT=true
[2023.01.20-08.56.54:227][665]LogSavePackage: Moving '../../../../../../Unreal Projects/TFC/TFC/TFC_Project/Saved/Tower97CA7EE949B0C5B5D8FAB7B343E0F004.tmp' to '../../../../../../Unreal Projects/TFC/TFC/TFC_Project/Content/blueprints/Tower/Tower.uasset'
[2023.01.20-08.56.54:243][665]AssetCheck: New page: Asset Save: Tower
[2023.01.20-08.56.54:243][665]LogContentValidation: Display: Validating Blueprint /Game/blueprints/Tower/Tower.Tower
[2023.01.20-08.57.35:992][342]BlueprintLog: New page: Compile Tower
[2023.01.20-08.57.36:036][342]LogBlueprintUserMessages: [BasicTower_C_0] Hello
[2023.01.20-08.57.36:251][342]LogUObjectHash: Compacting FUObjectHashTables data took   3.67ms
[2023.01.20-08.57.36:682][375]Cmd: OBJ SAVEPACKAGE PACKAGE="/Game/blueprints/Tower/Tower" FILE="../../../../../../Unreal Projects/TFC/TFC/TFC_Project/Content/blueprints/Tower/Tower.uasset" SILENT=true
[2023.01.20-08.57.36:813][375]LogSavePackage: Moving '../../../../../../Unreal Projects/TFC/TFC/TFC_Project/Saved/Tower93DD93444C6DB80B96143D839DA01DA2.tmp' to '../../../../../../Unreal Projects/TFC/TFC/TFC_Project/Content/blueprints/Tower/Tower.uasset'
[2023.01.20-08.57.36:827][375]AssetCheck: New page: Asset Save: Tower
[2023.01.20-08.57.36:827][375]LogContentValidation: Display: Validating Blueprint /Game/blueprints/Tower/Tower.Tower
[2023.01.20-08.57.40:563][777]LogBlueprintUserMessages: [BasicTower_C_1] Hello
[2023.01.20-08.57.45:940][317]LogAssetEditorSubsystem: Opening Asset editor for Blueprint /Game/blueprints/OnCollections/OnCollection.OnCollection
[2023.01.20-08.57.51:811][847]LogAssetEditorSubsystem: Opening Asset editor for Blueprint /Game/blueprints/OnCollections/Effects/AnotherEffect.AnotherEffect
[2023.01.20-08.57.52:662][893]LogAssetEditorSubsystem: Opening Asset editor for Blueprint /Game/blueprints/OnCollections/Effects/SlowEffect2.SlowEffect2
[2023.01.20-08.57.53:494][933]LogAssetEditorSubsystem: Opening Asset editor for Blueprint /Game/blueprints/OnCollections/Effects/Effect.Effect
[2023.01.20-08.57.54:229][961]LogAssetEditorSubsystem: Opening Asset editor for Blueprint /Game/blueprints/OnCollections/Effects/SlowEffect.SlowEffect
[2023.01.20-08.58.00:306][407]LogSlate: Window 'SlowEffect' being destroyed
[2023.01.20-08.58.06:057][772]LogSlate: Window 'Effect' being destroyed
[2023.01.20-08.58.25:009][138]LogUObjectHash: Compacting FUObjectHashTables data took   3.46ms
[2023.01.20-08.58.30:012][138]LogSlate: Window 'Delete Assets' being destroyed
[2023.01.20-08.58.31:253][213]LogUObjectHash: Compacting FUObjectHashTables data took   2.69ms
[2023.01.20-08.58.31:753][213]LogSlate: Took 0.000164 seconds to synchronously load lazily loaded font '../../../Engine/Content/Slate/Fonts/Roboto-Light.ttf' (167K)
[2023.01.20-08.58.34:389][213]LogSlate: Window 'Delete Assets' being destroyed
[2023.01.20-08.58.39:585][549]LogSlate: Window 'SlowEffect' being destroyed
[2023.01.20-08.58.39:589][549]LogSlate: Window 'SlowEffect' being destroyed
[2023.01.20-08.58.39:589][549]LogWorld: UWorld::CleanupWorld for World_7, bSessionEnded=true, bCleanupResources=true
[2023.01.20-08.58.39:589][549]LogSlate: InvalidateAllWidgets triggered.  All widgets were invalidated
[2023.01.20-08.58.39:632][549]LogActorComponent: UnregisterComponent: (/Engine/Transient.EditorFloorComp) Not registered. Aborting.
[2023.01.20-08.58.39:632][549]LogWorld: UWorld::CleanupWorld for World_8, bSessionEnded=true, bCleanupResources=true
[2023.01.20-08.58.39:632][549]LogSlate: InvalidateAllWidgets triggered.  All widgets were invalidated
[2023.01.20-08.58.42:137][750]LogUObjectHash: Compacting FUObjectHashTables data took   3.96ms
[2023.01.20-08.58.46:958][750]LogSlate: Window 'Delete Assets' being destroyed
