Log file open, 01/12/23 16:41:56
LogWindows: Failed to load 'aqProf.dll' (GetLastError=126)
LogWindows: File 'aqProf.dll' does not exist
LogWindows: Failed to load 'VtuneApi.dll' (GetLastError=126)
LogWindows: File 'VtuneApi.dll' does not exist
LogWindows: Failed to load 'VtuneApi32e.dll' (GetLastError=126)
LogWindows: File 'VtuneApi32e.dll' does not exist
LogConsoleResponse: Display: Failed to find resolution value strings in scalability ini. Falling back to default.
LogInit: Display: Running engine for game: TFC_Project
LogPlatformFile: Not using cached read wrapper
LogTaskGraph: Started task graph with 5 named threads and 35 total threads with 3 sets of task threads.
LogStats: Stats thread started at 0.087130
LogD3D11RHI: Loaded GFSDK_Aftermath_Lib.x64.dll
LogICUInternationalization: ICU TimeZone Detection - Raw Offset: +9:00, Platform Override: ''
LogPluginManager: Mounting plugin Paper2D
LogPluginManager: Mounting plugin AISupport
LogPluginManager: Mounting plugin LightPropagationVolume
LogPluginManager: Mounting plugin ActorLayerUtilities
LogPluginManager: Mounting plugin AnimationSharing
LogPluginManager: Mounting plugin CLionSourceCodeAccess
LogPluginManager: Mounting plugin CodeLiteSourceCodeAccess
LogPluginManager: Mounting plugin GitSourceControl
LogPluginManager: Mounting plugin KDevelopSourceCodeAccess
LogPluginManager: Mounting plugin NullSourceCodeAccess
LogPluginManager: Mounting plugin PerforceSourceControl
LogPluginManager: Mounting plugin PlasticSourceControl
LogPluginManager: Mounting plugin SubversionSourceControl
LogPluginManager: Mounting plugin UObjectPlugin
LogPluginManager: Mounting plugin VisualStudioCodeSourceCodeAccess
LogPluginManager: Mounting plugin VisualStudioSourceCodeAccess
LogPluginManager: Mounting plugin XCodeSourceCodeAccess
LogPluginManager: Mounting plugin AssetManagerEditor
LogPluginManager: Mounting plugin CryptoKeys
LogPluginManager: Mounting plugin CurveEditorTools
LogPluginManager: Mounting plugin DataValidation
LogPluginManager: Mounting plugin FacialAnimation
LogPluginManager: Mounting plugin GameplayTagsEditor
LogPluginManager: Mounting plugin MacGraphicsSwitching
LogPluginManager: Mounting plugin MaterialAnalyzer
LogPluginManager: Mounting plugin MobileLauncherProfileWizard
LogPluginManager: Mounting plugin PluginBrowser
LogPluginManager: Mounting plugin SpeedTreeImporter
LogPluginManager: Mounting plugin DatasmithContent
LogPluginManager: Mounting plugin VariantManagerContent
LogPluginManager: Mounting plugin AlembicImporter
LogPluginManager: Mounting plugin AutomationUtils
LogPluginManager: Mounting plugin BackChannel
LogPluginManager: Mounting plugin CharacterAI
LogPluginManager: Mounting plugin GeometryCache
LogPluginManager: Mounting plugin PlatformCrypto
LogPluginManager: Mounting plugin ProxyLODPlugin
LogPluginManager: Mounting plugin SkeletalReduction
LogPluginManager: Mounting plugin MagicLeap
LogPluginManager: Mounting plugin MagicLeapMedia
LogPluginManager: Mounting plugin MLSDK
LogPluginManager: Mounting plugin AndroidMedia
LogPluginManager: Mounting plugin AvfMedia
LogPluginManager: Mounting plugin ImgMedia
LogPluginManager: Mounting plugin MediaCompositing
LogPluginManager: Mounting plugin MediaPlayerEditor
LogPluginManager: Mounting plugin WebMMedia
LogPluginManager: Mounting plugin WmfMedia
LogPluginManager: Mounting plugin TcpMessaging
LogPluginManager: Mounting plugin UdpMessaging
LogPluginManager: Mounting plugin ActorSequence
LogPluginManager: Mounting plugin LevelSequenceEditor
LogPluginManager: Mounting plugin MatineeToLevelSequence
LogPluginManager: Mounting plugin NetcodeUnitTest
LogPluginManager: Mounting plugin NUTUnrealEngine4
LogPluginManager: Mounting plugin OnlineSubsystemGooglePlay
LogPluginManager: Mounting plugin OnlineSubsystemIOS
LogPluginManager: Mounting plugin OnlineSubsystem
LogPluginManager: Mounting plugin OnlineSubsystemNull
LogPluginManager: Mounting plugin OnlineSubsystemUtils
LogPluginManager: Mounting plugin LauncherChunkInstaller
LogPluginManager: Mounting plugin AndroidDeviceProfileSelector
LogPluginManager: Mounting plugin AndroidMoviePlayer
LogPluginManager: Mounting plugin AndroidPermission
LogPluginManager: Mounting plugin AppleImageUtils
LogPluginManager: Mounting plugin AppleMoviePlayer
LogPluginManager: Mounting plugin ArchVisCharacter
LogPluginManager: Mounting plugin AssetTags
LogPluginManager: Mounting plugin AudioCapture
LogPluginManager: Mounting plugin CableComponent
LogPluginManager: Mounting plugin CustomMeshComponent
LogPluginManager: Mounting plugin EditableMesh
LogPluginManager: Mounting plugin ExampleDeviceProfileSelector
LogPluginManager: Mounting plugin GoogleCloudMessaging
LogPluginManager: Mounting plugin IOSDeviceProfileSelector
LogPluginManager: Mounting plugin LinuxDeviceProfileSelector
LogPluginManager: Mounting plugin LocationServicesBPLibrary
LogPluginManager: Mounting plugin MobilePatchingUtils
LogPluginManager: Mounting plugin OculusVR
LogPluginManager: Mounting plugin PhysXVehicles
LogPluginManager: Mounting plugin PostSplashScreen
LogPluginManager: Mounting plugin ProceduralMeshComponent
LogPluginManager: Mounting plugin RuntimePhysXCooking
LogPluginManager: Mounting plugin SignificanceManager
LogPluginManager: Mounting plugin SteamVR
LogPluginManager: Mounting plugin WebMMoviePlayer
LogPluginManager: Mounting plugin WindowsMoviePlayer
LogPluginManager: Mounting plugin ScreenshotTools
Launching UnrealBuildTool... [C:/Program Files/Epic Games/UE_4.24/Engine/Binaries/DotNET/UnrealBuildTool.exe -Mode=QueryTargets -Project="C:/Users/chash/Documents/GitHub/TFC/TFC_Project/TFC_Project.uproject" -Output="C:/Users/chash/Documents/GitHub/TFC/TFC_Project/Intermediate/TargetInfo.json"]
LogInit: Warning: Incompatible or missing module: TFC_Project
Running C:/Program Files/Epic Games/UE_4.24/Engine/Binaries/DotNET/UnrealBuildTool.exe Development Win64 -Project="C:/Users/chash/Documents/GitHub/TFC/TFC_Project/TFC_Project.uproject" -TargetType=Editor -Progress -NoHotReloadFromIDE
Using 'git status' to determine working set for adaptive non-unity build (C:\Users\chash\Documents\GitHub\TFC).
Creating makefile for TFC_ProjectEditor (.uproject file is newer)
@progress push 5%
Parsing headers for TFC_ProjectEditor
  Running UnrealHeaderTool "C:\Users\chash\Documents\GitHub\TFC\TFC_Project\TFC_Project.uproject" "C:\Users\chash\Documents\GitHub\TFC\TFC_Project\Intermediate\Build\Win64\TFC_ProjectEditor\Development\TFC_ProjectEditor.uhtmanifest" -LogCmds="loginit warning, logexit warning, logdatabase error" -Unattended -WarningsAsErrors -installed
Reflection code generated for TFC_ProjectEditor in 6.0191627 seconds
@progress pop
Building TFC_ProjectEditor...
Using Visual Studio 2019 14.29.30147 toolchain (C:\Program Files (x86)\Microsoft Visual Studio\2019\Community\VC\Tools\MSVC\14.29.30133) and Windows 10.0.19041.0 SDK (C:\Program Files (x86)\Windows Kits\10).
Building 8 actions with 12 processes...
  @progress 'Compiling C++ source code...' 0%
  @progress 'Compiling C++ source code...' 12%
  [1/8] SharedPCH.Engine.ShadowErrors.cpp
  @progress 'Compiling C++ source code...' 25%
  [2/8] TFC_Project.cpp
  @progress 'Compiling C++ source code...' 38%
  [3/8] TFC_Project.init.gen.cpp
  @progress 'Compiling C++ source code...' 50%
  [4/8] TFC_ProjectGameModeBase.cpp
  @progress 'Compiling C++ source code...' 62%
  [5/8] TFC_ProjectGameModeBase.gen.cpp
  @progress 'Compiling C++ source code...' 75%
  [6/8] UE4Editor-TFC_Project.lib
     C:\Users\chash\Documents\GitHub\TFC\TFC_Project\Intermediate\Build\Win64\UE4Editor\Development\TFC_Project\UE4Editor-TFC_Project.lib ???̺귯?? ?? C:\Users\chash\Documents\GitHub\TFC\TFC_Project\Intermediate\Build\Win64\UE4Editor\Development\TFC_Project\UE4Editor-TFC_Project.exp ??ü?? ?????ϰ? ?ֽ??ϴ?.
  @progress 'Compiling C++ source code...' 88%
  [7/8] UE4Editor-TFC_Project.dll
     C:\Users\chash\Documents\GitHub\TFC\TFC_Project\Intermediate\Build\Win64\UE4Editor\Development\TFC_Project\UE4Editor-TFC_Project.suppressed.lib ???̺귯?? ?? C:\Users\chash\Documents\GitHub\TFC\TFC_Project\Intermediate\Build\Win64\UE4Editor\Development\TFC_Project\UE4Editor-TFC_Project.suppressed.exp ??ü?? ?????ϰ? ?ֽ??ϴ?.
  @progress 'Compiling C++ source code...' 100%
  [8/8] TFC_ProjectEditor.target
Total time in Parallel executor: 17.73 seconds
Total execution time: 25.72 seconds
LogInit: Using libcurl 7.55.1-DEV
LogInit:  - built for x86_64-pc-win32
LogInit:  - supports SSL with OpenSSL/1.1.1
LogInit:  - supports HTTP deflate (compression) using libz 1.2.8
LogInit:  - other features:
LogInit:      CURL_VERSION_SSL
LogInit:      CURL_VERSION_LIBZ
LogInit:      CURL_VERSION_IPV6
LogInit:      CURL_VERSION_ASYNCHDNS
LogInit:      CURL_VERSION_LARGEFILE
LogInit:      CURL_VERSION_IDN
LogInit:  CurlRequestOptions (configurable via config and command line):
LogInit:  - bVerifyPeer = true  - Libcurl will verify peer certificate
LogInit:  - bUseHttpProxy = false  - Libcurl will NOT use HTTP proxy
LogInit:  - bDontReuseConnections = false  - Libcurl will reuse connections
LogInit:  - MaxHostConnections = 16  - Libcurl will limit the number of connections to a host
LogInit:  - LocalHostAddr = Default
LogInit:  - BufferSize = 65536
LogOnline: OSS: Creating online subsystem instance for: NULL
LogInit: WinSock: version 1.1 (2.2), MaxSocks=32767, MaxUdp=65467
LogOnline: OSS: TryLoadSubsystemAndSetDefault: Loaded subsystem for module [NULL]
LogInit: Build: ++UE4+Release-4.24-CL-11590370
LogInit: Engine Version: 4.24.3-11590370+++UE4+Release-4.24
LogInit: Compatible Engine Version: 4.24.0-10570792+++UE4+Release-4.24
LogInit: Net CL: 10570792
LogInit: OS: Windows 10 (Release 2009) (), CPU: Intel(R) Core(TM) i7-10750H CPU @ 2.60GHz, GPU: Intel(R) UHD Graphics
LogInit: Compiled (64-bit): Feb 24 2020 15:39:18
LogInit: Compiled with Visual C++: 19.16.27032.01
LogInit: Build Configuration: Development
LogInit: Branch Name: ++UE4+Release-4.24
LogInit: Command Line: 
LogInit: Base Directory: C:/Program Files/Epic Games/UE_4.24/Engine/Binaries/Win64/
LogInit: Installed Engine Build: 1
LogDevObjectVersion: Number of dev versions registered: 25
LogDevObjectVersion:   Dev-Blueprints (B0D832E4-1F89-4F0D-ACCF-7EB736FD4AA2): 10
LogDevObjectVersion:   Dev-Build (E1C64328-A22C-4D53-A36C-8E866417BD8C): 0
LogDevObjectVersion:   Dev-Core (375EC13C-06E4-48FB-B500-84F0262A717E): 3
LogDevObjectVersion:   Dev-Editor (E4B068ED-F494-42E9-A231-DA0B2E46BB41): 37
LogDevObjectVersion:   Dev-Framework (CFFC743F-43B0-4480-9391-14DF171D2073): 36
LogDevObjectVersion:   Dev-Mobile (B02B49B5-BB20-44E9-A304-32B752E40360): 2
LogDevObjectVersion:   Dev-Networking (A4E4105C-59A1-49B5-A7C5-40C4547EDFEE): 0
LogDevObjectVersion:   Dev-Online (39C831C9-5AE6-47DC-9A44-9C173E1C8E7C): 0
LogDevObjectVersion:   Dev-Physics (78F01B33-EBEA-4F98-B9B4-84EACCB95AA2): 2
LogDevObjectVersion:   Dev-Platform (6631380F-2D4D-43E0-8009-CF276956A95A): 0
LogDevObjectVersion:   Dev-Rendering (12F88B9F-8875-4AFC-A67C-D90C383ABD29): 36
LogDevObjectVersion:   Dev-Sequencer (7B5AE74C-D270-4C10-A958-57980B212A5A): 11
LogDevObjectVersion:   Dev-VR (D7296918-1DD6-4BDD-9DE2-64A83CC13884): 2
LogDevObjectVersion:   Dev-LoadTimes (C2A15278-BFE7-4AFE-6C17-90FF531DF755): 1
LogDevObjectVersion:   Private-Geometry (6EACA3D4-40EC-4CC1-B786-8BED09428FC5): 3
LogDevObjectVersion:   Dev-AnimPhys (29E575DD-E0A3-4627-9D10-D276232CDCEA): 17
LogDevObjectVersion:   Dev-Anim (AF43A65D-7FD3-4947-9873-3E8ED9C1BB05): 2
LogDevObjectVersion:   Dev-ReflectionCapture (6B266CEC-1EC7-4B8F-A30B-E4D90942FC07): 1
LogDevObjectVersion:   Dev-Automation (0DF73D61-A23F-47EA-B727-89E90C41499A): 1
LogDevObjectVersion:   FortniteMain (601D1886-AC64-4F84-AA16-D3DE0DEAC7D6): 31
LogDevObjectVersion:   Dev-Enterprise (9DFFBCD6-494F-0158-E221-12823C92A888): 8
LogDevObjectVersion:   Dev-Niagara (F2AED0AC-9AFE-416F-8664-AA7FFA26D6FC): 1
LogDevObjectVersion:   Dev-Destruction (174F1F0B-B4C6-45A5-B13F-2EE8D0FB917D): 9
LogDevObjectVersion:   Dev-Physics-Ext (35F94A83-E258-406C-A318-09F59610247C): 8
LogDevObjectVersion:   Dev-CineCamera (B2E18506-4273-CFC2-A54E-F4BB758BBA07): 1
LogInit: Presizing for max 25165824 objects, including 0 objects not considered by GC, pre-allocating 0 bytes for permanent pool.
LogInit: Object subsystem initialized
LogConfig: Setting CVar [[con.DebugEarlyDefault:1]]
LogConfig: Setting CVar [[r.setres:1280x720]]
[2023.01.12-07.42.25:516][  0]LogConfig: Setting CVar [[r.VSync:0]]
[2023.01.12-07.42.25:516][  0]LogConfig: Setting CVar [[r.RHICmdBypass:0]]
[2023.01.12-07.42.25:516][  0]LogConfig: Applying CVar settings from Section [/Script/Engine.RendererSettings] File [C:/Users/chash/Documents/GitHub/TFC/TFC_Project/Saved/Config/Windows/Engine.ini]
[2023.01.12-07.42.25:516][  0]LogConfig: Setting CVar [[r.GPUCrashDebugging:0]]
[2023.01.12-07.42.25:516][  0]LogConfig: Applying CVar settings from Section [/Script/Engine.RendererOverrideSettings] File [C:/Users/chash/Documents/GitHub/TFC/TFC_Project/Saved/Config/Windows/Engine.ini]
[2023.01.12-07.42.25:516][  0]LogConfig: Applying CVar settings from Section [/Script/Engine.StreamingSettings] File [C:/Users/chash/Documents/GitHub/TFC/TFC_Project/Saved/Config/Windows/Engine.ini]
[2023.01.12-07.42.25:516][  0]LogConfig: Setting CVar [[s.MinBulkDataSizeForAsyncLoading:131072]]
[2023.01.12-07.42.25:516][  0]LogConfig: Setting CVar [[s.AsyncLoadingThreadEnabled:0]]
[2023.01.12-07.42.25:516][  0]LogConfig: Setting CVar [[s.EventDrivenLoaderEnabled:1]]
[2023.01.12-07.42.25:516][  0]LogConfig: Setting CVar [[s.WarnIfTimeLimitExceeded:0]]
[2023.01.12-07.42.25:516][  0]LogConfig: Setting CVar [[s.TimeLimitExceededMultiplier:1.5]]
[2023.01.12-07.42.25:516][  0]LogConfig: Setting CVar [[s.TimeLimitExceededMinTime:0.005]]
[2023.01.12-07.42.25:516][  0]LogConfig: Setting CVar [[s.UseBackgroundLevelStreaming:1]]
[2023.01.12-07.42.25:516][  0]LogConfig: Setting CVar [[s.PriorityAsyncLoadingExtraTime:15.0]]
[2023.01.12-07.42.25:516][  0]LogConfig: Setting CVar [[s.LevelStreamingActorsUpdateTimeLimit:5.0]]
[2023.01.12-07.42.25:516][  0]LogConfig: Setting CVar [[s.PriorityLevelStreamingActorsUpdateExtraTime:5.0]]
[2023.01.12-07.42.25:516][  0]LogConfig: Setting CVar [[s.LevelStreamingComponentsRegistrationGranularity:10]]
[2023.01.12-07.42.25:516][  0]LogConfig: Setting CVar [[s.UnregisterComponentsTimeLimit:1.0]]
[2023.01.12-07.42.25:516][  0]LogConfig: Setting CVar [[s.LevelStreamingComponentsUnregistrationGranularity:5]]
[2023.01.12-07.42.25:516][  0]LogConfig: Setting CVar [[s.FlushStreamingOnExit:1]]
[2023.01.12-07.42.25:516][  0]LogConfig: Applying CVar settings from Section [/Script/Engine.GarbageCollectionSettings] File [C:/Users/chash/Documents/GitHub/TFC/TFC_Project/Saved/Config/Windows/Engine.ini]
[2023.01.12-07.42.25:516][  0]LogConfig: Setting CVar [[gc.MaxObjectsNotConsideredByGC:1]]
[2023.01.12-07.42.25:516][  0]LogConfig: Setting CVar [[gc.SizeOfPermanentObjectPool:0]]
[2023.01.12-07.42.25:517][  0]LogConfig: Setting CVar [[gc.FlushStreamingOnGC:0]]
[2023.01.12-07.42.25:517][  0]LogConfig: Setting CVar [[gc.NumRetriesBeforeForcingGC:10]]
[2023.01.12-07.42.25:517][  0]LogConfig: Setting CVar [[gc.AllowParallelGC:1]]
[2023.01.12-07.42.25:517][  0]LogConfig: Setting CVar [[gc.TimeBetweenPurgingPendingKillObjects:61.1]]
[2023.01.12-07.42.25:517][  0]LogConfig: Setting CVar [[gc.MaxObjectsInEditor:25165824]]
[2023.01.12-07.42.25:517][  0]LogConfig: Setting CVar [[gc.IncrementalBeginDestroyEnabled:1]]
[2023.01.12-07.42.25:517][  0]LogConfig: Setting CVar [[gc.CreateGCClusters:1]]
[2023.01.12-07.42.25:517][  0]LogConfig: Setting CVar [[gc.MinGCClusterSize:5]]
[2023.01.12-07.42.25:517][  0]LogConfig: Setting CVar [[gc.ActorClusteringEnabled:0]]
[2023.01.12-07.42.25:517][  0]LogConfig: Setting CVar [[gc.BlueprintClusteringEnabled:0]]
[2023.01.12-07.42.25:517][  0]LogConfig: Setting CVar [[gc.UseDisregardForGCOnDedicatedServers:0]]
[2023.01.12-07.42.25:517][  0]LogConfig: Applying CVar settings from Section [/Script/Engine.NetworkSettings] File [C:/Users/chash/Documents/GitHub/TFC/TFC_Project/Saved/Config/Windows/Engine.ini]
[2023.01.12-07.42.25:517][  0]LogConfig: Applying CVar settings from Section [/Script/UnrealEd.CookerSettings] File [C:/Users/chash/Documents/GitHub/TFC/TFC_Project/Saved/Config/Windows/Engine.ini]
[2023.01.12-07.42.25:522][  0]LogConfig: Applying CVar settings from Section [ViewDistanceQuality@3] File [C:/Users/chash/Documents/GitHub/TFC/TFC_Project/Saved/Config/Windows/Scalability.ini]
[2023.01.12-07.42.25:522][  0]LogConfig: Setting CVar [[r.SkeletalMeshLODBias:0]]
[2023.01.12-07.42.25:522][  0]LogConfig: Setting CVar [[r.ViewDistanceScale:1.0]]
[2023.01.12-07.42.25:522][  0]LogConfig: Applying CVar settings from Section [AntiAliasingQuality@3] File [C:/Users/chash/Documents/GitHub/TFC/TFC_Project/Saved/Config/Windows/Scalability.ini]
[2023.01.12-07.42.25:522][  0]LogConfig: Setting CVar [[r.PostProcessAAQuality:4]]
[2023.01.12-07.42.25:522][  0]LogConfig: Applying CVar settings from Section [ShadowQuality@3] File [C:/Users/chash/Documents/GitHub/TFC/TFC_Project/Saved/Config/Windows/Scalability.ini]
[2023.01.12-07.42.25:522][  0]LogConfig: Setting CVar [[r.LightFunctionQuality:1]]
[2023.01.12-07.42.25:522][  0]LogConfig: Setting CVar [[r.ShadowQuality:5]]
[2023.01.12-07.42.25:522][  0]LogConfig: Setting CVar [[r.Shadow.CSM.MaxCascades:10]]
[2023.01.12-07.42.25:522][  0]LogConfig: Setting CVar [[r.Shadow.MaxResolution:2048]]
[2023.01.12-07.42.25:522][  0]LogConfig: Setting CVar [[r.Shadow.MaxCSMResolution:2048]]
[2023.01.12-07.42.25:522][  0]LogConfig: Setting CVar [[r.Shadow.RadiusThreshold:0.01]]
[2023.01.12-07.42.25:522][  0]LogConfig: Setting CVar [[r.Shadow.DistanceScale:1.0]]
[2023.01.12-07.42.25:522][  0]LogConfig: Setting CVar [[r.Shadow.CSM.TransitionScale:1.0]]
[2023.01.12-07.42.25:522][  0]LogConfig: Setting CVar [[r.Shadow.PreShadowResolutionFactor:1.0]]
[2023.01.12-07.42.25:522][  0]LogConfig: Setting CVar [[r.DistanceFieldShadowing:1]]
[2023.01.12-07.42.25:522][  0]LogConfig: Setting CVar [[r.DistanceFieldAO:1]]
[2023.01.12-07.42.25:522][  0]LogConfig: Setting CVar [[r.AOQuality:2]]
[2023.01.12-07.42.25:522][  0]LogConfig: Setting CVar [[r.VolumetricFog:1]]
[2023.01.12-07.42.25:522][  0]LogConfig: Setting CVar [[r.VolumetricFog.GridPixelSize:8]]
[2023.01.12-07.42.25:522][  0]LogConfig: Setting CVar [[r.VolumetricFog.GridSizeZ:128]]
[2023.01.12-07.42.25:522][  0]LogConfig: Setting CVar [[r.VolumetricFog.HistoryMissSupersampleCount:4]]
[2023.01.12-07.42.25:522][  0]LogConfig: Setting CVar [[r.LightMaxDrawDistanceScale:1]]
[2023.01.12-07.42.25:522][  0]LogConfig: Setting CVar [[r.CapsuleShadows:1]]
[2023.01.12-07.42.25:523][  0]LogConfig: Applying CVar settings from Section [PostProcessQuality@3] File [C:/Users/chash/Documents/GitHub/TFC/TFC_Project/Saved/Config/Windows/Scalability.ini]
[2023.01.12-07.42.25:523][  0]LogConfig: Setting CVar [[r.MotionBlurQuality:4]]
[2023.01.12-07.42.25:523][  0]LogConfig: Setting CVar [[r.AmbientOcclusionMipLevelFactor:0.4]]
[2023.01.12-07.42.25:523][  0]LogConfig: Setting CVar [[r.AmbientOcclusionMaxQuality:100]]
[2023.01.12-07.42.25:523][  0]LogConfig: Setting CVar [[r.AmbientOcclusionLevels:-1]]
[2023.01.12-07.42.25:523][  0]LogConfig: Setting CVar [[r.AmbientOcclusionRadiusScale:1.0]]
[2023.01.12-07.42.25:523][  0]LogConfig: Setting CVar [[r.DepthOfFieldQuality:2]]
[2023.01.12-07.42.25:523][  0]LogConfig: Setting CVar [[r.RenderTargetPoolMin:400]]
[2023.01.12-07.42.25:523][  0]LogConfig: Setting CVar [[r.LensFlareQuality:2]]
[2023.01.12-07.42.25:523][  0]LogConfig: Setting CVar [[r.SceneColorFringeQuality:1]]
[2023.01.12-07.42.25:523][  0]LogConfig: Setting CVar [[r.EyeAdaptationQuality:2]]
[2023.01.12-07.42.25:523][  0]LogConfig: Setting CVar [[r.BloomQuality:5]]
[2023.01.12-07.42.25:523][  0]LogConfig: Setting CVar [[r.FastBlurThreshold:100]]
[2023.01.12-07.42.25:523][  0]LogConfig: Setting CVar [[r.Upscale.Quality:3]]
[2023.01.12-07.42.25:523][  0]LogConfig: Setting CVar [[r.Tonemapper.GrainQuantization:1]]
[2023.01.12-07.42.25:523][  0]LogConfig: Setting CVar [[r.LightShaftQuality:1]]
[2023.01.12-07.42.25:523][  0]LogConfig: Setting CVar [[r.Filter.SizeScale:1]]
[2023.01.12-07.42.25:523][  0]LogConfig: Setting CVar [[r.Tonemapper.Quality:5]]
[2023.01.12-07.42.25:523][  0]LogConfig: Setting CVar [[r.DOF.Gather.AccumulatorQuality:1        ; higher gathering accumulator quality]]
[2023.01.12-07.42.25:523][  0]LogConfig: Setting CVar [[r.DOF.Gather.PostfilterMethod:1          ; Median3x3 postfilering method]]
[2023.01.12-07.42.25:523][  0]LogConfig: Setting CVar [[r.DOF.Gather.EnableBokehSettings:0       ; no bokeh simulation when gathering]]
[2023.01.12-07.42.25:523][  0]LogConfig: Setting CVar [[r.DOF.Gather.RingCount:4                 ; medium number of samples when gathering]]
[2023.01.12-07.42.25:523][  0]LogConfig: Setting CVar [[r.DOF.Scatter.ForegroundCompositing:1    ; additive foreground scattering]]
[2023.01.12-07.42.25:523][  0]LogConfig: Setting CVar [[r.DOF.Scatter.BackgroundCompositing:2    ; additive background scattering]]
[2023.01.12-07.42.25:523][  0]LogConfig: Setting CVar [[r.DOF.Scatter.EnableBokehSettings:1      ; bokeh simulation when scattering]]
[2023.01.12-07.42.25:523][  0]LogConfig: Setting CVar [[r.DOF.Scatter.MaxSpriteRatio:0.1         ; only a maximum of 10% of scattered bokeh]]
[2023.01.12-07.42.25:523][  0]LogConfig: Setting CVar [[r.DOF.Recombine.Quality:1                ; cheap slight out of focus]]
[2023.01.12-07.42.25:523][  0]LogConfig: Setting CVar [[r.DOF.Recombine.EnableBokehSettings:0    ; no bokeh simulation on slight out of focus]]
[2023.01.12-07.42.25:523][  0]LogConfig: Setting CVar [[r.DOF.TemporalAAQuality:1                ; more stable temporal accumulation]]
[2023.01.12-07.42.25:523][  0]LogConfig: Setting CVar [[r.DOF.Kernel.MaxForegroundRadius:0.025]]
[2023.01.12-07.42.25:523][  0]LogConfig: Setting CVar [[r.DOF.Kernel.MaxBackgroundRadius:0.025]]
[2023.01.12-07.42.25:523][  0]LogConfig: Applying CVar settings from Section [TextureQuality@3] File [C:/Users/chash/Documents/GitHub/TFC/TFC_Project/Saved/Config/Windows/Scalability.ini]
[2023.01.12-07.42.25:523][  0]LogConfig: Setting CVar [[r.Streaming.MipBias:0]]
[2023.01.12-07.42.25:523][  0]LogConfig: Setting CVar [[r.Streaming.AmortizeCPUToGPUCopy:0]]
[2023.01.12-07.42.25:523][  0]LogConfig: Setting CVar [[r.Streaming.MaxNumTexturesToStreamPerFrame:0]]
[2023.01.12-07.42.25:523][  0]LogConfig: Setting CVar [[r.Streaming.Boost:1]]
[2023.01.12-07.42.25:523][  0]LogConfig: Setting CVar [[r.MaxAnisotropy:8]]
[2023.01.12-07.42.25:523][  0]LogConfig: Setting CVar [[r.VT.MaxAnisotropy:8]]
[2023.01.12-07.42.25:523][  0]LogConfig: Setting CVar [[r.Streaming.LimitPoolSizeToVRAM:0]]
[2023.01.12-07.42.25:523][  0]LogConfig: Setting CVar [[r.Streaming.PoolSize:1000]]
[2023.01.12-07.42.25:523][  0]LogConfig: Setting CVar [[r.Streaming.MaxEffectiveScreenSize:0]]
[2023.01.12-07.42.25:523][  0]LogConfig: Applying CVar settings from Section [EffectsQuality@3] File [C:/Users/chash/Documents/GitHub/TFC/TFC_Project/Saved/Config/Windows/Scalability.ini]
[2023.01.12-07.42.25:523][  0]LogConfig: Setting CVar [[r.TranslucencyLightingVolumeDim:64]]
[2023.01.12-07.42.25:523][  0]LogConfig: Setting CVar [[r.RefractionQuality:2]]
[2023.01.12-07.42.25:523][  0]LogConfig: Setting CVar [[r.SSR.Quality:3]]
[2023.01.12-07.42.25:523][  0]LogConfig: Setting CVar [[r.SSR.HalfResSceneColor:0]]
[2023.01.12-07.42.25:523][  0]LogConfig: Setting CVar [[r.SceneColorFormat:4]]
[2023.01.12-07.42.25:523][  0]LogConfig: Setting CVar [[r.DetailMode:2]]
[2023.01.12-07.42.25:523][  0]LogConfig: Setting CVar [[r.TranslucencyVolumeBlur:1]]
[2023.01.12-07.42.25:523][  0]LogConfig: Setting CVar [[r.MaterialQualityLevel:1 ; High quality]]
[2023.01.12-07.42.25:523][  0]LogConfig: Setting CVar [[r.SSS.Scale:1]]
[2023.01.12-07.42.25:523][  0]LogConfig: Setting CVar [[r.SSS.SampleSet:2]]
[2023.01.12-07.42.25:523][  0]LogConfig: Setting CVar [[r.SSS.Quality:1]]
[2023.01.12-07.42.25:523][  0]LogConfig: Setting CVar [[r.SSS.HalfRes:1]]
[2023.01.12-07.42.25:523][  0]LogConfig: Setting CVar [[r.SSGI.Quality:3]]
[2023.01.12-07.42.25:523][  0]LogConfig: Setting CVar [[r.EmitterSpawnRateScale:1.0]]
[2023.01.12-07.42.25:523][  0]LogConfig: Setting CVar [[r.ParticleLightQuality:2]]
[2023.01.12-07.42.25:523][  0]LogConfig: Setting CVar [[r.SkyAtmosphere.AerialPerspectiveLUT.FastApplyOnOpaque:1 ; Always have FastSkyLUT 1 in this case to avoid wrong sky]]
[2023.01.12-07.42.25:523][  0]LogConfig: Setting CVar [[r.SkyAtmosphere.AerialPerspectiveLUT.SampleCountPerSlice:1]]
[2023.01.12-07.42.25:523][  0]LogConfig: Setting CVar [[r.SkyAtmosphere.AerialPerspectiveLUT.DepthResolution:16.0]]
[2023.01.12-07.42.25:523][  0]LogConfig: Setting CVar [[r.SkyAtmosphere.FastSkyLUT:1]]
[2023.01.12-07.42.25:523][  0]LogConfig: Setting CVar [[r.SkyAtmosphere.FastSkyLUT.SampleCountMin:4.0]]
[2023.01.12-07.42.25:523][  0]LogConfig: Setting CVar [[r.SkyAtmosphere.FastSkyLUT.SampleCountMax:32.0]]
[2023.01.12-07.42.25:523][  0]LogConfig: Setting CVar [[r.SkyAtmosphere.SampleCountMin:4.0]]
[2023.01.12-07.42.25:523][  0]LogConfig: Setting CVar [[r.SkyAtmosphere.SampleCountMax:32.0]]
[2023.01.12-07.42.25:523][  0]LogConfig: Setting CVar [[r.SkyAtmosphere.TransmittanceLUT.UseSmallFormat:0]]
[2023.01.12-07.42.25:523][  0]LogConfig: Setting CVar [[r.SkyAtmosphere.TransmittanceLUT.SampleCount:10.0]]
[2023.01.12-07.42.25:523][  0]LogConfig: Setting CVar [[r.SkyAtmosphere.MultiScatteringLUT.SampleCount:15.0]]
[2023.01.12-07.42.25:523][  0]LogConfig: Applying CVar settings from Section [FoliageQuality@3] File [C:/Users/chash/Documents/GitHub/TFC/TFC_Project/Saved/Config/Windows/Scalability.ini]
[2023.01.12-07.42.25:523][  0]LogConfig: Setting CVar [[foliage.DensityScale:1.0]]
[2023.01.12-07.42.25:523][  0]LogConfig: Setting CVar [[grass.DensityScale:1.0]]
[2023.01.12-07.42.25:523][  0]LogConfig: Applying CVar settings from Section [ShadingQuality@3] File [C:/Users/chash/Documents/GitHub/TFC/TFC_Project/Saved/Config/Windows/Scalability.ini]
[2023.01.12-07.42.25:523][  0]LogConfig: Setting CVar [[r.HairStrands.SkyLighting.SampleCount:16]]
[2023.01.12-07.42.25:523][  0]LogConfig: Setting CVar [[r.HairStrands.SkyLighting.JitterIntegration:0]]
[2023.01.12-07.42.25:523][  0]LogConfig: Setting CVar [[r.HairStrands.SkyAO.SampleCount:16]]
[2023.01.12-07.42.25:523][  0]LogInit: Selected Device Profile: [Windows]
[2023.01.12-07.42.25:523][  0]LogInit: Applying CVar settings loaded from the selected device profile: [Windows]
[2023.01.12-07.42.25:528][  0]LogHAL: Display: Platform has ~ 16 GB [16987439104 / 17179869184 / 16], which maps to Larger [LargestMinGB=32, LargerMinGB=12, DefaultMinGB=8, SmallerMinGB=6, SmallestMinGB=0)
[2023.01.12-07.42.25:528][  0]LogInit: Going up to parent DeviceProfile []
[2023.01.12-07.42.25:528][  0]LogConfig: Applying CVar settings from Section [ViewDistanceQuality@3] File [C:/Users/chash/Documents/GitHub/TFC/TFC_Project/Saved/Config/Windows/Scalability.ini]
[2023.01.12-07.42.25:528][  0]LogConfig: Setting CVar [[r.SkeletalMeshLODBias:0]]
[2023.01.12-07.42.25:528][  0]LogConfig: Setting CVar [[r.ViewDistanceScale:1.0]]
[2023.01.12-07.42.25:528][  0]LogConfig: Applying CVar settings from Section [AntiAliasingQuality@3] File [C:/Users/chash/Documents/GitHub/TFC/TFC_Project/Saved/Config/Windows/Scalability.ini]
[2023.01.12-07.42.25:528][  0]LogConfig: Setting CVar [[r.PostProcessAAQuality:4]]
[2023.01.12-07.42.25:528][  0]LogConfig: Applying CVar settings from Section [ShadowQuality@3] File [C:/Users/chash/Documents/GitHub/TFC/TFC_Project/Saved/Config/Windows/Scalability.ini]
[2023.01.12-07.42.25:528][  0]LogConfig: Setting CVar [[r.LightFunctionQuality:1]]
[2023.01.12-07.42.25:528][  0]LogConfig: Setting CVar [[r.ShadowQuality:5]]
[2023.01.12-07.42.25:528][  0]LogConfig: Setting CVar [[r.Shadow.CSM.MaxCascades:10]]
[2023.01.12-07.42.25:528][  0]LogConfig: Setting CVar [[r.Shadow.MaxResolution:2048]]
[2023.01.12-07.42.25:528][  0]LogConfig: Setting CVar [[r.Shadow.MaxCSMResolution:2048]]
[2023.01.12-07.42.25:528][  0]LogConfig: Setting CVar [[r.Shadow.RadiusThreshold:0.01]]
[2023.01.12-07.42.25:528][  0]LogConfig: Setting CVar [[r.Shadow.DistanceScale:1.0]]
[2023.01.12-07.42.25:528][  0]LogConfig: Setting CVar [[r.Shadow.CSM.TransitionScale:1.0]]
[2023.01.12-07.42.25:528][  0]LogConfig: Setting CVar [[r.Shadow.PreShadowResolutionFactor:1.0]]
[2023.01.12-07.42.25:528][  0]LogConfig: Setting CVar [[r.DistanceFieldShadowing:1]]
[2023.01.12-07.42.25:528][  0]LogConfig: Setting CVar [[r.DistanceFieldAO:1]]
[2023.01.12-07.42.25:528][  0]LogConfig: Setting CVar [[r.AOQuality:2]]
[2023.01.12-07.42.25:528][  0]LogConfig: Setting CVar [[r.VolumetricFog:1]]
[2023.01.12-07.42.25:528][  0]LogConfig: Setting CVar [[r.VolumetricFog.GridPixelSize:8]]
[2023.01.12-07.42.25:528][  0]LogConfig: Setting CVar [[r.VolumetricFog.GridSizeZ:128]]
[2023.01.12-07.42.25:528][  0]LogConfig: Setting CVar [[r.VolumetricFog.HistoryMissSupersampleCount:4]]
[2023.01.12-07.42.25:528][  0]LogConfig: Setting CVar [[r.LightMaxDrawDistanceScale:1]]
[2023.01.12-07.42.25:528][  0]LogConfig: Setting CVar [[r.CapsuleShadows:1]]
[2023.01.12-07.42.25:528][  0]LogConfig: Applying CVar settings from Section [PostProcessQuality@3] File [C:/Users/chash/Documents/GitHub/TFC/TFC_Project/Saved/Config/Windows/Scalability.ini]
[2023.01.12-07.42.25:528][  0]LogConfig: Setting CVar [[r.MotionBlurQuality:4]]
[2023.01.12-07.42.25:528][  0]LogConfig: Setting CVar [[r.AmbientOcclusionMipLevelFactor:0.4]]
[2023.01.12-07.42.25:528][  0]LogConfig: Setting CVar [[r.AmbientOcclusionMaxQuality:100]]
[2023.01.12-07.42.25:528][  0]LogConfig: Setting CVar [[r.AmbientOcclusionLevels:-1]]
[2023.01.12-07.42.25:528][  0]LogConfig: Setting CVar [[r.AmbientOcclusionRadiusScale:1.0]]
[2023.01.12-07.42.25:528][  0]LogConfig: Setting CVar [[r.DepthOfFieldQuality:2]]
[2023.01.12-07.42.25:528][  0]LogConfig: Setting CVar [[r.RenderTargetPoolMin:400]]
[2023.01.12-07.42.25:528][  0]LogConfig: Setting CVar [[r.LensFlareQuality:2]]
[2023.01.12-07.42.25:528][  0]LogConfig: Setting CVar [[r.SceneColorFringeQuality:1]]
[2023.01.12-07.42.25:528][  0]LogConfig: Setting CVar [[r.EyeAdaptationQuality:2]]
[2023.01.12-07.42.25:528][  0]LogConfig: Setting CVar [[r.BloomQuality:5]]
[2023.01.12-07.42.25:529][  0]LogConfig: Setting CVar [[r.FastBlurThreshold:100]]
[2023.01.12-07.42.25:529][  0]LogConfig: Setting CVar [[r.Upscale.Quality:3]]
[2023.01.12-07.42.25:529][  0]LogConfig: Setting CVar [[r.Tonemapper.GrainQuantization:1]]
[2023.01.12-07.42.25:529][  0]LogConfig: Setting CVar [[r.LightShaftQuality:1]]
[2023.01.12-07.42.25:529][  0]LogConfig: Setting CVar [[r.Filter.SizeScale:1]]
[2023.01.12-07.42.25:529][  0]LogConfig: Setting CVar [[r.Tonemapper.Quality:5]]
[2023.01.12-07.42.25:529][  0]LogConfig: Setting CVar [[r.DOF.Gather.AccumulatorQuality:1        ; higher gathering accumulator quality]]
[2023.01.12-07.42.25:529][  0]LogConfig: Setting CVar [[r.DOF.Gather.PostfilterMethod:1          ; Median3x3 postfilering method]]
[2023.01.12-07.42.25:529][  0]LogConfig: Setting CVar [[r.DOF.Gather.EnableBokehSettings:0       ; no bokeh simulation when gathering]]
[2023.01.12-07.42.25:529][  0]LogConfig: Setting CVar [[r.DOF.Gather.RingCount:4                 ; medium number of samples when gathering]]
[2023.01.12-07.42.25:529][  0]LogConfig: Setting CVar [[r.DOF.Scatter.ForegroundCompositing:1    ; additive foreground scattering]]
[2023.01.12-07.42.25:529][  0]LogConfig: Setting CVar [[r.DOF.Scatter.BackgroundCompositing:2    ; additive background scattering]]
[2023.01.12-07.42.25:529][  0]LogConfig: Setting CVar [[r.DOF.Scatter.EnableBokehSettings:1      ; bokeh simulation when scattering]]
[2023.01.12-07.42.25:529][  0]LogConfig: Setting CVar [[r.DOF.Scatter.MaxSpriteRatio:0.1         ; only a maximum of 10% of scattered bokeh]]
[2023.01.12-07.42.25:529][  0]LogConfig: Setting CVar [[r.DOF.Recombine.Quality:1                ; cheap slight out of focus]]
[2023.01.12-07.42.25:529][  0]LogConfig: Setting CVar [[r.DOF.Recombine.EnableBokehSettings:0    ; no bokeh simulation on slight out of focus]]
[2023.01.12-07.42.25:529][  0]LogConfig: Setting CVar [[r.DOF.TemporalAAQuality:1                ; more stable temporal accumulation]]
[2023.01.12-07.42.25:529][  0]LogConfig: Setting CVar [[r.DOF.Kernel.MaxForegroundRadius:0.025]]
[2023.01.12-07.42.25:529][  0]LogConfig: Setting CVar [[r.DOF.Kernel.MaxBackgroundRadius:0.025]]
[2023.01.12-07.42.25:529][  0]LogConfig: Applying CVar settings from Section [TextureQuality@3] File [C:/Users/chash/Documents/GitHub/TFC/TFC_Project/Saved/Config/Windows/Scalability.ini]
[2023.01.12-07.42.25:529][  0]LogConfig: Setting CVar [[r.Streaming.MipBias:0]]
[2023.01.12-07.42.25:529][  0]LogConfig: Setting CVar [[r.Streaming.AmortizeCPUToGPUCopy:0]]
[2023.01.12-07.42.25:529][  0]LogConfig: Setting CVar [[r.Streaming.MaxNumTexturesToStreamPerFrame:0]]
[2023.01.12-07.42.25:529][  0]LogConfig: Setting CVar [[r.Streaming.Boost:1]]
[2023.01.12-07.42.25:529][  0]LogConfig: Setting CVar [[r.MaxAnisotropy:8]]
[2023.01.12-07.42.25:529][  0]LogConfig: Setting CVar [[r.VT.MaxAnisotropy:8]]
[2023.01.12-07.42.25:529][  0]LogConfig: Setting CVar [[r.Streaming.LimitPoolSizeToVRAM:0]]
[2023.01.12-07.42.25:529][  0]LogConfig: Setting CVar [[r.Streaming.PoolSize:1000]]
[2023.01.12-07.42.25:529][  0]LogConfig: Setting CVar [[r.Streaming.MaxEffectiveScreenSize:0]]
[2023.01.12-07.42.25:529][  0]LogConfig: Applying CVar settings from Section [EffectsQuality@3] File [C:/Users/chash/Documents/GitHub/TFC/TFC_Project/Saved/Config/Windows/Scalability.ini]
[2023.01.12-07.42.25:529][  0]LogConfig: Setting CVar [[r.TranslucencyLightingVolumeDim:64]]
[2023.01.12-07.42.25:529][  0]LogConfig: Setting CVar [[r.RefractionQuality:2]]
[2023.01.12-07.42.25:529][  0]LogConfig: Setting CVar [[r.SSR.Quality:3]]
[2023.01.12-07.42.25:529][  0]LogConfig: Setting CVar [[r.SSR.HalfResSceneColor:0]]
[2023.01.12-07.42.25:529][  0]LogConfig: Setting CVar [[r.SceneColorFormat:4]]
[2023.01.12-07.42.25:529][  0]LogConfig: Setting CVar [[r.DetailMode:2]]
[2023.01.12-07.42.25:529][  0]LogConfig: Setting CVar [[r.TranslucencyVolumeBlur:1]]
[2023.01.12-07.42.25:529][  0]LogConfig: Setting CVar [[r.MaterialQualityLevel:1 ; High quality]]
[2023.01.12-07.42.25:529][  0]LogConfig: Setting CVar [[r.SSS.Scale:1]]
[2023.01.12-07.42.25:529][  0]LogConfig: Setting CVar [[r.SSS.SampleSet:2]]
[2023.01.12-07.42.25:529][  0]LogConfig: Setting CVar [[r.SSS.Quality:1]]
[2023.01.12-07.42.25:529][  0]LogConfig: Setting CVar [[r.SSS.HalfRes:1]]
[2023.01.12-07.42.25:529][  0]LogConfig: Setting CVar [[r.SSGI.Quality:3]]
[2023.01.12-07.42.25:529][  0]LogConfig: Setting CVar [[r.EmitterSpawnRateScale:1.0]]
[2023.01.12-07.42.25:529][  0]LogConfig: Setting CVar [[r.ParticleLightQuality:2]]
[2023.01.12-07.42.25:529][  0]LogConfig: Setting CVar [[r.SkyAtmosphere.AerialPerspectiveLUT.FastApplyOnOpaque:1 ; Always have FastSkyLUT 1 in this case to avoid wrong sky]]
[2023.01.12-07.42.25:529][  0]LogConfig: Setting CVar [[r.SkyAtmosphere.AerialPerspectiveLUT.SampleCountPerSlice:1]]
[2023.01.12-07.42.25:529][  0]LogConfig: Setting CVar [[r.SkyAtmosphere.AerialPerspectiveLUT.DepthResolution:16.0]]
[2023.01.12-07.42.25:529][  0]LogConfig: Setting CVar [[r.SkyAtmosphere.FastSkyLUT:1]]
[2023.01.12-07.42.25:529][  0]LogConfig: Setting CVar [[r.SkyAtmosphere.FastSkyLUT.SampleCountMin:4.0]]
[2023.01.12-07.42.25:529][  0]LogConfig: Setting CVar [[r.SkyAtmosphere.FastSkyLUT.SampleCountMax:32.0]]
[2023.01.12-07.42.25:529][  0]LogConfig: Setting CVar [[r.SkyAtmosphere.SampleCountMin:4.0]]
[2023.01.12-07.42.25:529][  0]LogConfig: Setting CVar [[r.SkyAtmosphere.SampleCountMax:32.0]]
[2023.01.12-07.42.25:529][  0]LogConfig: Setting CVar [[r.SkyAtmosphere.TransmittanceLUT.UseSmallFormat:0]]
[2023.01.12-07.42.25:529][  0]LogConfig: Setting CVar [[r.SkyAtmosphere.TransmittanceLUT.SampleCount:10.0]]
[2023.01.12-07.42.25:529][  0]LogConfig: Setting CVar [[r.SkyAtmosphere.MultiScatteringLUT.SampleCount:15.0]]
[2023.01.12-07.42.25:529][  0]LogConfig: Applying CVar settings from Section [FoliageQuality@3] File [C:/Users/chash/Documents/GitHub/TFC/TFC_Project/Saved/Config/Windows/Scalability.ini]
[2023.01.12-07.42.25:529][  0]LogConfig: Setting CVar [[foliage.DensityScale:1.0]]
[2023.01.12-07.42.25:529][  0]LogConfig: Setting CVar [[grass.DensityScale:1.0]]
[2023.01.12-07.42.25:529][  0]LogConfig: Applying CVar settings from Section [ShadingQuality@3] File [C:/Users/chash/Documents/GitHub/TFC/TFC_Project/Saved/Config/Windows/Scalability.ini]
[2023.01.12-07.42.25:529][  0]LogConfig: Setting CVar [[r.HairStrands.SkyLighting.SampleCount:16]]
[2023.01.12-07.42.25:529][  0]LogConfig: Setting CVar [[r.HairStrands.SkyLighting.JitterIntegration:0]]
[2023.01.12-07.42.25:529][  0]LogConfig: Setting CVar [[r.HairStrands.SkyAO.SampleCount:16]]
[2023.01.12-07.42.25:529][  0]LogConfig: Applying CVar settings from Section [Startup] File [../../../Engine/Config/ConsoleVariables.ini]
[2023.01.12-07.42.25:530][  0]LogConfig: Setting CVar [[net.UseAdaptiveNetUpdateFrequency:0]]
[2023.01.12-07.42.25:530][  0]LogConfig: Setting CVar [[p.chaos.AllowCreatePhysxBodies:1]]
[2023.01.12-07.42.25:530][  0]LogConfig: Applying CVar settings from Section [ConsoleVariables] File [C:/Users/chash/Documents/GitHub/TFC/TFC_Project/Saved/Config/Windows/Engine.ini]
[2023.01.12-07.42.25:530][  0]LogInit: Computer: DESKTOP-I3IQ800
[2023.01.12-07.42.25:530][  0]LogInit: User: Geunhui
[2023.01.12-07.42.25:530][  0]LogInit: CPU Page size=4096, Cores=6
[2023.01.12-07.42.25:530][  0]LogInit: High frequency timer resolution =10.000000 MHz
[2023.01.12-07.42.25:530][  0]LogMemory: Memory total: Physical=15.8GB (16GB approx)
[2023.01.12-07.42.25:530][  0]LogMemory: Platform Memory Stats for Windows
[2023.01.12-07.42.25:530][  0]LogMemory: Process Physical Memory: 115.92 MB used, 115.92 MB peak
[2023.01.12-07.42.25:530][  0]LogMemory: Process Virtual Memory: 102.41 MB used, 102.41 MB peak
[2023.01.12-07.42.25:530][  0]LogMemory: Physical Memory: 7098.37 MB used,  9102.12 MB free, 16200.48 MB total
[2023.01.12-07.42.25:530][  0]LogMemory: Virtual Memory: 5224.07 MB used,  134212504.00 MB free, 134217728.00 MB total
[2023.01.12-07.42.25:535][  0]LogWindows: WindowsPlatformFeatures enabled
[2023.01.12-07.42.25:667][  0]LogInit: Overriding language with editor language configuration option (en).
[2023.01.12-07.42.25:667][  0]LogInit: Overriding locale with editor locale configuration option (en).
[2023.01.12-07.42.25:827][  0]LogInit: Setting process to per monitor DPI aware
[2023.01.12-07.42.25:877][  0]LogSlate: New Slate User Created.  User Index 0, Is Virtual User: 0
[2023.01.12-07.42.25:877][  0]LogSlate: Slate User Registered.  User Index 0, Is Virtual User: 0
[2023.01.12-07.42.26:164][  0]LogHMD: Failed to initialize OpenVR with code 110
[2023.01.12-07.42.26:164][  0]LogD3D11RHI: D3D11 min allowed feature level: 11_0
[2023.01.12-07.42.26:164][  0]LogD3D11RHI: D3D11 max allowed feature level: 11_0
[2023.01.12-07.42.26:164][  0]LogD3D11RHI: D3D11 adapters:
[2023.01.12-07.42.26:290][  0]LogD3D11RHI:    0. 'NVIDIA GeForce RTX 2070 Super' (Feature Level 11_0)
[2023.01.12-07.42.26:290][  0]LogD3D11RHI:       8011/0/8100 MB DedicatedVideo/DedicatedSystem/SharedSystem, Outputs:1, VendorId:0x10de
[2023.01.12-07.42.26:352][  0]LogD3D11RHI:    1. 'Intel(R) UHD Graphics' (Feature Level 11_0)
[2023.01.12-07.42.26:352][  0]LogD3D11RHI:       128/0/8100 MB DedicatedVideo/DedicatedSystem/SharedSystem, Outputs:0, VendorId:0x8086
[2023.01.12-07.42.26:355][  0]LogD3D11RHI:    2. 'Microsoft Basic Render Driver' (Feature Level 11_0)
[2023.01.12-07.42.26:355][  0]LogD3D11RHI:       0/0/8100 MB DedicatedVideo/DedicatedSystem/SharedSystem, Outputs:0, VendorId:0x1414
[2023.01.12-07.42.26:355][  0]LogD3D11RHI: Chosen D3D11 Adapter: 0
[2023.01.12-07.42.26:360][  0]LogD3D11RHI: Creating new Direct3DDevice
[2023.01.12-07.42.26:360][  0]LogD3D11RHI:     GPU DeviceId: 0x1e91 (for the marketing name, search the web for "GPU Device Id")
[2023.01.12-07.42.26:360][  0]LogWindows: EnumDisplayDevices:
[2023.01.12-07.42.26:361][  0]LogWindows:    0. 'Intel(R) UHD Graphics' (P:1 D:1)
[2023.01.12-07.42.26:361][  0]LogWindows:    1. 'Intel(R) UHD Graphics' (P:0 D:0)
[2023.01.12-07.42.26:362][  0]LogWindows:    2. 'Intel(R) UHD Graphics' (P:0 D:0)
[2023.01.12-07.42.26:363][  0]LogWindows:    3. 'NVIDIA GeForce RTX 2070 Super' (P:0 D:0)
[2023.01.12-07.42.26:363][  0]LogWindows:    4. 'NVIDIA GeForce RTX 2070 Super' (P:0 D:0)
[2023.01.12-07.42.26:364][  0]LogWindows:    5. 'NVIDIA GeForce RTX 2070 Super' (P:0 D:0)
[2023.01.12-07.42.26:365][  0]LogWindows:    6. 'NVIDIA GeForce RTX 2070 Super' (P:0 D:0)
[2023.01.12-07.42.26:366][  0]LogWindows: DebugString: PrimaryIsNotTheChoosenAdapter PrimaryIsNotTheChoosenAdapter PrimaryIsNotTheChoosenAdapter FoundDriverCount:4 
[2023.01.12-07.42.26:366][  0]LogD3D11RHI:     Adapter Name: NVIDIA GeForce RTX 2070 Super
[2023.01.12-07.42.26:366][  0]LogD3D11RHI:   Driver Version: 471.96 (internal:30.0.14.7196, unified:471.96)
[2023.01.12-07.42.26:366][  0]LogD3D11RHI:      Driver Date: 8-27-2021
[2023.01.12-07.42.26:366][  0]LogRHI: Texture pool is 5607 MB (70% of 8011 MB)
[2023.01.12-07.42.26:451][  0]LogD3D11RHI: RHI has support for 64 bit atomics
[2023.01.12-07.42.26:451][  0]LogD3D11RHI: Async texture creation enabled
[2023.01.12-07.42.26:473][  0]LogD3D11RHI: GPU Timing Frequency: 1000.000000 (Debug: 2 2)
[2023.01.12-07.42.26:839][  0]LogTargetPlatformManager: Display: Loaded TargetPlatform 'AllDesktop'
[2023.01.12-07.42.26:871][  0]LogTargetPlatformManager: Display: Loaded TargetPlatform 'Android'
[2023.01.12-07.42.26:871][  0]LogTargetPlatformManager: Display: Loaded TargetPlatform 'Android_ASTC'
[2023.01.12-07.42.26:871][  0]LogTargetPlatformManager: Display: Loaded TargetPlatform 'Android_ATC'
[2023.01.12-07.42.26:871][  0]LogTargetPlatformManager: Display: Loaded TargetPlatform 'Android_DXT'
[2023.01.12-07.42.26:871][  0]LogTargetPlatformManager: Display: Loaded TargetPlatform 'Android_ETC1'
[2023.01.12-07.42.26:871][  0]LogTargetPlatformManager: Display: Loaded TargetPlatform 'Android_ETC1a'
[2023.01.12-07.42.26:871][  0]LogTargetPlatformManager: Display: Loaded TargetPlatform 'Android_ETC2'
[2023.01.12-07.42.26:871][  0]LogTargetPlatformManager: Display: Loaded TargetPlatform 'Android_PVRTC'
[2023.01.12-07.42.26:871][  0]LogTargetPlatformManager: Display: Loaded TargetPlatform 'AndroidClient'
[2023.01.12-07.42.26:871][  0]LogTargetPlatformManager: Display: Loaded TargetPlatform 'Android_ASTCClient'
[2023.01.12-07.42.26:871][  0]LogTargetPlatformManager: Display: Loaded TargetPlatform 'Android_ATCClient'
[2023.01.12-07.42.26:871][  0]LogTargetPlatformManager: Display: Loaded TargetPlatform 'Android_DXTClient'
[2023.01.12-07.42.26:871][  0]LogTargetPlatformManager: Display: Loaded TargetPlatform 'Android_ETC1Client'
[2023.01.12-07.42.26:871][  0]LogTargetPlatformManager: Display: Loaded TargetPlatform 'Android_ETC1aClient'
[2023.01.12-07.42.26:871][  0]LogTargetPlatformManager: Display: Loaded TargetPlatform 'Android_ETC2Client'
[2023.01.12-07.42.26:871][  0]LogTargetPlatformManager: Display: Loaded TargetPlatform 'Android_PVRTCClient'
[2023.01.12-07.42.26:871][  0]LogTargetPlatformManager: Display: Loaded TargetPlatform 'Android_Multi'
[2023.01.12-07.42.26:871][  0]LogTargetPlatformManager: Display: Loaded TargetPlatform 'Android_MultiClient'
[2023.01.12-07.42.26:896][  0]LogTargetPlatformManager: Display: Loaded TargetPlatform 'IOSClient'
[2023.01.12-07.42.26:896][  0]LogTargetPlatformManager: Display: Loaded TargetPlatform 'IOS'
[2023.01.12-07.42.26:905][  0]LogTargetPlatformManager: Display: Loaded TargetPlatform 'LinuxNoEditor'
[2023.01.12-07.42.26:914][  0]LogTargetPlatformManager: Display: Loaded TargetPlatform 'LinuxClient'
[2023.01.12-07.42.26:926][  0]LogTargetPlatformManager: Display: Loaded TargetPlatform 'LinuxServer'
[2023.01.12-07.42.26:935][  0]LogTargetPlatformManager: Display: Loaded TargetPlatform 'LinuxAArch64NoEditor'
[2023.01.12-07.42.26:942][  0]LogTargetPlatformManager: Display: Loaded TargetPlatform 'LinuxAArch64Client'
[2023.01.12-07.42.26:950][  0]LogTargetPlatformManager: Display: Loaded TargetPlatform 'LinuxAArch64Server'
[2023.01.12-07.42.26:981][  0]LogTargetPlatformManager: Display: Loaded TargetPlatform 'Lumin'
[2023.01.12-07.42.26:981][  0]LogTargetPlatformManager: Display: Loaded TargetPlatform 'LuminClient'
[2023.01.12-07.42.27:004][  0]LogTargetPlatformManager: Display: Loaded TargetPlatform 'TVOSClient'
[2023.01.12-07.42.27:004][  0]LogTargetPlatformManager: Display: Loaded TargetPlatform 'TVOS'
[2023.01.12-07.42.27:013][  0]LogTargetPlatformManager: Display: Loaded TargetPlatform 'WindowsNoEditor'
[2023.01.12-07.42.27:021][  0]LogTargetPlatformManager: Display: Loaded TargetPlatform 'Windows'
[2023.01.12-07.42.27:029][  0]LogTargetPlatformManager: Display: Loaded TargetPlatform 'WindowsClient'
[2023.01.12-07.42.27:037][  0]LogTargetPlatformManager: Display: Loaded TargetPlatform 'WindowsServer'
[2023.01.12-07.42.27:037][  0]LogTargetPlatformManager: Display: Building Assets For Windows
[2023.01.12-07.42.27:042][  0]LogAudioDebug: Display: Lib vorbis DLL was dynamically loaded.
[2023.01.12-07.42.27:084][  0]LogShaderCompilers: Guid format shader working directory is -17 characters bigger than the processId version (../../../../../../Users/chash/Documents/GitHub/TFC/TFC_Project/Intermediate/Shaders/WorkingDirectory/12536/).
[2023.01.12-07.42.27:085][  0]LogShaderCompilers: Cleaned the shader compiler working directory 'C:/Users/chash/AppData/Local/Temp/UnrealShaderWorkingDir/2D0A84B34E47067E7B80ADA926DB5A40/'.
[2023.01.12-07.42.27:085][  0]LogXGEController: Cannot use XGE Controller as Incredibuild is not installed on this machine.
[2023.01.12-07.42.27:086][  0]LogShaderCompilers: Cannot use XGE Shader Compiler as Incredibuild is not installed on this machine.
[2023.01.12-07.42.27:086][  0]LogShaderCompilers: Display: Using Local Shader Compiler.
[2023.01.12-07.42.27:823][  0]LogDerivedDataCache: Display: Max Cache Size: 512 MB
[2023.01.12-07.42.27:873][  0]LogDerivedDataCache: Loaded boot cache 0.05s 78MB C:/Users/chash/AppData/Local/UnrealEngine/4.24/DerivedDataCache/Boot.ddc.
[2023.01.12-07.42.27:873][  0]LogDerivedDataCache: Display: Loaded Boot cache: C:/Users/chash/AppData/Local/UnrealEngine/4.24/DerivedDataCache/Boot.ddc
[2023.01.12-07.42.27:873][  0]LogDerivedDataCache: FDerivedDataBackendGraph:  Pak pak cache file ../../../../../../Users/chash/Documents/GitHub/TFC/TFC_Project/DerivedDataCache/DDC.ddp not found, will not use a pak cache.
[2023.01.12-07.42.27:873][  0]LogDerivedDataCache: Unable to find inner node Pak for hierarchical cache Hierarchy.
[2023.01.12-07.42.27:873][  0]LogDerivedDataCache: FDerivedDataBackendGraph:  CompressedPak pak cache file ../../../../../../Users/chash/Documents/GitHub/TFC/TFC_Project/DerivedDataCache/Compressed.ddp not found, will not use a pak cache.
[2023.01.12-07.42.27:873][  0]LogDerivedDataCache: Unable to find inner node CompressedPak for hierarchical cache Hierarchy.
[2023.01.12-07.42.27:882][  0]LogDerivedDataCache: Display: Pak cache opened for reading ../../../Engine/DerivedDataCache/Compressed.ddp.
[2023.01.12-07.42.27:883][  0]LogDerivedDataCache: FDerivedDataBackendGraph:  EnterprisePak pak cache file ../../../Enterprise/DerivedDataCache/Compressed.ddp not found, will not use a pak cache.
[2023.01.12-07.42.27:883][  0]LogDerivedDataCache: Unable to find inner node EnterprisePak for hierarchical cache Hierarchy.
[2023.01.12-07.42.27:884][  0]LogDerivedDataCache: Using Local data cache path C:/Users/chash/AppData/Local/UnrealEngine/Common/DerivedDataCache: Writable
[2023.01.12-07.42.27:884][  0]LogDerivedDataCache: Shared data cache path not found in *engine.ini, will not use an Shared cache.
[2023.01.12-07.42.27:884][  0]LogDerivedDataCache: Unable to find inner node Shared for hierarchical cache Hierarchy.
[2023.01.12-07.42.27:904][  0]LogMaterial: Verifying Global Shaders for PCD3D_SM5
[2023.01.12-07.42.27:906][  0]LogSlate: Using FreeType 2.10.0
[2023.01.12-07.42.27:907][  0]LogSlate: SlateFontServices - WITH_FREETYPE: 1, WITH_HARFBUZZ: 1
[2023.01.12-07.42.27:976][  0]LogAssetRegistry: FAssetRegistry took 0.0025 seconds to start up
[2023.01.12-07.42.28:227][  0]LogInit: Selected Device Profile: [Windows]
[2023.01.12-07.42.28:368][  0]LogMeshReduction: Using QuadricMeshReduction for automatic static mesh reduction
[2023.01.12-07.42.28:368][  0]LogMeshReduction: Using SimplygonMeshReduction for automatic skeletal mesh reduction
[2023.01.12-07.42.28:368][  0]LogMeshReduction: Using ProxyLODMeshReduction for automatic mesh merging
[2023.01.12-07.42.28:368][  0]LogMeshReduction: No distributed automatic mesh merging module available
[2023.01.12-07.42.28:368][  0]LogMeshMerging: No distributed automatic mesh merging module available
[2023.01.12-07.42.28:382][  0]LogNetVersion: TFC_Project 1.0.0, NetCL: 10570792, EngineNetVer: 13, GameNetVer: 0 (Checksum: 3966490030)
[2023.01.12-07.42.29:542][  0]LogPackageLocalizationCache: Processed 10 localized package path(s) for 1 prioritized culture(s) in 0.037356 seconds
[2023.01.12-07.42.29:549][  0]LogUObjectArray: 46750 objects as part of root set at end of initial load.
[2023.01.12-07.42.29:549][  0]LogUObjectAllocator: 8137160 out of 0 bytes used by permanent object pool.
[2023.01.12-07.42.29:549][  0]LogUObjectArray: CloseDisregardForGC: 0/0 objects in disregard for GC pool
[2023.01.12-07.42.29:955][  0]LogTcpMessaging: Initializing TcpMessaging bridge
[2023.01.12-07.42.29:959][  0]LogUdpMessaging: Initializing bridge on interface 0.0.0.0:0 to multicast group 230.0.0.1:6666.
[2023.01.12-07.42.30:065][  0]SourceControl: Source control is disabled
[2023.01.12-07.42.30:065][  0]SourceControl: Source control is disabled
[2023.01.12-07.42.30:066][  0]SourceControl: Source control is disabled
[2023.01.12-07.42.30:068][  0]SourceControl: Source control is disabled
[2023.01.12-07.42.30:069][  0]SourceControl: Source control is disabled
[2023.01.12-07.42.30:174][  0]LogAndroidPermission: UAndroidPermissionCallbackProxy::GetInstance
[2023.01.12-07.42.30:185][  0]LogAudioCaptureCore: Display: No Audio Capture implementations found. Audio input will be silent.
[2023.01.12-07.42.30:185][  0]LogAudioCaptureCore: Display: No Audio Capture implementations found. Audio input will be silent.
[2023.01.12-07.42.30:265][  0]LogOcInput: OculusInput pre-init called
[2023.01.12-07.42.30:279][  0]LogWindows: Failed to load 'OVRPlugin.dll' (GetLastError=126)
[2023.01.12-07.42.30:279][  0]LogWindows: File 'OVRPlugin.dll' does not exist
[2023.01.12-07.42.30:344][  0]LogEngine: Initializing Engine...
[2023.01.12-07.42.30:345][  0]LogHMD: Failed to initialize OpenVR with code 110
[2023.01.12-07.42.30:346][  0]LogStats: UGameplayTagsManager::InitializeManager -  0.000 s
[2023.01.12-07.42.30:645][  0]LogInit: Initializing FReadOnlyCVARCache
[2023.01.12-07.42.30:652][  0]LogAIModule: Creating AISystem for world Untitled
[2023.01.12-07.42.30:660][  0]LogAudioMixer: Display: Audio Mixer Platform Settings:
[2023.01.12-07.42.30:660][  0]LogAudioMixer: Display: 	Sample Rate:						  48000
[2023.01.12-07.42.30:660][  0]LogAudioMixer: Display: 	Callback Buffer Frame Size Requested: 1024
[2023.01.12-07.42.30:660][  0]LogAudioMixer: Display: 	Callback Buffer Frame Size To Use:	  1024
[2023.01.12-07.42.30:660][  0]LogAudioMixer: Display: 	Number of buffers to queue:			  2
[2023.01.12-07.42.30:660][  0]LogAudioMixer: Display: 	Max Channels (voices):				  32
[2023.01.12-07.42.30:660][  0]LogAudioMixer: Display: 	Number of Async Source Workers:		  0
[2023.01.12-07.42.30:660][  0]LogAudio: Display: AudioDevice MaxSources: 32
[2023.01.12-07.42.30:660][  0]LogAudio: Display: Using built-in audio occlusion.
[2023.01.12-07.42.30:660][  0]LogAudioMixer: Display: Initializing audio mixer.
[2023.01.12-07.42.30:710][  0]LogAudioMixer: Display: Audio Device Output Speaker Info:
[2023.01.12-07.42.30:710][  0]LogAudioMixer: Display: Name: 스피커(Realtek(R) Audio)
[2023.01.12-07.42.30:710][  0]LogAudioMixer: Display: Is Default: Yes
[2023.01.12-07.42.30:710][  0]LogAudioMixer: Display: Sample Rate: 48000
[2023.01.12-07.42.30:710][  0]LogAudioMixer: Display: Channel Count Used: 2
[2023.01.12-07.42.30:710][  0]LogAudioMixer: Display: Device Channel Count: 2
[2023.01.12-07.42.30:710][  0]LogAudioMixer: Display: Channel Order:
[2023.01.12-07.42.30:710][  0]LogAudioMixer: Display: 0: FrontLeft
[2023.01.12-07.42.30:710][  0]LogAudioMixer: Display: 1: FrontRight
[2023.01.12-07.42.31:458][  0]LogAudioMixer: Display: Using Audio Device 스피커(Realtek(R) Audio)
[2023.01.12-07.42.31:463][  0]LogInit: FAudioDevice initialized.
[2023.01.12-07.42.31:463][  0]LogNetVersion: Set ProjectVersion to 1.0.0.0. Version Checksum will be recalculated on next use.
[2023.01.12-07.42.31:514][  0]LogDerivedDataCache: Saved boot cache 0.05s 78MB C:/Users/chash/AppData/Local/UnrealEngine/4.24/DerivedDataCache/Boot.ddc.
[2023.01.12-07.42.31:514][  0]LogInit: Texture streaming: Enabled
[2023.01.12-07.42.31:525][  0]LogEngineSessionManager: EngineSessionManager initialized
[2023.01.12-07.42.31:525][  0]LogEditorSessionSummary: Verbose: Initializing EditorSessionSummaryWriter for editor session tracking
[2023.01.12-07.42.31:528][  0]LogEditorSessionSummary: EditorSessionSummaryWriter initialized
[2023.01.12-07.42.31:564][  0]LogInit: Transaction tracking system initialized
[2023.01.12-07.42.31:579][  0]BlueprintLog: New page: Editor Load
[2023.01.12-07.42.31:620][  0]LocalizationService: Localization service is disabled
[2023.01.12-07.42.31:931][  0]LogFileCache: Scanning file cache for directory 'C:/Users/chash/Documents/GitHub/TFC/TFC_Project/Content/' took 0.00s
[2023.01.12-07.42.31:931][  0]LogCook: Display: Max memory allowance for cook 16384mb min free memory 0mb
[2023.01.12-07.42.31:931][  0]LogCook: Display: Mobile HDR setting 1
[2023.01.12-07.42.32:821][  0]SourceControl: Source control is disabled
[2023.01.12-07.42.32:821][  0]Cmd: MAP LOAD FILE="../../../Engine/Content/Maps/Templates/Template_Default.umap" TEMPLATE=1 SHOWPROGRESS=1 FEATURELEVEL=3
[2023.01.12-07.42.32:821][  0]LightingResults: New page: Lighting Build
[2023.01.12-07.42.32:822][  0]LogWorld: UWorld::CleanupWorld for Untitled, bSessionEnded=true, bCleanupResources=true
[2023.01.12-07.42.32:822][  0]LogSlate: InvalidateAllWidgets triggered.  All widgets were invalidated
[2023.01.12-07.42.32:822][  0]MapCheck: New page: Map Check
[2023.01.12-07.42.32:822][  0]LightingResults: New page: Lighting Build
[2023.01.12-07.42.32:853][  0]LogUObjectHash: Compacting FUObjectHashTables data took   2.55ms
[2023.01.12-07.42.32:910][  0]LogAIModule: Creating AISystem for world Untitled_1
[2023.01.12-07.42.32:914][  0]LogEditorServer: Finished looking for orphan Actors (0.000 secs)
[2023.01.12-07.42.32:942][  0]LogUObjectHash: Compacting FUObjectHashTables data took   1.95ms
[2023.01.12-07.42.32:942][  0]Cmd: MAP CHECKDEP NOCLEARLOG
[2023.01.12-07.42.32:943][  0]MapCheck: Map check complete: 0 Error(s), 0 Warning(s), took 0.295ms to complete.
[2023.01.12-07.42.32:943][  0]LogFileHelpers: Loading map 'Template_Default' took 0.122
[2023.01.12-07.42.33:050][  0]LogSlate: Updating window title bar state: overlay mode, drag disabled, window buttons hidden, title bar hidden
[2023.01.12-07.42.33:057][  0]LogSlate: Updating window title bar state: overlay mode, drag disabled, window buttons hidden, title bar hidden
[2023.01.12-07.42.33:063][  0]LogSlate: Updating window title bar state: overlay mode, drag disabled, window buttons hidden, title bar hidden
[2023.01.12-07.42.33:070][  0]LogSlate: Updating window title bar state: overlay mode, drag disabled, window buttons hidden, title bar hidden
[2023.01.12-07.42.33:077][  0]LogCollectionManager: Loaded 0 collections in 0.001561 seconds
[2023.01.12-07.42.33:098][  0]LogFileCache: Scanning file cache for directory 'C:/Users/chash/Documents/GitHub/TFC/TFC_Project/Saved/Collections/' took 0.00s
[2023.01.12-07.42.33:098][  0]LogFileCache: Scanning file cache for directory 'C:/Users/chash/Documents/GitHub/TFC/TFC_Project/Content/Developers/Geunhui/Collections/' took 0.00s
[2023.01.12-07.42.33:098][  0]LogFileCache: Scanning file cache for directory 'C:/Users/chash/Documents/GitHub/TFC/TFC_Project/Content/Collections/' took 0.00s
[2023.01.12-07.42.33:098][  0]LogContentBrowser: Native class hierarchy populated in 0.0087 seconds. Added 3016 classes and 719 folders.
[2023.01.12-07.42.33:101][  0]LogContentBrowser: Native class hierarchy updated for 'WidgetCarousel' in 0.0006 seconds. Added 0 classes and 0 folders.
[2023.01.12-07.42.33:198][  0]LogContentBrowser: Native class hierarchy updated for 'AddContentDialog' in 0.0004 seconds. Added 0 classes and 0 folders.
[2023.01.12-07.42.33:202][  0]LogContentBrowser: Native class hierarchy updated for 'SceneOutliner' in 0.0004 seconds. Added 2 classes and 3 folders.
[2023.01.12-07.42.33:325][  0]LogSlate: Took 0.000378 seconds to synchronously load lazily loaded font '../../../Engine/Content/Slate/Fonts/Roboto-Regular.ttf' (155K)
[2023.01.12-07.42.33:327][  0]LogSlate: Took 0.000500 seconds to synchronously load lazily loaded font '../../../Engine/Content/Slate/Fonts/Roboto-Bold.ttf' (160K)
[2023.01.12-07.42.33:333][  0]LogSlate: Took 0.000373 seconds to synchronously load lazily loaded font '../../../Engine/Content/Editor/Slate/Fonts/FontAwesome.ttf' (139K)
[2023.01.12-07.42.33:412][  0]LogRenderer: Reallocating scene render targets to support 1136x584 Format 10 NumSamples 1 (Frame:1).
[2023.01.12-07.42.33:576][  0]LogContentBrowser: Native class hierarchy updated for 'HierarchicalLODOutliner' in 0.0011 seconds. Added 0 classes and 0 folders.
[2023.01.12-07.42.33:576][  0]LogLoad: (Engine Initialization) Total time: 38.18 seconds
[2023.01.12-07.42.33:576][  0]LogLoad: (Engine Initialization) Total Blueprint compile time: 0.00 seconds
[2023.01.12-07.42.33:639][  0]LogContentStreaming: Texture pool size now 1000 MB
[2023.01.12-07.42.33:739][  0]LogRenderer: Reallocating scene render targets to support 1136x604 Format 10 NumSamples 1 (Frame:3).
[2023.01.12-07.42.33:739][  0]LogSlate: Took 0.000361 seconds to synchronously load lazily loaded font '../../../Engine/Content/Slate/Fonts/Roboto-Light.ttf' (167K)
[2023.01.12-07.42.33:797][  2]LogAssetRegistry: Asset discovery search completed in 5.8214 seconds
[2023.01.12-07.42.33:800][  2]LogCollectionManager: Fixed up redirectors for 0 collections in 0.000006 seconds (updated 0 objects)
[2023.01.12-07.42.34:607][ 96]LogSlate: Took 0.000335 seconds to synchronously load lazily loaded font '../../../Engine/Content/Slate/Fonts/Roboto-Light.ttf' (167K)
[2023.01.12-07.42.40:968][795]LogAssetEditorSubsystem: Opening Asset editor for Blueprint /Game/blueprints/others/damagable.damagable
[2023.01.12-07.42.41:136][795]LogContentBrowser: Native class hierarchy updated for 'BlueprintGraph' in 0.0009 seconds. Added 121 classes and 0 folders.
[2023.01.12-07.42.41:861][795]LogSlate: Took 0.000343 seconds to synchronously load lazily loaded font '../../../Engine/Content/Slate/Fonts/Roboto-BoldCondensed.ttf' (158K)
[2023.01.12-07.42.41:919][796]LogSlate: Took 0.006057 seconds to synchronously load lazily loaded font '../../../Engine/Content/Slate/Fonts/Roboto-Italic.ttf' (157K)
[2023.01.12-07.42.43:145][910]LogSlate: Window 'damagable' being destroyed
[2023.01.12-07.42.43:152][910]LogSlate: Window 'damagable' being destroyed
[2023.01.12-07.42.43:159][910]LogWorld: UWorld::CleanupWorld for World_0, bSessionEnded=true, bCleanupResources=true
[2023.01.12-07.42.43:159][910]LogSlate: InvalidateAllWidgets triggered.  All widgets were invalidated
[2023.01.12-07.42.45:256][149]LogUObjectHash: Compacting FUObjectHashTables data took   3.09ms
[2023.01.12-07.42.46:363][149]LogSlate: Window 'Delete Assets' being destroyed
[2023.01.12-07.42.46:460][149]LogUObjectHash: Compacting FUObjectHashTables data took   4.20ms
[2023.01.12-07.42.46:517][149]LogUObjectHash: Compacting FUObjectHashTables data took   2.23ms
[2023.01.12-07.42.46:552][149]LogUObjectHash: Compacting FUObjectHashTables data took   1.04ms
[2023.01.12-07.42.49:772][500]LogUObjectHash: Compacting FUObjectHashTables data took   2.02ms
[2023.01.12-07.42.50:835][500]LogSlate: Window 'Delete Assets' being destroyed
[2023.01.12-07.42.51:293][500]LogUObjectGlobals: Force Deleting 1 Package(s):
	Asset Name: /Game/blueprints/UI/2.2
[2023.01.12-07.42.51:979][500]LogUObjectHash: Compacting FUObjectHashTables data took   1.86ms
[2023.01.12-07.42.52:010][500]LogUObjectHash: Compacting FUObjectHashTables data took   1.78ms
[2023.01.12-07.42.52:034][500]LogUObjectHash: Compacting FUObjectHashTables data took   0.73ms
[2023.01.12-07.43.08:462][318]LogFactory: FactoryCreateFile: Texture with ReimportTextureFactory (0 0 C:\Users\chash\Downloads\tempMapImg.png)
[2023.01.12-07.43.08:469][318]LogTexture: Display: Building textures: tempMapImg (BGRA8, 1050X619)
[2023.01.12-07.44.08:298][134]LogUObjectHash: Compacting FUObjectHashTables data took   2.82ms
[2023.01.12-07.44.09:224][134]LogSlate: Window 'Delete Assets' being destroyed
[2023.01.12-07.44.09:303][134]LogUObjectHash: Compacting FUObjectHashTables data took   2.01ms
[2023.01.12-07.44.09:339][134]LogUObjectHash: Compacting FUObjectHashTables data took   2.55ms
[2023.01.12-07.44.09:370][134]LogUObjectHash: Compacting FUObjectHashTables data took   2.51ms
[2023.01.12-07.44.12:806][324]LogSlate: Window 'Save Level As' being destroyed
[2023.01.12-07.44.12:830][324]Cmd: OBJ SAVEPACKAGE PACKAGE="/Game/NewMap1" FILE="../../../../../../Users/chash/Documents/GitHub/TFC/TFC_Project/Content/NewMap1.umap" SILENT=true AUTOSAVING=false KEEPDIRTY=false
[2023.01.12-07.44.12:863][324]LogUObjectHash: Compacting FUObjectHashTables data took   1.90ms
[2023.01.12-07.44.12:877][324]LogSavePackage: Moving '../../../../../../Users/chash/Documents/GitHub/TFC/TFC_Project/Saved/NewMap18CA4EEE642B2162A11BEB1A9709BBAFA.tmp' to '../../../../../../Users/chash/Documents/GitHub/TFC/TFC_Project/Content/NewMap1.umap'
[2023.01.12-07.44.12:895][324]Cmd: OBJ SAVEPACKAGE PACKAGE="/Game/NewMap1_BuiltData" FILE="../../../../../../Users/chash/Documents/GitHub/TFC/TFC_Project/Content/NewMap1_BuiltData.uasset" SILENT=true
[2023.01.12-07.44.12:907][324]LogSavePackage: Moving '../../../../../../Users/chash/Documents/GitHub/TFC/TFC_Project/Saved/NewMap1_BuiltData8C0422514E478E56B5A2309C9225E362.tmp' to '../../../../../../Users/chash/Documents/GitHub/TFC/TFC_Project/Content/NewMap1_BuiltData.uasset'
[2023.01.12-07.44.12:919][324]LogFileHelpers: Saving map 'NewMap1' took 0.109
[2023.01.12-07.44.12:930][324]AssetCheck: New page: Asset Save: multiple assets
[2023.01.12-07.44.12:930][324]LogContentValidation: Display: Validating World /Game/NewMap1.NewMap1
[2023.01.12-07.44.12:930][324]LogContentValidation: Display: Validating MapBuildDataRegistry /Game/NewMap1_BuiltData.NewMap1_BuiltData
[2023.01.12-07.44.16:839][763]LogSlate: WidgetSwitcher ('None') active index changed to -1
[2023.01.12-07.44.16:839][763]LogSlate: WidgetSwitcher ('None') active index changed to 0
[2023.01.12-07.44.22:855][401]LogSlate: WidgetSwitcher ('None') active index changed to 1
[2023.01.12-07.44.31:243][367]Running C:/Program Files/Epic Games/UE_4.24/Engine/Binaries/DotNET/UnrealBuildTool.exe  -projectfiles -project="C:/Users/chash/Documents/GitHub/TFC/TFC_Project/TFC_Project.uproject" -game -rocket -progress
[2023.01.12-07.44.31:753][367]Discovering modules, targets and source code for project...
[2023.01.12-07.44.33:562][367]Binding IntelliSense data...
[2023.01.12-07.44.35:787][367]Binding IntelliSense data... 100%
[2023.01.12-07.44.35:787][367]Writing project files...
[2023.01.12-07.44.39:008][367]Writing project files... 100%
[2023.01.12-07.44.39:111][367]LogVSAccessor: Warning: Couldn't access Visual Studio
[2023.01.12-07.44.39:115][367]Candidate modules for hot reload:
[2023.01.12-07.44.39:115][367]  TFC_Project
[2023.01.12-07.44.39:115][367]Launching UnrealBuildTool... [C:/Program Files/Epic Games/UE_4.24/Engine/Binaries/DotNET/UnrealBuildTool.exe  -ModuleWithSuffix=TFC_Project,4943 Win64 Development -TargetType=Editor -Project="C:/Users/chash/Documents/GitHub/TFC/TFC_Project/TFC_Project.uproject" "C:/Users/chash/Documents/GitHub/TFC/TFC_Project/TFC_Project.uproject"  -IgnoreJunk]
[2023.01.12-07.44.52:264][367]CompilerResultsLog: New page: Compilation - Jan 13, 2023, 1:44:52 AM
[2023.01.12-07.44.52:264][367]CompilerResultsLog: Using 'git status' to determine working set for adaptive non-unity build (C:\Users\chash\Documents\GitHub\TFC).
[2023.01.12-07.44.52:264][367]CompilerResultsLog: Creating makefile for TFC_ProjectEditor (no existing makefile)
[2023.01.12-07.44.52:264][367]CompilerResultsLog: Parsing headers for TFC_ProjectEditor
[2023.01.12-07.44.52:264][367]CompilerResultsLog:   Running UnrealHeaderTool "C:\Users\chash\Documents\GitHub\TFC\TFC_Project\TFC_Project.uproject" "C:\Users\chash\Documents\GitHub\TFC\TFC_Project\Intermediate\Build\Win64\TFC_ProjectEditor\Development\TFC_ProjectEditor.uhtmanifest" -LogCmds="loginit warning, logexit warning, logdatabase error" -Unattended -WarningsAsErrors -installed
[2023.01.12-07.44.52:264][367]CompilerResultsLog: Reflection code generated for TFC_ProjectEditor in 6.7490315 seconds
[2023.01.12-07.44.52:264][367]CompilerResultsLog: Building TFC_ProjectEditor...
[2023.01.12-07.44.52:264][367]CompilerResultsLog: Using Visual Studio 2019 14.29.30147 toolchain (C:\Program Files (x86)\Microsoft Visual Studio\2019\Community\VC\Tools\MSVC\14.29.30133) and Windows 10.0.19041.0 SDK (C:\Program Files (x86)\Windows Kits\10).
[2023.01.12-07.44.52:264][367]CompilerResultsLog: Building 9 actions with 12 processes...
[2023.01.12-07.44.52:264][367]CompilerResultsLog:   [1/9] TFC_Project.cpp
[2023.01.12-07.44.52:264][367]CompilerResultsLog:   [2/9] TFC_Project.init.gen.cpp
[2023.01.12-07.44.52:264][367]CompilerResultsLog:   [3/9] TFC_ProjectGameModeBase.cpp
[2023.01.12-07.44.52:264][367]CompilerResultsLog:   [4/9] TFC_ProjectGameModeBase.gen.cpp
[2023.01.12-07.44.52:264][367]CompilerResultsLog:   [5/9] StageWidget.cpp
[2023.01.12-07.44.52:264][367]CompilerResultsLog:   [6/9] StageWidget.gen.cpp
[2023.01.12-07.44.52:264][367]CompilerResultsLog:   [7/9] UE4Editor-TFC_Project-4943.lib
[2023.01.12-07.44.52:264][367]CompilerResultsLog:      C:\Users\chash\Documents\GitHub\TFC\TFC_Project\Intermediate\Build\Win64\UE4Editor\Development\TFC_Project\UE4Editor-TFC_Project-4943.lib ???̺귯?? ?? C:\Users\chash\Documents\GitHub\TFC\TFC_Project\Intermediate\Build\Win64\UE4Editor\Development\TFC_Project\UE4Editor-TFC_Project-4943.exp ??ü?? ?????ϰ? ?ֽ??ϴ?.
[2023.01.12-07.44.52:264][367]CompilerResultsLog:   [8/9] UE4Editor-TFC_Project-4943.dll
[2023.01.12-07.44.52:264][367]CompilerResultsLog:      C:\Users\chash\Documents\GitHub\TFC\TFC_Project\Intermediate\Build\Win64\UE4Editor\Development\TFC_Project\UE4Editor-TFC_Project-4943.suppressed.lib ???̺귯?? ?? C:\Users\chash\Documents\GitHub\TFC\TFC_Project\Intermediate\Build\Win64\UE4Editor\Development\TFC_Project\UE4Editor-TFC_Project-4943.suppressed.exp ??ü?? ?????ϰ? ?ֽ??ϴ?.
[2023.01.12-07.44.52:264][367]CompilerResultsLog:   [9/9] TFC_ProjectEditor.target
[2023.01.12-07.44.52:264][367]CompilerResultsLog: Total time in Parallel executor: 4.08 seconds
[2023.01.12-07.44.52:264][367]CompilerResultsLog: Total execution time: 13.06 seconds
[2023.01.12-07.44.52:264][367]LogMainFrame: MainFrame: Module compiling took 13.153 seconds
[2023.01.12-07.44.52:293][367]LogUObjectHash: Compacting FUObjectHashTables data took   0.86ms
[2023.01.12-07.44.52:312][367]LogClass: Could not find existing class StageWidget in package /Script/TFC_Project for HotReload, assuming new class
[2023.01.12-07.44.52:317][367]LogContentBrowser: Native class hierarchy updated for 'TFC_Project' in 0.0004 seconds. Added 2 classes and 2 folders.
[2023.01.12-07.44.52:321][367]Display: HotReload successful (0 functions remapped  0 scriptstructs remapped)
[2023.01.12-07.44.52:397][367]LogUObjectHash: Compacting FUObjectHashTables data took   1.35ms
[2023.01.12-07.44.52:412][367]LogContentBrowser: Native class hierarchy populated in 0.0074 seconds. Added 3019 classes and 722 folders.
[2023.01.12-07.44.52:412][367]Display: HotReload took 13.3s.
[2023.01.12-07.44.52:412][367]Warning: HotReload operation took 13.3s.
[2023.01.12-07.44.52:813][367]LogSlate: Window 'Add C++ Class' being destroyed
[2023.01.12-07.44.53:177][368]LogHotReload: New module detected: UE4Editor-TFC_Project-4943.dll
[2023.01.12-07.44.53:227][369]LogHotReload: Starting Hot-Reload from IDE
[2023.01.12-07.44.53:310][369]LogUObjectHash: Compacting FUObjectHashTables data took   3.91ms
[2023.01.12-07.44.53:316][369]LogContentBrowser: Native class hierarchy updated for 'TFC_Project' in 0.0005 seconds. Added 2 classes and 2 folders.
[2023.01.12-07.44.53:322][369]Display: HotReload successful (0 functions remapped  0 scriptstructs remapped)
[2023.01.12-07.44.53:368][369]LogUObjectHash: Compacting FUObjectHashTables data took   2.66ms
[2023.01.12-07.44.53:383][369]LogContentBrowser: Native class hierarchy populated in 0.0075 seconds. Added 3019 classes and 722 folders.
[2023.01.12-07.44.53:385][369]Display: HotReload took  0.2s.
[2023.01.12-07.46.06:766][658]LogSlate: WidgetSwitcher ('None') active index changed to -1
[2023.01.12-07.46.06:766][658]LogSlate: WidgetSwitcher ('None') active index changed to 0
[2023.01.12-07.46.08:240][808]LogSlate: Warning: Slate: Had to block on waiting for a draw buffer
[2023.01.12-07.46.12:768][277]LogSlate: WidgetSwitcher ('None') active index changed to 1
[2023.01.12-07.46.24:410][541]Candidate modules for hot reload:
[2023.01.12-07.46.24:410][541]  TFC_Project
[2023.01.12-07.46.24:410][541]Launching UnrealBuildTool... [C:/Program Files/Epic Games/UE_4.24/Engine/Binaries/DotNET/UnrealBuildTool.exe  -ModuleWithSuffix=TFC_Project,8681 Win64 Development -TargetType=Editor -Project="C:/Users/chash/Documents/GitHub/TFC/TFC_Project/TFC_Project.uproject" "C:/Users/chash/Documents/GitHub/TFC/TFC_Project/TFC_Project.uproject"  -IgnoreJunk]
[2023.01.12-07.46.39:991][541]CompilerResultsLog: New page: Compilation - Jan 13, 2023, 1:46:39 AM
[2023.01.12-07.46.39:991][541]CompilerResultsLog: Using 'git status' to determine working set for adaptive non-unity build (C:\Users\chash\Documents\GitHub\TFC).
[2023.01.12-07.46.39:991][541]CompilerResultsLog: Invalidating makefile for TFC_ProjectEditor (source file added)
[2023.01.12-07.46.39:991][541]CompilerResultsLog: Parsing headers for TFC_ProjectEditor
[2023.01.12-07.46.39:991][541]CompilerResultsLog:   Running UnrealHeaderTool "C:\Users\chash\Documents\GitHub\TFC\TFC_Project\TFC_Project.uproject" "C:\Users\chash\Documents\GitHub\TFC\TFC_Project\Intermediate\Build\Win64\TFC_ProjectEditor\Development\TFC_ProjectEditor.uhtmanifest" -LogCmds="loginit warning, logexit warning, logdatabase error" -Unattended -WarningsAsErrors -installed
[2023.01.12-07.46.39:991][541]CompilerResultsLog: Reflection code generated for TFC_ProjectEditor in 7.3630279 seconds
[2023.01.12-07.46.39:991][541]CompilerResultsLog: Building TFC_ProjectEditor...
[2023.01.12-07.46.39:991][541]CompilerResultsLog: Using Visual Studio 2019 14.29.30147 toolchain (C:\Program Files (x86)\Microsoft Visual Studio\2019\Community\VC\Tools\MSVC\14.29.30133) and Windows 10.0.19041.0 SDK (C:\Program Files (x86)\Windows Kits\10).
[2023.01.12-07.46.39:991][541]CompilerResultsLog: Building 8 actions with 12 processes...
[2023.01.12-07.46.39:991][541]CompilerResultsLog:   [1/8] TFC_Project.init.gen.cpp
[2023.01.12-07.46.39:991][541]CompilerResultsLog:   [2/8] StageWidget.cpp
[2023.01.12-07.46.39:991][541]CompilerResultsLog:   [3/8] StageInfoWidget.cpp
[2023.01.12-07.46.39:991][541]CompilerResultsLog:   [4/8] StageWidget.gen.cpp
[2023.01.12-07.46.39:991][541]CompilerResultsLog:   [5/8] StageInfoWidget.gen.cpp
[2023.01.12-07.46.39:991][541]CompilerResultsLog:   [6/8] UE4Editor-TFC_Project-8681.lib
[2023.01.12-07.46.39:991][541]CompilerResultsLog:      C:\Users\chash\Documents\GitHub\TFC\TFC_Project\Intermediate\Build\Win64\UE4Editor\Development\TFC_Project\UE4Editor-TFC_Project-8681.lib ???̺귯?? ?? C:\Users\chash\Documents\GitHub\TFC\TFC_Project\Intermediate\Build\Win64\UE4Editor\Development\TFC_Project\UE4Editor-TFC_Project-8681.exp ??ü?? ?????ϰ? ?ֽ??ϴ?.
[2023.01.12-07.46.39:991][541]CompilerResultsLog:   [7/8] UE4Editor-TFC_Project-8681.dll
[2023.01.12-07.46.39:991][541]CompilerResultsLog:      C:\Users\chash\Documents\GitHub\TFC\TFC_Project\Intermediate\Build\Win64\UE4Editor\Development\TFC_Project\UE4Editor-TFC_Project-8681.suppressed.lib ???̺귯?? ?? C:\Users\chash\Documents\GitHub\TFC\TFC_Project\Intermediate\Build\Win64\UE4Editor\Development\TFC_Project\UE4Editor-TFC_Project-8681.suppressed.exp ??ü?? ?????ϰ? ?ֽ??ϴ?.
[2023.01.12-07.46.39:991][541]CompilerResultsLog:   [8/8] TFC_ProjectEditor.target
[2023.01.12-07.46.39:991][541]CompilerResultsLog: Total time in Parallel executor: 5.33 seconds
[2023.01.12-07.46.39:991][541]CompilerResultsLog: Total execution time: 15.45 seconds
[2023.01.12-07.46.39:991][541]LogMainFrame: MainFrame: Module compiling took 15.585 seconds
[2023.01.12-07.46.40:057][541]LogUObjectHash: Compacting FUObjectHashTables data took   3.17ms
[2023.01.12-07.46.40:075][541]LogClass: Could not find existing class StageInfoWidget in package /Script/TFC_Project for HotReload, assuming new class
[2023.01.12-07.46.40:083][541]LogContentBrowser: Native class hierarchy updated for 'TFC_Project' in 0.0007 seconds. Added 3 classes and 2 folders.
[2023.01.12-07.46.40:089][541]Display: HotReload successful (0 functions remapped  0 scriptstructs remapped)
[2023.01.12-07.46.40:166][541]LogUObjectHash: Compacting FUObjectHashTables data took   1.55ms
[2023.01.12-07.46.40:183][541]LogContentBrowser: Native class hierarchy populated in 0.0095 seconds. Added 3020 classes and 722 folders.
[2023.01.12-07.46.40:183][541]Display: HotReload took 15.8s.
[2023.01.12-07.46.40:188][541]Warning: HotReload operation took 15.8s.
[2023.01.12-07.46.40:564][541]LogVSAccessor: Warning: Couldn't goto line number '1' in 'C:/Users/chash/Documents/GitHub/TFC/TFC_Project/Source/TFC_Project/StageInfoWidget.h'
[2023.01.12-07.46.40:745][541]LogVSAccessor: Warning: Couldn't goto line number '1' in 'C:/Users/chash/Documents/GitHub/TFC/TFC_Project/Source/TFC_Project/StageInfoWidget.cpp'
[2023.01.12-07.46.40:751][541]LogSlate: Window 'Add C++ Class' being destroyed
[2023.01.12-07.46.41:117][542]LogHotReload: New module detected: UE4Editor-TFC_Project-8681.dll
[2023.01.12-07.46.41:142][543]LogHotReload: Starting Hot-Reload from IDE
[2023.01.12-07.46.41:236][543]LogUObjectHash: Compacting FUObjectHashTables data took   5.43ms
[2023.01.12-07.46.41:244][543]LogContentBrowser: Native class hierarchy updated for 'TFC_Project' in 0.0006 seconds. Added 3 classes and 2 folders.
[2023.01.12-07.46.41:249][543]Display: HotReload successful (0 functions remapped  0 scriptstructs remapped)
[2023.01.12-07.46.41:293][543]LogUObjectHash: Compacting FUObjectHashTables data took   3.40ms
[2023.01.12-07.46.41:320][543]LogContentBrowser: Native class hierarchy populated in 0.0167 seconds. Added 3020 classes and 722 folders.
[2023.01.12-07.46.41:325][543]Display: HotReload took  0.2s.
